[0.073s] Invoking command in '/home/mgazzola/ros2_spirob_ws/src/my_robot_interfaces/build/my_robot_interfaces': CMAKE_PREFIX_PATH=${CMAKE_PREFIX_PATH}:/opt/ros/kilted DEBUGINFOD_URLS=https://debuginfod.ubuntu.com /usr/bin/cmake /home/mgazzola/ros2_spirob_ws/src/my_robot_interfaces -DCMAKE_INSTALL_PREFIX=/home/mgazzola/ros2_spirob_ws/src/my_robot_interfaces/install/my_robot_interfaces
[1.505s] -- The C compiler identification is GNU 13.3.0
[2.441s] -- The CXX compiler identification is GNU 13.3.0
[2.569s] -- Detecting C compiler ABI info
[3.189s] -- Detecting C compiler ABI info - done
[3.225s] -- Check for working C compiler: /usr/bin/cc - skipped
[3.230s] -- Detecting C compile features
[3.232s] -- Detecting C compile features - done
[3.296s] -- Detecting CXX compiler ABI info
[3.871s] -- Detecting CXX compiler ABI info - done
[3.909s] -- Check for working CXX compiler: /usr/bin/c++ - skipped
[3.910s] -- Detecting CXX compile features
[3.912s] -- Detecting CXX compile features - done
[3.978s] -- Found ament_cmake: 2.7.3 (/opt/ros/kilted/share/ament_cmake/cmake)
[4.798s] -- Found Python3: /usr/bin/python3 (found version "3.12.3") found components: Interpreter 
[6.577s] -- Found rosidl_default_generators: 1.7.1 (/opt/ros/kilted/share/rosidl_default_generators/cmake)
[6.655s] -- Using all available rosidl_typesupport_c: rosidl_typesupport_fastrtps_c;rosidl_typesupport_introspection_c
[7.192s] -- Using all available rosidl_typesupport_cpp: rosidl_typesupport_fastrtps_cpp;rosidl_typesupport_introspection_cpp
[7.621s] -- Found rosidl_adapter: 4.9.5 (/opt/ros/kilted/share/rosidl_adapter/cmake)
[7.661s] -- Found builtin_interfaces: 2.3.0 (/opt/ros/kilted/share/builtin_interfaces/cmake)
[7.767s] [31mCMake Error at /opt/ros/kilted/share/rosidl_cmake/cmake/rosidl_generate_interfaces.cmake:95 (message):
[7.768s]   rosidl_generate_interfaces() the passed file 'action/RunXYZProfile.action'
[7.768s]   doesn't exist relative to the CMAKE_CURRENT_SOURCE_DIR
[7.769s]   '/home/mgazzola/ros2_spirob_ws/src/my_robot_interfaces'
[7.769s] Call Stack (most recent call first):
[7.770s]   CMakeLists.txt:15 (rosidl_generate_interfaces)
[7.770s] 
[7.771s] [0m
[7.772s] -- Configuring incomplete, errors occurred!
[7.791s] Invoked command in '/home/mgazzola/ros2_spirob_ws/src/my_robot_interfaces/build/my_robot_interfaces' returned '1': CMAKE_PREFIX_PATH=${CMAKE_PREFIX_PATH}:/opt/ros/kilted DEBUGINFOD_URLS=https://debuginfod.ubuntu.com /usr/bin/cmake /home/mgazzola/ros2_spirob_ws/src/my_robot_interfaces -DCMAKE_INSTALL_PREFIX=/home/mgazzola/ros2_spirob_ws/src/my_robot_interfaces/install/my_robot_interfaces
