[12.684s] Invoking command in '/home/mgazzola/ros2_spirob_ws/src/joysticker': DEBUGINFOD_URLS=https://debuginfod.ubuntu.com PS1=(.venv) \[\e]0;\u@\h: \w\a\]${debian_chroot:+($debian_chroot)}\[\033[01;32m\]\u@\h\[\033[00m\]:\[\033[01;34m\]\w\[\033[00m\]\$ PYTHONPATH=/home/mgazzola/ros2_spirob_ws/build/joysticker/prefix_override:/usr/lib/python3/dist-packages/colcon_core/task/python/colcon_distutils_commands:/home/mgazzola/ros2_spirob_ws/install/joysticker/lib/python3.12/site-packages:${PYTHONPATH} VIRTUAL_ENV_PROMPT=(.venv) /usr/bin/python3 -W ignore:setup.py install is deprecated -W ignore:easy_install command is deprecated setup.py egg_info --egg-base ../../build/joysticker build --build-base /home/mgazzola/ros2_spirob_ws/build/joysticker/build install --record /home/mgazzola/ros2_spirob_ws/build/joysticker/install.log --single-version-externally-managed install_data
[17.426s] running egg_info
[17.634s] writing ../../build/joysticker/joysticker.egg-info/PKG-INFO
[17.641s] writing dependency_links to ../../build/joysticker/joysticker.egg-info/dependency_links.txt
[17.648s] writing entry points to ../../build/joysticker/joysticker.egg-info/entry_points.txt
[17.651s] writing requirements to ../../build/joysticker/joysticker.egg-info/requires.txt
[17.658s] writing top-level names to ../../build/joysticker/joysticker.egg-info/top_level.txt
[18.196s] reading manifest file '../../build/joysticker/joysticker.egg-info/SOURCES.txt'
[18.215s] writing manifest file '../../build/joysticker/joysticker.egg-info/SOURCES.txt'
[18.219s] running build
[18.226s] running build_py
[18.231s] running install
[18.317s] running install_lib
[18.539s] running install_data
[18.543s] running install_egg_info
[19.071s] removing '/home/mgazzola/ros2_spirob_ws/install/joysticker/lib/python3.12/site-packages/joysticker-0.0.0-py3.12.egg-info' (and everything under it)
[19.095s] Copying ../../build/joysticker/joysticker.egg-info to /home/mgazzola/ros2_spirob_ws/install/joysticker/lib/python3.12/site-packages/joysticker-0.0.0-py3.12.egg-info
[19.139s] running install_scripts
[21.502s] Installing joysticker_publisher_node script to /home/mgazzola/ros2_spirob_ws/install/joysticker/lib/joysticker
[21.503s] writing list of installed files to '/home/mgazzola/ros2_spirob_ws/build/joysticker/install.log'
[22.139s] Invoked command in '/home/mgazzola/ros2_spirob_ws/src/joysticker' returned '0': DEBUGINFOD_URLS=https://debuginfod.ubuntu.com PS1=(.venv) \[\e]0;\u@\h: \w\a\]${debian_chroot:+($debian_chroot)}\[\033[01;32m\]\u@\h\[\033[00m\]:\[\033[01;34m\]\w\[\033[00m\]\$ PYTHONPATH=/home/mgazzola/ros2_spirob_ws/build/joysticker/prefix_override:/usr/lib/python3/dist-packages/colcon_core/task/python/colcon_distutils_commands:/home/mgazzola/ros2_spirob_ws/install/joysticker/lib/python3.12/site-packages:${PYTHONPATH} VIRTUAL_ENV_PROMPT=(.venv) /usr/bin/python3 -W ignore:setup.py install is deprecated -W ignore:easy_install command is deprecated setup.py egg_info --egg-base ../../build/joysticker build --build-base /home/mgazzola/ros2_spirob_ws/build/joysticker/build install --record /home/mgazzola/ros2_spirob_ws/build/joysticker/install.log --single-version-externally-managed install_data
