[0.492s] DEBUG:colcon:Command line arguments: ['/usr/bin/colcon', 'build', '--symlink-install']
[0.493s] DEBUG:colcon:Parsed command line arguments: Namespace(log_base=None, log_level=None, verb_name='build', build_base='build', install_base='install', merge_install=False, symlink_install=True, test_result_base=None, continue_on_error=False, executor='parallel', parallel_workers=4, event_handlers=None, ignore_user_meta=False, metas=['./colcon.meta'], base_paths=['.'], packages_ignore=None, packages_ignore_regex=None, paths=None, packages_up_to=None, packages_up_to_regex=None, packages_above=None, packages_above_and_dependencies=None, packages_above_depth=None, packages_select_by_dep=None, packages_skip_by_dep=None, packages_skip_up_to=None, packages_select_build_failed=False, packages_skip_build_finished=False, packages_select_test_failures=False, packages_skip_test_passed=False, packages_select=None, packages_skip=None, packages_select_regex=None, packages_skip_regex=None, packages_start=None, packages_end=None, allow_overriding=[], cmake_args=None, cmake_target=None, cmake_target_skip_unavailable=False, cmake_clean_cache=False, cmake_clean_first=False, cmake_force_configure=False, ament_cmake_args=None, catkin_cmake_args=None, catkin_skip_building_tests=False, mixin_files=None, mixin=None, verb_parser=<colcon_mixin.mixin.mixin_argument.MixinArgumentDecorator object at 0xffff82913470>, verb_extension=<colcon_core.verb.build.BuildVerb object at 0xffff82af82c0>, main=<bound method BuildVerb.main of <colcon_core.verb.build.BuildVerb object at 0xffff82af82c0>>, mixin_verb=('build',))
[0.683s] Level 1:colcon.colcon_core.package_discovery:discover_packages(colcon_meta) check parameters
[0.683s] Level 1:colcon.colcon_core.package_discovery:discover_packages(recursive) check parameters
[0.683s] Level 1:colcon.colcon_core.package_discovery:discover_packages(ignore) check parameters
[0.683s] Level 1:colcon.colcon_core.package_discovery:discover_packages(path) check parameters
[0.683s] Level 1:colcon.colcon_core.package_discovery:discover_packages(colcon_meta) discover
[0.684s] Level 1:colcon.colcon_core.package_discovery:discover_packages(recursive) discover
[0.684s] INFO:colcon.colcon_core.package_discovery:Crawling recursively for packages in '/home/mgazzola/ros2_spirob_ws'
[0.684s] Level 1:colcon.colcon_core.package_identification:_identify(.) by extensions ['ignore', 'ignore_ament_install']
[0.685s] Level 1:colcon.colcon_core.package_identification:_identify(.) by extension 'ignore'
[0.685s] Level 1:colcon.colcon_core.package_identification:_identify(.) by extension 'ignore_ament_install'
[0.685s] Level 1:colcon.colcon_core.package_identification:_identify(.) by extensions ['colcon_pkg']
[0.685s] Level 1:colcon.colcon_core.package_identification:_identify(.) by extension 'colcon_pkg'
[0.686s] Level 1:colcon.colcon_core.package_identification:_identify(.) by extensions ['colcon_meta']
[0.686s] Level 1:colcon.colcon_core.package_identification:_identify(.) by extension 'colcon_meta'
[0.686s] Level 1:colcon.colcon_core.package_identification:_identify(.) by extensions ['ros']
[0.686s] Level 1:colcon.colcon_core.package_identification:_identify(.) by extension 'ros'
[0.804s] Level 1:colcon.colcon_core.package_identification:_identify(.) by extensions ['cmake', 'python']
[0.804s] Level 1:colcon.colcon_core.package_identification:_identify(.) by extension 'cmake'
[0.804s] Level 1:colcon.colcon_core.package_identification:_identify(.) by extension 'python'
[0.805s] Level 1:colcon.colcon_core.package_identification:_identify(.) by extensions ['python_setup_py']
[0.805s] Level 1:colcon.colcon_core.package_identification:_identify(.) by extension 'python_setup_py'
[0.805s] Level 1:colcon.colcon_core.package_identification:_identify(build) by extensions ['ignore', 'ignore_ament_install']
[0.806s] Level 1:colcon.colcon_core.package_identification:_identify(build) by extension 'ignore'
[0.806s] Level 1:colcon.colcon_core.package_identification:_identify(build) ignored
[0.807s] Level 1:colcon.colcon_core.package_identification:_identify(install) by extensions ['ignore', 'ignore_ament_install']
[0.807s] Level 1:colcon.colcon_core.package_identification:_identify(install) by extension 'ignore'
[0.807s] Level 1:colcon.colcon_core.package_identification:_identify(install) ignored
[0.808s] Level 1:colcon.colcon_core.package_identification:_identify(log) by extensions ['ignore', 'ignore_ament_install']
[0.808s] Level 1:colcon.colcon_core.package_identification:_identify(log) by extension 'ignore'
[0.808s] Level 1:colcon.colcon_core.package_identification:_identify(log) ignored
[0.809s] Level 1:colcon.colcon_core.package_identification:_identify(src) by extensions ['ignore', 'ignore_ament_install']
[0.809s] Level 1:colcon.colcon_core.package_identification:_identify(src) by extension 'ignore'
[0.809s] Level 1:colcon.colcon_core.package_identification:_identify(src) by extension 'ignore_ament_install'
[0.809s] Level 1:colcon.colcon_core.package_identification:_identify(src) by extensions ['colcon_pkg']
[0.810s] Level 1:colcon.colcon_core.package_identification:_identify(src) by extension 'colcon_pkg'
[0.810s] Level 1:colcon.colcon_core.package_identification:_identify(src) by extensions ['colcon_meta']
[0.810s] Level 1:colcon.colcon_core.package_identification:_identify(src) by extension 'colcon_meta'
[0.810s] Level 1:colcon.colcon_core.package_identification:_identify(src) by extensions ['ros']
[0.810s] Level 1:colcon.colcon_core.package_identification:_identify(src) by extension 'ros'
[0.810s] Level 1:colcon.colcon_core.package_identification:_identify(src) by extensions ['cmake', 'python']
[0.811s] Level 1:colcon.colcon_core.package_identification:_identify(src) by extension 'cmake'
[0.811s] Level 1:colcon.colcon_core.package_identification:_identify(src) by extension 'python'
[0.811s] Level 1:colcon.colcon_core.package_identification:_identify(src) by extensions ['python_setup_py']
[0.811s] Level 1:colcon.colcon_core.package_identification:_identify(src) by extension 'python_setup_py'
[0.811s] Level 1:colcon.colcon_core.package_identification:_identify(src/build) by extensions ['ignore', 'ignore_ament_install']
[0.812s] Level 1:colcon.colcon_core.package_identification:_identify(src/build) by extension 'ignore'
[0.812s] Level 1:colcon.colcon_core.package_identification:_identify(src/build) ignored
[0.812s] Level 1:colcon.colcon_core.package_identification:_identify(src/controller) by extensions ['ignore', 'ignore_ament_install']
[0.813s] Level 1:colcon.colcon_core.package_identification:_identify(src/controller) by extension 'ignore'
[0.813s] Level 1:colcon.colcon_core.package_identification:_identify(src/controller) by extension 'ignore_ament_install'
[0.813s] Level 1:colcon.colcon_core.package_identification:_identify(src/controller) by extensions ['colcon_pkg']
[0.813s] Level 1:colcon.colcon_core.package_identification:_identify(src/controller) by extension 'colcon_pkg'
[0.813s] Level 1:colcon.colcon_core.package_identification:_identify(src/controller) by extensions ['colcon_meta']
[0.813s] Level 1:colcon.colcon_core.package_identification:_identify(src/controller) by extension 'colcon_meta'
[0.814s] Level 1:colcon.colcon_core.package_identification:_identify(src/controller) by extensions ['ros']
[0.814s] Level 1:colcon.colcon_core.package_identification:_identify(src/controller) by extension 'ros'
[0.823s] DEBUG:colcon.colcon_core.package_identification:Package 'src/controller' with type 'ros.ament_python' and name 'controller'
[0.823s] Level 1:colcon.colcon_core.package_identification:_identify(src/install) by extensions ['ignore', 'ignore_ament_install']
[0.824s] Level 1:colcon.colcon_core.package_identification:_identify(src/install) by extension 'ignore'
[0.824s] Level 1:colcon.colcon_core.package_identification:_identify(src/install) ignored
[0.825s] Level 1:colcon.colcon_core.package_identification:_identify(src/joysticker) by extensions ['ignore', 'ignore_ament_install']
[0.825s] Level 1:colcon.colcon_core.package_identification:_identify(src/joysticker) by extension 'ignore'
[0.825s] Level 1:colcon.colcon_core.package_identification:_identify(src/joysticker) by extension 'ignore_ament_install'
[0.826s] Level 1:colcon.colcon_core.package_identification:_identify(src/joysticker) by extensions ['colcon_pkg']
[0.826s] Level 1:colcon.colcon_core.package_identification:_identify(src/joysticker) by extension 'colcon_pkg'
[0.826s] Level 1:colcon.colcon_core.package_identification:_identify(src/joysticker) by extensions ['colcon_meta']
[0.826s] Level 1:colcon.colcon_core.package_identification:_identify(src/joysticker) by extension 'colcon_meta'
[0.826s] Level 1:colcon.colcon_core.package_identification:_identify(src/joysticker) by extensions ['ros']
[0.826s] Level 1:colcon.colcon_core.package_identification:_identify(src/joysticker) by extension 'ros'
[0.828s] DEBUG:colcon.colcon_core.package_identification:Package 'src/joysticker' with type 'ros.ament_python' and name 'joysticker'
[0.829s] Level 1:colcon.colcon_core.package_identification:_identify(src/load_cell) by extensions ['ignore', 'ignore_ament_install']
[0.829s] Level 1:colcon.colcon_core.package_identification:_identify(src/load_cell) by extension 'ignore'
[0.829s] Level 1:colcon.colcon_core.package_identification:_identify(src/load_cell) by extension 'ignore_ament_install'
[0.829s] Level 1:colcon.colcon_core.package_identification:_identify(src/load_cell) by extensions ['colcon_pkg']
[0.830s] Level 1:colcon.colcon_core.package_identification:_identify(src/load_cell) by extension 'colcon_pkg'
[0.830s] Level 1:colcon.colcon_core.package_identification:_identify(src/load_cell) by extensions ['colcon_meta']
[0.830s] Level 1:colcon.colcon_core.package_identification:_identify(src/load_cell) by extension 'colcon_meta'
[0.830s] Level 1:colcon.colcon_core.package_identification:_identify(src/load_cell) by extensions ['ros']
[0.830s] Level 1:colcon.colcon_core.package_identification:_identify(src/load_cell) by extension 'ros'
[0.832s] DEBUG:colcon.colcon_core.package_identification:Package 'src/load_cell' with type 'ros.ament_python' and name 'load_cell'
[0.832s] Level 1:colcon.colcon_core.package_identification:_identify(src/log) by extensions ['ignore', 'ignore_ament_install']
[0.833s] Level 1:colcon.colcon_core.package_identification:_identify(src/log) by extension 'ignore'
[0.833s] Level 1:colcon.colcon_core.package_identification:_identify(src/log) ignored
[0.833s] Level 1:colcon.colcon_core.package_identification:_identify(src/more_interfaces) by extensions ['ignore', 'ignore_ament_install']
[0.834s] Level 1:colcon.colcon_core.package_identification:_identify(src/more_interfaces) by extension 'ignore'
[0.834s] Level 1:colcon.colcon_core.package_identification:_identify(src/more_interfaces) by extension 'ignore_ament_install'
[0.834s] Level 1:colcon.colcon_core.package_identification:_identify(src/more_interfaces) by extensions ['colcon_pkg']
[0.835s] Level 1:colcon.colcon_core.package_identification:_identify(src/more_interfaces) by extension 'colcon_pkg'
[0.835s] Level 1:colcon.colcon_core.package_identification:_identify(src/more_interfaces) by extensions ['colcon_meta']
[0.835s] Level 1:colcon.colcon_core.package_identification:_identify(src/more_interfaces) by extension 'colcon_meta'
[0.835s] Level 1:colcon.colcon_core.package_identification:_identify(src/more_interfaces) by extensions ['ros']
[0.835s] Level 1:colcon.colcon_core.package_identification:_identify(src/more_interfaces) by extension 'ros'
[0.837s] DEBUG:colcon.colcon_core.package_identification:Package 'src/more_interfaces' with type 'ros.ament_cmake' and name 'more_interfaces'
[0.837s] Level 1:colcon.colcon_core.package_identification:_identify(src/motor_driver) by extensions ['ignore', 'ignore_ament_install']
[0.838s] Level 1:colcon.colcon_core.package_identification:_identify(src/motor_driver) by extension 'ignore'
[0.838s] Level 1:colcon.colcon_core.package_identification:_identify(src/motor_driver) by extension 'ignore_ament_install'
[0.838s] Level 1:colcon.colcon_core.package_identification:_identify(src/motor_driver) by extensions ['colcon_pkg']
[0.838s] Level 1:colcon.colcon_core.package_identification:_identify(src/motor_driver) by extension 'colcon_pkg'
[0.839s] Level 1:colcon.colcon_core.package_identification:_identify(src/motor_driver) by extensions ['colcon_meta']
[0.839s] Level 1:colcon.colcon_core.package_identification:_identify(src/motor_driver) by extension 'colcon_meta'
[0.839s] Level 1:colcon.colcon_core.package_identification:_identify(src/motor_driver) by extensions ['ros']
[0.839s] Level 1:colcon.colcon_core.package_identification:_identify(src/motor_driver) by extension 'ros'
[0.841s] DEBUG:colcon.colcon_core.package_identification:Package 'src/motor_driver' with type 'ros.ament_python' and name 'motor_driver'
[0.842s] Level 1:colcon.colcon_core.package_identification:_identify(src/robot_GUI) by extensions ['ignore', 'ignore_ament_install']
[0.842s] Level 1:colcon.colcon_core.package_identification:_identify(src/robot_GUI) by extension 'ignore'
[0.843s] Level 1:colcon.colcon_core.package_identification:_identify(src/robot_GUI) by extension 'ignore_ament_install'
[0.843s] Level 1:colcon.colcon_core.package_identification:_identify(src/robot_GUI) by extensions ['colcon_pkg']
[0.843s] Level 1:colcon.colcon_core.package_identification:_identify(src/robot_GUI) by extension 'colcon_pkg'
[0.843s] Level 1:colcon.colcon_core.package_identification:_identify(src/robot_GUI) by extensions ['colcon_meta']
[0.843s] Level 1:colcon.colcon_core.package_identification:_identify(src/robot_GUI) by extension 'colcon_meta'
[0.843s] Level 1:colcon.colcon_core.package_identification:_identify(src/robot_GUI) by extensions ['ros']
[0.843s] Level 1:colcon.colcon_core.package_identification:_identify(src/robot_GUI) by extension 'ros'
[0.846s] DEBUG:colcon.colcon_core.package_identification:Package 'src/robot_GUI' with type 'ros.ament_python' and name 'robot_GUI'
[0.846s] Level 1:colcon.colcon_core.package_discovery:discover_packages(recursive) using defaults
[0.846s] Level 1:colcon.colcon_core.package_discovery:discover_packages(ignore) discover
[0.846s] Level 1:colcon.colcon_core.package_discovery:discover_packages(ignore) using defaults
[0.846s] Level 1:colcon.colcon_core.package_discovery:discover_packages(path) discover
[0.846s] Level 1:colcon.colcon_core.package_discovery:discover_packages(path) using defaults
[0.924s] Level 1:colcon.colcon_core.package_discovery:discover_packages(prefix_path) check parameters
[0.924s] Level 1:colcon.colcon_core.package_discovery:discover_packages(prefix_path) discover
[0.929s] WARNING:colcon.colcon_ros.prefix_path.ament:The path '/home/mgazzola/ros2_spirob_ws/install/load_cell' in the environment variable AMENT_PREFIX_PATH doesn't exist
[0.930s] WARNING:colcon.colcon_ros.prefix_path.ament:The path '/home/mgazzola/ros2_spirob_ws/install/robot_GUI' in the environment variable AMENT_PREFIX_PATH doesn't exist
[0.930s] WARNING:colcon.colcon_ros.prefix_path.ament:The path '/home/mgazzola/ros2_spirob_ws/install/motor_driver' in the environment variable AMENT_PREFIX_PATH doesn't exist
[0.930s] WARNING:colcon.colcon_ros.prefix_path.ament:The path '/home/mgazzola/ros2_spirob_ws/install/more_interfaces' in the environment variable AMENT_PREFIX_PATH doesn't exist
[0.930s] WARNING:colcon.colcon_ros.prefix_path.ament:The path '/home/mgazzola/ros2_spirob_ws/install/joysticker' in the environment variable AMENT_PREFIX_PATH doesn't exist
[0.930s] WARNING:colcon.colcon_ros.prefix_path.ament:The path '/home/mgazzola/ros2_spirob_ws/install/controller' in the environment variable AMENT_PREFIX_PATH doesn't exist
[0.931s] WARNING:colcon.colcon_ros.prefix_path.catkin:The path '/home/mgazzola/ros2_spirob_ws/install/more_interfaces' in the environment variable CMAKE_PREFIX_PATH doesn't exist
[0.934s] DEBUG:colcon.colcon_installed_package_information.package_discovery:Found 0 installed packages in /home/mgazzola/ros2_spirob_ws/install
[0.942s] DEBUG:colcon.colcon_installed_package_information.package_discovery:Found 197 installed packages in /opt/ros/kilted
[0.944s] Level 1:colcon.colcon_core.package_discovery:discover_packages(prefix_path) using defaults
[1.095s] Level 5:colcon.colcon_core.verb:set package 'controller' build argument 'cmake_args' from command line to 'None'
[1.095s] Level 5:colcon.colcon_core.verb:set package 'controller' build argument 'cmake_target' from command line to 'None'
[1.095s] Level 5:colcon.colcon_core.verb:set package 'controller' build argument 'cmake_target_skip_unavailable' from command line to 'False'
[1.095s] Level 5:colcon.colcon_core.verb:set package 'controller' build argument 'cmake_clean_cache' from command line to 'False'
[1.096s] Level 5:colcon.colcon_core.verb:set package 'controller' build argument 'cmake_clean_first' from command line to 'False'
[1.096s] Level 5:colcon.colcon_core.verb:set package 'controller' build argument 'cmake_force_configure' from command line to 'False'
[1.096s] Level 5:colcon.colcon_core.verb:set package 'controller' build argument 'ament_cmake_args' from command line to 'None'
[1.096s] Level 5:colcon.colcon_core.verb:set package 'controller' build argument 'catkin_cmake_args' from command line to 'None'
[1.096s] Level 5:colcon.colcon_core.verb:set package 'controller' build argument 'catkin_skip_building_tests' from command line to 'False'
[1.096s] DEBUG:colcon.colcon_core.verb:Building package 'controller' with the following arguments: {'ament_cmake_args': None, 'build_base': '/home/mgazzola/ros2_spirob_ws/build/controller', 'catkin_cmake_args': None, 'catkin_skip_building_tests': False, 'cmake_args': None, 'cmake_clean_cache': False, 'cmake_clean_first': False, 'cmake_force_configure': False, 'cmake_target': None, 'cmake_target_skip_unavailable': False, 'install_base': '/home/mgazzola/ros2_spirob_ws/install/controller', 'merge_install': False, 'path': '/home/mgazzola/ros2_spirob_ws/src/controller', 'symlink_install': True, 'test_result_base': None}
[1.097s] Level 5:colcon.colcon_core.verb:set package 'joysticker' build argument 'cmake_args' from command line to 'None'
[1.098s] Level 5:colcon.colcon_core.verb:set package 'joysticker' build argument 'cmake_target' from command line to 'None'
[1.098s] Level 5:colcon.colcon_core.verb:set package 'joysticker' build argument 'cmake_target_skip_unavailable' from command line to 'False'
[1.098s] Level 5:colcon.colcon_core.verb:set package 'joysticker' build argument 'cmake_clean_cache' from command line to 'False'
[1.098s] Level 5:colcon.colcon_core.verb:set package 'joysticker' build argument 'cmake_clean_first' from command line to 'False'
[1.098s] Level 5:colcon.colcon_core.verb:set package 'joysticker' build argument 'cmake_force_configure' from command line to 'False'
[1.098s] Level 5:colcon.colcon_core.verb:set package 'joysticker' build argument 'ament_cmake_args' from command line to 'None'
[1.098s] Level 5:colcon.colcon_core.verb:set package 'joysticker' build argument 'catkin_cmake_args' from command line to 'None'
[1.098s] Level 5:colcon.colcon_core.verb:set package 'joysticker' build argument 'catkin_skip_building_tests' from command line to 'False'
[1.098s] DEBUG:colcon.colcon_core.verb:Building package 'joysticker' with the following arguments: {'ament_cmake_args': None, 'build_base': '/home/mgazzola/ros2_spirob_ws/build/joysticker', 'catkin_cmake_args': None, 'catkin_skip_building_tests': False, 'cmake_args': None, 'cmake_clean_cache': False, 'cmake_clean_first': False, 'cmake_force_configure': False, 'cmake_target': None, 'cmake_target_skip_unavailable': False, 'install_base': '/home/mgazzola/ros2_spirob_ws/install/joysticker', 'merge_install': False, 'path': '/home/mgazzola/ros2_spirob_ws/src/joysticker', 'symlink_install': True, 'test_result_base': None}
[1.100s] Level 5:colcon.colcon_core.verb:set package 'load_cell' build argument 'cmake_args' from command line to 'None'
[1.100s] Level 5:colcon.colcon_core.verb:set package 'load_cell' build argument 'cmake_target' from command line to 'None'
[1.100s] Level 5:colcon.colcon_core.verb:set package 'load_cell' build argument 'cmake_target_skip_unavailable' from command line to 'False'
[1.100s] Level 5:colcon.colcon_core.verb:set package 'load_cell' build argument 'cmake_clean_cache' from command line to 'False'
[1.100s] Level 5:colcon.colcon_core.verb:set package 'load_cell' build argument 'cmake_clean_first' from command line to 'False'
[1.100s] Level 5:colcon.colcon_core.verb:set package 'load_cell' build argument 'cmake_force_configure' from command line to 'False'
[1.100s] Level 5:colcon.colcon_core.verb:set package 'load_cell' build argument 'ament_cmake_args' from command line to 'None'
[1.100s] Level 5:colcon.colcon_core.verb:set package 'load_cell' build argument 'catkin_cmake_args' from command line to 'None'
[1.100s] Level 5:colcon.colcon_core.verb:set package 'load_cell' build argument 'catkin_skip_building_tests' from command line to 'False'
[1.101s] DEBUG:colcon.colcon_core.verb:Building package 'load_cell' with the following arguments: {'ament_cmake_args': None, 'build_base': '/home/mgazzola/ros2_spirob_ws/build/load_cell', 'catkin_cmake_args': None, 'catkin_skip_building_tests': False, 'cmake_args': None, 'cmake_clean_cache': False, 'cmake_clean_first': False, 'cmake_force_configure': False, 'cmake_target': None, 'cmake_target_skip_unavailable': False, 'install_base': '/home/mgazzola/ros2_spirob_ws/install/load_cell', 'merge_install': False, 'path': '/home/mgazzola/ros2_spirob_ws/src/load_cell', 'symlink_install': True, 'test_result_base': None}
[1.102s] Level 5:colcon.colcon_core.verb:set package 'more_interfaces' build argument 'cmake_args' from command line to 'None'
[1.102s] Level 5:colcon.colcon_core.verb:set package 'more_interfaces' build argument 'cmake_target' from command line to 'None'
[1.102s] Level 5:colcon.colcon_core.verb:set package 'more_interfaces' build argument 'cmake_target_skip_unavailable' from command line to 'False'
[1.102s] Level 5:colcon.colcon_core.verb:set package 'more_interfaces' build argument 'cmake_clean_cache' from command line to 'False'
[1.102s] Level 5:colcon.colcon_core.verb:set package 'more_interfaces' build argument 'cmake_clean_first' from command line to 'False'
[1.102s] Level 5:colcon.colcon_core.verb:set package 'more_interfaces' build argument 'cmake_force_configure' from command line to 'False'
[1.102s] Level 5:colcon.colcon_core.verb:set package 'more_interfaces' build argument 'ament_cmake_args' from command line to 'None'
[1.103s] Level 5:colcon.colcon_core.verb:set package 'more_interfaces' build argument 'catkin_cmake_args' from command line to 'None'
[1.103s] Level 5:colcon.colcon_core.verb:set package 'more_interfaces' build argument 'catkin_skip_building_tests' from command line to 'False'
[1.103s] DEBUG:colcon.colcon_core.verb:Building package 'more_interfaces' with the following arguments: {'ament_cmake_args': None, 'build_base': '/home/mgazzola/ros2_spirob_ws/build/more_interfaces', 'catkin_cmake_args': None, 'catkin_skip_building_tests': False, 'cmake_args': None, 'cmake_clean_cache': False, 'cmake_clean_first': False, 'cmake_force_configure': False, 'cmake_target': None, 'cmake_target_skip_unavailable': False, 'install_base': '/home/mgazzola/ros2_spirob_ws/install/more_interfaces', 'merge_install': False, 'path': '/home/mgazzola/ros2_spirob_ws/src/more_interfaces', 'symlink_install': True, 'test_result_base': None}
[1.104s] Level 5:colcon.colcon_core.verb:set package 'motor_driver' build argument 'cmake_args' from command line to 'None'
[1.104s] Level 5:colcon.colcon_core.verb:set package 'motor_driver' build argument 'cmake_target' from command line to 'None'
[1.104s] Level 5:colcon.colcon_core.verb:set package 'motor_driver' build argument 'cmake_target_skip_unavailable' from command line to 'False'
[1.104s] Level 5:colcon.colcon_core.verb:set package 'motor_driver' build argument 'cmake_clean_cache' from command line to 'False'
[1.104s] Level 5:colcon.colcon_core.verb:set package 'motor_driver' build argument 'cmake_clean_first' from command line to 'False'
[1.105s] Level 5:colcon.colcon_core.verb:set package 'motor_driver' build argument 'cmake_force_configure' from command line to 'False'
[1.105s] Level 5:colcon.colcon_core.verb:set package 'motor_driver' build argument 'ament_cmake_args' from command line to 'None'
[1.105s] Level 5:colcon.colcon_core.verb:set package 'motor_driver' build argument 'catkin_cmake_args' from command line to 'None'
[1.105s] Level 5:colcon.colcon_core.verb:set package 'motor_driver' build argument 'catkin_skip_building_tests' from command line to 'False'
[1.105s] DEBUG:colcon.colcon_core.verb:Building package 'motor_driver' with the following arguments: {'ament_cmake_args': None, 'build_base': '/home/mgazzola/ros2_spirob_ws/build/motor_driver', 'catkin_cmake_args': None, 'catkin_skip_building_tests': False, 'cmake_args': None, 'cmake_clean_cache': False, 'cmake_clean_first': False, 'cmake_force_configure': False, 'cmake_target': None, 'cmake_target_skip_unavailable': False, 'install_base': '/home/mgazzola/ros2_spirob_ws/install/motor_driver', 'merge_install': False, 'path': '/home/mgazzola/ros2_spirob_ws/src/motor_driver', 'symlink_install': True, 'test_result_base': None}
[1.106s] Level 5:colcon.colcon_core.verb:set package 'robot_GUI' build argument 'cmake_args' from command line to 'None'
[1.106s] Level 5:colcon.colcon_core.verb:set package 'robot_GUI' build argument 'cmake_target' from command line to 'None'
[1.106s] Level 5:colcon.colcon_core.verb:set package 'robot_GUI' build argument 'cmake_target_skip_unavailable' from command line to 'False'
[1.107s] Level 5:colcon.colcon_core.verb:set package 'robot_GUI' build argument 'cmake_clean_cache' from command line to 'False'
[1.107s] Level 5:colcon.colcon_core.verb:set package 'robot_GUI' build argument 'cmake_clean_first' from command line to 'False'
[1.107s] Level 5:colcon.colcon_core.verb:set package 'robot_GUI' build argument 'cmake_force_configure' from command line to 'False'
[1.107s] Level 5:colcon.colcon_core.verb:set package 'robot_GUI' build argument 'ament_cmake_args' from command line to 'None'
[1.107s] Level 5:colcon.colcon_core.verb:set package 'robot_GUI' build argument 'catkin_cmake_args' from command line to 'None'
[1.107s] Level 5:colcon.colcon_core.verb:set package 'robot_GUI' build argument 'catkin_skip_building_tests' from command line to 'False'
[1.107s] DEBUG:colcon.colcon_core.verb:Building package 'robot_GUI' with the following arguments: {'ament_cmake_args': None, 'build_base': '/home/mgazzola/ros2_spirob_ws/build/robot_GUI', 'catkin_cmake_args': None, 'catkin_skip_building_tests': False, 'cmake_args': None, 'cmake_clean_cache': False, 'cmake_clean_first': False, 'cmake_force_configure': False, 'cmake_target': None, 'cmake_target_skip_unavailable': False, 'install_base': '/home/mgazzola/ros2_spirob_ws/install/robot_GUI', 'merge_install': False, 'path': '/home/mgazzola/ros2_spirob_ws/src/robot_GUI', 'symlink_install': True, 'test_result_base': None}
[1.108s] INFO:colcon.colcon_core.executor:Executing jobs using 'parallel' executor
[1.111s] DEBUG:colcon.colcon_parallel_executor.executor.parallel:run_until_complete
[1.112s] INFO:colcon.colcon_ros.task.ament_python.build:Building ROS package in '/home/mgazzola/ros2_spirob_ws/src/controller' with build type 'ament_python'
[1.113s] Level 1:colcon.colcon_core.shell:create_environment_hook('controller', 'ament_prefix_path')
[1.121s] INFO:colcon.colcon_core.plugin_system:Skipping extension 'colcon_core.shell.bat': Not used on non-Windows systems
[1.123s] INFO:colcon.colcon_core.shell:Creating environment hook '/home/mgazzola/ros2_spirob_ws/install/controller/share/controller/hook/ament_prefix_path.ps1'
[1.126s] INFO:colcon.colcon_core.shell:Creating environment descriptor '/home/mgazzola/ros2_spirob_ws/install/controller/share/controller/hook/ament_prefix_path.dsv'
[1.128s] INFO:colcon.colcon_core.shell:Creating environment hook '/home/mgazzola/ros2_spirob_ws/install/controller/share/controller/hook/ament_prefix_path.sh'
[1.131s] INFO:colcon.colcon_core.shell:Skip shell extension 'powershell' for command environment: Not usable outside of PowerShell
[1.131s] DEBUG:colcon.colcon_core.shell:Skip shell extension 'dsv' for command environment
[1.146s] INFO:colcon.colcon_ros.task.ament_python.build:Building ROS package in '/home/mgazzola/ros2_spirob_ws/src/joysticker' with build type 'ament_python'
[1.147s] Level 1:colcon.colcon_core.shell:create_environment_hook('joysticker', 'ament_prefix_path')
[1.148s] INFO:colcon.colcon_core.shell:Creating environment hook '/home/mgazzola/ros2_spirob_ws/install/joysticker/share/joysticker/hook/ament_prefix_path.ps1'
[1.151s] INFO:colcon.colcon_core.shell:Creating environment descriptor '/home/mgazzola/ros2_spirob_ws/install/joysticker/share/joysticker/hook/ament_prefix_path.dsv'
[1.153s] INFO:colcon.colcon_core.shell:Creating environment hook '/home/mgazzola/ros2_spirob_ws/install/joysticker/share/joysticker/hook/ament_prefix_path.sh'
[1.156s] INFO:colcon.colcon_core.shell:Skip shell extension 'powershell' for command environment: Not usable outside of PowerShell
[1.156s] DEBUG:colcon.colcon_core.shell:Skip shell extension 'dsv' for command environment
[1.172s] INFO:colcon.colcon_ros.task.ament_python.build:Building ROS package in '/home/mgazzola/ros2_spirob_ws/src/load_cell' with build type 'ament_python'
[1.173s] Level 1:colcon.colcon_core.shell:create_environment_hook('load_cell', 'ament_prefix_path')
[1.174s] INFO:colcon.colcon_core.shell:Creating environment hook '/home/mgazzola/ros2_spirob_ws/install/load_cell/share/load_cell/hook/ament_prefix_path.ps1'
[1.178s] INFO:colcon.colcon_core.shell:Creating environment descriptor '/home/mgazzola/ros2_spirob_ws/install/load_cell/share/load_cell/hook/ament_prefix_path.dsv'
[1.180s] INFO:colcon.colcon_core.shell:Creating environment hook '/home/mgazzola/ros2_spirob_ws/install/load_cell/share/load_cell/hook/ament_prefix_path.sh'
[1.182s] INFO:colcon.colcon_core.shell:Skip shell extension 'powershell' for command environment: Not usable outside of PowerShell
[1.183s] DEBUG:colcon.colcon_core.shell:Skip shell extension 'dsv' for command environment
[1.198s] INFO:colcon.colcon_ros.task.ament_cmake.build:Building ROS package in '/home/mgazzola/ros2_spirob_ws/src/more_interfaces' with build type 'ament_cmake'
[1.199s] INFO:colcon.colcon_cmake.task.cmake.build:Building CMake package in '/home/mgazzola/ros2_spirob_ws/src/more_interfaces'
[1.200s] INFO:colcon.colcon_core.shell:Skip shell extension 'powershell' for command environment: Not usable outside of PowerShell
[1.200s] DEBUG:colcon.colcon_core.shell:Skip shell extension 'dsv' for command environment
[2.197s] INFO:colcon.colcon_core.task.python.build:Building Python package in '/home/mgazzola/ros2_spirob_ws/src/controller'
[2.198s] INFO:colcon.colcon_core.shell:Skip shell extension 'powershell' for command environment: Not usable outside of PowerShell
[2.199s] DEBUG:colcon.colcon_core.shell:Skip shell extension 'dsv' for command environment
[3.156s] INFO:colcon.colcon_core.task.python.build:Building Python package in '/home/mgazzola/ros2_spirob_ws/src/joysticker'
[3.156s] INFO:colcon.colcon_core.shell:Skip shell extension 'powershell' for command environment: Not usable outside of PowerShell
[3.157s] DEBUG:colcon.colcon_core.shell:Skip shell extension 'dsv' for command environment
[4.116s] INFO:colcon.colcon_core.task.python.build:Building Python package in '/home/mgazzola/ros2_spirob_ws/src/load_cell'
[4.117s] INFO:colcon.colcon_core.shell:Skip shell extension 'powershell' for command environment: Not usable outside of PowerShell
[4.117s] DEBUG:colcon.colcon_core.shell:Skip shell extension 'dsv' for command environment
[4.152s] DEBUG:colcon.colcon_core.event_handler.log_command:Invoking command in '/home/mgazzola/ros2_spirob_ws/build/more_interfaces': CMAKE_PREFIX_PATH=${CMAKE_PREFIX_PATH}:/home/mgazzola/ros2_spirob_ws/install/load_cell:/home/mgazzola/ros2_spirob_ws/install/robot_GUI:/home/mgazzola/ros2_spirob_ws/install/motor_driver:/home/mgazzola/ros2_spirob_ws/install/joysticker:/home/mgazzola/ros2_spirob_ws/install/controller:/opt/ros/kilted DEBUGINFOD_URLS=https://debuginfod.ubuntu.com PS1=(.venv) \[\e]0;\u@\h: \w\a\]${debian_chroot:+($debian_chroot)}\[\033[01;32m\]\u@\h\[\033[00m\]:\[\033[01;34m\]\w\[\033[00m\]\$ VIRTUAL_ENV_PROMPT=(.venv) /usr/bin/cmake /home/mgazzola/ros2_spirob_ws/src/more_interfaces -DAMENT_CMAKE_SYMLINK_INSTALL=1 -DCMAKE_INSTALL_PREFIX=/home/mgazzola/ros2_spirob_ws/install/more_interfaces
[9.385s] DEBUG:colcon.colcon_core.event_handler.log_command:Invoking command in '/home/mgazzola/ros2_spirob_ws/build/joysticker': DEBUGINFOD_URLS=https://debuginfod.ubuntu.com PS1=(.venv) \[\e]0;\u@\h: \w\a\]${debian_chroot:+($debian_chroot)}\[\033[01;32m\]\u@\h\[\033[00m\]:\[\033[01;34m\]\w\[\033[00m\]\$ PYTHONPATH=/home/mgazzola/ros2_spirob_ws/build/joysticker/prefix_override:/usr/lib/python3/dist-packages/colcon_core/task/python/colcon_distutils_commands:/home/mgazzola/ros2_spirob_ws/install/joysticker/lib/python3.12/site-packages:${PYTHONPATH} VIRTUAL_ENV_PROMPT=(.venv) /usr/bin/python3 -W ignore:setup.py install is deprecated -W ignore:easy_install command is deprecated setup.py develop --editable --build-directory /home/mgazzola/ros2_spirob_ws/build/joysticker/build --no-deps symlink_data
[9.680s] DEBUG:colcon.colcon_core.event_handler.log_command:Invoking command in '/home/mgazzola/ros2_spirob_ws/build/controller': DEBUGINFOD_URLS=https://debuginfod.ubuntu.com PS1=(.venv) \[\e]0;\u@\h: \w\a\]${debian_chroot:+($debian_chroot)}\[\033[01;32m\]\u@\h\[\033[00m\]:\[\033[01;34m\]\w\[\033[00m\]\$ PYTHONPATH=/home/mgazzola/ros2_spirob_ws/build/controller/prefix_override:/usr/lib/python3/dist-packages/colcon_core/task/python/colcon_distutils_commands:/home/mgazzola/ros2_spirob_ws/install/controller/lib/python3.12/site-packages:${PYTHONPATH} VIRTUAL_ENV_PROMPT=(.venv) /usr/bin/python3 -W ignore:setup.py install is deprecated -W ignore:easy_install command is deprecated setup.py develop --editable --build-directory /home/mgazzola/ros2_spirob_ws/build/controller/build --no-deps symlink_data
[11.972s] DEBUG:colcon.colcon_core.event_handler.log_command:Invoking command in '/home/mgazzola/ros2_spirob_ws/build/load_cell': DEBUGINFOD_URLS=https://debuginfod.ubuntu.com PS1=(.venv) \[\e]0;\u@\h: \w\a\]${debian_chroot:+($debian_chroot)}\[\033[01;32m\]\u@\h\[\033[00m\]:\[\033[01;34m\]\w\[\033[00m\]\$ PYTHONPATH=/home/mgazzola/ros2_spirob_ws/build/load_cell/prefix_override:/usr/lib/python3/dist-packages/colcon_core/task/python/colcon_distutils_commands:/home/mgazzola/ros2_spirob_ws/install/load_cell/lib/python3.12/site-packages:${PYTHONPATH} VIRTUAL_ENV_PROMPT=(.venv) /usr/bin/python3 -W ignore:setup.py install is deprecated -W ignore:easy_install command is deprecated setup.py develop --editable --build-directory /home/mgazzola/ros2_spirob_ws/build/load_cell/build --no-deps symlink_data
[16.893s] Level 1:colcon.colcon_core.shell:create_environment_hook('controller', 'pythonpath_develop')
[16.894s] INFO:colcon.colcon_core.shell:Creating environment hook '/home/mgazzola/ros2_spirob_ws/build/controller/share/controller/hook/pythonpath_develop.ps1'
[16.902s] DEBUG:colcon.colcon_core.event_handler.log_command:Invoked command in '/home/mgazzola/ros2_spirob_ws/build/controller' returned '0': DEBUGINFOD_URLS=https://debuginfod.ubuntu.com PS1=(.venv) \[\e]0;\u@\h: \w\a\]${debian_chroot:+($debian_chroot)}\[\033[01;32m\]\u@\h\[\033[00m\]:\[\033[01;34m\]\w\[\033[00m\]\$ PYTHONPATH=/home/mgazzola/ros2_spirob_ws/build/controller/prefix_override:/usr/lib/python3/dist-packages/colcon_core/task/python/colcon_distutils_commands:/home/mgazzola/ros2_spirob_ws/install/controller/lib/python3.12/site-packages:${PYTHONPATH} VIRTUAL_ENV_PROMPT=(.venv) /usr/bin/python3 -W ignore:setup.py install is deprecated -W ignore:easy_install command is deprecated setup.py develop --editable --build-directory /home/mgazzola/ros2_spirob_ws/build/controller/build --no-deps symlink_data
[16.916s] INFO:colcon.colcon_core.shell:Creating environment descriptor '/home/mgazzola/ros2_spirob_ws/build/controller/share/controller/hook/pythonpath_develop.dsv'
[16.928s] INFO:colcon.colcon_core.shell:Creating environment hook '/home/mgazzola/ros2_spirob_ws/build/controller/share/controller/hook/pythonpath_develop.sh'
[16.961s] Level 1:colcon.colcon_core.environment:checking '/home/mgazzola/ros2_spirob_ws/install/controller' for CMake module files
[16.978s] Level 1:colcon.colcon_core.environment:checking '/home/mgazzola/ros2_spirob_ws/install/controller' for CMake config files
[16.992s] Level 1:colcon.colcon_core.environment:checking '/home/mgazzola/ros2_spirob_ws/install/controller/lib'
[16.993s] Level 1:colcon.colcon_core.environment:checking '/home/mgazzola/ros2_spirob_ws/install/controller/bin'
[16.994s] Level 1:colcon.colcon_core.environment:checking '/home/mgazzola/ros2_spirob_ws/install/controller/lib/pkgconfig/controller.pc'
[17.001s] Level 1:colcon.colcon_core.environment:checking '/home/mgazzola/ros2_spirob_ws/install/controller/lib/python3.12/site-packages'
[17.008s] Level 1:colcon.colcon_core.shell:create_environment_hook('controller', 'pythonpath')
[17.009s] INFO:colcon.colcon_core.shell:Creating environment hook '/home/mgazzola/ros2_spirob_ws/install/controller/share/controller/hook/pythonpath.ps1'
[17.015s] INFO:colcon.colcon_core.shell:Creating environment descriptor '/home/mgazzola/ros2_spirob_ws/install/controller/share/controller/hook/pythonpath.dsv'
[17.019s] INFO:colcon.colcon_core.shell:Creating environment hook '/home/mgazzola/ros2_spirob_ws/install/controller/share/controller/hook/pythonpath.sh'
[17.023s] Level 1:colcon.colcon_core.environment:checking '/home/mgazzola/ros2_spirob_ws/install/controller/bin'
[17.023s] Level 1:colcon.colcon_core.environment:create_environment_scripts_only(controller)
[17.025s] INFO:colcon.colcon_core.shell:Creating package script '/home/mgazzola/ros2_spirob_ws/install/controller/share/controller/package.ps1'
[17.033s] INFO:colcon.colcon_core.shell:Creating package descriptor '/home/mgazzola/ros2_spirob_ws/install/controller/share/controller/package.dsv'
[17.036s] INFO:colcon.colcon_core.shell:Creating package script '/home/mgazzola/ros2_spirob_ws/install/controller/share/controller/package.sh'
[17.040s] INFO:colcon.colcon_core.shell:Creating package script '/home/mgazzola/ros2_spirob_ws/install/controller/share/controller/package.bash'
[17.043s] INFO:colcon.colcon_core.shell:Creating package script '/home/mgazzola/ros2_spirob_ws/install/controller/share/controller/package.zsh'
[17.047s] Level 1:colcon.colcon_core.environment:create_file_with_runtime_dependencies(/home/mgazzola/ros2_spirob_ws/install/controller/share/colcon-core/packages/controller)
[17.053s] INFO:colcon.colcon_ros.task.ament_python.build:Building ROS package in '/home/mgazzola/ros2_spirob_ws/src/motor_driver' with build type 'ament_python'
[17.055s] Level 1:colcon.colcon_core.shell:create_environment_hook('motor_driver', 'ament_prefix_path')
[17.058s] INFO:colcon.colcon_core.shell:Creating environment hook '/home/mgazzola/ros2_spirob_ws/install/motor_driver/share/motor_driver/hook/ament_prefix_path.ps1'
[17.068s] INFO:colcon.colcon_core.shell:Creating environment descriptor '/home/mgazzola/ros2_spirob_ws/install/motor_driver/share/motor_driver/hook/ament_prefix_path.dsv'
[17.075s] INFO:colcon.colcon_core.shell:Creating environment hook '/home/mgazzola/ros2_spirob_ws/install/motor_driver/share/motor_driver/hook/ament_prefix_path.sh'
[17.079s] INFO:colcon.colcon_core.shell:Skip shell extension 'powershell' for command environment: Not usable outside of PowerShell
[17.079s] DEBUG:colcon.colcon_core.shell:Skip shell extension 'dsv' for command environment
[19.174s] INFO:colcon.colcon_core.task.python.build:Building Python package in '/home/mgazzola/ros2_spirob_ws/src/motor_driver'
[19.175s] INFO:colcon.colcon_core.shell:Skip shell extension 'powershell' for command environment: Not usable outside of PowerShell
[19.175s] DEBUG:colcon.colcon_core.shell:Skip shell extension 'dsv' for command environment
[19.202s] Level 1:colcon.colcon_core.shell:create_environment_hook('load_cell', 'pythonpath_develop')
[19.203s] INFO:colcon.colcon_core.shell:Creating environment hook '/home/mgazzola/ros2_spirob_ws/build/load_cell/share/load_cell/hook/pythonpath_develop.ps1'
[19.210s] INFO:colcon.colcon_core.shell:Creating environment descriptor '/home/mgazzola/ros2_spirob_ws/build/load_cell/share/load_cell/hook/pythonpath_develop.dsv'
[19.211s] DEBUG:colcon.colcon_core.event_handler.log_command:Invoked command in '/home/mgazzola/ros2_spirob_ws/build/load_cell' returned '0': DEBUGINFOD_URLS=https://debuginfod.ubuntu.com PS1=(.venv) \[\e]0;\u@\h: \w\a\]${debian_chroot:+($debian_chroot)}\[\033[01;32m\]\u@\h\[\033[00m\]:\[\033[01;34m\]\w\[\033[00m\]\$ PYTHONPATH=/home/mgazzola/ros2_spirob_ws/build/load_cell/prefix_override:/usr/lib/python3/dist-packages/colcon_core/task/python/colcon_distutils_commands:/home/mgazzola/ros2_spirob_ws/install/load_cell/lib/python3.12/site-packages:${PYTHONPATH} VIRTUAL_ENV_PROMPT=(.venv) /usr/bin/python3 -W ignore:setup.py install is deprecated -W ignore:easy_install command is deprecated setup.py develop --editable --build-directory /home/mgazzola/ros2_spirob_ws/build/load_cell/build --no-deps symlink_data
[19.213s] INFO:colcon.colcon_core.shell:Creating environment hook '/home/mgazzola/ros2_spirob_ws/build/load_cell/share/load_cell/hook/pythonpath_develop.sh'
[19.216s] Level 1:colcon.colcon_core.environment:checking '/home/mgazzola/ros2_spirob_ws/install/load_cell' for CMake module files
[19.219s] Level 1:colcon.colcon_core.environment:checking '/home/mgazzola/ros2_spirob_ws/install/load_cell' for CMake config files
[19.223s] Level 1:colcon.colcon_core.environment:checking '/home/mgazzola/ros2_spirob_ws/install/load_cell/lib'
[19.224s] Level 1:colcon.colcon_core.environment:checking '/home/mgazzola/ros2_spirob_ws/install/load_cell/bin'
[19.224s] Level 1:colcon.colcon_core.environment:checking '/home/mgazzola/ros2_spirob_ws/install/load_cell/lib/pkgconfig/load_cell.pc'
[19.226s] Level 1:colcon.colcon_core.environment:checking '/home/mgazzola/ros2_spirob_ws/install/load_cell/lib/python3.12/site-packages'
[19.226s] Level 1:colcon.colcon_core.shell:create_environment_hook('load_cell', 'pythonpath')
[19.227s] INFO:colcon.colcon_core.shell:Creating environment hook '/home/mgazzola/ros2_spirob_ws/install/load_cell/share/load_cell/hook/pythonpath.ps1'
[19.230s] INFO:colcon.colcon_core.shell:Creating environment descriptor '/home/mgazzola/ros2_spirob_ws/install/load_cell/share/load_cell/hook/pythonpath.dsv'
[19.232s] INFO:colcon.colcon_core.shell:Creating environment hook '/home/mgazzola/ros2_spirob_ws/install/load_cell/share/load_cell/hook/pythonpath.sh'
[19.235s] Level 1:colcon.colcon_core.environment:checking '/home/mgazzola/ros2_spirob_ws/install/load_cell/bin'
[19.236s] Level 1:colcon.colcon_core.environment:create_environment_scripts_only(load_cell)
[19.237s] INFO:colcon.colcon_core.shell:Creating package script '/home/mgazzola/ros2_spirob_ws/install/load_cell/share/load_cell/package.ps1'
[19.241s] INFO:colcon.colcon_core.shell:Creating package descriptor '/home/mgazzola/ros2_spirob_ws/install/load_cell/share/load_cell/package.dsv'
[19.244s] INFO:colcon.colcon_core.shell:Creating package script '/home/mgazzola/ros2_spirob_ws/install/load_cell/share/load_cell/package.sh'
[19.247s] INFO:colcon.colcon_core.shell:Creating package script '/home/mgazzola/ros2_spirob_ws/install/load_cell/share/load_cell/package.bash'
[19.249s] INFO:colcon.colcon_core.shell:Creating package script '/home/mgazzola/ros2_spirob_ws/install/load_cell/share/load_cell/package.zsh'
[19.251s] Level 1:colcon.colcon_core.environment:create_file_with_runtime_dependencies(/home/mgazzola/ros2_spirob_ws/install/load_cell/share/colcon-core/packages/load_cell)
[19.253s] Level 1:colcon.colcon_core.shell:create_environment_hook('joysticker', 'pythonpath_develop')
[19.255s] INFO:colcon.colcon_core.shell:Creating environment hook '/home/mgazzola/ros2_spirob_ws/build/joysticker/share/joysticker/hook/pythonpath_develop.ps1'
[19.260s] DEBUG:colcon.colcon_core.event_handler.log_command:Invoked command in '/home/mgazzola/ros2_spirob_ws/build/joysticker' returned '0': DEBUGINFOD_URLS=https://debuginfod.ubuntu.com PS1=(.venv) \[\e]0;\u@\h: \w\a\]${debian_chroot:+($debian_chroot)}\[\033[01;32m\]\u@\h\[\033[00m\]:\[\033[01;34m\]\w\[\033[00m\]\$ PYTHONPATH=/home/mgazzola/ros2_spirob_ws/build/joysticker/prefix_override:/usr/lib/python3/dist-packages/colcon_core/task/python/colcon_distutils_commands:/home/mgazzola/ros2_spirob_ws/install/joysticker/lib/python3.12/site-packages:${PYTHONPATH} VIRTUAL_ENV_PROMPT=(.venv) /usr/bin/python3 -W ignore:setup.py install is deprecated -W ignore:easy_install command is deprecated setup.py develop --editable --build-directory /home/mgazzola/ros2_spirob_ws/build/joysticker/build --no-deps symlink_data
[19.261s] INFO:colcon.colcon_core.shell:Creating environment descriptor '/home/mgazzola/ros2_spirob_ws/build/joysticker/share/joysticker/hook/pythonpath_develop.dsv'
[19.264s] INFO:colcon.colcon_core.shell:Creating environment hook '/home/mgazzola/ros2_spirob_ws/build/joysticker/share/joysticker/hook/pythonpath_develop.sh'
[19.268s] Level 1:colcon.colcon_core.environment:checking '/home/mgazzola/ros2_spirob_ws/install/joysticker' for CMake module files
[19.271s] Level 1:colcon.colcon_core.environment:checking '/home/mgazzola/ros2_spirob_ws/install/joysticker' for CMake config files
[19.274s] Level 1:colcon.colcon_core.environment:checking '/home/mgazzola/ros2_spirob_ws/install/joysticker/lib'
[19.275s] Level 1:colcon.colcon_core.environment:checking '/home/mgazzola/ros2_spirob_ws/install/joysticker/bin'
[19.276s] Level 1:colcon.colcon_core.environment:checking '/home/mgazzola/ros2_spirob_ws/install/joysticker/lib/pkgconfig/joysticker.pc'
[19.277s] Level 1:colcon.colcon_core.environment:checking '/home/mgazzola/ros2_spirob_ws/install/joysticker/lib/python3.12/site-packages'
[19.278s] Level 1:colcon.colcon_core.shell:create_environment_hook('joysticker', 'pythonpath')
[19.280s] INFO:colcon.colcon_core.shell:Creating environment hook '/home/mgazzola/ros2_spirob_ws/install/joysticker/share/joysticker/hook/pythonpath.ps1'
[19.283s] INFO:colcon.colcon_core.shell:Creating environment descriptor '/home/mgazzola/ros2_spirob_ws/install/joysticker/share/joysticker/hook/pythonpath.dsv'
[19.285s] INFO:colcon.colcon_core.shell:Creating environment hook '/home/mgazzola/ros2_spirob_ws/install/joysticker/share/joysticker/hook/pythonpath.sh'
[19.291s] Level 1:colcon.colcon_core.environment:checking '/home/mgazzola/ros2_spirob_ws/install/joysticker/bin'
[19.292s] Level 1:colcon.colcon_core.environment:create_environment_scripts_only(joysticker)
[19.294s] INFO:colcon.colcon_core.shell:Creating package script '/home/mgazzola/ros2_spirob_ws/install/joysticker/share/joysticker/package.ps1'
[19.299s] INFO:colcon.colcon_core.shell:Creating package descriptor '/home/mgazzola/ros2_spirob_ws/install/joysticker/share/joysticker/package.dsv'
[19.303s] INFO:colcon.colcon_core.shell:Creating package script '/home/mgazzola/ros2_spirob_ws/install/joysticker/share/joysticker/package.sh'
[19.309s] INFO:colcon.colcon_core.shell:Creating package script '/home/mgazzola/ros2_spirob_ws/install/joysticker/share/joysticker/package.bash'
[19.311s] INFO:colcon.colcon_core.shell:Creating package script '/home/mgazzola/ros2_spirob_ws/install/joysticker/share/joysticker/package.zsh'
[19.314s] Level 1:colcon.colcon_core.environment:create_file_with_runtime_dependencies(/home/mgazzola/ros2_spirob_ws/install/joysticker/share/colcon-core/packages/joysticker)
[19.318s] INFO:colcon.colcon_ros.task.ament_python.build:Building ROS package in '/home/mgazzola/ros2_spirob_ws/src/robot_GUI' with build type 'ament_python'
[19.320s] Level 1:colcon.colcon_core.shell:create_environment_hook('robot_GUI', 'ament_prefix_path')
[19.324s] INFO:colcon.colcon_core.shell:Creating environment hook '/home/mgazzola/ros2_spirob_ws/install/robot_GUI/share/robot_GUI/hook/ament_prefix_path.ps1'
[19.331s] INFO:colcon.colcon_core.shell:Creating environment descriptor '/home/mgazzola/ros2_spirob_ws/install/robot_GUI/share/robot_GUI/hook/ament_prefix_path.dsv'
[19.335s] INFO:colcon.colcon_core.shell:Creating environment hook '/home/mgazzola/ros2_spirob_ws/install/robot_GUI/share/robot_GUI/hook/ament_prefix_path.sh'
[19.339s] INFO:colcon.colcon_core.shell:Skip shell extension 'powershell' for command environment: Not usable outside of PowerShell
[19.340s] DEBUG:colcon.colcon_core.shell:Skip shell extension 'dsv' for command environment
[21.580s] INFO:colcon.colcon_core.task.python.build:Building Python package in '/home/mgazzola/ros2_spirob_ws/src/robot_GUI'
[21.582s] INFO:colcon.colcon_core.shell:Skip shell extension 'powershell' for command environment: Not usable outside of PowerShell
[21.583s] DEBUG:colcon.colcon_core.shell:Skip shell extension 'dsv' for command environment
[21.620s] DEBUG:colcon.colcon_core.event_handler.log_command:Invoked command in '/home/mgazzola/ros2_spirob_ws/build/more_interfaces' returned '1': CMAKE_PREFIX_PATH=${CMAKE_PREFIX_PATH}:/home/mgazzola/ros2_spirob_ws/install/load_cell:/home/mgazzola/ros2_spirob_ws/install/robot_GUI:/home/mgazzola/ros2_spirob_ws/install/motor_driver:/home/mgazzola/ros2_spirob_ws/install/joysticker:/home/mgazzola/ros2_spirob_ws/install/controller:/opt/ros/kilted DEBUGINFOD_URLS=https://debuginfod.ubuntu.com PS1=(.venv) \[\e]0;\u@\h: \w\a\]${debian_chroot:+($debian_chroot)}\[\033[01;32m\]\u@\h\[\033[00m\]:\[\033[01;34m\]\w\[\033[00m\]\$ VIRTUAL_ENV_PROMPT=(.venv) /usr/bin/cmake /home/mgazzola/ros2_spirob_ws/src/more_interfaces -DAMENT_CMAKE_SYMLINK_INSTALL=1 -DCMAKE_INSTALL_PREFIX=/home/mgazzola/ros2_spirob_ws/install/more_interfaces
[21.709s] Level 1:colcon.colcon_core.environment:create_environment_scripts_only(more_interfaces)
[21.710s] Level 1:colcon.colcon_core.environment:checking '/home/mgazzola/ros2_spirob_ws/install/more_interfaces' for CMake module files
[21.713s] Level 1:colcon.colcon_core.environment:checking '/home/mgazzola/ros2_spirob_ws/install/more_interfaces' for CMake config files
[21.714s] Level 1:colcon.colcon_core.environment:checking '/home/mgazzola/ros2_spirob_ws/install/more_interfaces/bin'
[21.715s] Level 1:colcon.colcon_core.environment:checking '/home/mgazzola/ros2_spirob_ws/install/more_interfaces/lib/pkgconfig/more_interfaces.pc'
[21.716s] Level 1:colcon.colcon_core.environment:checking '/home/mgazzola/ros2_spirob_ws/install/more_interfaces/lib/python3.12/site-packages'
[21.718s] Level 1:colcon.colcon_core.environment:checking '/home/mgazzola/ros2_spirob_ws/install/more_interfaces/bin'
[21.720s] INFO:colcon.colcon_core.shell:Creating package script '/home/mgazzola/ros2_spirob_ws/install/more_interfaces/share/more_interfaces/package.ps1'
[21.724s] INFO:colcon.colcon_core.shell:Creating package descriptor '/home/mgazzola/ros2_spirob_ws/install/more_interfaces/share/more_interfaces/package.dsv'
[21.727s] INFO:colcon.colcon_core.shell:Creating package script '/home/mgazzola/ros2_spirob_ws/install/more_interfaces/share/more_interfaces/package.sh'
[21.729s] INFO:colcon.colcon_core.shell:Creating package script '/home/mgazzola/ros2_spirob_ws/install/more_interfaces/share/more_interfaces/package.bash'
[21.732s] INFO:colcon.colcon_core.shell:Creating package script '/home/mgazzola/ros2_spirob_ws/install/more_interfaces/share/more_interfaces/package.zsh'
[21.736s] Level 1:colcon.colcon_core.environment:create_file_with_runtime_dependencies(/home/mgazzola/ros2_spirob_ws/install/more_interfaces/share/colcon-core/packages/more_interfaces)
[26.280s] DEBUG:colcon.colcon_parallel_executor.executor.parallel:closing loop
[26.281s] DEBUG:colcon.colcon_parallel_executor.executor.parallel:loop closed
[26.282s] DEBUG:colcon.colcon_parallel_executor.executor.parallel:run_until_complete finished with '1'
[26.282s] DEBUG:colcon.colcon_core.event_reactor:joining thread
[26.328s] INFO:colcon.colcon_core.plugin_system:Skipping extension 'colcon_notification.desktop_notification.terminal_notifier': Not used on non-Darwin systems
[26.329s] INFO:colcon.colcon_core.plugin_system:Skipping extension 'colcon_notification.desktop_notification.win32': Not used on non-Windows systems
[26.330s] INFO:colcon.colcon_notification.desktop_notification:Sending desktop notification using 'notify2'
[26.477s] DEBUG:colcon.colcon_core.event_reactor:joined thread
[26.478s] INFO:colcon.colcon_core.shell:Creating prefix script '/home/mgazzola/ros2_spirob_ws/install/local_setup.ps1'
[26.490s] INFO:colcon.colcon_core.shell:Creating prefix util module '/home/mgazzola/ros2_spirob_ws/install/_local_setup_util_ps1.py'
[26.503s] INFO:colcon.colcon_core.shell:Creating prefix chain script '/home/mgazzola/ros2_spirob_ws/install/setup.ps1'
[26.522s] INFO:colcon.colcon_core.shell:Creating prefix script '/home/mgazzola/ros2_spirob_ws/install/local_setup.sh'
[26.530s] INFO:colcon.colcon_core.shell:Creating prefix util module '/home/mgazzola/ros2_spirob_ws/install/_local_setup_util_sh.py'
[26.539s] INFO:colcon.colcon_core.shell:Creating prefix chain script '/home/mgazzola/ros2_spirob_ws/install/setup.sh'
[26.555s] INFO:colcon.colcon_core.shell:Creating prefix script '/home/mgazzola/ros2_spirob_ws/install/local_setup.bash'
[26.562s] INFO:colcon.colcon_core.shell:Creating prefix chain script '/home/mgazzola/ros2_spirob_ws/install/setup.bash'
[26.574s] INFO:colcon.colcon_core.shell:Creating prefix script '/home/mgazzola/ros2_spirob_ws/install/local_setup.zsh'
[26.583s] INFO:colcon.colcon_core.shell:Creating prefix chain script '/home/mgazzola/ros2_spirob_ws/install/setup.zsh'
