running egg_info
creating ../../build/data_transfer/data_transfer.egg-info
writing ../../build/data_transfer/data_transfer.egg-info/PKG-INFO
writing dependency_links to ../../build/data_transfer/data_transfer.egg-info/dependency_links.txt
writing entry points to ../../build/data_transfer/data_transfer.egg-info/entry_points.txt
writing requirements to ../../build/data_transfer/data_transfer.egg-info/requires.txt
writing top-level names to ../../build/data_transfer/data_transfer.egg-info/top_level.txt
writing manifest file '../../build/data_transfer/data_transfer.egg-info/SOURCES.txt'
reading manifest file '../../build/data_transfer/data_transfer.egg-info/SOURCES.txt'
writing manifest file '../../build/data_transfer/data_transfer.egg-info/SOURCES.txt'
running build
running build_py
creating /home/mgazzola/ros2_spirob_ws/build/data_transfer/build
creating /home/mgazzola/ros2_spirob_ws/build/data_transfer/build/lib
creating /home/mgazzola/ros2_spirob_ws/build/data_transfer/build/lib/data_transfer
copying data_transfer/__init__.py -> /home/mgazzola/ros2_spirob_ws/build/data_transfer/build/lib/data_transfer
copying data_transfer/rsync_trigger.py -> /home/mgazzola/ros2_spirob_ws/build/data_transfer/build/lib/data_transfer
running install
running install_lib
creating /home/mgazzola/ros2_spirob_ws/install/data_transfer/lib/python3.12/site-packages/data_transfer
copying /home/mgazzola/ros2_spirob_ws/build/data_transfer/build/lib/data_transfer/__init__.py -> /home/mgazzola/ros2_spirob_ws/install/data_transfer/lib/python3.12/site-packages/data_transfer
copying /home/mgazzola/ros2_spirob_ws/build/data_transfer/build/lib/data_transfer/rsync_trigger.py -> /home/mgazzola/ros2_spirob_ws/install/data_transfer/lib/python3.12/site-packages/data_transfer
byte-compiling /home/mgazzola/ros2_spirob_ws/install/data_transfer/lib/python3.12/site-packages/data_transfer/__init__.py to __init__.cpython-312.pyc
byte-compiling /home/mgazzola/ros2_spirob_ws/install/data_transfer/lib/python3.12/site-packages/data_transfer/rsync_trigger.py to rsync_trigger.cpython-312.pyc
running install_data
creating /home/mgazzola/ros2_spirob_ws/install/data_transfer/share/ament_index
creating /home/mgazzola/ros2_spirob_ws/install/data_transfer/share/ament_index/resource_index
creating /home/mgazzola/ros2_spirob_ws/install/data_transfer/share/ament_index/resource_index/packages
copying resource/data_transfer -> /home/mgazzola/ros2_spirob_ws/install/data_transfer/share/ament_index/resource_index/packages
copying package.xml -> /home/mgazzola/ros2_spirob_ws/install/data_transfer/share/data_transfer
running install_egg_info
Copying ../../build/data_transfer/data_transfer.egg-info to /home/mgazzola/ros2_spirob_ws/install/data_transfer/lib/python3.12/site-packages/data_transfer-0.0.0-py3.12.egg-info
running install_scripts
Installing rsync_trigger script to /home/mgazzola/ros2_spirob_ws/install/data_transfer/lib/data_transfer
writing list of installed files to '/home/mgazzola/ros2_spirob_ws/build/data_transfer/install.log'
