[3.783s] Invoking command in '/home/mgazzola/ros2_spirob_ws/src/data_transfer': DEBUGINFOD_URLS=https://debuginfod.ubuntu.com PS1=(.venv) \[\e]0;\u@\h: \w\a\]${debian_chroot:+($debian_chroot)}\[\033[01;32m\]\u@\h\[\033[00m\]:\[\033[01;34m\]\w\[\033[00m\]\$ PYTHONPATH=/home/mgazzola/ros2_spirob_ws/build/data_transfer/prefix_override:/usr/lib/python3/dist-packages/colcon_core/task/python/colcon_distutils_commands:/home/mgazzola/ros2_spirob_ws/install/data_transfer/lib/python3.12/site-packages:${PYTHONPATH} VIRTUAL_ENV_PROMPT=(.venv) /usr/bin/python3 -W ignore:setup.py install is deprecated -W ignore:easy_install command is deprecated setup.py egg_info --egg-base ../../build/data_transfer build --build-base /home/mgazzola/ros2_spirob_ws/build/data_transfer/build install --record /home/mgazzola/ros2_spirob_ws/build/data_transfer/install.log --single-version-externally-managed install_data
[4.987s] running egg_info
[4.988s] creating ../../build/data_transfer/data_transfer.egg-info
[5.069s] writing ../../build/data_transfer/data_transfer.egg-info/PKG-INFO
[5.070s] writing dependency_links to ../../build/data_transfer/data_transfer.egg-info/dependency_links.txt
[5.071s] writing entry points to ../../build/data_transfer/data_transfer.egg-info/entry_points.txt
[5.072s] writing requirements to ../../build/data_transfer/data_transfer.egg-info/requires.txt
[5.072s] writing top-level names to ../../build/data_transfer/data_transfer.egg-info/top_level.txt
[5.073s] writing manifest file '../../build/data_transfer/data_transfer.egg-info/SOURCES.txt'
[5.241s] reading manifest file '../../build/data_transfer/data_transfer.egg-info/SOURCES.txt'
[5.244s] writing manifest file '../../build/data_transfer/data_transfer.egg-info/SOURCES.txt'
[5.246s] running build
[5.246s] running build_py
[5.248s] creating /home/mgazzola/ros2_spirob_ws/build/data_transfer/build
[5.248s] creating /home/mgazzola/ros2_spirob_ws/build/data_transfer/build/lib
[5.249s] creating /home/mgazzola/ros2_spirob_ws/build/data_transfer/build/lib/data_transfer
[5.249s] copying data_transfer/__init__.py -> /home/mgazzola/ros2_spirob_ws/build/data_transfer/build/lib/data_transfer
[5.250s] copying data_transfer/rsync_trigger.py -> /home/mgazzola/ros2_spirob_ws/build/data_transfer/build/lib/data_transfer
[5.251s] running install
[5.275s] running install_lib
[5.357s] creating /home/mgazzola/ros2_spirob_ws/install/data_transfer/lib/python3.12/site-packages/data_transfer
[5.358s] copying /home/mgazzola/ros2_spirob_ws/build/data_transfer/build/lib/data_transfer/__init__.py -> /home/mgazzola/ros2_spirob_ws/install/data_transfer/lib/python3.12/site-packages/data_transfer
[5.359s] copying /home/mgazzola/ros2_spirob_ws/build/data_transfer/build/lib/data_transfer/rsync_trigger.py -> /home/mgazzola/ros2_spirob_ws/install/data_transfer/lib/python3.12/site-packages/data_transfer
[5.362s] byte-compiling /home/mgazzola/ros2_spirob_ws/install/data_transfer/lib/python3.12/site-packages/data_transfer/__init__.py to __init__.cpython-312.pyc
[5.364s] byte-compiling /home/mgazzola/ros2_spirob_ws/install/data_transfer/lib/python3.12/site-packages/data_transfer/rsync_trigger.py to rsync_trigger.cpython-312.pyc
[5.367s] running install_data
[5.367s] creating /home/mgazzola/ros2_spirob_ws/install/data_transfer/share/ament_index
[5.368s] creating /home/mgazzola/ros2_spirob_ws/install/data_transfer/share/ament_index/resource_index
[5.369s] creating /home/mgazzola/ros2_spirob_ws/install/data_transfer/share/ament_index/resource_index/packages
[5.369s] copying resource/data_transfer -> /home/mgazzola/ros2_spirob_ws/install/data_transfer/share/ament_index/resource_index/packages
[5.370s] copying package.xml -> /home/mgazzola/ros2_spirob_ws/install/data_transfer/share/data_transfer
[5.370s] running install_egg_info
[5.457s] Copying ../../build/data_transfer/data_transfer.egg-info to /home/mgazzola/ros2_spirob_ws/install/data_transfer/lib/python3.12/site-packages/data_transfer-0.0.0-py3.12.egg-info
[5.463s] running install_scripts
[6.205s] Installing rsync_trigger script to /home/mgazzola/ros2_spirob_ws/install/data_transfer/lib/data_transfer
[6.206s] writing list of installed files to '/home/mgazzola/ros2_spirob_ws/build/data_transfer/install.log'
[6.354s] Invoked command in '/home/mgazzola/ros2_spirob_ws/src/data_transfer' returned '0': DEBUGINFOD_URLS=https://debuginfod.ubuntu.com PS1=(.venv) \[\e]0;\u@\h: \w\a\]${debian_chroot:+($debian_chroot)}\[\033[01;32m\]\u@\h\[\033[00m\]:\[\033[01;34m\]\w\[\033[00m\]\$ PYTHONPATH=/home/mgazzola/ros2_spirob_ws/build/data_transfer/prefix_override:/usr/lib/python3/dist-packages/colcon_core/task/python/colcon_distutils_commands:/home/mgazzola/ros2_spirob_ws/install/data_transfer/lib/python3.12/site-packages:${PYTHONPATH} VIRTUAL_ENV_PROMPT=(.venv) /usr/bin/python3 -W ignore:setup.py install is deprecated -W ignore:easy_install command is deprecated setup.py egg_info --egg-base ../../build/data_transfer build --build-base /home/mgazzola/ros2_spirob_ws/build/data_transfer/build install --record /home/mgazzola/ros2_spirob_ws/build/data_transfer/install.log --single-version-externally-managed install_data
