[8.564s] Invoking command in '/home/mgazzola/ros2_spirob_ws/build/controller': DEBUGINFOD_URLS=https://debuginfod.ubuntu.com PS1=(.venv) \[\e]0;\u@\h: \w\a\]${debian_chroot:+($debian_chroot)}\[\033[01;32m\]\u@\h\[\033[00m\]:\[\033[01;34m\]\w\[\033[00m\]\$ PYTHONPATH=/home/mgazzola/ros2_spirob_ws/build/controller/prefix_override:/usr/lib/python3/dist-packages/colcon_core/task/python/colcon_distutils_commands:/home/mgazzola/ros2_spirob_ws/install/controller/lib/python3.12/site-packages:${PYTHONPATH} VIRTUAL_ENV_PROMPT=(.venv) /usr/bin/python3 -W ignore:setup.py install is deprecated -W ignore:easy_install command is deprecated setup.py develop --editable --build-directory /home/mgazzola/ros2_spirob_ws/build/controller/build --no-deps symlink_data
[11.944s] running develop
[14.857s] running egg_info
[14.857s] creating controller.egg-info
[15.016s] writing controller.egg-info/PKG-INFO
[15.023s] writing dependency_links to controller.egg-info/dependency_links.txt
[15.027s] writing entry points to controller.egg-info/entry_points.txt
[15.027s] writing requirements to controller.egg-info/requires.txt
[15.034s] writing top-level names to controller.egg-info/top_level.txt
[15.035s] writing manifest file 'controller.egg-info/SOURCES.txt'
[15.347s] reading manifest file 'controller.egg-info/SOURCES.txt'
[15.356s] writing manifest file 'controller.egg-info/SOURCES.txt'
[15.528s] running build_ext
[15.531s] Creating /home/mgazzola/ros2_spirob_ws/install/controller/lib/python3.12/site-packages/controller.egg-link (link to .)
[15.539s] Installing pid_controller_node script to /home/mgazzola/ros2_spirob_ws/install/controller/lib/controller
[15.549s] Installing setup_node script to /home/mgazzola/ros2_spirob_ws/install/controller/lib/controller
[15.550s] 
[15.564s] Installed /home/mgazzola/ros2_spirob_ws/build/controller
[15.565s] running symlink_data
[15.567s] creating /home/mgazzola/ros2_spirob_ws/install/controller/share/ament_index
[15.580s] creating /home/mgazzola/ros2_spirob_ws/install/controller/share/ament_index/resource_index
[15.581s] creating /home/mgazzola/ros2_spirob_ws/install/controller/share/ament_index/resource_index/packages
[15.594s] symbolically linking /home/mgazzola/ros2_spirob_ws/build/controller/resource/controller -> /home/mgazzola/ros2_spirob_ws/install/controller/share/ament_index/resource_index/packages
[15.596s] symbolically linking /home/mgazzola/ros2_spirob_ws/build/controller/package.xml -> /home/mgazzola/ros2_spirob_ws/install/controller/share/controller
[15.789s] Invoked command in '/home/mgazzola/ros2_spirob_ws/build/controller' returned '0': DEBUGINFOD_URLS=https://debuginfod.ubuntu.com PS1=(.venv) \[\e]0;\u@\h: \w\a\]${debian_chroot:+($debian_chroot)}\[\033[01;32m\]\u@\h\[\033[00m\]:\[\033[01;34m\]\w\[\033[00m\]\$ PYTHONPATH=/home/mgazzola/ros2_spirob_ws/build/controller/prefix_override:/usr/lib/python3/dist-packages/colcon_core/task/python/colcon_distutils_commands:/home/mgazzola/ros2_spirob_ws/install/controller/lib/python3.12/site-packages:${PYTHONPATH} VIRTUAL_ENV_PROMPT=(.venv) /usr/bin/python3 -W ignore:setup.py install is deprecated -W ignore:easy_install command is deprecated setup.py develop --editable --build-directory /home/mgazzola/ros2_spirob_ws/build/controller/build --no-deps symlink_data
