[0.049s] Invoking command in '/home/mgazzola/ros2_spirob_ws/build/my_robot_interfaces': CMAKE_PREFIX_PATH=${CMAKE_PREFIX_PATH}:/opt/ros/kilted DEBUGINFOD_URLS=https://debuginfod.ubuntu.com /usr/bin/cmake /home/mgazzola/ros2_spirob_ws/src/my_robot_interfaces -DCMAKE_INSTALL_PREFIX=/home/mgazzola/ros2_spirob_ws/install/my_robot_interfaces
[0.355s] -- The C compiler identification is GNU 13.3.0
[0.651s] -- The CXX compiler identification is GNU 13.3.0
[0.742s] -- Detecting C compiler ABI info
[1.250s] -- Detecting C compiler ABI info - done
[1.285s] -- Check for working C compiler: /usr/bin/cc - skipped
[1.286s] -- Detecting C compile features
[1.288s] -- Detecting C compile features - done
[1.343s] -- Detecting CXX compiler ABI info
[1.891s] -- Detecting CXX compiler ABI info - done
[1.929s] -- Check for working CXX compiler: /usr/bin/c++ - skipped
[1.930s] -- Detecting CXX compile features
[1.932s] -- Detecting CXX compile features - done
[1.959s] -- Found ament_cmake: 2.7.3 (/opt/ros/kilted/share/ament_cmake/cmake)
[2.749s] -- Found Python3: /usr/bin/python3 (found version "3.12.3") found components: Interpreter 
[3.444s] -- Found rosidl_default_generators: 1.7.1 (/opt/ros/kilted/share/rosidl_default_generators/cmake)
[3.500s] -- Using all available rosidl_typesupport_c: rosidl_typesupport_fastrtps_c;rosidl_typesupport_introspection_c
[3.931s] -- Using all available rosidl_typesupport_cpp: rosidl_typesupport_fastrtps_cpp;rosidl_typesupport_introspection_cpp
[4.270s] -- Found rosidl_adapter: 4.9.5 (/opt/ros/kilted/share/rosidl_adapter/cmake)
[4.298s] -- Found builtin_interfaces: 2.3.0 (/opt/ros/kilted/share/builtin_interfaces/cmake)
[6.503s] [31mCMake Error at /opt/ros/kilted/share/rosidl_cmake/cmake/rosidl_generate_interfaces.cmake:223 (message):
[6.504s]   Packages installing interfaces must include
[6.505s]   '<member_of_group>rosidl_interface_packages</member_of_group>' in their
[6.505s]   package.xml
[6.505s] Call Stack (most recent call first):
[6.506s]   CMakeLists.txt:15 (rosidl_generate_interfaces)
[6.506s] 
[6.507s] [0m
[6.507s] -- Configuring incomplete, errors occurred!
[6.541s] Invoked command in '/home/mgazzola/ros2_spirob_ws/build/my_robot_interfaces' returned '1': CMAKE_PREFIX_PATH=${CMAKE_PREFIX_PATH}:/opt/ros/kilted DEBUGINFOD_URLS=https://debuginfod.ubuntu.com /usr/bin/cmake /home/mgazzola/ros2_spirob_ws/src/my_robot_interfaces -DCMAKE_INSTALL_PREFIX=/home/mgazzola/ros2_spirob_ws/install/my_robot_interfaces
