[0.770s] DEBUG:colcon:Command line arguments: ['/usr/bin/colcon', 'build', '--packages-select', 'motor_driver']
[0.770s] DEBUG:colcon:Parsed command line arguments: Namespace(log_base=None, log_level=None, verb_name='build', build_base='build', install_base='install', merge_install=False, symlink_install=False, test_result_base=None, continue_on_error=False, executor='parallel', parallel_workers=4, event_handlers=None, ignore_user_meta=False, metas=['./colcon.meta'], base_paths=['.'], packages_ignore=None, packages_ignore_regex=None, paths=None, packages_up_to=None, packages_up_to_regex=None, packages_above=None, packages_above_and_dependencies=None, packages_above_depth=None, packages_select_by_dep=None, packages_skip_by_dep=None, packages_skip_up_to=None, packages_select_build_failed=False, packages_skip_build_finished=False, packages_select_test_failures=False, packages_skip_test_passed=False, packages_select=['motor_driver'], packages_skip=None, packages_select_regex=None, packages_skip_regex=None, packages_start=None, packages_end=None, allow_overriding=[], cmake_args=None, cmake_target=None, cmake_target_skip_unavailable=False, cmake_clean_cache=False, cmake_clean_first=False, cmake_force_configure=False, ament_cmake_args=None, catkin_cmake_args=None, catkin_skip_building_tests=False, mixin_files=None, mixin=None, verb_parser=<colcon_mixin.mixin.mixin_argument.MixinArgumentDecorator object at 0xffffae497e30>, verb_extension=<colcon_core.verb.build.BuildVerb object at 0xffffae6813d0>, main=<bound method BuildVerb.main of <colcon_core.verb.build.BuildVerb object at 0xffffae6813d0>>, mixin_verb=('build',))
[1.090s] Level 1:colcon.colcon_core.package_discovery:discover_packages(colcon_meta) check parameters
[1.091s] Level 1:colcon.colcon_core.package_discovery:discover_packages(recursive) check parameters
[1.091s] Level 1:colcon.colcon_core.package_discovery:discover_packages(ignore) check parameters
[1.091s] Level 1:colcon.colcon_core.package_discovery:discover_packages(path) check parameters
[1.091s] Level 1:colcon.colcon_core.package_discovery:discover_packages(colcon_meta) discover
[1.092s] Level 1:colcon.colcon_core.package_discovery:discover_packages(recursive) discover
[1.092s] INFO:colcon.colcon_core.package_discovery:Crawling recursively for packages in '/home/mgazzola/ros2_spirob_ws'
[1.092s] Level 1:colcon.colcon_core.package_identification:_identify(.) by extensions ['ignore', 'ignore_ament_install']
[1.093s] Level 1:colcon.colcon_core.package_identification:_identify(.) by extension 'ignore'
[1.093s] Level 1:colcon.colcon_core.package_identification:_identify(.) by extension 'ignore_ament_install'
[1.094s] Level 1:colcon.colcon_core.package_identification:_identify(.) by extensions ['colcon_pkg']
[1.094s] Level 1:colcon.colcon_core.package_identification:_identify(.) by extension 'colcon_pkg'
[1.094s] Level 1:colcon.colcon_core.package_identification:_identify(.) by extensions ['colcon_meta']
[1.094s] Level 1:colcon.colcon_core.package_identification:_identify(.) by extension 'colcon_meta'
[1.094s] Level 1:colcon.colcon_core.package_identification:_identify(.) by extensions ['ros']
[1.095s] Level 1:colcon.colcon_core.package_identification:_identify(.) by extension 'ros'
[1.253s] Level 1:colcon.colcon_core.package_identification:_identify(.) by extensions ['cmake', 'python']
[1.254s] Level 1:colcon.colcon_core.package_identification:_identify(.) by extension 'cmake'
[1.254s] Level 1:colcon.colcon_core.package_identification:_identify(.) by extension 'python'
[1.254s] Level 1:colcon.colcon_core.package_identification:_identify(.) by extensions ['python_setup_py']
[1.254s] Level 1:colcon.colcon_core.package_identification:_identify(.) by extension 'python_setup_py'
[1.255s] Level 1:colcon.colcon_core.package_identification:_identify(build) by extensions ['ignore', 'ignore_ament_install']
[1.255s] Level 1:colcon.colcon_core.package_identification:_identify(build) by extension 'ignore'
[1.256s] Level 1:colcon.colcon_core.package_identification:_identify(build) ignored
[1.256s] Level 1:colcon.colcon_core.package_identification:_identify(exp_ws) by extensions ['ignore', 'ignore_ament_install']
[1.257s] Level 1:colcon.colcon_core.package_identification:_identify(exp_ws) by extension 'ignore'
[1.257s] Level 1:colcon.colcon_core.package_identification:_identify(exp_ws) by extension 'ignore_ament_install'
[1.257s] Level 1:colcon.colcon_core.package_identification:_identify(exp_ws) by extensions ['colcon_pkg']
[1.257s] Level 1:colcon.colcon_core.package_identification:_identify(exp_ws) by extension 'colcon_pkg'
[1.258s] Level 1:colcon.colcon_core.package_identification:_identify(exp_ws) by extensions ['colcon_meta']
[1.258s] Level 1:colcon.colcon_core.package_identification:_identify(exp_ws) by extension 'colcon_meta'
[1.258s] Level 1:colcon.colcon_core.package_identification:_identify(exp_ws) by extensions ['ros']
[1.258s] Level 1:colcon.colcon_core.package_identification:_identify(exp_ws) by extension 'ros'
[1.259s] Level 1:colcon.colcon_core.package_identification:_identify(exp_ws) by extensions ['cmake', 'python']
[1.259s] Level 1:colcon.colcon_core.package_identification:_identify(exp_ws) by extension 'cmake'
[1.259s] Level 1:colcon.colcon_core.package_identification:_identify(exp_ws) by extension 'python'
[1.259s] Level 1:colcon.colcon_core.package_identification:_identify(exp_ws) by extensions ['python_setup_py']
[1.259s] Level 1:colcon.colcon_core.package_identification:_identify(exp_ws) by extension 'python_setup_py'
[1.260s] Level 1:colcon.colcon_core.package_identification:_identify(exp_ws/bags) by extensions ['ignore', 'ignore_ament_install']
[1.260s] Level 1:colcon.colcon_core.package_identification:_identify(exp_ws/bags) by extension 'ignore'
[1.260s] Level 1:colcon.colcon_core.package_identification:_identify(exp_ws/bags) by extension 'ignore_ament_install'
[1.261s] Level 1:colcon.colcon_core.package_identification:_identify(exp_ws/bags) by extensions ['colcon_pkg']
[1.261s] Level 1:colcon.colcon_core.package_identification:_identify(exp_ws/bags) by extension 'colcon_pkg'
[1.261s] Level 1:colcon.colcon_core.package_identification:_identify(exp_ws/bags) by extensions ['colcon_meta']
[1.261s] Level 1:colcon.colcon_core.package_identification:_identify(exp_ws/bags) by extension 'colcon_meta'
[1.261s] Level 1:colcon.colcon_core.package_identification:_identify(exp_ws/bags) by extensions ['ros']
[1.261s] Level 1:colcon.colcon_core.package_identification:_identify(exp_ws/bags) by extension 'ros'
[1.262s] Level 1:colcon.colcon_core.package_identification:_identify(exp_ws/bags) by extensions ['cmake', 'python']
[1.262s] Level 1:colcon.colcon_core.package_identification:_identify(exp_ws/bags) by extension 'cmake'
[1.262s] Level 1:colcon.colcon_core.package_identification:_identify(exp_ws/bags) by extension 'python'
[1.262s] Level 1:colcon.colcon_core.package_identification:_identify(exp_ws/bags) by extensions ['python_setup_py']
[1.263s] Level 1:colcon.colcon_core.package_identification:_identify(exp_ws/bags) by extension 'python_setup_py'
[1.263s] Level 1:colcon.colcon_core.package_identification:_identify(exp_ws/bags/system_test_01_2026-01-05_17-30-47) by extensions ['ignore', 'ignore_ament_install']
[1.263s] Level 1:colcon.colcon_core.package_identification:_identify(exp_ws/bags/system_test_01_2026-01-05_17-30-47) by extension 'ignore'
[1.264s] Level 1:colcon.colcon_core.package_identification:_identify(exp_ws/bags/system_test_01_2026-01-05_17-30-47) by extension 'ignore_ament_install'
[1.264s] Level 1:colcon.colcon_core.package_identification:_identify(exp_ws/bags/system_test_01_2026-01-05_17-30-47) by extensions ['colcon_pkg']
[1.264s] Level 1:colcon.colcon_core.package_identification:_identify(exp_ws/bags/system_test_01_2026-01-05_17-30-47) by extension 'colcon_pkg'
[1.264s] Level 1:colcon.colcon_core.package_identification:_identify(exp_ws/bags/system_test_01_2026-01-05_17-30-47) by extensions ['colcon_meta']
[1.265s] Level 1:colcon.colcon_core.package_identification:_identify(exp_ws/bags/system_test_01_2026-01-05_17-30-47) by extension 'colcon_meta'
[1.265s] Level 1:colcon.colcon_core.package_identification:_identify(exp_ws/bags/system_test_01_2026-01-05_17-30-47) by extensions ['ros']
[1.265s] Level 1:colcon.colcon_core.package_identification:_identify(exp_ws/bags/system_test_01_2026-01-05_17-30-47) by extension 'ros'
[1.265s] Level 1:colcon.colcon_core.package_identification:_identify(exp_ws/bags/system_test_01_2026-01-05_17-30-47) by extensions ['cmake', 'python']
[1.266s] Level 1:colcon.colcon_core.package_identification:_identify(exp_ws/bags/system_test_01_2026-01-05_17-30-47) by extension 'cmake'
[1.266s] Level 1:colcon.colcon_core.package_identification:_identify(exp_ws/bags/system_test_01_2026-01-05_17-30-47) by extension 'python'
[1.266s] Level 1:colcon.colcon_core.package_identification:_identify(exp_ws/bags/system_test_01_2026-01-05_17-30-47) by extensions ['python_setup_py']
[1.266s] Level 1:colcon.colcon_core.package_identification:_identify(exp_ws/bags/system_test_01_2026-01-05_17-30-47) by extension 'python_setup_py'
[1.267s] Level 1:colcon.colcon_core.package_identification:_identify(exp_ws/bags/system_test_01_2026-01-05_17-32-01) by extensions ['ignore', 'ignore_ament_install']
[1.267s] Level 1:colcon.colcon_core.package_identification:_identify(exp_ws/bags/system_test_01_2026-01-05_17-32-01) by extension 'ignore'
[1.267s] Level 1:colcon.colcon_core.package_identification:_identify(exp_ws/bags/system_test_01_2026-01-05_17-32-01) by extension 'ignore_ament_install'
[1.268s] Level 1:colcon.colcon_core.package_identification:_identify(exp_ws/bags/system_test_01_2026-01-05_17-32-01) by extensions ['colcon_pkg']
[1.268s] Level 1:colcon.colcon_core.package_identification:_identify(exp_ws/bags/system_test_01_2026-01-05_17-32-01) by extension 'colcon_pkg'
[1.268s] Level 1:colcon.colcon_core.package_identification:_identify(exp_ws/bags/system_test_01_2026-01-05_17-32-01) by extensions ['colcon_meta']
[1.268s] Level 1:colcon.colcon_core.package_identification:_identify(exp_ws/bags/system_test_01_2026-01-05_17-32-01) by extension 'colcon_meta'
[1.268s] Level 1:colcon.colcon_core.package_identification:_identify(exp_ws/bags/system_test_01_2026-01-05_17-32-01) by extensions ['ros']
[1.268s] Level 1:colcon.colcon_core.package_identification:_identify(exp_ws/bags/system_test_01_2026-01-05_17-32-01) by extension 'ros'
[1.269s] Level 1:colcon.colcon_core.package_identification:_identify(exp_ws/bags/system_test_01_2026-01-05_17-32-01) by extensions ['cmake', 'python']
[1.269s] Level 1:colcon.colcon_core.package_identification:_identify(exp_ws/bags/system_test_01_2026-01-05_17-32-01) by extension 'cmake'
[1.269s] Level 1:colcon.colcon_core.package_identification:_identify(exp_ws/bags/system_test_01_2026-01-05_17-32-01) by extension 'python'
[1.269s] Level 1:colcon.colcon_core.package_identification:_identify(exp_ws/bags/system_test_01_2026-01-05_17-32-01) by extensions ['python_setup_py']
[1.269s] Level 1:colcon.colcon_core.package_identification:_identify(exp_ws/bags/system_test_01_2026-01-05_17-32-01) by extension 'python_setup_py'
[1.270s] Level 1:colcon.colcon_core.package_identification:_identify(exp_ws/bags/system_test_01_2026-01-05_17-32-33) by extensions ['ignore', 'ignore_ament_install']
[1.270s] Level 1:colcon.colcon_core.package_identification:_identify(exp_ws/bags/system_test_01_2026-01-05_17-32-33) by extension 'ignore'
[1.271s] Level 1:colcon.colcon_core.package_identification:_identify(exp_ws/bags/system_test_01_2026-01-05_17-32-33) by extension 'ignore_ament_install'
[1.271s] Level 1:colcon.colcon_core.package_identification:_identify(exp_ws/bags/system_test_01_2026-01-05_17-32-33) by extensions ['colcon_pkg']
[1.271s] Level 1:colcon.colcon_core.package_identification:_identify(exp_ws/bags/system_test_01_2026-01-05_17-32-33) by extension 'colcon_pkg'
[1.271s] Level 1:colcon.colcon_core.package_identification:_identify(exp_ws/bags/system_test_01_2026-01-05_17-32-33) by extensions ['colcon_meta']
[1.271s] Level 1:colcon.colcon_core.package_identification:_identify(exp_ws/bags/system_test_01_2026-01-05_17-32-33) by extension 'colcon_meta'
[1.272s] Level 1:colcon.colcon_core.package_identification:_identify(exp_ws/bags/system_test_01_2026-01-05_17-32-33) by extensions ['ros']
[1.272s] Level 1:colcon.colcon_core.package_identification:_identify(exp_ws/bags/system_test_01_2026-01-05_17-32-33) by extension 'ros'
[1.272s] Level 1:colcon.colcon_core.package_identification:_identify(exp_ws/bags/system_test_01_2026-01-05_17-32-33) by extensions ['cmake', 'python']
[1.272s] Level 1:colcon.colcon_core.package_identification:_identify(exp_ws/bags/system_test_01_2026-01-05_17-32-33) by extension 'cmake'
[1.273s] Level 1:colcon.colcon_core.package_identification:_identify(exp_ws/bags/system_test_01_2026-01-05_17-32-33) by extension 'python'
[1.273s] Level 1:colcon.colcon_core.package_identification:_identify(exp_ws/bags/system_test_01_2026-01-05_17-32-33) by extensions ['python_setup_py']
[1.273s] Level 1:colcon.colcon_core.package_identification:_identify(exp_ws/bags/system_test_01_2026-01-05_17-32-33) by extension 'python_setup_py'
[1.273s] Level 1:colcon.colcon_core.package_identification:_identify(exp_ws/bags/system_test_01_2026-01-05_17-33-00) by extensions ['ignore', 'ignore_ament_install']
[1.274s] Level 1:colcon.colcon_core.package_identification:_identify(exp_ws/bags/system_test_01_2026-01-05_17-33-00) by extension 'ignore'
[1.274s] Level 1:colcon.colcon_core.package_identification:_identify(exp_ws/bags/system_test_01_2026-01-05_17-33-00) by extension 'ignore_ament_install'
[1.274s] Level 1:colcon.colcon_core.package_identification:_identify(exp_ws/bags/system_test_01_2026-01-05_17-33-00) by extensions ['colcon_pkg']
[1.274s] Level 1:colcon.colcon_core.package_identification:_identify(exp_ws/bags/system_test_01_2026-01-05_17-33-00) by extension 'colcon_pkg'
[1.275s] Level 1:colcon.colcon_core.package_identification:_identify(exp_ws/bags/system_test_01_2026-01-05_17-33-00) by extensions ['colcon_meta']
[1.275s] Level 1:colcon.colcon_core.package_identification:_identify(exp_ws/bags/system_test_01_2026-01-05_17-33-00) by extension 'colcon_meta'
[1.275s] Level 1:colcon.colcon_core.package_identification:_identify(exp_ws/bags/system_test_01_2026-01-05_17-33-00) by extensions ['ros']
[1.275s] Level 1:colcon.colcon_core.package_identification:_identify(exp_ws/bags/system_test_01_2026-01-05_17-33-00) by extension 'ros'
[1.276s] Level 1:colcon.colcon_core.package_identification:_identify(exp_ws/bags/system_test_01_2026-01-05_17-33-00) by extensions ['cmake', 'python']
[1.276s] Level 1:colcon.colcon_core.package_identification:_identify(exp_ws/bags/system_test_01_2026-01-05_17-33-00) by extension 'cmake'
[1.276s] Level 1:colcon.colcon_core.package_identification:_identify(exp_ws/bags/system_test_01_2026-01-05_17-33-00) by extension 'python'
[1.276s] Level 1:colcon.colcon_core.package_identification:_identify(exp_ws/bags/system_test_01_2026-01-05_17-33-00) by extensions ['python_setup_py']
[1.276s] Level 1:colcon.colcon_core.package_identification:_identify(exp_ws/bags/system_test_01_2026-01-05_17-33-00) by extension 'python_setup_py'
[1.277s] Level 1:colcon.colcon_core.package_identification:_identify(exp_ws/bags/system_test_01_2026-01-05_17-34-09) by extensions ['ignore', 'ignore_ament_install']
[1.277s] Level 1:colcon.colcon_core.package_identification:_identify(exp_ws/bags/system_test_01_2026-01-05_17-34-09) by extension 'ignore'
[1.277s] Level 1:colcon.colcon_core.package_identification:_identify(exp_ws/bags/system_test_01_2026-01-05_17-34-09) by extension 'ignore_ament_install'
[1.278s] Level 1:colcon.colcon_core.package_identification:_identify(exp_ws/bags/system_test_01_2026-01-05_17-34-09) by extensions ['colcon_pkg']
[1.278s] Level 1:colcon.colcon_core.package_identification:_identify(exp_ws/bags/system_test_01_2026-01-05_17-34-09) by extension 'colcon_pkg'
[1.278s] Level 1:colcon.colcon_core.package_identification:_identify(exp_ws/bags/system_test_01_2026-01-05_17-34-09) by extensions ['colcon_meta']
[1.278s] Level 1:colcon.colcon_core.package_identification:_identify(exp_ws/bags/system_test_01_2026-01-05_17-34-09) by extension 'colcon_meta'
[1.278s] Level 1:colcon.colcon_core.package_identification:_identify(exp_ws/bags/system_test_01_2026-01-05_17-34-09) by extensions ['ros']
[1.279s] Level 1:colcon.colcon_core.package_identification:_identify(exp_ws/bags/system_test_01_2026-01-05_17-34-09) by extension 'ros'
[1.279s] Level 1:colcon.colcon_core.package_identification:_identify(exp_ws/bags/system_test_01_2026-01-05_17-34-09) by extensions ['cmake', 'python']
[1.279s] Level 1:colcon.colcon_core.package_identification:_identify(exp_ws/bags/system_test_01_2026-01-05_17-34-09) by extension 'cmake'
[1.279s] Level 1:colcon.colcon_core.package_identification:_identify(exp_ws/bags/system_test_01_2026-01-05_17-34-09) by extension 'python'
[1.280s] Level 1:colcon.colcon_core.package_identification:_identify(exp_ws/bags/system_test_01_2026-01-05_17-34-09) by extensions ['python_setup_py']
[1.280s] Level 1:colcon.colcon_core.package_identification:_identify(exp_ws/bags/system_test_01_2026-01-05_17-34-09) by extension 'python_setup_py'
[1.280s] Level 1:colcon.colcon_core.package_identification:_identify(exp_ws/bags/system_test_01_2026-01-05_17-34-47) by extensions ['ignore', 'ignore_ament_install']
[1.281s] Level 1:colcon.colcon_core.package_identification:_identify(exp_ws/bags/system_test_01_2026-01-05_17-34-47) by extension 'ignore'
[1.281s] Level 1:colcon.colcon_core.package_identification:_identify(exp_ws/bags/system_test_01_2026-01-05_17-34-47) by extension 'ignore_ament_install'
[1.281s] Level 1:colcon.colcon_core.package_identification:_identify(exp_ws/bags/system_test_01_2026-01-05_17-34-47) by extensions ['colcon_pkg']
[1.281s] Level 1:colcon.colcon_core.package_identification:_identify(exp_ws/bags/system_test_01_2026-01-05_17-34-47) by extension 'colcon_pkg'
[1.282s] Level 1:colcon.colcon_core.package_identification:_identify(exp_ws/bags/system_test_01_2026-01-05_17-34-47) by extensions ['colcon_meta']
[1.282s] Level 1:colcon.colcon_core.package_identification:_identify(exp_ws/bags/system_test_01_2026-01-05_17-34-47) by extension 'colcon_meta'
[1.282s] Level 1:colcon.colcon_core.package_identification:_identify(exp_ws/bags/system_test_01_2026-01-05_17-34-47) by extensions ['ros']
[1.282s] Level 1:colcon.colcon_core.package_identification:_identify(exp_ws/bags/system_test_01_2026-01-05_17-34-47) by extension 'ros'
[1.282s] Level 1:colcon.colcon_core.package_identification:_identify(exp_ws/bags/system_test_01_2026-01-05_17-34-47) by extensions ['cmake', 'python']
[1.283s] Level 1:colcon.colcon_core.package_identification:_identify(exp_ws/bags/system_test_01_2026-01-05_17-34-47) by extension 'cmake'
[1.283s] Level 1:colcon.colcon_core.package_identification:_identify(exp_ws/bags/system_test_01_2026-01-05_17-34-47) by extension 'python'
[1.283s] Level 1:colcon.colcon_core.package_identification:_identify(exp_ws/bags/system_test_01_2026-01-05_17-34-47) by extensions ['python_setup_py']
[1.283s] Level 1:colcon.colcon_core.package_identification:_identify(exp_ws/bags/system_test_01_2026-01-05_17-34-47) by extension 'python_setup_py'
[1.284s] Level 1:colcon.colcon_core.package_identification:_identify(exp_ws/bags/system_test_01_2026-01-05_17-36-14) by extensions ['ignore', 'ignore_ament_install']
[1.284s] Level 1:colcon.colcon_core.package_identification:_identify(exp_ws/bags/system_test_01_2026-01-05_17-36-14) by extension 'ignore'
[1.284s] Level 1:colcon.colcon_core.package_identification:_identify(exp_ws/bags/system_test_01_2026-01-05_17-36-14) by extension 'ignore_ament_install'
[1.285s] Level 1:colcon.colcon_core.package_identification:_identify(exp_ws/bags/system_test_01_2026-01-05_17-36-14) by extensions ['colcon_pkg']
[1.285s] Level 1:colcon.colcon_core.package_identification:_identify(exp_ws/bags/system_test_01_2026-01-05_17-36-14) by extension 'colcon_pkg'
[1.285s] Level 1:colcon.colcon_core.package_identification:_identify(exp_ws/bags/system_test_01_2026-01-05_17-36-14) by extensions ['colcon_meta']
[1.285s] Level 1:colcon.colcon_core.package_identification:_identify(exp_ws/bags/system_test_01_2026-01-05_17-36-14) by extension 'colcon_meta'
[1.285s] Level 1:colcon.colcon_core.package_identification:_identify(exp_ws/bags/system_test_01_2026-01-05_17-36-14) by extensions ['ros']
[1.285s] Level 1:colcon.colcon_core.package_identification:_identify(exp_ws/bags/system_test_01_2026-01-05_17-36-14) by extension 'ros'
[1.286s] Level 1:colcon.colcon_core.package_identification:_identify(exp_ws/bags/system_test_01_2026-01-05_17-36-14) by extensions ['cmake', 'python']
[1.286s] Level 1:colcon.colcon_core.package_identification:_identify(exp_ws/bags/system_test_01_2026-01-05_17-36-14) by extension 'cmake'
[1.286s] Level 1:colcon.colcon_core.package_identification:_identify(exp_ws/bags/system_test_01_2026-01-05_17-36-14) by extension 'python'
[1.286s] Level 1:colcon.colcon_core.package_identification:_identify(exp_ws/bags/system_test_01_2026-01-05_17-36-14) by extensions ['python_setup_py']
[1.287s] Level 1:colcon.colcon_core.package_identification:_identify(exp_ws/bags/system_test_01_2026-01-05_17-36-14) by extension 'python_setup_py'
[1.287s] Level 1:colcon.colcon_core.package_identification:_identify(exp_ws/results) by extensions ['ignore', 'ignore_ament_install']
[1.287s] Level 1:colcon.colcon_core.package_identification:_identify(exp_ws/results) by extension 'ignore'
[1.288s] Level 1:colcon.colcon_core.package_identification:_identify(exp_ws/results) by extension 'ignore_ament_install'
[1.288s] Level 1:colcon.colcon_core.package_identification:_identify(exp_ws/results) by extensions ['colcon_pkg']
[1.288s] Level 1:colcon.colcon_core.package_identification:_identify(exp_ws/results) by extension 'colcon_pkg'
[1.288s] Level 1:colcon.colcon_core.package_identification:_identify(exp_ws/results) by extensions ['colcon_meta']
[1.288s] Level 1:colcon.colcon_core.package_identification:_identify(exp_ws/results) by extension 'colcon_meta'
[1.289s] Level 1:colcon.colcon_core.package_identification:_identify(exp_ws/results) by extensions ['ros']
[1.289s] Level 1:colcon.colcon_core.package_identification:_identify(exp_ws/results) by extension 'ros'
[1.289s] Level 1:colcon.colcon_core.package_identification:_identify(exp_ws/results) by extensions ['cmake', 'python']
[1.289s] Level 1:colcon.colcon_core.package_identification:_identify(exp_ws/results) by extension 'cmake'
[1.289s] Level 1:colcon.colcon_core.package_identification:_identify(exp_ws/results) by extension 'python'
[1.290s] Level 1:colcon.colcon_core.package_identification:_identify(exp_ws/results) by extensions ['python_setup_py']
[1.290s] Level 1:colcon.colcon_core.package_identification:_identify(exp_ws/results) by extension 'python_setup_py'
[1.290s] Level 1:colcon.colcon_core.package_identification:_identify(exp_ws/results/system_test_01_2026-01-05_17-30-47) by extensions ['ignore', 'ignore_ament_install']
[1.291s] Level 1:colcon.colcon_core.package_identification:_identify(exp_ws/results/system_test_01_2026-01-05_17-30-47) by extension 'ignore'
[1.291s] Level 1:colcon.colcon_core.package_identification:_identify(exp_ws/results/system_test_01_2026-01-05_17-30-47) by extension 'ignore_ament_install'
[1.291s] Level 1:colcon.colcon_core.package_identification:_identify(exp_ws/results/system_test_01_2026-01-05_17-30-47) by extensions ['colcon_pkg']
[1.291s] Level 1:colcon.colcon_core.package_identification:_identify(exp_ws/results/system_test_01_2026-01-05_17-30-47) by extension 'colcon_pkg'
[1.291s] Level 1:colcon.colcon_core.package_identification:_identify(exp_ws/results/system_test_01_2026-01-05_17-30-47) by extensions ['colcon_meta']
[1.292s] Level 1:colcon.colcon_core.package_identification:_identify(exp_ws/results/system_test_01_2026-01-05_17-30-47) by extension 'colcon_meta'
[1.292s] Level 1:colcon.colcon_core.package_identification:_identify(exp_ws/results/system_test_01_2026-01-05_17-30-47) by extensions ['ros']
[1.292s] Level 1:colcon.colcon_core.package_identification:_identify(exp_ws/results/system_test_01_2026-01-05_17-30-47) by extension 'ros'
[1.292s] Level 1:colcon.colcon_core.package_identification:_identify(exp_ws/results/system_test_01_2026-01-05_17-30-47) by extensions ['cmake', 'python']
[1.293s] Level 1:colcon.colcon_core.package_identification:_identify(exp_ws/results/system_test_01_2026-01-05_17-30-47) by extension 'cmake'
[1.293s] Level 1:colcon.colcon_core.package_identification:_identify(exp_ws/results/system_test_01_2026-01-05_17-30-47) by extension 'python'
[1.293s] Level 1:colcon.colcon_core.package_identification:_identify(exp_ws/results/system_test_01_2026-01-05_17-30-47) by extensions ['python_setup_py']
[1.293s] Level 1:colcon.colcon_core.package_identification:_identify(exp_ws/results/system_test_01_2026-01-05_17-30-47) by extension 'python_setup_py'
[1.295s] Level 1:colcon.colcon_core.package_identification:_identify(exp_ws/results/system_test_01_2026-01-05_17-30-47/frames) by extensions ['ignore', 'ignore_ament_install']
[1.295s] Level 1:colcon.colcon_core.package_identification:_identify(exp_ws/results/system_test_01_2026-01-05_17-30-47/frames) by extension 'ignore'
[1.295s] Level 1:colcon.colcon_core.package_identification:_identify(exp_ws/results/system_test_01_2026-01-05_17-30-47/frames) by extension 'ignore_ament_install'
[1.296s] Level 1:colcon.colcon_core.package_identification:_identify(exp_ws/results/system_test_01_2026-01-05_17-30-47/frames) by extensions ['colcon_pkg']
[1.296s] Level 1:colcon.colcon_core.package_identification:_identify(exp_ws/results/system_test_01_2026-01-05_17-30-47/frames) by extension 'colcon_pkg'
[1.296s] Level 1:colcon.colcon_core.package_identification:_identify(exp_ws/results/system_test_01_2026-01-05_17-30-47/frames) by extensions ['colcon_meta']
[1.296s] Level 1:colcon.colcon_core.package_identification:_identify(exp_ws/results/system_test_01_2026-01-05_17-30-47/frames) by extension 'colcon_meta'
[1.296s] Level 1:colcon.colcon_core.package_identification:_identify(exp_ws/results/system_test_01_2026-01-05_17-30-47/frames) by extensions ['ros']
[1.297s] Level 1:colcon.colcon_core.package_identification:_identify(exp_ws/results/system_test_01_2026-01-05_17-30-47/frames) by extension 'ros'
[1.297s] Level 1:colcon.colcon_core.package_identification:_identify(exp_ws/results/system_test_01_2026-01-05_17-30-47/frames) by extensions ['cmake', 'python']
[1.297s] Level 1:colcon.colcon_core.package_identification:_identify(exp_ws/results/system_test_01_2026-01-05_17-30-47/frames) by extension 'cmake'
[1.297s] Level 1:colcon.colcon_core.package_identification:_identify(exp_ws/results/system_test_01_2026-01-05_17-30-47/frames) by extension 'python'
[1.298s] Level 1:colcon.colcon_core.package_identification:_identify(exp_ws/results/system_test_01_2026-01-05_17-30-47/frames) by extensions ['python_setup_py']
[1.298s] Level 1:colcon.colcon_core.package_identification:_identify(exp_ws/results/system_test_01_2026-01-05_17-30-47/frames) by extension 'python_setup_py'
[1.298s] Level 1:colcon.colcon_core.package_identification:_identify(exp_ws/results/system_test_01_2026-01-05_17-32-01) by extensions ['ignore', 'ignore_ament_install']
[1.299s] Level 1:colcon.colcon_core.package_identification:_identify(exp_ws/results/system_test_01_2026-01-05_17-32-01) by extension 'ignore'
[1.299s] Level 1:colcon.colcon_core.package_identification:_identify(exp_ws/results/system_test_01_2026-01-05_17-32-01) by extension 'ignore_ament_install'
[1.299s] Level 1:colcon.colcon_core.package_identification:_identify(exp_ws/results/system_test_01_2026-01-05_17-32-01) by extensions ['colcon_pkg']
[1.299s] Level 1:colcon.colcon_core.package_identification:_identify(exp_ws/results/system_test_01_2026-01-05_17-32-01) by extension 'colcon_pkg'
[1.300s] Level 1:colcon.colcon_core.package_identification:_identify(exp_ws/results/system_test_01_2026-01-05_17-32-01) by extensions ['colcon_meta']
[1.300s] Level 1:colcon.colcon_core.package_identification:_identify(exp_ws/results/system_test_01_2026-01-05_17-32-01) by extension 'colcon_meta'
[1.300s] Level 1:colcon.colcon_core.package_identification:_identify(exp_ws/results/system_test_01_2026-01-05_17-32-01) by extensions ['ros']
[1.300s] Level 1:colcon.colcon_core.package_identification:_identify(exp_ws/results/system_test_01_2026-01-05_17-32-01) by extension 'ros'
[1.300s] Level 1:colcon.colcon_core.package_identification:_identify(exp_ws/results/system_test_01_2026-01-05_17-32-01) by extensions ['cmake', 'python']
[1.301s] Level 1:colcon.colcon_core.package_identification:_identify(exp_ws/results/system_test_01_2026-01-05_17-32-01) by extension 'cmake'
[1.301s] Level 1:colcon.colcon_core.package_identification:_identify(exp_ws/results/system_test_01_2026-01-05_17-32-01) by extension 'python'
[1.301s] Level 1:colcon.colcon_core.package_identification:_identify(exp_ws/results/system_test_01_2026-01-05_17-32-01) by extensions ['python_setup_py']
[1.301s] Level 1:colcon.colcon_core.package_identification:_identify(exp_ws/results/system_test_01_2026-01-05_17-32-01) by extension 'python_setup_py'
[1.302s] Level 1:colcon.colcon_core.package_identification:_identify(exp_ws/results/system_test_01_2026-01-05_17-32-01/frames) by extensions ['ignore', 'ignore_ament_install']
[1.302s] Level 1:colcon.colcon_core.package_identification:_identify(exp_ws/results/system_test_01_2026-01-05_17-32-01/frames) by extension 'ignore'
[1.302s] Level 1:colcon.colcon_core.package_identification:_identify(exp_ws/results/system_test_01_2026-01-05_17-32-01/frames) by extension 'ignore_ament_install'
[1.303s] Level 1:colcon.colcon_core.package_identification:_identify(exp_ws/results/system_test_01_2026-01-05_17-32-01/frames) by extensions ['colcon_pkg']
[1.303s] Level 1:colcon.colcon_core.package_identification:_identify(exp_ws/results/system_test_01_2026-01-05_17-32-01/frames) by extension 'colcon_pkg'
[1.303s] Level 1:colcon.colcon_core.package_identification:_identify(exp_ws/results/system_test_01_2026-01-05_17-32-01/frames) by extensions ['colcon_meta']
[1.303s] Level 1:colcon.colcon_core.package_identification:_identify(exp_ws/results/system_test_01_2026-01-05_17-32-01/frames) by extension 'colcon_meta'
[1.303s] Level 1:colcon.colcon_core.package_identification:_identify(exp_ws/results/system_test_01_2026-01-05_17-32-01/frames) by extensions ['ros']
[1.303s] Level 1:colcon.colcon_core.package_identification:_identify(exp_ws/results/system_test_01_2026-01-05_17-32-01/frames) by extension 'ros'
[1.304s] Level 1:colcon.colcon_core.package_identification:_identify(exp_ws/results/system_test_01_2026-01-05_17-32-01/frames) by extensions ['cmake', 'python']
[1.304s] Level 1:colcon.colcon_core.package_identification:_identify(exp_ws/results/system_test_01_2026-01-05_17-32-01/frames) by extension 'cmake'
[1.304s] Level 1:colcon.colcon_core.package_identification:_identify(exp_ws/results/system_test_01_2026-01-05_17-32-01/frames) by extension 'python'
[1.304s] Level 1:colcon.colcon_core.package_identification:_identify(exp_ws/results/system_test_01_2026-01-05_17-32-01/frames) by extensions ['python_setup_py']
[1.305s] Level 1:colcon.colcon_core.package_identification:_identify(exp_ws/results/system_test_01_2026-01-05_17-32-01/frames) by extension 'python_setup_py'
[1.305s] Level 1:colcon.colcon_core.package_identification:_identify(exp_ws/results/system_test_01_2026-01-05_17-32-33) by extensions ['ignore', 'ignore_ament_install']
[1.305s] Level 1:colcon.colcon_core.package_identification:_identify(exp_ws/results/system_test_01_2026-01-05_17-32-33) by extension 'ignore'
[1.306s] Level 1:colcon.colcon_core.package_identification:_identify(exp_ws/results/system_test_01_2026-01-05_17-32-33) by extension 'ignore_ament_install'
[1.306s] Level 1:colcon.colcon_core.package_identification:_identify(exp_ws/results/system_test_01_2026-01-05_17-32-33) by extensions ['colcon_pkg']
[1.306s] Level 1:colcon.colcon_core.package_identification:_identify(exp_ws/results/system_test_01_2026-01-05_17-32-33) by extension 'colcon_pkg'
[1.306s] Level 1:colcon.colcon_core.package_identification:_identify(exp_ws/results/system_test_01_2026-01-05_17-32-33) by extensions ['colcon_meta']
[1.307s] Level 1:colcon.colcon_core.package_identification:_identify(exp_ws/results/system_test_01_2026-01-05_17-32-33) by extension 'colcon_meta'
[1.307s] Level 1:colcon.colcon_core.package_identification:_identify(exp_ws/results/system_test_01_2026-01-05_17-32-33) by extensions ['ros']
[1.307s] Level 1:colcon.colcon_core.package_identification:_identify(exp_ws/results/system_test_01_2026-01-05_17-32-33) by extension 'ros'
[1.307s] Level 1:colcon.colcon_core.package_identification:_identify(exp_ws/results/system_test_01_2026-01-05_17-32-33) by extensions ['cmake', 'python']
[1.308s] Level 1:colcon.colcon_core.package_identification:_identify(exp_ws/results/system_test_01_2026-01-05_17-32-33) by extension 'cmake'
[1.308s] Level 1:colcon.colcon_core.package_identification:_identify(exp_ws/results/system_test_01_2026-01-05_17-32-33) by extension 'python'
[1.308s] Level 1:colcon.colcon_core.package_identification:_identify(exp_ws/results/system_test_01_2026-01-05_17-32-33) by extensions ['python_setup_py']
[1.308s] Level 1:colcon.colcon_core.package_identification:_identify(exp_ws/results/system_test_01_2026-01-05_17-32-33) by extension 'python_setup_py'
[1.309s] Level 1:colcon.colcon_core.package_identification:_identify(exp_ws/results/system_test_01_2026-01-05_17-32-33/frames) by extensions ['ignore', 'ignore_ament_install']
[1.310s] Level 1:colcon.colcon_core.package_identification:_identify(exp_ws/results/system_test_01_2026-01-05_17-32-33/frames) by extension 'ignore'
[1.310s] Level 1:colcon.colcon_core.package_identification:_identify(exp_ws/results/system_test_01_2026-01-05_17-32-33/frames) by extension 'ignore_ament_install'
[1.310s] Level 1:colcon.colcon_core.package_identification:_identify(exp_ws/results/system_test_01_2026-01-05_17-32-33/frames) by extensions ['colcon_pkg']
[1.311s] Level 1:colcon.colcon_core.package_identification:_identify(exp_ws/results/system_test_01_2026-01-05_17-32-33/frames) by extension 'colcon_pkg'
[1.311s] Level 1:colcon.colcon_core.package_identification:_identify(exp_ws/results/system_test_01_2026-01-05_17-32-33/frames) by extensions ['colcon_meta']
[1.311s] Level 1:colcon.colcon_core.package_identification:_identify(exp_ws/results/system_test_01_2026-01-05_17-32-33/frames) by extension 'colcon_meta'
[1.311s] Level 1:colcon.colcon_core.package_identification:_identify(exp_ws/results/system_test_01_2026-01-05_17-32-33/frames) by extensions ['ros']
[1.311s] Level 1:colcon.colcon_core.package_identification:_identify(exp_ws/results/system_test_01_2026-01-05_17-32-33/frames) by extension 'ros'
[1.312s] Level 1:colcon.colcon_core.package_identification:_identify(exp_ws/results/system_test_01_2026-01-05_17-32-33/frames) by extensions ['cmake', 'python']
[1.312s] Level 1:colcon.colcon_core.package_identification:_identify(exp_ws/results/system_test_01_2026-01-05_17-32-33/frames) by extension 'cmake'
[1.312s] Level 1:colcon.colcon_core.package_identification:_identify(exp_ws/results/system_test_01_2026-01-05_17-32-33/frames) by extension 'python'
[1.312s] Level 1:colcon.colcon_core.package_identification:_identify(exp_ws/results/system_test_01_2026-01-05_17-32-33/frames) by extensions ['python_setup_py']
[1.312s] Level 1:colcon.colcon_core.package_identification:_identify(exp_ws/results/system_test_01_2026-01-05_17-32-33/frames) by extension 'python_setup_py'
[1.313s] Level 1:colcon.colcon_core.package_identification:_identify(exp_ws/results/system_test_01_2026-01-05_17-33-00) by extensions ['ignore', 'ignore_ament_install']
[1.313s] Level 1:colcon.colcon_core.package_identification:_identify(exp_ws/results/system_test_01_2026-01-05_17-33-00) by extension 'ignore'
[1.313s] Level 1:colcon.colcon_core.package_identification:_identify(exp_ws/results/system_test_01_2026-01-05_17-33-00) by extension 'ignore_ament_install'
[1.314s] Level 1:colcon.colcon_core.package_identification:_identify(exp_ws/results/system_test_01_2026-01-05_17-33-00) by extensions ['colcon_pkg']
[1.314s] Level 1:colcon.colcon_core.package_identification:_identify(exp_ws/results/system_test_01_2026-01-05_17-33-00) by extension 'colcon_pkg'
[1.314s] Level 1:colcon.colcon_core.package_identification:_identify(exp_ws/results/system_test_01_2026-01-05_17-33-00) by extensions ['colcon_meta']
[1.314s] Level 1:colcon.colcon_core.package_identification:_identify(exp_ws/results/system_test_01_2026-01-05_17-33-00) by extension 'colcon_meta'
[1.314s] Level 1:colcon.colcon_core.package_identification:_identify(exp_ws/results/system_test_01_2026-01-05_17-33-00) by extensions ['ros']
[1.315s] Level 1:colcon.colcon_core.package_identification:_identify(exp_ws/results/system_test_01_2026-01-05_17-33-00) by extension 'ros'
[1.315s] Level 1:colcon.colcon_core.package_identification:_identify(exp_ws/results/system_test_01_2026-01-05_17-33-00) by extensions ['cmake', 'python']
[1.315s] Level 1:colcon.colcon_core.package_identification:_identify(exp_ws/results/system_test_01_2026-01-05_17-33-00) by extension 'cmake'
[1.315s] Level 1:colcon.colcon_core.package_identification:_identify(exp_ws/results/system_test_01_2026-01-05_17-33-00) by extension 'python'
[1.316s] Level 1:colcon.colcon_core.package_identification:_identify(exp_ws/results/system_test_01_2026-01-05_17-33-00) by extensions ['python_setup_py']
[1.316s] Level 1:colcon.colcon_core.package_identification:_identify(exp_ws/results/system_test_01_2026-01-05_17-33-00) by extension 'python_setup_py'
[1.316s] Level 1:colcon.colcon_core.package_identification:_identify(exp_ws/results/system_test_01_2026-01-05_17-33-00/frames) by extensions ['ignore', 'ignore_ament_install']
[1.317s] Level 1:colcon.colcon_core.package_identification:_identify(exp_ws/results/system_test_01_2026-01-05_17-33-00/frames) by extension 'ignore'
[1.317s] Level 1:colcon.colcon_core.package_identification:_identify(exp_ws/results/system_test_01_2026-01-05_17-33-00/frames) by extension 'ignore_ament_install'
[1.317s] Level 1:colcon.colcon_core.package_identification:_identify(exp_ws/results/system_test_01_2026-01-05_17-33-00/frames) by extensions ['colcon_pkg']
[1.318s] Level 1:colcon.colcon_core.package_identification:_identify(exp_ws/results/system_test_01_2026-01-05_17-33-00/frames) by extension 'colcon_pkg'
[1.318s] Level 1:colcon.colcon_core.package_identification:_identify(exp_ws/results/system_test_01_2026-01-05_17-33-00/frames) by extensions ['colcon_meta']
[1.318s] Level 1:colcon.colcon_core.package_identification:_identify(exp_ws/results/system_test_01_2026-01-05_17-33-00/frames) by extension 'colcon_meta'
[1.318s] Level 1:colcon.colcon_core.package_identification:_identify(exp_ws/results/system_test_01_2026-01-05_17-33-00/frames) by extensions ['ros']
[1.318s] Level 1:colcon.colcon_core.package_identification:_identify(exp_ws/results/system_test_01_2026-01-05_17-33-00/frames) by extension 'ros'
[1.319s] Level 1:colcon.colcon_core.package_identification:_identify(exp_ws/results/system_test_01_2026-01-05_17-33-00/frames) by extensions ['cmake', 'python']
[1.319s] Level 1:colcon.colcon_core.package_identification:_identify(exp_ws/results/system_test_01_2026-01-05_17-33-00/frames) by extension 'cmake'
[1.319s] Level 1:colcon.colcon_core.package_identification:_identify(exp_ws/results/system_test_01_2026-01-05_17-33-00/frames) by extension 'python'
[1.319s] Level 1:colcon.colcon_core.package_identification:_identify(exp_ws/results/system_test_01_2026-01-05_17-33-00/frames) by extensions ['python_setup_py']
[1.319s] Level 1:colcon.colcon_core.package_identification:_identify(exp_ws/results/system_test_01_2026-01-05_17-33-00/frames) by extension 'python_setup_py'
[1.320s] Level 1:colcon.colcon_core.package_identification:_identify(exp_ws/results/system_test_01_2026-01-05_17-34-09) by extensions ['ignore', 'ignore_ament_install']
[1.320s] Level 1:colcon.colcon_core.package_identification:_identify(exp_ws/results/system_test_01_2026-01-05_17-34-09) by extension 'ignore'
[1.320s] Level 1:colcon.colcon_core.package_identification:_identify(exp_ws/results/system_test_01_2026-01-05_17-34-09) by extension 'ignore_ament_install'
[1.321s] Level 1:colcon.colcon_core.package_identification:_identify(exp_ws/results/system_test_01_2026-01-05_17-34-09) by extensions ['colcon_pkg']
[1.321s] Level 1:colcon.colcon_core.package_identification:_identify(exp_ws/results/system_test_01_2026-01-05_17-34-09) by extension 'colcon_pkg'
[1.321s] Level 1:colcon.colcon_core.package_identification:_identify(exp_ws/results/system_test_01_2026-01-05_17-34-09) by extensions ['colcon_meta']
[1.321s] Level 1:colcon.colcon_core.package_identification:_identify(exp_ws/results/system_test_01_2026-01-05_17-34-09) by extension 'colcon_meta'
[1.321s] Level 1:colcon.colcon_core.package_identification:_identify(exp_ws/results/system_test_01_2026-01-05_17-34-09) by extensions ['ros']
[1.322s] Level 1:colcon.colcon_core.package_identification:_identify(exp_ws/results/system_test_01_2026-01-05_17-34-09) by extension 'ros'
[1.322s] Level 1:colcon.colcon_core.package_identification:_identify(exp_ws/results/system_test_01_2026-01-05_17-34-09) by extensions ['cmake', 'python']
[1.322s] Level 1:colcon.colcon_core.package_identification:_identify(exp_ws/results/system_test_01_2026-01-05_17-34-09) by extension 'cmake'
[1.322s] Level 1:colcon.colcon_core.package_identification:_identify(exp_ws/results/system_test_01_2026-01-05_17-34-09) by extension 'python'
[1.323s] Level 1:colcon.colcon_core.package_identification:_identify(exp_ws/results/system_test_01_2026-01-05_17-34-09) by extensions ['python_setup_py']
[1.323s] Level 1:colcon.colcon_core.package_identification:_identify(exp_ws/results/system_test_01_2026-01-05_17-34-09) by extension 'python_setup_py'
[1.324s] Level 1:colcon.colcon_core.package_identification:_identify(exp_ws/results/system_test_01_2026-01-05_17-34-09/frames) by extensions ['ignore', 'ignore_ament_install']
[1.325s] Level 1:colcon.colcon_core.package_identification:_identify(exp_ws/results/system_test_01_2026-01-05_17-34-09/frames) by extension 'ignore'
[1.325s] Level 1:colcon.colcon_core.package_identification:_identify(exp_ws/results/system_test_01_2026-01-05_17-34-09/frames) by extension 'ignore_ament_install'
[1.325s] Level 1:colcon.colcon_core.package_identification:_identify(exp_ws/results/system_test_01_2026-01-05_17-34-09/frames) by extensions ['colcon_pkg']
[1.326s] Level 1:colcon.colcon_core.package_identification:_identify(exp_ws/results/system_test_01_2026-01-05_17-34-09/frames) by extension 'colcon_pkg'
[1.326s] Level 1:colcon.colcon_core.package_identification:_identify(exp_ws/results/system_test_01_2026-01-05_17-34-09/frames) by extensions ['colcon_meta']
[1.326s] Level 1:colcon.colcon_core.package_identification:_identify(exp_ws/results/system_test_01_2026-01-05_17-34-09/frames) by extension 'colcon_meta'
[1.326s] Level 1:colcon.colcon_core.package_identification:_identify(exp_ws/results/system_test_01_2026-01-05_17-34-09/frames) by extensions ['ros']
[1.326s] Level 1:colcon.colcon_core.package_identification:_identify(exp_ws/results/system_test_01_2026-01-05_17-34-09/frames) by extension 'ros'
[1.327s] Level 1:colcon.colcon_core.package_identification:_identify(exp_ws/results/system_test_01_2026-01-05_17-34-09/frames) by extensions ['cmake', 'python']
[1.327s] Level 1:colcon.colcon_core.package_identification:_identify(exp_ws/results/system_test_01_2026-01-05_17-34-09/frames) by extension 'cmake'
[1.327s] Level 1:colcon.colcon_core.package_identification:_identify(exp_ws/results/system_test_01_2026-01-05_17-34-09/frames) by extension 'python'
[1.327s] Level 1:colcon.colcon_core.package_identification:_identify(exp_ws/results/system_test_01_2026-01-05_17-34-09/frames) by extensions ['python_setup_py']
[1.327s] Level 1:colcon.colcon_core.package_identification:_identify(exp_ws/results/system_test_01_2026-01-05_17-34-09/frames) by extension 'python_setup_py'
[1.328s] Level 1:colcon.colcon_core.package_identification:_identify(exp_ws/results/system_test_01_2026-01-05_17-34-47) by extensions ['ignore', 'ignore_ament_install']
[1.328s] Level 1:colcon.colcon_core.package_identification:_identify(exp_ws/results/system_test_01_2026-01-05_17-34-47) by extension 'ignore'
[1.329s] Level 1:colcon.colcon_core.package_identification:_identify(exp_ws/results/system_test_01_2026-01-05_17-34-47) by extension 'ignore_ament_install'
[1.329s] Level 1:colcon.colcon_core.package_identification:_identify(exp_ws/results/system_test_01_2026-01-05_17-34-47) by extensions ['colcon_pkg']
[1.329s] Level 1:colcon.colcon_core.package_identification:_identify(exp_ws/results/system_test_01_2026-01-05_17-34-47) by extension 'colcon_pkg'
[1.329s] Level 1:colcon.colcon_core.package_identification:_identify(exp_ws/results/system_test_01_2026-01-05_17-34-47) by extensions ['colcon_meta']
[1.330s] Level 1:colcon.colcon_core.package_identification:_identify(exp_ws/results/system_test_01_2026-01-05_17-34-47) by extension 'colcon_meta'
[1.330s] Level 1:colcon.colcon_core.package_identification:_identify(exp_ws/results/system_test_01_2026-01-05_17-34-47) by extensions ['ros']
[1.330s] Level 1:colcon.colcon_core.package_identification:_identify(exp_ws/results/system_test_01_2026-01-05_17-34-47) by extension 'ros'
[1.331s] Level 1:colcon.colcon_core.package_identification:_identify(exp_ws/results/system_test_01_2026-01-05_17-34-47) by extensions ['cmake', 'python']
[1.331s] Level 1:colcon.colcon_core.package_identification:_identify(exp_ws/results/system_test_01_2026-01-05_17-34-47) by extension 'cmake'
[1.331s] Level 1:colcon.colcon_core.package_identification:_identify(exp_ws/results/system_test_01_2026-01-05_17-34-47) by extension 'python'
[1.331s] Level 1:colcon.colcon_core.package_identification:_identify(exp_ws/results/system_test_01_2026-01-05_17-34-47) by extensions ['python_setup_py']
[1.331s] Level 1:colcon.colcon_core.package_identification:_identify(exp_ws/results/system_test_01_2026-01-05_17-34-47) by extension 'python_setup_py'
[1.333s] Level 1:colcon.colcon_core.package_identification:_identify(exp_ws/results/system_test_01_2026-01-05_17-34-47/frames) by extensions ['ignore', 'ignore_ament_install']
[1.333s] Level 1:colcon.colcon_core.package_identification:_identify(exp_ws/results/system_test_01_2026-01-05_17-34-47/frames) by extension 'ignore'
[1.334s] Level 1:colcon.colcon_core.package_identification:_identify(exp_ws/results/system_test_01_2026-01-05_17-34-47/frames) by extension 'ignore_ament_install'
[1.334s] Level 1:colcon.colcon_core.package_identification:_identify(exp_ws/results/system_test_01_2026-01-05_17-34-47/frames) by extensions ['colcon_pkg']
[1.334s] Level 1:colcon.colcon_core.package_identification:_identify(exp_ws/results/system_test_01_2026-01-05_17-34-47/frames) by extension 'colcon_pkg'
[1.334s] Level 1:colcon.colcon_core.package_identification:_identify(exp_ws/results/system_test_01_2026-01-05_17-34-47/frames) by extensions ['colcon_meta']
[1.334s] Level 1:colcon.colcon_core.package_identification:_identify(exp_ws/results/system_test_01_2026-01-05_17-34-47/frames) by extension 'colcon_meta'
[1.335s] Level 1:colcon.colcon_core.package_identification:_identify(exp_ws/results/system_test_01_2026-01-05_17-34-47/frames) by extensions ['ros']
[1.335s] Level 1:colcon.colcon_core.package_identification:_identify(exp_ws/results/system_test_01_2026-01-05_17-34-47/frames) by extension 'ros'
[1.335s] Level 1:colcon.colcon_core.package_identification:_identify(exp_ws/results/system_test_01_2026-01-05_17-34-47/frames) by extensions ['cmake', 'python']
[1.335s] Level 1:colcon.colcon_core.package_identification:_identify(exp_ws/results/system_test_01_2026-01-05_17-34-47/frames) by extension 'cmake'
[1.336s] Level 1:colcon.colcon_core.package_identification:_identify(exp_ws/results/system_test_01_2026-01-05_17-34-47/frames) by extension 'python'
[1.336s] Level 1:colcon.colcon_core.package_identification:_identify(exp_ws/results/system_test_01_2026-01-05_17-34-47/frames) by extensions ['python_setup_py']
[1.336s] Level 1:colcon.colcon_core.package_identification:_identify(exp_ws/results/system_test_01_2026-01-05_17-34-47/frames) by extension 'python_setup_py'
[1.337s] Level 1:colcon.colcon_core.package_identification:_identify(exp_ws/results/system_test_01_2026-01-05_17-36-14) by extensions ['ignore', 'ignore_ament_install']
[1.337s] Level 1:colcon.colcon_core.package_identification:_identify(exp_ws/results/system_test_01_2026-01-05_17-36-14) by extension 'ignore'
[1.337s] Level 1:colcon.colcon_core.package_identification:_identify(exp_ws/results/system_test_01_2026-01-05_17-36-14) by extension 'ignore_ament_install'
[1.338s] Level 1:colcon.colcon_core.package_identification:_identify(exp_ws/results/system_test_01_2026-01-05_17-36-14) by extensions ['colcon_pkg']
[1.338s] Level 1:colcon.colcon_core.package_identification:_identify(exp_ws/results/system_test_01_2026-01-05_17-36-14) by extension 'colcon_pkg'
[1.338s] Level 1:colcon.colcon_core.package_identification:_identify(exp_ws/results/system_test_01_2026-01-05_17-36-14) by extensions ['colcon_meta']
[1.338s] Level 1:colcon.colcon_core.package_identification:_identify(exp_ws/results/system_test_01_2026-01-05_17-36-14) by extension 'colcon_meta'
[1.338s] Level 1:colcon.colcon_core.package_identification:_identify(exp_ws/results/system_test_01_2026-01-05_17-36-14) by extensions ['ros']
[1.338s] Level 1:colcon.colcon_core.package_identification:_identify(exp_ws/results/system_test_01_2026-01-05_17-36-14) by extension 'ros'
[1.339s] Level 1:colcon.colcon_core.package_identification:_identify(exp_ws/results/system_test_01_2026-01-05_17-36-14) by extensions ['cmake', 'python']
[1.339s] Level 1:colcon.colcon_core.package_identification:_identify(exp_ws/results/system_test_01_2026-01-05_17-36-14) by extension 'cmake'
[1.339s] Level 1:colcon.colcon_core.package_identification:_identify(exp_ws/results/system_test_01_2026-01-05_17-36-14) by extension 'python'
[1.339s] Level 1:colcon.colcon_core.package_identification:_identify(exp_ws/results/system_test_01_2026-01-05_17-36-14) by extensions ['python_setup_py']
[1.340s] Level 1:colcon.colcon_core.package_identification:_identify(exp_ws/results/system_test_01_2026-01-05_17-36-14) by extension 'python_setup_py'
[1.341s] Level 1:colcon.colcon_core.package_identification:_identify(exp_ws/results/system_test_01_2026-01-05_17-36-14/frames) by extensions ['ignore', 'ignore_ament_install']
[1.341s] Level 1:colcon.colcon_core.package_identification:_identify(exp_ws/results/system_test_01_2026-01-05_17-36-14/frames) by extension 'ignore'
[1.342s] Level 1:colcon.colcon_core.package_identification:_identify(exp_ws/results/system_test_01_2026-01-05_17-36-14/frames) by extension 'ignore_ament_install'
[1.342s] Level 1:colcon.colcon_core.package_identification:_identify(exp_ws/results/system_test_01_2026-01-05_17-36-14/frames) by extensions ['colcon_pkg']
[1.342s] Level 1:colcon.colcon_core.package_identification:_identify(exp_ws/results/system_test_01_2026-01-05_17-36-14/frames) by extension 'colcon_pkg'
[1.342s] Level 1:colcon.colcon_core.package_identification:_identify(exp_ws/results/system_test_01_2026-01-05_17-36-14/frames) by extensions ['colcon_meta']
[1.343s] Level 1:colcon.colcon_core.package_identification:_identify(exp_ws/results/system_test_01_2026-01-05_17-36-14/frames) by extension 'colcon_meta'
[1.343s] Level 1:colcon.colcon_core.package_identification:_identify(exp_ws/results/system_test_01_2026-01-05_17-36-14/frames) by extensions ['ros']
[1.343s] Level 1:colcon.colcon_core.package_identification:_identify(exp_ws/results/system_test_01_2026-01-05_17-36-14/frames) by extension 'ros'
[1.344s] Level 1:colcon.colcon_core.package_identification:_identify(exp_ws/results/system_test_01_2026-01-05_17-36-14/frames) by extensions ['cmake', 'python']
[1.344s] Level 1:colcon.colcon_core.package_identification:_identify(exp_ws/results/system_test_01_2026-01-05_17-36-14/frames) by extension 'cmake'
[1.344s] Level 1:colcon.colcon_core.package_identification:_identify(exp_ws/results/system_test_01_2026-01-05_17-36-14/frames) by extension 'python'
[1.344s] Level 1:colcon.colcon_core.package_identification:_identify(exp_ws/results/system_test_01_2026-01-05_17-36-14/frames) by extensions ['python_setup_py']
[1.344s] Level 1:colcon.colcon_core.package_identification:_identify(exp_ws/results/system_test_01_2026-01-05_17-36-14/frames) by extension 'python_setup_py'
[1.345s] Level 1:colcon.colcon_core.package_identification:_identify(exp_ws/src) by extensions ['ignore', 'ignore_ament_install']
[1.345s] Level 1:colcon.colcon_core.package_identification:_identify(exp_ws/src) by extension 'ignore'
[1.345s] Level 1:colcon.colcon_core.package_identification:_identify(exp_ws/src) by extension 'ignore_ament_install'
[1.346s] Level 1:colcon.colcon_core.package_identification:_identify(exp_ws/src) by extensions ['colcon_pkg']
[1.346s] Level 1:colcon.colcon_core.package_identification:_identify(exp_ws/src) by extension 'colcon_pkg'
[1.346s] Level 1:colcon.colcon_core.package_identification:_identify(exp_ws/src) by extensions ['colcon_meta']
[1.346s] Level 1:colcon.colcon_core.package_identification:_identify(exp_ws/src) by extension 'colcon_meta'
[1.346s] Level 1:colcon.colcon_core.package_identification:_identify(exp_ws/src) by extensions ['ros']
[1.346s] Level 1:colcon.colcon_core.package_identification:_identify(exp_ws/src) by extension 'ros'
[1.347s] Level 1:colcon.colcon_core.package_identification:_identify(exp_ws/src) by extensions ['cmake', 'python']
[1.347s] Level 1:colcon.colcon_core.package_identification:_identify(exp_ws/src) by extension 'cmake'
[1.347s] Level 1:colcon.colcon_core.package_identification:_identify(exp_ws/src) by extension 'python'
[1.347s] Level 1:colcon.colcon_core.package_identification:_identify(exp_ws/src) by extensions ['python_setup_py']
[1.348s] Level 1:colcon.colcon_core.package_identification:_identify(exp_ws/src) by extension 'python_setup_py'
[1.348s] Level 1:colcon.colcon_core.package_identification:_identify(exp_ws/src/__pycache__) by extensions ['ignore', 'ignore_ament_install']
[1.348s] Level 1:colcon.colcon_core.package_identification:_identify(exp_ws/src/__pycache__) by extension 'ignore'
[1.349s] Level 1:colcon.colcon_core.package_identification:_identify(exp_ws/src/__pycache__) by extension 'ignore_ament_install'
[1.349s] Level 1:colcon.colcon_core.package_identification:_identify(exp_ws/src/__pycache__) by extensions ['colcon_pkg']
[1.349s] Level 1:colcon.colcon_core.package_identification:_identify(exp_ws/src/__pycache__) by extension 'colcon_pkg'
[1.349s] Level 1:colcon.colcon_core.package_identification:_identify(exp_ws/src/__pycache__) by extensions ['colcon_meta']
[1.349s] Level 1:colcon.colcon_core.package_identification:_identify(exp_ws/src/__pycache__) by extension 'colcon_meta'
[1.350s] Level 1:colcon.colcon_core.package_identification:_identify(exp_ws/src/__pycache__) by extensions ['ros']
[1.350s] Level 1:colcon.colcon_core.package_identification:_identify(exp_ws/src/__pycache__) by extension 'ros'
[1.350s] Level 1:colcon.colcon_core.package_identification:_identify(exp_ws/src/__pycache__) by extensions ['cmake', 'python']
[1.350s] Level 1:colcon.colcon_core.package_identification:_identify(exp_ws/src/__pycache__) by extension 'cmake'
[1.350s] Level 1:colcon.colcon_core.package_identification:_identify(exp_ws/src/__pycache__) by extension 'python'
[1.351s] Level 1:colcon.colcon_core.package_identification:_identify(exp_ws/src/__pycache__) by extensions ['python_setup_py']
[1.351s] Level 1:colcon.colcon_core.package_identification:_identify(exp_ws/src/__pycache__) by extension 'python_setup_py'
[1.351s] Level 1:colcon.colcon_core.package_identification:_identify(install) by extensions ['ignore', 'ignore_ament_install']
[1.352s] Level 1:colcon.colcon_core.package_identification:_identify(install) by extension 'ignore'
[1.352s] Level 1:colcon.colcon_core.package_identification:_identify(install) ignored
[1.353s] Level 1:colcon.colcon_core.package_identification:_identify(log) by extensions ['ignore', 'ignore_ament_install']
[1.354s] Level 1:colcon.colcon_core.package_identification:_identify(log) by extension 'ignore'
[1.354s] Level 1:colcon.colcon_core.package_identification:_identify(log) ignored
[1.354s] Level 1:colcon.colcon_core.package_identification:_identify(recorded_frames) by extensions ['ignore', 'ignore_ament_install']
[1.355s] Level 1:colcon.colcon_core.package_identification:_identify(recorded_frames) by extension 'ignore'
[1.355s] Level 1:colcon.colcon_core.package_identification:_identify(recorded_frames) by extension 'ignore_ament_install'
[1.355s] Level 1:colcon.colcon_core.package_identification:_identify(recorded_frames) by extensions ['colcon_pkg']
[1.355s] Level 1:colcon.colcon_core.package_identification:_identify(recorded_frames) by extension 'colcon_pkg'
[1.356s] Level 1:colcon.colcon_core.package_identification:_identify(recorded_frames) by extensions ['colcon_meta']
[1.356s] Level 1:colcon.colcon_core.package_identification:_identify(recorded_frames) by extension 'colcon_meta'
[1.356s] Level 1:colcon.colcon_core.package_identification:_identify(recorded_frames) by extensions ['ros']
[1.356s] Level 1:colcon.colcon_core.package_identification:_identify(recorded_frames) by extension 'ros'
[1.356s] Level 1:colcon.colcon_core.package_identification:_identify(recorded_frames) by extensions ['cmake', 'python']
[1.357s] Level 1:colcon.colcon_core.package_identification:_identify(recorded_frames) by extension 'cmake'
[1.357s] Level 1:colcon.colcon_core.package_identification:_identify(recorded_frames) by extension 'python'
[1.357s] Level 1:colcon.colcon_core.package_identification:_identify(recorded_frames) by extensions ['python_setup_py']
[1.357s] Level 1:colcon.colcon_core.package_identification:_identify(recorded_frames) by extension 'python_setup_py'
[1.358s] Level 1:colcon.colcon_core.package_identification:_identify(src) by extensions ['ignore', 'ignore_ament_install']
[1.358s] Level 1:colcon.colcon_core.package_identification:_identify(src) by extension 'ignore'
[1.358s] Level 1:colcon.colcon_core.package_identification:_identify(src) by extension 'ignore_ament_install'
[1.359s] Level 1:colcon.colcon_core.package_identification:_identify(src) by extensions ['colcon_pkg']
[1.359s] Level 1:colcon.colcon_core.package_identification:_identify(src) by extension 'colcon_pkg'
[1.359s] Level 1:colcon.colcon_core.package_identification:_identify(src) by extensions ['colcon_meta']
[1.359s] Level 1:colcon.colcon_core.package_identification:_identify(src) by extension 'colcon_meta'
[1.359s] Level 1:colcon.colcon_core.package_identification:_identify(src) by extensions ['ros']
[1.359s] Level 1:colcon.colcon_core.package_identification:_identify(src) by extension 'ros'
[1.360s] Level 1:colcon.colcon_core.package_identification:_identify(src) by extensions ['cmake', 'python']
[1.360s] Level 1:colcon.colcon_core.package_identification:_identify(src) by extension 'cmake'
[1.360s] Level 1:colcon.colcon_core.package_identification:_identify(src) by extension 'python'
[1.360s] Level 1:colcon.colcon_core.package_identification:_identify(src) by extensions ['python_setup_py']
[1.360s] Level 1:colcon.colcon_core.package_identification:_identify(src) by extension 'python_setup_py'
[1.361s] Level 1:colcon.colcon_core.package_identification:_identify(src/controller) by extensions ['ignore', 'ignore_ament_install']
[1.361s] Level 1:colcon.colcon_core.package_identification:_identify(src/controller) by extension 'ignore'
[1.362s] Level 1:colcon.colcon_core.package_identification:_identify(src/controller) by extension 'ignore_ament_install'
[1.362s] Level 1:colcon.colcon_core.package_identification:_identify(src/controller) by extensions ['colcon_pkg']
[1.362s] Level 1:colcon.colcon_core.package_identification:_identify(src/controller) by extension 'colcon_pkg'
[1.363s] Level 1:colcon.colcon_core.package_identification:_identify(src/controller) by extensions ['colcon_meta']
[1.363s] Level 1:colcon.colcon_core.package_identification:_identify(src/controller) by extension 'colcon_meta'
[1.363s] Level 1:colcon.colcon_core.package_identification:_identify(src/controller) by extensions ['ros']
[1.363s] Level 1:colcon.colcon_core.package_identification:_identify(src/controller) by extension 'ros'
[1.386s] DEBUG:colcon.colcon_core.package_identification:Package 'src/controller' with type 'ros.ament_python' and name 'controller'
[1.387s] Level 1:colcon.colcon_core.package_identification:_identify(src/data_transfer) by extensions ['ignore', 'ignore_ament_install']
[1.387s] Level 1:colcon.colcon_core.package_identification:_identify(src/data_transfer) by extension 'ignore'
[1.387s] Level 1:colcon.colcon_core.package_identification:_identify(src/data_transfer) by extension 'ignore_ament_install'
[1.388s] Level 1:colcon.colcon_core.package_identification:_identify(src/data_transfer) by extensions ['colcon_pkg']
[1.388s] Level 1:colcon.colcon_core.package_identification:_identify(src/data_transfer) by extension 'colcon_pkg'
[1.388s] Level 1:colcon.colcon_core.package_identification:_identify(src/data_transfer) by extensions ['colcon_meta']
[1.388s] Level 1:colcon.colcon_core.package_identification:_identify(src/data_transfer) by extension 'colcon_meta'
[1.389s] Level 1:colcon.colcon_core.package_identification:_identify(src/data_transfer) by extensions ['ros']
[1.389s] Level 1:colcon.colcon_core.package_identification:_identify(src/data_transfer) by extension 'ros'
[1.394s] DEBUG:colcon.colcon_core.package_identification:Package 'src/data_transfer' with type 'ros.ament_python' and name 'data_transfer'
[1.394s] Level 1:colcon.colcon_core.package_identification:_identify(src/joysticker) by extensions ['ignore', 'ignore_ament_install']
[1.395s] Level 1:colcon.colcon_core.package_identification:_identify(src/joysticker) by extension 'ignore'
[1.395s] Level 1:colcon.colcon_core.package_identification:_identify(src/joysticker) by extension 'ignore_ament_install'
[1.395s] Level 1:colcon.colcon_core.package_identification:_identify(src/joysticker) by extensions ['colcon_pkg']
[1.395s] Level 1:colcon.colcon_core.package_identification:_identify(src/joysticker) by extension 'colcon_pkg'
[1.396s] Level 1:colcon.colcon_core.package_identification:_identify(src/joysticker) by extensions ['colcon_meta']
[1.396s] Level 1:colcon.colcon_core.package_identification:_identify(src/joysticker) by extension 'colcon_meta'
[1.396s] Level 1:colcon.colcon_core.package_identification:_identify(src/joysticker) by extensions ['ros']
[1.396s] Level 1:colcon.colcon_core.package_identification:_identify(src/joysticker) by extension 'ros'
[1.399s] DEBUG:colcon.colcon_core.package_identification:Package 'src/joysticker' with type 'ros.ament_python' and name 'joysticker'
[1.400s] Level 1:colcon.colcon_core.package_identification:_identify(src/load_cell) by extensions ['ignore', 'ignore_ament_install']
[1.400s] Level 1:colcon.colcon_core.package_identification:_identify(src/load_cell) by extension 'ignore'
[1.400s] Level 1:colcon.colcon_core.package_identification:_identify(src/load_cell) by extension 'ignore_ament_install'
[1.401s] Level 1:colcon.colcon_core.package_identification:_identify(src/load_cell) by extensions ['colcon_pkg']
[1.401s] Level 1:colcon.colcon_core.package_identification:_identify(src/load_cell) by extension 'colcon_pkg'
[1.401s] Level 1:colcon.colcon_core.package_identification:_identify(src/load_cell) by extensions ['colcon_meta']
[1.401s] Level 1:colcon.colcon_core.package_identification:_identify(src/load_cell) by extension 'colcon_meta'
[1.402s] Level 1:colcon.colcon_core.package_identification:_identify(src/load_cell) by extensions ['ros']
[1.402s] Level 1:colcon.colcon_core.package_identification:_identify(src/load_cell) by extension 'ros'
[1.404s] DEBUG:colcon.colcon_core.package_identification:Package 'src/load_cell' with type 'ros.ament_python' and name 'load_cell'
[1.405s] Level 1:colcon.colcon_core.package_identification:_identify(src/motor_driver) by extensions ['ignore', 'ignore_ament_install']
[1.406s] Level 1:colcon.colcon_core.package_identification:_identify(src/motor_driver) by extension 'ignore'
[1.406s] Level 1:colcon.colcon_core.package_identification:_identify(src/motor_driver) by extension 'ignore_ament_install'
[1.407s] Level 1:colcon.colcon_core.package_identification:_identify(src/motor_driver) by extensions ['colcon_pkg']
[1.407s] Level 1:colcon.colcon_core.package_identification:_identify(src/motor_driver) by extension 'colcon_pkg'
[1.407s] Level 1:colcon.colcon_core.package_identification:_identify(src/motor_driver) by extensions ['colcon_meta']
[1.407s] Level 1:colcon.colcon_core.package_identification:_identify(src/motor_driver) by extension 'colcon_meta'
[1.407s] Level 1:colcon.colcon_core.package_identification:_identify(src/motor_driver) by extensions ['ros']
[1.408s] Level 1:colcon.colcon_core.package_identification:_identify(src/motor_driver) by extension 'ros'
[1.410s] DEBUG:colcon.colcon_core.package_identification:Package 'src/motor_driver' with type 'ros.ament_python' and name 'motor_driver'
[1.411s] Level 1:colcon.colcon_core.package_identification:_identify(src/robot_gui) by extensions ['ignore', 'ignore_ament_install']
[1.411s] Level 1:colcon.colcon_core.package_identification:_identify(src/robot_gui) by extension 'ignore'
[1.412s] Level 1:colcon.colcon_core.package_identification:_identify(src/robot_gui) by extension 'ignore_ament_install'
[1.412s] Level 1:colcon.colcon_core.package_identification:_identify(src/robot_gui) by extensions ['colcon_pkg']
[1.412s] Level 1:colcon.colcon_core.package_identification:_identify(src/robot_gui) by extension 'colcon_pkg'
[1.412s] Level 1:colcon.colcon_core.package_identification:_identify(src/robot_gui) by extensions ['colcon_meta']
[1.413s] Level 1:colcon.colcon_core.package_identification:_identify(src/robot_gui) by extension 'colcon_meta'
[1.413s] Level 1:colcon.colcon_core.package_identification:_identify(src/robot_gui) by extensions ['ros']
[1.413s] Level 1:colcon.colcon_core.package_identification:_identify(src/robot_gui) by extension 'ros'
[1.416s] DEBUG:colcon.colcon_core.package_identification:Package 'src/robot_gui' with type 'ros.ament_python' and name 'robot_gui'
[1.416s] Level 1:colcon.colcon_core.package_identification:_identify(src/spirob_bringup) by extensions ['ignore', 'ignore_ament_install']
[1.417s] Level 1:colcon.colcon_core.package_identification:_identify(src/spirob_bringup) by extension 'ignore'
[1.417s] Level 1:colcon.colcon_core.package_identification:_identify(src/spirob_bringup) by extension 'ignore_ament_install'
[1.418s] Level 1:colcon.colcon_core.package_identification:_identify(src/spirob_bringup) by extensions ['colcon_pkg']
[1.418s] Level 1:colcon.colcon_core.package_identification:_identify(src/spirob_bringup) by extension 'colcon_pkg'
[1.418s] Level 1:colcon.colcon_core.package_identification:_identify(src/spirob_bringup) by extensions ['colcon_meta']
[1.418s] Level 1:colcon.colcon_core.package_identification:_identify(src/spirob_bringup) by extension 'colcon_meta'
[1.419s] Level 1:colcon.colcon_core.package_identification:_identify(src/spirob_bringup) by extensions ['ros']
[1.419s] Level 1:colcon.colcon_core.package_identification:_identify(src/spirob_bringup) by extension 'ros'
[1.424s] DEBUG:colcon.colcon_core.package_identification:Package 'src/spirob_bringup' with type 'ros.ament_python' and name 'spirob_bringup'
[1.424s] Level 1:colcon.colcon_core.package_identification:_identify(src/vision) by extensions ['ignore', 'ignore_ament_install']
[1.425s] Level 1:colcon.colcon_core.package_identification:_identify(src/vision) by extension 'ignore'
[1.425s] Level 1:colcon.colcon_core.package_identification:_identify(src/vision) by extension 'ignore_ament_install'
[1.425s] Level 1:colcon.colcon_core.package_identification:_identify(src/vision) by extensions ['colcon_pkg']
[1.425s] Level 1:colcon.colcon_core.package_identification:_identify(src/vision) by extension 'colcon_pkg'
[1.426s] Level 1:colcon.colcon_core.package_identification:_identify(src/vision) by extensions ['colcon_meta']
[1.426s] Level 1:colcon.colcon_core.package_identification:_identify(src/vision) by extension 'colcon_meta'
[1.426s] Level 1:colcon.colcon_core.package_identification:_identify(src/vision) by extensions ['ros']
[1.426s] Level 1:colcon.colcon_core.package_identification:_identify(src/vision) by extension 'ros'
[1.429s] DEBUG:colcon.colcon_core.package_identification:Package 'src/vision' with type 'ros.ament_python' and name 'vision'
[1.429s] Level 1:colcon.colcon_core.package_discovery:discover_packages(recursive) using defaults
[1.429s] Level 1:colcon.colcon_core.package_discovery:discover_packages(ignore) discover
[1.429s] Level 1:colcon.colcon_core.package_discovery:discover_packages(ignore) using defaults
[1.429s] Level 1:colcon.colcon_core.package_discovery:discover_packages(path) discover
[1.430s] Level 1:colcon.colcon_core.package_discovery:discover_packages(path) using defaults
[1.556s] INFO:colcon.colcon_core.package_selection:Skipping not selected package 'controller' in 'src/controller'
[1.556s] INFO:colcon.colcon_core.package_selection:Skipping not selected package 'data_transfer' in 'src/data_transfer'
[1.556s] INFO:colcon.colcon_core.package_selection:Skipping not selected package 'joysticker' in 'src/joysticker'
[1.556s] INFO:colcon.colcon_core.package_selection:Skipping not selected package 'load_cell' in 'src/load_cell'
[1.557s] INFO:colcon.colcon_core.package_selection:Skipping not selected package 'robot_gui' in 'src/robot_gui'
[1.557s] INFO:colcon.colcon_core.package_selection:Skipping not selected package 'spirob_bringup' in 'src/spirob_bringup'
[1.557s] INFO:colcon.colcon_core.package_selection:Skipping not selected package 'vision' in 'src/vision'
[1.562s] Level 1:colcon.colcon_core.package_discovery:discover_packages(prefix_path) check parameters
[1.562s] Level 1:colcon.colcon_core.package_discovery:discover_packages(prefix_path) discover
[1.582s] DEBUG:colcon.colcon_installed_package_information.package_discovery:Found 10 installed packages in /home/mgazzola/ros2_spirob_ws/install
[1.590s] DEBUG:colcon.colcon_installed_package_information.package_discovery:Found 197 installed packages in /opt/ros/kilted
[1.593s] Level 1:colcon.colcon_core.package_discovery:discover_packages(prefix_path) using defaults
[1.744s] Level 5:colcon.colcon_core.verb:set package 'motor_driver' build argument 'cmake_args' from command line to 'None'
[1.744s] Level 5:colcon.colcon_core.verb:set package 'motor_driver' build argument 'cmake_target' from command line to 'None'
[1.744s] Level 5:colcon.colcon_core.verb:set package 'motor_driver' build argument 'cmake_target_skip_unavailable' from command line to 'False'
[1.745s] Level 5:colcon.colcon_core.verb:set package 'motor_driver' build argument 'cmake_clean_cache' from command line to 'False'
[1.745s] Level 5:colcon.colcon_core.verb:set package 'motor_driver' build argument 'cmake_clean_first' from command line to 'False'
[1.745s] Level 5:colcon.colcon_core.verb:set package 'motor_driver' build argument 'cmake_force_configure' from command line to 'False'
[1.745s] Level 5:colcon.colcon_core.verb:set package 'motor_driver' build argument 'ament_cmake_args' from command line to 'None'
[1.745s] Level 5:colcon.colcon_core.verb:set package 'motor_driver' build argument 'catkin_cmake_args' from command line to 'None'
[1.745s] Level 5:colcon.colcon_core.verb:set package 'motor_driver' build argument 'catkin_skip_building_tests' from command line to 'False'
[1.745s] DEBUG:colcon.colcon_core.verb:Building package 'motor_driver' with the following arguments: {'ament_cmake_args': None, 'build_base': '/home/mgazzola/ros2_spirob_ws/build/motor_driver', 'catkin_cmake_args': None, 'catkin_skip_building_tests': False, 'cmake_args': None, 'cmake_clean_cache': False, 'cmake_clean_first': False, 'cmake_force_configure': False, 'cmake_target': None, 'cmake_target_skip_unavailable': False, 'install_base': '/home/mgazzola/ros2_spirob_ws/install/motor_driver', 'merge_install': False, 'path': '/home/mgazzola/ros2_spirob_ws/src/motor_driver', 'symlink_install': False, 'test_result_base': None}
[1.746s] INFO:colcon.colcon_core.executor:Executing jobs using 'parallel' executor
[1.749s] DEBUG:colcon.colcon_parallel_executor.executor.parallel:run_until_complete
[1.750s] INFO:colcon.colcon_ros.task.ament_python.build:Building ROS package in '/home/mgazzola/ros2_spirob_ws/src/motor_driver' with build type 'ament_python'
[1.751s] Level 1:colcon.colcon_core.shell:create_environment_hook('motor_driver', 'ament_prefix_path')
[1.775s] INFO:colcon.colcon_core.plugin_system:Skipping extension 'colcon_core.shell.bat': Not used on non-Windows systems
[1.776s] INFO:colcon.colcon_core.shell:Creating environment hook '/home/mgazzola/ros2_spirob_ws/install/motor_driver/share/motor_driver/hook/ament_prefix_path.ps1'
[1.781s] INFO:colcon.colcon_core.shell:Creating environment descriptor '/home/mgazzola/ros2_spirob_ws/install/motor_driver/share/motor_driver/hook/ament_prefix_path.dsv'
[1.785s] INFO:colcon.colcon_core.shell:Creating environment hook '/home/mgazzola/ros2_spirob_ws/install/motor_driver/share/motor_driver/hook/ament_prefix_path.sh'
[1.789s] INFO:colcon.colcon_core.shell:Skip shell extension 'powershell' for command environment: Not usable outside of PowerShell
[1.790s] DEBUG:colcon.colcon_core.shell:Skip shell extension 'dsv' for command environment
[2.800s] INFO:colcon.colcon_core.task.python.build:Building Python package in '/home/mgazzola/ros2_spirob_ws/src/motor_driver'
[2.801s] INFO:colcon.colcon_core.shell:Skip shell extension 'powershell' for command environment: Not usable outside of PowerShell
[2.801s] DEBUG:colcon.colcon_core.shell:Skip shell extension 'dsv' for command environment
[6.228s] DEBUG:colcon.colcon_core.event_handler.log_command:Invoking command in '/home/mgazzola/ros2_spirob_ws/src/motor_driver': DEBUGINFOD_URLS=https://debuginfod.ubuntu.com PYTHONPATH=/home/mgazzola/ros2_spirob_ws/build/motor_driver/prefix_override:/usr/lib/python3/dist-packages/colcon_core/task/python/colcon_distutils_commands:/home/mgazzola/ros2_spirob_ws/install/motor_driver/lib/python3.12/site-packages:${PYTHONPATH} /usr/bin/python3 -W ignore:setup.py install is deprecated -W ignore:easy_install command is deprecated setup.py egg_info --egg-base ../../build/motor_driver build --build-base /home/mgazzola/ros2_spirob_ws/build/motor_driver/build install --record /home/mgazzola/ros2_spirob_ws/build/motor_driver/install.log --single-version-externally-managed install_data
[8.682s] DEBUG:colcon.colcon_core.event_handler.log_command:Invoked command in '/home/mgazzola/ros2_spirob_ws/src/motor_driver' returned '0': DEBUGINFOD_URLS=https://debuginfod.ubuntu.com PYTHONPATH=/home/mgazzola/ros2_spirob_ws/build/motor_driver/prefix_override:/usr/lib/python3/dist-packages/colcon_core/task/python/colcon_distutils_commands:/home/mgazzola/ros2_spirob_ws/install/motor_driver/lib/python3.12/site-packages:${PYTHONPATH} /usr/bin/python3 -W ignore:setup.py install is deprecated -W ignore:easy_install command is deprecated setup.py egg_info --egg-base ../../build/motor_driver build --build-base /home/mgazzola/ros2_spirob_ws/build/motor_driver/build install --record /home/mgazzola/ros2_spirob_ws/build/motor_driver/install.log --single-version-externally-managed install_data
[8.712s] Level 1:colcon.colcon_core.environment:checking '/home/mgazzola/ros2_spirob_ws/install/motor_driver' for CMake module files
[8.715s] Level 1:colcon.colcon_core.environment:checking '/home/mgazzola/ros2_spirob_ws/install/motor_driver' for CMake config files
[8.720s] Level 1:colcon.colcon_core.environment:checking '/home/mgazzola/ros2_spirob_ws/install/motor_driver/lib'
[8.721s] Level 1:colcon.colcon_core.environment:checking '/home/mgazzola/ros2_spirob_ws/install/motor_driver/bin'
[8.721s] Level 1:colcon.colcon_core.environment:checking '/home/mgazzola/ros2_spirob_ws/install/motor_driver/lib/pkgconfig/motor_driver.pc'
[8.722s] Level 1:colcon.colcon_core.environment:checking '/home/mgazzola/ros2_spirob_ws/install/motor_driver/lib/python3.12/site-packages'
[8.723s] Level 1:colcon.colcon_core.shell:create_environment_hook('motor_driver', 'pythonpath')
[8.723s] INFO:colcon.colcon_core.shell:Creating environment hook '/home/mgazzola/ros2_spirob_ws/install/motor_driver/share/motor_driver/hook/pythonpath.ps1'
[8.726s] INFO:colcon.colcon_core.shell:Creating environment descriptor '/home/mgazzola/ros2_spirob_ws/install/motor_driver/share/motor_driver/hook/pythonpath.dsv'
[8.729s] INFO:colcon.colcon_core.shell:Creating environment hook '/home/mgazzola/ros2_spirob_ws/install/motor_driver/share/motor_driver/hook/pythonpath.sh'
[8.732s] Level 1:colcon.colcon_core.environment:checking '/home/mgazzola/ros2_spirob_ws/install/motor_driver/bin'
[8.733s] Level 1:colcon.colcon_core.environment:create_environment_scripts_only(motor_driver)
[8.734s] INFO:colcon.colcon_core.shell:Creating package script '/home/mgazzola/ros2_spirob_ws/install/motor_driver/share/motor_driver/package.ps1'
[8.739s] INFO:colcon.colcon_core.shell:Creating package descriptor '/home/mgazzola/ros2_spirob_ws/install/motor_driver/share/motor_driver/package.dsv'
[8.742s] INFO:colcon.colcon_core.shell:Creating package script '/home/mgazzola/ros2_spirob_ws/install/motor_driver/share/motor_driver/package.sh'
[8.746s] INFO:colcon.colcon_core.shell:Creating package script '/home/mgazzola/ros2_spirob_ws/install/motor_driver/share/motor_driver/package.bash'
[8.751s] INFO:colcon.colcon_core.shell:Creating package script '/home/mgazzola/ros2_spirob_ws/install/motor_driver/share/motor_driver/package.zsh'
[8.755s] Level 1:colcon.colcon_core.environment:create_file_with_runtime_dependencies(/home/mgazzola/ros2_spirob_ws/install/motor_driver/share/colcon-core/packages/motor_driver)
[8.757s] DEBUG:colcon.colcon_parallel_executor.executor.parallel:closing loop
[8.758s] DEBUG:colcon.colcon_parallel_executor.executor.parallel:loop closed
[8.759s] DEBUG:colcon.colcon_parallel_executor.executor.parallel:run_until_complete finished with '0'
[8.760s] DEBUG:colcon.colcon_core.event_reactor:joining thread
[8.789s] INFO:colcon.colcon_core.plugin_system:Skipping extension 'colcon_notification.desktop_notification.terminal_notifier': Not used on non-Darwin systems
[8.789s] INFO:colcon.colcon_core.plugin_system:Skipping extension 'colcon_notification.desktop_notification.win32': Not used on non-Windows systems
[8.790s] INFO:colcon.colcon_notification.desktop_notification:Sending desktop notification using 'notify2'
[8.795s] DEBUG:colcon.colcon_notification.desktop_notification.notify2:Failed to initialize notify2: org.freedesktop.DBus.Error.ServiceUnknown: The name org.freedesktop.Notifications was not provided by any .service files
[8.795s] DEBUG:colcon.colcon_core.event_reactor:joined thread
[8.796s] INFO:colcon.colcon_core.shell:Creating prefix script '/home/mgazzola/ros2_spirob_ws/install/local_setup.ps1'
[8.803s] INFO:colcon.colcon_core.shell:Creating prefix util module '/home/mgazzola/ros2_spirob_ws/install/_local_setup_util_ps1.py'
[8.811s] INFO:colcon.colcon_core.shell:Creating prefix chain script '/home/mgazzola/ros2_spirob_ws/install/setup.ps1'
[8.819s] INFO:colcon.colcon_core.shell:Creating prefix script '/home/mgazzola/ros2_spirob_ws/install/local_setup.sh'
[8.823s] INFO:colcon.colcon_core.shell:Creating prefix util module '/home/mgazzola/ros2_spirob_ws/install/_local_setup_util_sh.py'
[8.825s] INFO:colcon.colcon_core.shell:Creating prefix chain script '/home/mgazzola/ros2_spirob_ws/install/setup.sh'
[8.833s] INFO:colcon.colcon_core.shell:Creating prefix script '/home/mgazzola/ros2_spirob_ws/install/local_setup.bash'
[8.836s] INFO:colcon.colcon_core.shell:Creating prefix chain script '/home/mgazzola/ros2_spirob_ws/install/setup.bash'
[8.843s] INFO:colcon.colcon_core.shell:Creating prefix script '/home/mgazzola/ros2_spirob_ws/install/local_setup.zsh'
[8.846s] INFO:colcon.colcon_core.shell:Creating prefix chain script '/home/mgazzola/ros2_spirob_ws/install/setup.zsh'
