[4.117s] Invoking command in '/home/mgazzola/ros2_spirob_ws/src/motor_driver': DEBUGINFOD_URLS=https://debuginfod.ubuntu.com PYTHONPATH=/home/mgazzola/ros2_spirob_ws/build/motor_driver/prefix_override:/usr/lib/python3/dist-packages/colcon_core/task/python/colcon_distutils_commands:/home/mgazzola/ros2_spirob_ws/install/motor_driver/lib/python3.12/site-packages:${PYTHONPATH} /usr/bin/python3 -W ignore:setup.py install is deprecated -W ignore:easy_install command is deprecated setup.py egg_info --egg-base ../../build/motor_driver build --build-base /home/mgazzola/ros2_spirob_ws/build/motor_driver/build install --record /home/mgazzola/ros2_spirob_ws/build/motor_driver/install.log --single-version-externally-managed install_data
[5.452s] running egg_info
[5.547s] writing ../../build/motor_driver/motor_driver.egg-info/PKG-INFO
[5.548s] writing dependency_links to ../../build/motor_driver/motor_driver.egg-info/dependency_links.txt
[5.557s] writing entry points to ../../build/motor_driver/motor_driver.egg-info/entry_points.txt
[5.558s] writing requirements to ../../build/motor_driver/motor_driver.egg-info/requires.txt
[5.559s] writing top-level names to ../../build/motor_driver/motor_driver.egg-info/top_level.txt
[5.751s] reading manifest file '../../build/motor_driver/motor_driver.egg-info/SOURCES.txt'
[5.755s] writing manifest file '../../build/motor_driver/motor_driver.egg-info/SOURCES.txt'
[5.757s] running build
[5.758s] running build_py
[5.759s] copying motor_driver/motor_publisher_node.py -> /home/mgazzola/ros2_spirob_ws/build/motor_driver/build/lib/motor_driver
[5.760s] running install
[5.788s] running install_lib
[5.885s] copying /home/mgazzola/ros2_spirob_ws/build/motor_driver/build/lib/motor_driver/motor_publisher_node.py -> /home/mgazzola/ros2_spirob_ws/install/motor_driver/lib/python3.12/site-packages/motor_driver
[5.889s] byte-compiling /home/mgazzola/ros2_spirob_ws/install/motor_driver/lib/python3.12/site-packages/motor_driver/motor_publisher_node.py to motor_publisher_node.cpython-312.pyc
[5.893s] running install_data
[5.893s] running install_egg_info
[5.999s] removing '/home/mgazzola/ros2_spirob_ws/install/motor_driver/lib/python3.12/site-packages/motor_driver-0.0.0-py3.12.egg-info' (and everything under it)
[6.001s] Copying ../../build/motor_driver/motor_driver.egg-info to /home/mgazzola/ros2_spirob_ws/install/motor_driver/lib/python3.12/site-packages/motor_driver-0.0.0-py3.12.egg-info
[6.010s] running install_scripts
[6.731s] Installing motor_driver_node script to /home/mgazzola/ros2_spirob_ws/install/motor_driver/lib/motor_driver
[6.733s] Installing motor_publisher_node script to /home/mgazzola/ros2_spirob_ws/install/motor_driver/lib/motor_driver
[6.736s] writing list of installed files to '/home/mgazzola/ros2_spirob_ws/build/motor_driver/install.log'
[6.901s] Invoked command in '/home/mgazzola/ros2_spirob_ws/src/motor_driver' returned '0': DEBUGINFOD_URLS=https://debuginfod.ubuntu.com PYTHONPATH=/home/mgazzola/ros2_spirob_ws/build/motor_driver/prefix_override:/usr/lib/python3/dist-packages/colcon_core/task/python/colcon_distutils_commands:/home/mgazzola/ros2_spirob_ws/install/motor_driver/lib/python3.12/site-packages:${PYTHONPATH} /usr/bin/python3 -W ignore:setup.py install is deprecated -W ignore:easy_install command is deprecated setup.py egg_info --egg-base ../../build/motor_driver build --build-base /home/mgazzola/ros2_spirob_ws/build/motor_driver/build install --record /home/mgazzola/ros2_spirob_ws/build/motor_driver/install.log --single-version-externally-managed install_data
