[7.073s] Invoking command in '/home/mgazzola/ros2_spirob_ws/src/robot_gui': DEBUGINFOD_URLS=https://debuginfod.ubuntu.com PS1=(.venv) \[\e]0;\u@\h: \w\a\]${debian_chroot:+($debian_chroot)}\[\033[01;32m\]\u@\h\[\033[00m\]:\[\033[01;34m\]\w\[\033[00m\]\$ PYTHONPATH=/home/mgazzola/ros2_spirob_ws/build/robot_gui/prefix_override:/usr/lib/python3/dist-packages/colcon_core/task/python/colcon_distutils_commands:/home/mgazzola/ros2_spirob_ws/install/robot_gui/lib/python3.12/site-packages:${PYTHONPATH} VIRTUAL_ENV_PROMPT=(.venv) /usr/bin/python3 -W ignore:setup.py install is deprecated -W ignore:easy_install command is deprecated setup.py egg_info --egg-base ../../build/robot_gui build --build-base /home/mgazzola/ros2_spirob_ws/build/robot_gui/build install --record /home/mgazzola/ros2_spirob_ws/build/robot_gui/install.log --single-version-externally-managed install_data
[8.827s] running egg_info
[8.961s] writing ../../build/robot_gui/robot_GUI.egg-info/PKG-INFO
[8.962s] writing dependency_links to ../../build/robot_gui/robot_GUI.egg-info/dependency_links.txt
[8.966s] writing entry points to ../../build/robot_gui/robot_GUI.egg-info/entry_points.txt
[8.967s] writing requirements to ../../build/robot_gui/robot_GUI.egg-info/requires.txt
[8.967s] writing top-level names to ../../build/robot_gui/robot_GUI.egg-info/top_level.txt
[9.266s] reading manifest file '../../build/robot_gui/robot_GUI.egg-info/SOURCES.txt'
[9.271s] writing manifest file '../../build/robot_gui/robot_GUI.egg-info/SOURCES.txt'
[9.276s] running build
[9.277s] running build_py
[9.277s] running install
[9.310s] running install_lib
[9.465s] running install_data
[9.466s] running install_egg_info
[9.642s] removing '/home/mgazzola/ros2_spirob_ws/install/robot_gui/lib/python3.12/site-packages/robot_GUI-0.0.0-py3.12.egg-info' (and everything under it)
[9.654s] Copying ../../build/robot_gui/robot_GUI.egg-info to /home/mgazzola/ros2_spirob_ws/install/robot_gui/lib/python3.12/site-packages/robot_GUI-0.0.0-py3.12.egg-info
[9.655s] running install_scripts
[10.718s] Installing robot_GUI_node script to /home/mgazzola/ros2_spirob_ws/install/robot_gui/lib/robot_GUI
[10.720s] writing list of installed files to '/home/mgazzola/ros2_spirob_ws/build/robot_gui/install.log'
[10.933s] Invoked command in '/home/mgazzola/ros2_spirob_ws/src/robot_gui' returned '0': DEBUGINFOD_URLS=https://debuginfod.ubuntu.com PS1=(.venv) \[\e]0;\u@\h: \w\a\]${debian_chroot:+($debian_chroot)}\[\033[01;32m\]\u@\h\[\033[00m\]:\[\033[01;34m\]\w\[\033[00m\]\$ PYTHONPATH=/home/mgazzola/ros2_spirob_ws/build/robot_gui/prefix_override:/usr/lib/python3/dist-packages/colcon_core/task/python/colcon_distutils_commands:/home/mgazzola/ros2_spirob_ws/install/robot_gui/lib/python3.12/site-packages:${PYTHONPATH} VIRTUAL_ENV_PROMPT=(.venv) /usr/bin/python3 -W ignore:setup.py install is deprecated -W ignore:easy_install command is deprecated setup.py egg_info --egg-base ../../build/robot_gui build --build-base /home/mgazzola/ros2_spirob_ws/build/robot_gui/build install --record /home/mgazzola/ros2_spirob_ws/build/robot_gui/install.log --single-version-externally-managed install_data
