running egg_info
creating ../../build/vision/vision.egg-info
writing ../../build/vision/vision.egg-info/PKG-INFO
writing dependency_links to ../../build/vision/vision.egg-info/dependency_links.txt
writing entry points to ../../build/vision/vision.egg-info/entry_points.txt
writing requirements to ../../build/vision/vision.egg-info/requires.txt
writing top-level names to ../../build/vision/vision.egg-info/top_level.txt
writing manifest file '../../build/vision/vision.egg-info/SOURCES.txt'
reading manifest file '../../build/vision/vision.egg-info/SOURCES.txt'
writing manifest file '../../build/vision/vision.egg-info/SOURCES.txt'
running build
running build_py
creating /home/mgazzola/ros2_spirob_ws/build/vision/build
creating /home/mgazzola/ros2_spirob_ws/build/vision/build/lib
creating /home/mgazzola/ros2_spirob_ws/build/vision/build/lib/vision
copying vision/__init__.py -> /home/mgazzola/ros2_spirob_ws/build/vision/build/lib/vision
copying vision/record_video_node.py -> /home/mgazzola/ros2_spirob_ws/build/vision/build/lib/vision
running install
running install_lib
creating /home/mgazzola/ros2_spirob_ws/install/vision/lib/python3.12/site-packages/vision
copying /home/mgazzola/ros2_spirob_ws/build/vision/build/lib/vision/__init__.py -> /home/mgazzola/ros2_spirob_ws/install/vision/lib/python3.12/site-packages/vision
copying /home/mgazzola/ros2_spirob_ws/build/vision/build/lib/vision/record_video_node.py -> /home/mgazzola/ros2_spirob_ws/install/vision/lib/python3.12/site-packages/vision
byte-compiling /home/mgazzola/ros2_spirob_ws/install/vision/lib/python3.12/site-packages/vision/__init__.py to __init__.cpython-312.pyc
byte-compiling /home/mgazzola/ros2_spirob_ws/install/vision/lib/python3.12/site-packages/vision/record_video_node.py to record_video_node.cpython-312.pyc
running install_data
creating /home/mgazzola/ros2_spirob_ws/install/vision/share/ament_index
creating /home/mgazzola/ros2_spirob_ws/install/vision/share/ament_index/resource_index
creating /home/mgazzola/ros2_spirob_ws/install/vision/share/ament_index/resource_index/packages
copying resource/vision -> /home/mgazzola/ros2_spirob_ws/install/vision/share/ament_index/resource_index/packages
copying package.xml -> /home/mgazzola/ros2_spirob_ws/install/vision/share/vision
running install_egg_info
Copying ../../build/vision/vision.egg-info to /home/mgazzola/ros2_spirob_ws/install/vision/lib/python3.12/site-packages/vision-0.0.0-py3.12.egg-info
running install_scripts
Installing record_video_node script to /home/mgazzola/ros2_spirob_ws/install/vision/lib/vision
writing list of installed files to '/home/mgazzola/ros2_spirob_ws/build/vision/install.log'
