[4.101s] Invoking command in '/home/mgazzola/ros2_spirob_ws/src/vision': DEBUGINFOD_URLS=https://debuginfod.ubuntu.com PYTHONPATH=/home/mgazzola/ros2_spirob_ws/build/vision/prefix_override:/usr/lib/python3/dist-packages/colcon_core/task/python/colcon_distutils_commands:/home/mgazzola/ros2_spirob_ws/install/vision/lib/python3.12/site-packages:${PYTHONPATH} /usr/bin/python3 -W ignore:setup.py install is deprecated -W ignore:easy_install command is deprecated setup.py egg_info --egg-base ../../build/vision build --build-base /home/mgazzola/ros2_spirob_ws/build/vision/build install --record /home/mgazzola/ros2_spirob_ws/build/vision/install.log --single-version-externally-managed install_data
[5.426s] running egg_info
[5.516s] writing ../../build/vision/vision.egg-info/PKG-INFO
[5.517s] writing dependency_links to ../../build/vision/vision.egg-info/dependency_links.txt
[5.523s] writing entry points to ../../build/vision/vision.egg-info/entry_points.txt
[5.526s] writing requirements to ../../build/vision/vision.egg-info/requires.txt
[5.529s] writing top-level names to ../../build/vision/vision.egg-info/top_level.txt
[5.726s] reading manifest file '../../build/vision/vision.egg-info/SOURCES.txt'
[5.729s] writing manifest file '../../build/vision/vision.egg-info/SOURCES.txt'
[5.731s] running build
[5.731s] running build_py
[5.732s] copying vision/socket_video_pipe.py -> /home/mgazzola/ros2_spirob_ws/build/vision/build/lib/vision
[5.733s] copying vision/record_video_node.py -> /home/mgazzola/ros2_spirob_ws/build/vision/build/lib/vision
[5.734s] copying vision/vision_system.py -> /home/mgazzola/ros2_spirob_ws/build/vision/build/lib/vision
[5.735s] running install
[5.761s] running install_lib
[5.863s] copying /home/mgazzola/ros2_spirob_ws/build/vision/build/lib/vision/socket_video_pipe.py -> /home/mgazzola/ros2_spirob_ws/install/vision/lib/python3.12/site-packages/vision
[5.864s] copying /home/mgazzola/ros2_spirob_ws/build/vision/build/lib/vision/record_video_node.py -> /home/mgazzola/ros2_spirob_ws/install/vision/lib/python3.12/site-packages/vision
[5.865s] copying /home/mgazzola/ros2_spirob_ws/build/vision/build/lib/vision/vision_system.py -> /home/mgazzola/ros2_spirob_ws/install/vision/lib/python3.12/site-packages/vision
[5.868s] byte-compiling /home/mgazzola/ros2_spirob_ws/install/vision/lib/python3.12/site-packages/vision/socket_video_pipe.py to socket_video_pipe.cpython-312.pyc
[5.870s] byte-compiling /home/mgazzola/ros2_spirob_ws/install/vision/lib/python3.12/site-packages/vision/record_video_node.py to record_video_node.cpython-312.pyc
[5.871s]   File "/home/mgazzola/ros2_spirob_ws/install/vision/lib/python3.12/site-packages/vision/record_video_node.py", line 1
[5.872s]     !/usr/bin/env python3
[5.872s]     ^
[5.873s] SyntaxError: invalid syntax
[5.873s] 
[5.874s] byte-compiling /home/mgazzola/ros2_spirob_ws/install/vision/lib/python3.12/site-packages/vision/vision_system.py to vision_system.cpython-312.pyc
[5.878s] running install_data
[5.879s] running install_egg_info
[5.984s] removing '/home/mgazzola/ros2_spirob_ws/install/vision/lib/python3.12/site-packages/vision-0.0.0-py3.12.egg-info' (and everything under it)
[5.987s] Copying ../../build/vision/vision.egg-info to /home/mgazzola/ros2_spirob_ws/install/vision/lib/python3.12/site-packages/vision-0.0.0-py3.12.egg-info
[5.996s] running install_scripts
[6.702s] Installing record_video_node script to /home/mgazzola/ros2_spirob_ws/install/vision/lib/vision
[6.704s] writing list of installed files to '/home/mgazzola/ros2_spirob_ws/build/vision/install.log'
[6.869s] Invoked command in '/home/mgazzola/ros2_spirob_ws/src/vision' returned '0': DEBUGINFOD_URLS=https://debuginfod.ubuntu.com PYTHONPATH=/home/mgazzola/ros2_spirob_ws/build/vision/prefix_override:/usr/lib/python3/dist-packages/colcon_core/task/python/colcon_distutils_commands:/home/mgazzola/ros2_spirob_ws/install/vision/lib/python3.12/site-packages:${PYTHONPATH} /usr/bin/python3 -W ignore:setup.py install is deprecated -W ignore:easy_install command is deprecated setup.py egg_info --egg-base ../../build/vision build --build-base /home/mgazzola/ros2_spirob_ws/build/vision/build install --record /home/mgazzola/ros2_spirob_ws/build/vision/install.log --single-version-externally-managed install_data
