[3.598s] Invoking command in '/home/mgazzola/ros2_spirob_ws/build/load_cell': DEBUGINFOD_URLS=https://debuginfod.ubuntu.com PS1=(.venv) \[\e]0;\u@\h: \w\a\]${debian_chroot:+($debian_chroot)}\[\033[01;32m\]\u@\h\[\033[00m\]:\[\033[01;34m\]\w\[\033[00m\]\$ PYTHONPATH=/home/mgazzola/ros2_spirob_ws/build/load_cell/prefix_override:/usr/lib/python3/dist-packages/colcon_core/task/python/colcon_distutils_commands:/home/mgazzola/ros2_spirob_ws/install/load_cell/lib/python3.12/site-packages:${PYTHONPATH} VIRTUAL_ENV_PROMPT=(.venv) /usr/bin/python3 -W ignore:setup.py install is deprecated -W ignore:easy_install command is deprecated setup.py develop --uninstall --editable --build-directory /home/mgazzola/ros2_spirob_ws/build/load_cell/build
[4.972s] running develop
[5.878s] Removing /home/mgazzola/ros2_spirob_ws/install/load_cell/lib/python3.12/site-packages/load-cell.egg-link (link to .)
[6.048s] Invoked command in '/home/mgazzola/ros2_spirob_ws/build/load_cell' returned '0': DEBUGINFOD_URLS=https://debuginfod.ubuntu.com PS1=(.venv) \[\e]0;\u@\h: \w\a\]${debian_chroot:+($debian_chroot)}\[\033[01;32m\]\u@\h\[\033[00m\]:\[\033[01;34m\]\w\[\033[00m\]\$ PYTHONPATH=/home/mgazzola/ros2_spirob_ws/build/load_cell/prefix_override:/usr/lib/python3/dist-packages/colcon_core/task/python/colcon_distutils_commands:/home/mgazzola/ros2_spirob_ws/install/load_cell/lib/python3.12/site-packages:${PYTHONPATH} VIRTUAL_ENV_PROMPT=(.venv) /usr/bin/python3 -W ignore:setup.py install is deprecated -W ignore:easy_install command is deprecated setup.py develop --uninstall --editable --build-directory /home/mgazzola/ros2_spirob_ws/build/load_cell/build
[6.055s] Invoking command in '/home/mgazzola/ros2_spirob_ws/src/load_cell': DEBUGINFOD_URLS=https://debuginfod.ubuntu.com PS1=(.venv) \[\e]0;\u@\h: \w\a\]${debian_chroot:+($debian_chroot)}\[\033[01;32m\]\u@\h\[\033[00m\]:\[\033[01;34m\]\w\[\033[00m\]\$ PYTHONPATH=/home/mgazzola/ros2_spirob_ws/build/load_cell/prefix_override:/usr/lib/python3/dist-packages/colcon_core/task/python/colcon_distutils_commands:/home/mgazzola/ros2_spirob_ws/install/load_cell/lib/python3.12/site-packages:${PYTHONPATH} VIRTUAL_ENV_PROMPT=(.venv) /usr/bin/python3 -W ignore:setup.py install is deprecated -W ignore:easy_install command is deprecated setup.py egg_info --egg-base ../../build/load_cell build --build-base /home/mgazzola/ros2_spirob_ws/build/load_cell/build install --record /home/mgazzola/ros2_spirob_ws/build/load_cell/install.log --single-version-externally-managed install_data --force
[7.199s] running egg_info
[7.277s] writing ../../build/load_cell/load_cell.egg-info/PKG-INFO
[7.278s] writing dependency_links to ../../build/load_cell/load_cell.egg-info/dependency_links.txt
[7.281s] writing entry points to ../../build/load_cell/load_cell.egg-info/entry_points.txt
[7.282s] writing requirements to ../../build/load_cell/load_cell.egg-info/requires.txt
[7.283s] writing top-level names to ../../build/load_cell/load_cell.egg-info/top_level.txt
[7.444s] reading manifest file '../../build/load_cell/load_cell.egg-info/SOURCES.txt'
[7.447s] writing manifest file '../../build/load_cell/load_cell.egg-info/SOURCES.txt'
[7.448s] running build
[7.449s] running build_py
[7.449s] creating /home/mgazzola/ros2_spirob_ws/build/load_cell/build
[7.450s] creating /home/mgazzola/ros2_spirob_ws/build/load_cell/build/lib
[7.451s] creating /home/mgazzola/ros2_spirob_ws/build/load_cell/build/lib/load_cell
[7.451s] copying load_cell/load_cell.py -> /home/mgazzola/ros2_spirob_ws/build/load_cell/build/lib/load_cell
[7.452s] copying load_cell/__init__.py -> /home/mgazzola/ros2_spirob_ws/build/load_cell/build/lib/load_cell
[7.452s] copying load_cell/load_publisher_node.py -> /home/mgazzola/ros2_spirob_ws/build/load_cell/build/lib/load_cell
[7.454s] running install
[7.479s] running install_lib
[7.559s] creating /home/mgazzola/ros2_spirob_ws/install/load_cell/lib/python3.12/site-packages/load_cell
[7.560s] copying /home/mgazzola/ros2_spirob_ws/build/load_cell/build/lib/load_cell/load_cell.py -> /home/mgazzola/ros2_spirob_ws/install/load_cell/lib/python3.12/site-packages/load_cell
[7.561s] copying /home/mgazzola/ros2_spirob_ws/build/load_cell/build/lib/load_cell/__init__.py -> /home/mgazzola/ros2_spirob_ws/install/load_cell/lib/python3.12/site-packages/load_cell
[7.561s] copying /home/mgazzola/ros2_spirob_ws/build/load_cell/build/lib/load_cell/load_publisher_node.py -> /home/mgazzola/ros2_spirob_ws/install/load_cell/lib/python3.12/site-packages/load_cell
[7.565s] byte-compiling /home/mgazzola/ros2_spirob_ws/install/load_cell/lib/python3.12/site-packages/load_cell/load_cell.py to load_cell.cpython-312.pyc
[7.567s] byte-compiling /home/mgazzola/ros2_spirob_ws/install/load_cell/lib/python3.12/site-packages/load_cell/__init__.py to __init__.cpython-312.pyc
[7.568s] byte-compiling /home/mgazzola/ros2_spirob_ws/install/load_cell/lib/python3.12/site-packages/load_cell/load_publisher_node.py to load_publisher_node.cpython-312.pyc
[7.571s] running install_data
[7.572s] copying resource/load_cell -> /home/mgazzola/ros2_spirob_ws/install/load_cell/share/ament_index/resource_index/packages
[7.573s] copying package.xml -> /home/mgazzola/ros2_spirob_ws/install/load_cell/share/load_cell
[7.574s] running install_egg_info
[7.661s] Copying ../../build/load_cell/load_cell.egg-info to /home/mgazzola/ros2_spirob_ws/install/load_cell/lib/python3.12/site-packages/load_cell-0.0.0-py3.12.egg-info
[7.668s] running install_scripts
[8.279s] Installing load_publisher_node script to /home/mgazzola/ros2_spirob_ws/install/load_cell/lib/load_cell
[8.280s] writing list of installed files to '/home/mgazzola/ros2_spirob_ws/build/load_cell/install.log'
[8.434s] Invoked command in '/home/mgazzola/ros2_spirob_ws/src/load_cell' returned '0': DEBUGINFOD_URLS=https://debuginfod.ubuntu.com PS1=(.venv) \[\e]0;\u@\h: \w\a\]${debian_chroot:+($debian_chroot)}\[\033[01;32m\]\u@\h\[\033[00m\]:\[\033[01;34m\]\w\[\033[00m\]\$ PYTHONPATH=/home/mgazzola/ros2_spirob_ws/build/load_cell/prefix_override:/usr/lib/python3/dist-packages/colcon_core/task/python/colcon_distutils_commands:/home/mgazzola/ros2_spirob_ws/install/load_cell/lib/python3.12/site-packages:${PYTHONPATH} VIRTUAL_ENV_PROMPT=(.venv) /usr/bin/python3 -W ignore:setup.py install is deprecated -W ignore:easy_install command is deprecated setup.py egg_info --egg-base ../../build/load_cell build --build-base /home/mgazzola/ros2_spirob_ws/build/load_cell/build install --record /home/mgazzola/ros2_spirob_ws/build/load_cell/install.log --single-version-externally-managed install_data --force
