[0.640s] DEBUG:colcon:Command line arguments: ['/usr/bin/colcon', 'build']
[0.641s] DEBUG:colcon:Parsed command line arguments: Namespace(log_base=None, log_level=None, verb_name='build', build_base='build', install_base='install', merge_install=False, symlink_install=False, test_result_base=None, continue_on_error=False, executor='parallel', parallel_workers=4, event_handlers=None, ignore_user_meta=False, metas=['./colcon.meta'], base_paths=['.'], packages_ignore=None, packages_ignore_regex=None, paths=None, packages_up_to=None, packages_up_to_regex=None, packages_above=None, packages_above_and_dependencies=None, packages_above_depth=None, packages_select_by_dep=None, packages_skip_by_dep=None, packages_skip_up_to=None, packages_select_build_failed=False, packages_skip_build_finished=False, packages_select_test_failures=False, packages_skip_test_passed=False, packages_select=None, packages_skip=None, packages_select_regex=None, packages_skip_regex=None, packages_start=None, packages_end=None, allow_overriding=[], cmake_args=None, cmake_target=None, cmake_target_skip_unavailable=False, cmake_clean_cache=False, cmake_clean_first=False, cmake_force_configure=False, ament_cmake_args=None, catkin_cmake_args=None, catkin_skip_building_tests=False, mixin_files=None, mixin=None, verb_parser=<colcon_mixin.mixin.mixin_argument.MixinArgumentDecorator object at 0xffffb67d2cc0>, verb_extension=<colcon_core.verb.build.BuildVerb object at 0xffffb69bc200>, main=<bound method BuildVerb.main of <colcon_core.verb.build.BuildVerb object at 0xffffb69bc200>>, mixin_verb=('build',))
[0.871s] Level 1:colcon.colcon_core.package_discovery:discover_packages(colcon_meta) check parameters
[0.872s] Level 1:colcon.colcon_core.package_discovery:discover_packages(recursive) check parameters
[0.872s] Level 1:colcon.colcon_core.package_discovery:discover_packages(ignore) check parameters
[0.872s] Level 1:colcon.colcon_core.package_discovery:discover_packages(path) check parameters
[0.873s] Level 1:colcon.colcon_core.package_discovery:discover_packages(colcon_meta) discover
[0.873s] Level 1:colcon.colcon_core.package_discovery:discover_packages(recursive) discover
[0.873s] INFO:colcon.colcon_core.package_discovery:Crawling recursively for packages in '/home/mgazzola/ros2_spirob_ws'
[0.873s] Level 1:colcon.colcon_core.package_identification:_identify(.) by extensions ['ignore', 'ignore_ament_install']
[0.874s] Level 1:colcon.colcon_core.package_identification:_identify(.) by extension 'ignore'
[0.874s] Level 1:colcon.colcon_core.package_identification:_identify(.) by extension 'ignore_ament_install'
[0.875s] Level 1:colcon.colcon_core.package_identification:_identify(.) by extensions ['colcon_pkg']
[0.875s] Level 1:colcon.colcon_core.package_identification:_identify(.) by extension 'colcon_pkg'
[0.875s] Level 1:colcon.colcon_core.package_identification:_identify(.) by extensions ['colcon_meta']
[0.875s] Level 1:colcon.colcon_core.package_identification:_identify(.) by extension 'colcon_meta'
[0.875s] Level 1:colcon.colcon_core.package_identification:_identify(.) by extensions ['ros']
[0.875s] Level 1:colcon.colcon_core.package_identification:_identify(.) by extension 'ros'
[1.014s] Level 1:colcon.colcon_core.package_identification:_identify(.) by extensions ['cmake', 'python']
[1.015s] Level 1:colcon.colcon_core.package_identification:_identify(.) by extension 'cmake'
[1.015s] Level 1:colcon.colcon_core.package_identification:_identify(.) by extension 'python'
[1.016s] Level 1:colcon.colcon_core.package_identification:_identify(.) by extensions ['python_setup_py']
[1.016s] Level 1:colcon.colcon_core.package_identification:_identify(.) by extension 'python_setup_py'
[1.017s] Level 1:colcon.colcon_core.package_identification:_identify(build) by extensions ['ignore', 'ignore_ament_install']
[1.018s] Level 1:colcon.colcon_core.package_identification:_identify(build) by extension 'ignore'
[1.018s] Level 1:colcon.colcon_core.package_identification:_identify(build) ignored
[1.020s] Level 1:colcon.colcon_core.package_identification:_identify(install) by extensions ['ignore', 'ignore_ament_install']
[1.021s] Level 1:colcon.colcon_core.package_identification:_identify(install) by extension 'ignore'
[1.021s] Level 1:colcon.colcon_core.package_identification:_identify(install) ignored
[1.022s] Level 1:colcon.colcon_core.package_identification:_identify(log) by extensions ['ignore', 'ignore_ament_install']
[1.022s] Level 1:colcon.colcon_core.package_identification:_identify(log) by extension 'ignore'
[1.022s] Level 1:colcon.colcon_core.package_identification:_identify(log) ignored
[1.023s] Level 1:colcon.colcon_core.package_identification:_identify(src) by extensions ['ignore', 'ignore_ament_install']
[1.023s] Level 1:colcon.colcon_core.package_identification:_identify(src) by extension 'ignore'
[1.024s] Level 1:colcon.colcon_core.package_identification:_identify(src) by extension 'ignore_ament_install'
[1.024s] Level 1:colcon.colcon_core.package_identification:_identify(src) by extensions ['colcon_pkg']
[1.024s] Level 1:colcon.colcon_core.package_identification:_identify(src) by extension 'colcon_pkg'
[1.024s] Level 1:colcon.colcon_core.package_identification:_identify(src) by extensions ['colcon_meta']
[1.024s] Level 1:colcon.colcon_core.package_identification:_identify(src) by extension 'colcon_meta'
[1.025s] Level 1:colcon.colcon_core.package_identification:_identify(src) by extensions ['ros']
[1.025s] Level 1:colcon.colcon_core.package_identification:_identify(src) by extension 'ros'
[1.025s] Level 1:colcon.colcon_core.package_identification:_identify(src) by extensions ['cmake', 'python']
[1.026s] Level 1:colcon.colcon_core.package_identification:_identify(src) by extension 'cmake'
[1.026s] Level 1:colcon.colcon_core.package_identification:_identify(src) by extension 'python'
[1.026s] Level 1:colcon.colcon_core.package_identification:_identify(src) by extensions ['python_setup_py']
[1.026s] Level 1:colcon.colcon_core.package_identification:_identify(src) by extension 'python_setup_py'
[1.027s] Level 1:colcon.colcon_core.package_identification:_identify(src/build) by extensions ['ignore', 'ignore_ament_install']
[1.027s] Level 1:colcon.colcon_core.package_identification:_identify(src/build) by extension 'ignore'
[1.027s] Level 1:colcon.colcon_core.package_identification:_identify(src/build) ignored
[1.028s] Level 1:colcon.colcon_core.package_identification:_identify(src/controller) by extensions ['ignore', 'ignore_ament_install']
[1.028s] Level 1:colcon.colcon_core.package_identification:_identify(src/controller) by extension 'ignore'
[1.029s] Level 1:colcon.colcon_core.package_identification:_identify(src/controller) by extension 'ignore_ament_install'
[1.029s] Level 1:colcon.colcon_core.package_identification:_identify(src/controller) by extensions ['colcon_pkg']
[1.029s] Level 1:colcon.colcon_core.package_identification:_identify(src/controller) by extension 'colcon_pkg'
[1.029s] Level 1:colcon.colcon_core.package_identification:_identify(src/controller) by extensions ['colcon_meta']
[1.030s] Level 1:colcon.colcon_core.package_identification:_identify(src/controller) by extension 'colcon_meta'
[1.030s] Level 1:colcon.colcon_core.package_identification:_identify(src/controller) by extensions ['ros']
[1.030s] Level 1:colcon.colcon_core.package_identification:_identify(src/controller) by extension 'ros'
[1.044s] DEBUG:colcon.colcon_core.package_identification:Package 'src/controller' with type 'ros.ament_python' and name 'controller'
[1.045s] Level 1:colcon.colcon_core.package_identification:_identify(src/install) by extensions ['ignore', 'ignore_ament_install']
[1.046s] Level 1:colcon.colcon_core.package_identification:_identify(src/install) by extension 'ignore'
[1.046s] Level 1:colcon.colcon_core.package_identification:_identify(src/install) ignored
[1.047s] Level 1:colcon.colcon_core.package_identification:_identify(src/joysticker) by extensions ['ignore', 'ignore_ament_install']
[1.047s] Level 1:colcon.colcon_core.package_identification:_identify(src/joysticker) by extension 'ignore'
[1.048s] Level 1:colcon.colcon_core.package_identification:_identify(src/joysticker) by extension 'ignore_ament_install'
[1.048s] Level 1:colcon.colcon_core.package_identification:_identify(src/joysticker) by extensions ['colcon_pkg']
[1.049s] Level 1:colcon.colcon_core.package_identification:_identify(src/joysticker) by extension 'colcon_pkg'
[1.049s] Level 1:colcon.colcon_core.package_identification:_identify(src/joysticker) by extensions ['colcon_meta']
[1.049s] Level 1:colcon.colcon_core.package_identification:_identify(src/joysticker) by extension 'colcon_meta'
[1.050s] Level 1:colcon.colcon_core.package_identification:_identify(src/joysticker) by extensions ['ros']
[1.050s] Level 1:colcon.colcon_core.package_identification:_identify(src/joysticker) by extension 'ros'
[1.052s] DEBUG:colcon.colcon_core.package_identification:Package 'src/joysticker' with type 'ros.ament_python' and name 'joysticker'
[1.053s] Level 1:colcon.colcon_core.package_identification:_identify(src/load_cell) by extensions ['ignore', 'ignore_ament_install']
[1.054s] Level 1:colcon.colcon_core.package_identification:_identify(src/load_cell) by extension 'ignore'
[1.054s] Level 1:colcon.colcon_core.package_identification:_identify(src/load_cell) by extension 'ignore_ament_install'
[1.054s] Level 1:colcon.colcon_core.package_identification:_identify(src/load_cell) by extensions ['colcon_pkg']
[1.054s] Level 1:colcon.colcon_core.package_identification:_identify(src/load_cell) by extension 'colcon_pkg'
[1.055s] Level 1:colcon.colcon_core.package_identification:_identify(src/load_cell) by extensions ['colcon_meta']
[1.055s] Level 1:colcon.colcon_core.package_identification:_identify(src/load_cell) by extension 'colcon_meta'
[1.055s] Level 1:colcon.colcon_core.package_identification:_identify(src/load_cell) by extensions ['ros']
[1.055s] Level 1:colcon.colcon_core.package_identification:_identify(src/load_cell) by extension 'ros'
[1.061s] DEBUG:colcon.colcon_core.package_identification:Package 'src/load_cell' with type 'ros.ament_python' and name 'load_cell'
[1.063s] Level 1:colcon.colcon_core.package_identification:_identify(src/log) by extensions ['ignore', 'ignore_ament_install']
[1.064s] Level 1:colcon.colcon_core.package_identification:_identify(src/log) by extension 'ignore'
[1.065s] Level 1:colcon.colcon_core.package_identification:_identify(src/log) ignored
[1.066s] Level 1:colcon.colcon_core.package_identification:_identify(src/motor_driver) by extensions ['ignore', 'ignore_ament_install']
[1.067s] Level 1:colcon.colcon_core.package_identification:_identify(src/motor_driver) by extension 'ignore'
[1.068s] Level 1:colcon.colcon_core.package_identification:_identify(src/motor_driver) by extension 'ignore_ament_install'
[1.069s] Level 1:colcon.colcon_core.package_identification:_identify(src/motor_driver) by extensions ['colcon_pkg']
[1.069s] Level 1:colcon.colcon_core.package_identification:_identify(src/motor_driver) by extension 'colcon_pkg'
[1.069s] Level 1:colcon.colcon_core.package_identification:_identify(src/motor_driver) by extensions ['colcon_meta']
[1.070s] Level 1:colcon.colcon_core.package_identification:_identify(src/motor_driver) by extension 'colcon_meta'
[1.070s] Level 1:colcon.colcon_core.package_identification:_identify(src/motor_driver) by extensions ['ros']
[1.070s] Level 1:colcon.colcon_core.package_identification:_identify(src/motor_driver) by extension 'ros'
[1.072s] DEBUG:colcon.colcon_core.package_identification:Package 'src/motor_driver' with type 'ros.ament_python' and name 'motor_driver'
[1.073s] Level 1:colcon.colcon_core.package_identification:_identify(src/robot_GUI) by extensions ['ignore', 'ignore_ament_install']
[1.073s] Level 1:colcon.colcon_core.package_identification:_identify(src/robot_GUI) by extension 'ignore'
[1.073s] Level 1:colcon.colcon_core.package_identification:_identify(src/robot_GUI) by extension 'ignore_ament_install'
[1.074s] Level 1:colcon.colcon_core.package_identification:_identify(src/robot_GUI) by extensions ['colcon_pkg']
[1.074s] Level 1:colcon.colcon_core.package_identification:_identify(src/robot_GUI) by extension 'colcon_pkg'
[1.074s] Level 1:colcon.colcon_core.package_identification:_identify(src/robot_GUI) by extensions ['colcon_meta']
[1.074s] Level 1:colcon.colcon_core.package_identification:_identify(src/robot_GUI) by extension 'colcon_meta'
[1.075s] Level 1:colcon.colcon_core.package_identification:_identify(src/robot_GUI) by extensions ['ros']
[1.075s] Level 1:colcon.colcon_core.package_identification:_identify(src/robot_GUI) by extension 'ros'
[1.077s] DEBUG:colcon.colcon_core.package_identification:Package 'src/robot_GUI' with type 'ros.ament_python' and name 'robot_GUI'
[1.077s] Level 1:colcon.colcon_core.package_discovery:discover_packages(recursive) using defaults
[1.078s] Level 1:colcon.colcon_core.package_discovery:discover_packages(ignore) discover
[1.078s] Level 1:colcon.colcon_core.package_discovery:discover_packages(ignore) using defaults
[1.078s] Level 1:colcon.colcon_core.package_discovery:discover_packages(path) discover
[1.078s] Level 1:colcon.colcon_core.package_discovery:discover_packages(path) using defaults
[1.174s] Level 1:colcon.colcon_core.package_discovery:discover_packages(prefix_path) check parameters
[1.175s] Level 1:colcon.colcon_core.package_discovery:discover_packages(prefix_path) discover
[1.189s] DEBUG:colcon.colcon_installed_package_information.package_discovery:Found 197 installed packages in /opt/ros/kilted
[1.192s] Level 1:colcon.colcon_core.package_discovery:discover_packages(prefix_path) using defaults
[1.404s] Level 5:colcon.colcon_core.verb:set package 'controller' build argument 'cmake_args' from command line to 'None'
[1.404s] Level 5:colcon.colcon_core.verb:set package 'controller' build argument 'cmake_target' from command line to 'None'
[1.404s] Level 5:colcon.colcon_core.verb:set package 'controller' build argument 'cmake_target_skip_unavailable' from command line to 'False'
[1.405s] Level 5:colcon.colcon_core.verb:set package 'controller' build argument 'cmake_clean_cache' from command line to 'False'
[1.405s] Level 5:colcon.colcon_core.verb:set package 'controller' build argument 'cmake_clean_first' from command line to 'False'
[1.405s] Level 5:colcon.colcon_core.verb:set package 'controller' build argument 'cmake_force_configure' from command line to 'False'
[1.407s] Level 5:colcon.colcon_core.verb:set package 'controller' build argument 'ament_cmake_args' from command line to 'None'
[1.408s] Level 5:colcon.colcon_core.verb:set package 'controller' build argument 'catkin_cmake_args' from command line to 'None'
[1.409s] Level 5:colcon.colcon_core.verb:set package 'controller' build argument 'catkin_skip_building_tests' from command line to 'False'
[1.410s] DEBUG:colcon.colcon_core.verb:Building package 'controller' with the following arguments: {'ament_cmake_args': None, 'build_base': '/home/mgazzola/ros2_spirob_ws/build/controller', 'catkin_cmake_args': None, 'catkin_skip_building_tests': False, 'cmake_args': None, 'cmake_clean_cache': False, 'cmake_clean_first': False, 'cmake_force_configure': False, 'cmake_target': None, 'cmake_target_skip_unavailable': False, 'install_base': '/home/mgazzola/ros2_spirob_ws/install/controller', 'merge_install': False, 'path': '/home/mgazzola/ros2_spirob_ws/src/controller', 'symlink_install': False, 'test_result_base': None}
[1.414s] Level 5:colcon.colcon_core.verb:set package 'joysticker' build argument 'cmake_args' from command line to 'None'
[1.415s] Level 5:colcon.colcon_core.verb:set package 'joysticker' build argument 'cmake_target' from command line to 'None'
[1.416s] Level 5:colcon.colcon_core.verb:set package 'joysticker' build argument 'cmake_target_skip_unavailable' from command line to 'False'
[1.416s] Level 5:colcon.colcon_core.verb:set package 'joysticker' build argument 'cmake_clean_cache' from command line to 'False'
[1.416s] Level 5:colcon.colcon_core.verb:set package 'joysticker' build argument 'cmake_clean_first' from command line to 'False'
[1.417s] Level 5:colcon.colcon_core.verb:set package 'joysticker' build argument 'cmake_force_configure' from command line to 'False'
[1.417s] Level 5:colcon.colcon_core.verb:set package 'joysticker' build argument 'ament_cmake_args' from command line to 'None'
[1.417s] Level 5:colcon.colcon_core.verb:set package 'joysticker' build argument 'catkin_cmake_args' from command line to 'None'
[1.418s] Level 5:colcon.colcon_core.verb:set package 'joysticker' build argument 'catkin_skip_building_tests' from command line to 'False'
[1.418s] DEBUG:colcon.colcon_core.verb:Building package 'joysticker' with the following arguments: {'ament_cmake_args': None, 'build_base': '/home/mgazzola/ros2_spirob_ws/build/joysticker', 'catkin_cmake_args': None, 'catkin_skip_building_tests': False, 'cmake_args': None, 'cmake_clean_cache': False, 'cmake_clean_first': False, 'cmake_force_configure': False, 'cmake_target': None, 'cmake_target_skip_unavailable': False, 'install_base': '/home/mgazzola/ros2_spirob_ws/install/joysticker', 'merge_install': False, 'path': '/home/mgazzola/ros2_spirob_ws/src/joysticker', 'symlink_install': False, 'test_result_base': None}
[1.420s] Level 5:colcon.colcon_core.verb:set package 'load_cell' build argument 'cmake_args' from command line to 'None'
[1.420s] Level 5:colcon.colcon_core.verb:set package 'load_cell' build argument 'cmake_target' from command line to 'None'
[1.421s] Level 5:colcon.colcon_core.verb:set package 'load_cell' build argument 'cmake_target_skip_unavailable' from command line to 'False'
[1.421s] Level 5:colcon.colcon_core.verb:set package 'load_cell' build argument 'cmake_clean_cache' from command line to 'False'
[1.421s] Level 5:colcon.colcon_core.verb:set package 'load_cell' build argument 'cmake_clean_first' from command line to 'False'
[1.421s] Level 5:colcon.colcon_core.verb:set package 'load_cell' build argument 'cmake_force_configure' from command line to 'False'
[1.422s] Level 5:colcon.colcon_core.verb:set package 'load_cell' build argument 'ament_cmake_args' from command line to 'None'
[1.422s] Level 5:colcon.colcon_core.verb:set package 'load_cell' build argument 'catkin_cmake_args' from command line to 'None'
[1.422s] Level 5:colcon.colcon_core.verb:set package 'load_cell' build argument 'catkin_skip_building_tests' from command line to 'False'
[1.422s] DEBUG:colcon.colcon_core.verb:Building package 'load_cell' with the following arguments: {'ament_cmake_args': None, 'build_base': '/home/mgazzola/ros2_spirob_ws/build/load_cell', 'catkin_cmake_args': None, 'catkin_skip_building_tests': False, 'cmake_args': None, 'cmake_clean_cache': False, 'cmake_clean_first': False, 'cmake_force_configure': False, 'cmake_target': None, 'cmake_target_skip_unavailable': False, 'install_base': '/home/mgazzola/ros2_spirob_ws/install/load_cell', 'merge_install': False, 'path': '/home/mgazzola/ros2_spirob_ws/src/load_cell', 'symlink_install': False, 'test_result_base': None}
[1.424s] Level 5:colcon.colcon_core.verb:set package 'motor_driver' build argument 'cmake_args' from command line to 'None'
[1.424s] Level 5:colcon.colcon_core.verb:set package 'motor_driver' build argument 'cmake_target' from command line to 'None'
[1.424s] Level 5:colcon.colcon_core.verb:set package 'motor_driver' build argument 'cmake_target_skip_unavailable' from command line to 'False'
[1.425s] Level 5:colcon.colcon_core.verb:set package 'motor_driver' build argument 'cmake_clean_cache' from command line to 'False'
[1.425s] Level 5:colcon.colcon_core.verb:set package 'motor_driver' build argument 'cmake_clean_first' from command line to 'False'
[1.425s] Level 5:colcon.colcon_core.verb:set package 'motor_driver' build argument 'cmake_force_configure' from command line to 'False'
[1.425s] Level 5:colcon.colcon_core.verb:set package 'motor_driver' build argument 'ament_cmake_args' from command line to 'None'
[1.425s] Level 5:colcon.colcon_core.verb:set package 'motor_driver' build argument 'catkin_cmake_args' from command line to 'None'
[1.425s] Level 5:colcon.colcon_core.verb:set package 'motor_driver' build argument 'catkin_skip_building_tests' from command line to 'False'
[1.426s] DEBUG:colcon.colcon_core.verb:Building package 'motor_driver' with the following arguments: {'ament_cmake_args': None, 'build_base': '/home/mgazzola/ros2_spirob_ws/build/motor_driver', 'catkin_cmake_args': None, 'catkin_skip_building_tests': False, 'cmake_args': None, 'cmake_clean_cache': False, 'cmake_clean_first': False, 'cmake_force_configure': False, 'cmake_target': None, 'cmake_target_skip_unavailable': False, 'install_base': '/home/mgazzola/ros2_spirob_ws/install/motor_driver', 'merge_install': False, 'path': '/home/mgazzola/ros2_spirob_ws/src/motor_driver', 'symlink_install': False, 'test_result_base': None}
[1.427s] Level 5:colcon.colcon_core.verb:set package 'robot_GUI' build argument 'cmake_args' from command line to 'None'
[1.428s] Level 5:colcon.colcon_core.verb:set package 'robot_GUI' build argument 'cmake_target' from command line to 'None'
[1.428s] Level 5:colcon.colcon_core.verb:set package 'robot_GUI' build argument 'cmake_target_skip_unavailable' from command line to 'False'
[1.428s] Level 5:colcon.colcon_core.verb:set package 'robot_GUI' build argument 'cmake_clean_cache' from command line to 'False'
[1.428s] Level 5:colcon.colcon_core.verb:set package 'robot_GUI' build argument 'cmake_clean_first' from command line to 'False'
[1.428s] Level 5:colcon.colcon_core.verb:set package 'robot_GUI' build argument 'cmake_force_configure' from command line to 'False'
[1.429s] Level 5:colcon.colcon_core.verb:set package 'robot_GUI' build argument 'ament_cmake_args' from command line to 'None'
[1.429s] Level 5:colcon.colcon_core.verb:set package 'robot_GUI' build argument 'catkin_cmake_args' from command line to 'None'
[1.429s] Level 5:colcon.colcon_core.verb:set package 'robot_GUI' build argument 'catkin_skip_building_tests' from command line to 'False'
[1.429s] DEBUG:colcon.colcon_core.verb:Building package 'robot_GUI' with the following arguments: {'ament_cmake_args': None, 'build_base': '/home/mgazzola/ros2_spirob_ws/build/robot_GUI', 'catkin_cmake_args': None, 'catkin_skip_building_tests': False, 'cmake_args': None, 'cmake_clean_cache': False, 'cmake_clean_first': False, 'cmake_force_configure': False, 'cmake_target': None, 'cmake_target_skip_unavailable': False, 'install_base': '/home/mgazzola/ros2_spirob_ws/install/robot_GUI', 'merge_install': False, 'path': '/home/mgazzola/ros2_spirob_ws/src/robot_GUI', 'symlink_install': False, 'test_result_base': None}
[1.430s] INFO:colcon.colcon_core.executor:Executing jobs using 'parallel' executor
[1.442s] DEBUG:colcon.colcon_parallel_executor.executor.parallel:run_until_complete
[1.445s] INFO:colcon.colcon_ros.task.ament_python.build:Building ROS package in '/home/mgazzola/ros2_spirob_ws/src/controller' with build type 'ament_python'
[1.446s] Level 1:colcon.colcon_core.shell:create_environment_hook('controller', 'ament_prefix_path')
[1.459s] INFO:colcon.colcon_core.plugin_system:Skipping extension 'colcon_core.shell.bat': Not used on non-Windows systems
[1.460s] INFO:colcon.colcon_core.shell:Creating environment hook '/home/mgazzola/ros2_spirob_ws/install/controller/share/controller/hook/ament_prefix_path.ps1'
[1.463s] INFO:colcon.colcon_core.shell:Creating environment descriptor '/home/mgazzola/ros2_spirob_ws/install/controller/share/controller/hook/ament_prefix_path.dsv'
[1.466s] INFO:colcon.colcon_core.shell:Creating environment hook '/home/mgazzola/ros2_spirob_ws/install/controller/share/controller/hook/ament_prefix_path.sh'
[1.469s] INFO:colcon.colcon_core.shell:Skip shell extension 'powershell' for command environment: Not usable outside of PowerShell
[1.470s] DEBUG:colcon.colcon_core.shell:Skip shell extension 'dsv' for command environment
[1.491s] INFO:colcon.colcon_ros.task.ament_python.build:Building ROS package in '/home/mgazzola/ros2_spirob_ws/src/joysticker' with build type 'ament_python'
[1.492s] Level 1:colcon.colcon_core.shell:create_environment_hook('joysticker', 'ament_prefix_path')
[1.494s] INFO:colcon.colcon_core.shell:Creating environment hook '/home/mgazzola/ros2_spirob_ws/install/joysticker/share/joysticker/hook/ament_prefix_path.ps1'
[1.497s] INFO:colcon.colcon_core.shell:Creating environment descriptor '/home/mgazzola/ros2_spirob_ws/install/joysticker/share/joysticker/hook/ament_prefix_path.dsv'
[1.501s] INFO:colcon.colcon_core.shell:Creating environment hook '/home/mgazzola/ros2_spirob_ws/install/joysticker/share/joysticker/hook/ament_prefix_path.sh'
[1.505s] INFO:colcon.colcon_core.shell:Skip shell extension 'powershell' for command environment: Not usable outside of PowerShell
[1.505s] DEBUG:colcon.colcon_core.shell:Skip shell extension 'dsv' for command environment
[1.526s] INFO:colcon.colcon_ros.task.ament_python.build:Building ROS package in '/home/mgazzola/ros2_spirob_ws/src/load_cell' with build type 'ament_python'
[1.527s] Level 1:colcon.colcon_core.shell:create_environment_hook('load_cell', 'ament_prefix_path')
[1.528s] INFO:colcon.colcon_core.shell:Creating environment hook '/home/mgazzola/ros2_spirob_ws/install/load_cell/share/load_cell/hook/ament_prefix_path.ps1'
[1.533s] INFO:colcon.colcon_core.shell:Creating environment descriptor '/home/mgazzola/ros2_spirob_ws/install/load_cell/share/load_cell/hook/ament_prefix_path.dsv'
[1.537s] INFO:colcon.colcon_core.shell:Creating environment hook '/home/mgazzola/ros2_spirob_ws/install/load_cell/share/load_cell/hook/ament_prefix_path.sh'
[1.541s] INFO:colcon.colcon_core.shell:Skip shell extension 'powershell' for command environment: Not usable outside of PowerShell
[1.541s] DEBUG:colcon.colcon_core.shell:Skip shell extension 'dsv' for command environment
[1.556s] INFO:colcon.colcon_ros.task.ament_python.build:Building ROS package in '/home/mgazzola/ros2_spirob_ws/src/motor_driver' with build type 'ament_python'
[1.559s] Level 1:colcon.colcon_core.shell:create_environment_hook('motor_driver', 'ament_prefix_path')
[1.562s] INFO:colcon.colcon_core.shell:Creating environment hook '/home/mgazzola/ros2_spirob_ws/install/motor_driver/share/motor_driver/hook/ament_prefix_path.ps1'
[1.568s] INFO:colcon.colcon_core.shell:Creating environment descriptor '/home/mgazzola/ros2_spirob_ws/install/motor_driver/share/motor_driver/hook/ament_prefix_path.dsv'
[1.572s] INFO:colcon.colcon_core.shell:Creating environment hook '/home/mgazzola/ros2_spirob_ws/install/motor_driver/share/motor_driver/hook/ament_prefix_path.sh'
[1.575s] INFO:colcon.colcon_core.shell:Skip shell extension 'powershell' for command environment: Not usable outside of PowerShell
[1.575s] DEBUG:colcon.colcon_core.shell:Skip shell extension 'dsv' for command environment
[2.972s] INFO:colcon.colcon_core.task.python.build:Building Python package in '/home/mgazzola/ros2_spirob_ws/src/controller'
[2.974s] INFO:colcon.colcon_core.shell:Skip shell extension 'powershell' for command environment: Not usable outside of PowerShell
[2.974s] DEBUG:colcon.colcon_core.shell:Skip shell extension 'dsv' for command environment
[4.295s] INFO:colcon.colcon_core.task.python.build:Building Python package in '/home/mgazzola/ros2_spirob_ws/src/joysticker'
[4.296s] INFO:colcon.colcon_core.shell:Skip shell extension 'powershell' for command environment: Not usable outside of PowerShell
[4.297s] DEBUG:colcon.colcon_core.shell:Skip shell extension 'dsv' for command environment
[5.637s] INFO:colcon.colcon_core.task.python.build:Building Python package in '/home/mgazzola/ros2_spirob_ws/src/load_cell'
[5.639s] INFO:colcon.colcon_core.shell:Skip shell extension 'powershell' for command environment: Not usable outside of PowerShell
[5.644s] DEBUG:colcon.colcon_core.shell:Skip shell extension 'dsv' for command environment
[6.993s] INFO:colcon.colcon_core.task.python.build:Building Python package in '/home/mgazzola/ros2_spirob_ws/src/motor_driver'
[6.994s] INFO:colcon.colcon_core.shell:Skip shell extension 'powershell' for command environment: Not usable outside of PowerShell
[6.995s] DEBUG:colcon.colcon_core.shell:Skip shell extension 'dsv' for command environment
[14.392s] DEBUG:colcon.colcon_core.event_handler.log_command:Invoking command in '/home/mgazzola/ros2_spirob_ws/src/controller': DEBUGINFOD_URLS=https://debuginfod.ubuntu.com PS1=(.venv) \[\e]0;\u@\h: \w\a\]${debian_chroot:+($debian_chroot)}\[\033[01;32m\]\u@\h\[\033[00m\]:\[\033[01;34m\]\w\[\033[00m\]\$ PYTHONPATH=/home/mgazzola/ros2_spirob_ws/build/controller/prefix_override:/usr/lib/python3/dist-packages/colcon_core/task/python/colcon_distutils_commands:/home/mgazzola/ros2_spirob_ws/install/controller/lib/python3.12/site-packages:${PYTHONPATH} VIRTUAL_ENV_PROMPT=(.venv) /usr/bin/python3 -W ignore:setup.py install is deprecated -W ignore:easy_install command is deprecated setup.py egg_info --egg-base ../../build/controller build --build-base /home/mgazzola/ros2_spirob_ws/build/controller/build install --record /home/mgazzola/ros2_spirob_ws/build/controller/install.log --single-version-externally-managed install_data
[15.645s] DEBUG:colcon.colcon_core.event_handler.log_command:Invoking command in '/home/mgazzola/ros2_spirob_ws/src/joysticker': DEBUGINFOD_URLS=https://debuginfod.ubuntu.com PS1=(.venv) \[\e]0;\u@\h: \w\a\]${debian_chroot:+($debian_chroot)}\[\033[01;32m\]\u@\h\[\033[00m\]:\[\033[01;34m\]\w\[\033[00m\]\$ PYTHONPATH=/home/mgazzola/ros2_spirob_ws/build/joysticker/prefix_override:/usr/lib/python3/dist-packages/colcon_core/task/python/colcon_distutils_commands:/home/mgazzola/ros2_spirob_ws/install/joysticker/lib/python3.12/site-packages:${PYTHONPATH} VIRTUAL_ENV_PROMPT=(.venv) /usr/bin/python3 -W ignore:setup.py install is deprecated -W ignore:easy_install command is deprecated setup.py egg_info --egg-base ../../build/joysticker build --build-base /home/mgazzola/ros2_spirob_ws/build/joysticker/build install --record /home/mgazzola/ros2_spirob_ws/build/joysticker/install.log --single-version-externally-managed install_data
[17.525s] DEBUG:colcon.colcon_core.event_handler.log_command:Invoking command in '/home/mgazzola/ros2_spirob_ws/src/motor_driver': DEBUGINFOD_URLS=https://debuginfod.ubuntu.com PS1=(.venv) \[\e]0;\u@\h: \w\a\]${debian_chroot:+($debian_chroot)}\[\033[01;32m\]\u@\h\[\033[00m\]:\[\033[01;34m\]\w\[\033[00m\]\$ PYTHONPATH=/home/mgazzola/ros2_spirob_ws/build/motor_driver/prefix_override:/usr/lib/python3/dist-packages/colcon_core/task/python/colcon_distutils_commands:/home/mgazzola/ros2_spirob_ws/install/motor_driver/lib/python3.12/site-packages:${PYTHONPATH} VIRTUAL_ENV_PROMPT=(.venv) /usr/bin/python3 -W ignore:setup.py install is deprecated -W ignore:easy_install command is deprecated setup.py egg_info --egg-base ../../build/motor_driver build --build-base /home/mgazzola/ros2_spirob_ws/build/motor_driver/build install --record /home/mgazzola/ros2_spirob_ws/build/motor_driver/install.log --single-version-externally-managed install_data
[18.602s] DEBUG:colcon.colcon_core.event_handler.log_command:Invoking command in '/home/mgazzola/ros2_spirob_ws/src/load_cell': DEBUGINFOD_URLS=https://debuginfod.ubuntu.com PS1=(.venv) \[\e]0;\u@\h: \w\a\]${debian_chroot:+($debian_chroot)}\[\033[01;32m\]\u@\h\[\033[00m\]:\[\033[01;34m\]\w\[\033[00m\]\$ PYTHONPATH=/home/mgazzola/ros2_spirob_ws/build/load_cell/prefix_override:/usr/lib/python3/dist-packages/colcon_core/task/python/colcon_distutils_commands:/home/mgazzola/ros2_spirob_ws/install/load_cell/lib/python3.12/site-packages:${PYTHONPATH} VIRTUAL_ENV_PROMPT=(.venv) /usr/bin/python3 -W ignore:setup.py install is deprecated -W ignore:easy_install command is deprecated setup.py egg_info --egg-base ../../build/load_cell build --build-base /home/mgazzola/ros2_spirob_ws/build/load_cell/build install --record /home/mgazzola/ros2_spirob_ws/build/load_cell/install.log --single-version-externally-managed install_data
[21.408s] DEBUG:colcon.colcon_core.event_handler.log_command:Invoked command in '/home/mgazzola/ros2_spirob_ws/src/joysticker' returned '0': DEBUGINFOD_URLS=https://debuginfod.ubuntu.com PS1=(.venv) \[\e]0;\u@\h: \w\a\]${debian_chroot:+($debian_chroot)}\[\033[01;32m\]\u@\h\[\033[00m\]:\[\033[01;34m\]\w\[\033[00m\]\$ PYTHONPATH=/home/mgazzola/ros2_spirob_ws/build/joysticker/prefix_override:/usr/lib/python3/dist-packages/colcon_core/task/python/colcon_distutils_commands:/home/mgazzola/ros2_spirob_ws/install/joysticker/lib/python3.12/site-packages:${PYTHONPATH} VIRTUAL_ENV_PROMPT=(.venv) /usr/bin/python3 -W ignore:setup.py install is deprecated -W ignore:easy_install command is deprecated setup.py egg_info --egg-base ../../build/joysticker build --build-base /home/mgazzola/ros2_spirob_ws/build/joysticker/build install --record /home/mgazzola/ros2_spirob_ws/build/joysticker/install.log --single-version-externally-managed install_data
[21.469s] Level 1:colcon.colcon_core.environment:checking '/home/mgazzola/ros2_spirob_ws/install/joysticker' for CMake module files
[21.501s] Level 1:colcon.colcon_core.environment:checking '/home/mgazzola/ros2_spirob_ws/install/joysticker' for CMake config files
[21.526s] Level 1:colcon.colcon_core.environment:checking '/home/mgazzola/ros2_spirob_ws/install/joysticker/lib'
[21.528s] Level 1:colcon.colcon_core.environment:checking '/home/mgazzola/ros2_spirob_ws/install/joysticker/bin'
[21.529s] Level 1:colcon.colcon_core.environment:checking '/home/mgazzola/ros2_spirob_ws/install/joysticker/lib/pkgconfig/joysticker.pc'
[21.536s] Level 1:colcon.colcon_core.environment:checking '/home/mgazzola/ros2_spirob_ws/install/joysticker/lib/python3.12/site-packages'
[21.538s] Level 1:colcon.colcon_core.shell:create_environment_hook('joysticker', 'pythonpath')
[21.540s] INFO:colcon.colcon_core.shell:Creating environment hook '/home/mgazzola/ros2_spirob_ws/install/joysticker/share/joysticker/hook/pythonpath.ps1'
[21.551s] INFO:colcon.colcon_core.shell:Creating environment descriptor '/home/mgazzola/ros2_spirob_ws/install/joysticker/share/joysticker/hook/pythonpath.dsv'
[21.571s] INFO:colcon.colcon_core.shell:Creating environment hook '/home/mgazzola/ros2_spirob_ws/install/joysticker/share/joysticker/hook/pythonpath.sh'
[21.597s] Level 1:colcon.colcon_core.environment:checking '/home/mgazzola/ros2_spirob_ws/install/joysticker/bin'
[21.600s] Level 1:colcon.colcon_core.environment:create_environment_scripts_only(joysticker)
[21.602s] INFO:colcon.colcon_core.shell:Creating package script '/home/mgazzola/ros2_spirob_ws/install/joysticker/share/joysticker/package.ps1'
[21.652s] INFO:colcon.colcon_core.shell:Creating package descriptor '/home/mgazzola/ros2_spirob_ws/install/joysticker/share/joysticker/package.dsv'
[21.681s] INFO:colcon.colcon_core.shell:Creating package script '/home/mgazzola/ros2_spirob_ws/install/joysticker/share/joysticker/package.sh'
[21.721s] INFO:colcon.colcon_core.shell:Creating package script '/home/mgazzola/ros2_spirob_ws/install/joysticker/share/joysticker/package.bash'
[21.751s] INFO:colcon.colcon_core.shell:Creating package script '/home/mgazzola/ros2_spirob_ws/install/joysticker/share/joysticker/package.zsh'
[21.795s] Level 1:colcon.colcon_core.environment:create_file_with_runtime_dependencies(/home/mgazzola/ros2_spirob_ws/install/joysticker/share/colcon-core/packages/joysticker)
[21.805s] INFO:colcon.colcon_ros.task.ament_python.build:Building ROS package in '/home/mgazzola/ros2_spirob_ws/src/robot_GUI' with build type 'ament_python'
[21.810s] Level 1:colcon.colcon_core.shell:create_environment_hook('robot_GUI', 'ament_prefix_path')
[21.812s] INFO:colcon.colcon_core.shell:Creating environment hook '/home/mgazzola/ros2_spirob_ws/install/robot_GUI/share/robot_GUI/hook/ament_prefix_path.ps1'
[21.848s] INFO:colcon.colcon_core.shell:Creating environment descriptor '/home/mgazzola/ros2_spirob_ws/install/robot_GUI/share/robot_GUI/hook/ament_prefix_path.dsv'
[21.870s] INFO:colcon.colcon_core.shell:Creating environment hook '/home/mgazzola/ros2_spirob_ws/install/robot_GUI/share/robot_GUI/hook/ament_prefix_path.sh'
[21.903s] INFO:colcon.colcon_core.shell:Skip shell extension 'powershell' for command environment: Not usable outside of PowerShell
[21.904s] DEBUG:colcon.colcon_core.shell:Skip shell extension 'dsv' for command environment
[24.153s] INFO:colcon.colcon_core.task.python.build:Building Python package in '/home/mgazzola/ros2_spirob_ws/src/robot_GUI'
[24.155s] INFO:colcon.colcon_core.shell:Skip shell extension 'powershell' for command environment: Not usable outside of PowerShell
[24.156s] DEBUG:colcon.colcon_core.shell:Skip shell extension 'dsv' for command environment
[24.215s] Level 1:colcon.colcon_core.environment:checking '/home/mgazzola/ros2_spirob_ws/install/controller' for CMake module files
[24.217s] DEBUG:colcon.colcon_core.event_handler.log_command:Invoked command in '/home/mgazzola/ros2_spirob_ws/src/controller' returned '0': DEBUGINFOD_URLS=https://debuginfod.ubuntu.com PS1=(.venv) \[\e]0;\u@\h: \w\a\]${debian_chroot:+($debian_chroot)}\[\033[01;32m\]\u@\h\[\033[00m\]:\[\033[01;34m\]\w\[\033[00m\]\$ PYTHONPATH=/home/mgazzola/ros2_spirob_ws/build/controller/prefix_override:/usr/lib/python3/dist-packages/colcon_core/task/python/colcon_distutils_commands:/home/mgazzola/ros2_spirob_ws/install/controller/lib/python3.12/site-packages:${PYTHONPATH} VIRTUAL_ENV_PROMPT=(.venv) /usr/bin/python3 -W ignore:setup.py install is deprecated -W ignore:easy_install command is deprecated setup.py egg_info --egg-base ../../build/controller build --build-base /home/mgazzola/ros2_spirob_ws/build/controller/build install --record /home/mgazzola/ros2_spirob_ws/build/controller/install.log --single-version-externally-managed install_data
[24.227s] Level 1:colcon.colcon_core.environment:checking '/home/mgazzola/ros2_spirob_ws/install/controller' for CMake config files
[24.243s] Level 1:colcon.colcon_core.environment:checking '/home/mgazzola/ros2_spirob_ws/install/controller/lib'
[24.245s] Level 1:colcon.colcon_core.environment:checking '/home/mgazzola/ros2_spirob_ws/install/controller/bin'
[24.245s] Level 1:colcon.colcon_core.environment:checking '/home/mgazzola/ros2_spirob_ws/install/controller/lib/pkgconfig/controller.pc'
[24.249s] Level 1:colcon.colcon_core.environment:checking '/home/mgazzola/ros2_spirob_ws/install/controller/lib/python3.12/site-packages'
[24.250s] Level 1:colcon.colcon_core.shell:create_environment_hook('controller', 'pythonpath')
[24.251s] INFO:colcon.colcon_core.shell:Creating environment hook '/home/mgazzola/ros2_spirob_ws/install/controller/share/controller/hook/pythonpath.ps1'
[24.257s] INFO:colcon.colcon_core.shell:Creating environment descriptor '/home/mgazzola/ros2_spirob_ws/install/controller/share/controller/hook/pythonpath.dsv'
[24.260s] INFO:colcon.colcon_core.shell:Creating environment hook '/home/mgazzola/ros2_spirob_ws/install/controller/share/controller/hook/pythonpath.sh'
[24.266s] Level 1:colcon.colcon_core.environment:checking '/home/mgazzola/ros2_spirob_ws/install/controller/bin'
[24.267s] Level 1:colcon.colcon_core.environment:create_environment_scripts_only(controller)
[24.269s] INFO:colcon.colcon_core.shell:Creating package script '/home/mgazzola/ros2_spirob_ws/install/controller/share/controller/package.ps1'
[24.279s] INFO:colcon.colcon_core.shell:Creating package descriptor '/home/mgazzola/ros2_spirob_ws/install/controller/share/controller/package.dsv'
[24.288s] INFO:colcon.colcon_core.shell:Creating package script '/home/mgazzola/ros2_spirob_ws/install/controller/share/controller/package.sh'
[24.295s] INFO:colcon.colcon_core.shell:Creating package script '/home/mgazzola/ros2_spirob_ws/install/controller/share/controller/package.bash'
[24.301s] INFO:colcon.colcon_core.shell:Creating package script '/home/mgazzola/ros2_spirob_ws/install/controller/share/controller/package.zsh'
[24.305s] Level 1:colcon.colcon_core.environment:create_file_with_runtime_dependencies(/home/mgazzola/ros2_spirob_ws/install/controller/share/colcon-core/packages/controller)
[25.763s] Level 1:colcon.colcon_core.environment:checking '/home/mgazzola/ros2_spirob_ws/install/motor_driver' for CMake module files
[25.775s] DEBUG:colcon.colcon_core.event_handler.log_command:Invoked command in '/home/mgazzola/ros2_spirob_ws/src/motor_driver' returned '0': DEBUGINFOD_URLS=https://debuginfod.ubuntu.com PS1=(.venv) \[\e]0;\u@\h: \w\a\]${debian_chroot:+($debian_chroot)}\[\033[01;32m\]\u@\h\[\033[00m\]:\[\033[01;34m\]\w\[\033[00m\]\$ PYTHONPATH=/home/mgazzola/ros2_spirob_ws/build/motor_driver/prefix_override:/usr/lib/python3/dist-packages/colcon_core/task/python/colcon_distutils_commands:/home/mgazzola/ros2_spirob_ws/install/motor_driver/lib/python3.12/site-packages:${PYTHONPATH} VIRTUAL_ENV_PROMPT=(.venv) /usr/bin/python3 -W ignore:setup.py install is deprecated -W ignore:easy_install command is deprecated setup.py egg_info --egg-base ../../build/motor_driver build --build-base /home/mgazzola/ros2_spirob_ws/build/motor_driver/build install --record /home/mgazzola/ros2_spirob_ws/build/motor_driver/install.log --single-version-externally-managed install_data
[25.786s] Level 1:colcon.colcon_core.environment:checking '/home/mgazzola/ros2_spirob_ws/install/motor_driver' for CMake config files
[25.818s] Level 1:colcon.colcon_core.environment:checking '/home/mgazzola/ros2_spirob_ws/install/motor_driver/lib'
[25.818s] Level 1:colcon.colcon_core.environment:checking '/home/mgazzola/ros2_spirob_ws/install/motor_driver/bin'
[25.819s] Level 1:colcon.colcon_core.environment:checking '/home/mgazzola/ros2_spirob_ws/install/motor_driver/lib/pkgconfig/motor_driver.pc'
[25.820s] Level 1:colcon.colcon_core.environment:checking '/home/mgazzola/ros2_spirob_ws/install/motor_driver/lib/python3.12/site-packages'
[25.821s] Level 1:colcon.colcon_core.shell:create_environment_hook('motor_driver', 'pythonpath')
[25.822s] INFO:colcon.colcon_core.shell:Creating environment hook '/home/mgazzola/ros2_spirob_ws/install/motor_driver/share/motor_driver/hook/pythonpath.ps1'
[25.824s] INFO:colcon.colcon_core.shell:Creating environment descriptor '/home/mgazzola/ros2_spirob_ws/install/motor_driver/share/motor_driver/hook/pythonpath.dsv'
[25.827s] INFO:colcon.colcon_core.shell:Creating environment hook '/home/mgazzola/ros2_spirob_ws/install/motor_driver/share/motor_driver/hook/pythonpath.sh'
[25.837s] Level 1:colcon.colcon_core.environment:checking '/home/mgazzola/ros2_spirob_ws/install/motor_driver/bin'
[25.838s] Level 1:colcon.colcon_core.environment:create_environment_scripts_only(motor_driver)
[25.840s] INFO:colcon.colcon_core.shell:Creating package script '/home/mgazzola/ros2_spirob_ws/install/motor_driver/share/motor_driver/package.ps1'
[25.845s] INFO:colcon.colcon_core.shell:Creating package descriptor '/home/mgazzola/ros2_spirob_ws/install/motor_driver/share/motor_driver/package.dsv'
[25.859s] INFO:colcon.colcon_core.shell:Creating package script '/home/mgazzola/ros2_spirob_ws/install/motor_driver/share/motor_driver/package.sh'
[25.867s] INFO:colcon.colcon_core.shell:Creating package script '/home/mgazzola/ros2_spirob_ws/install/motor_driver/share/motor_driver/package.bash'
[25.875s] INFO:colcon.colcon_core.shell:Creating package script '/home/mgazzola/ros2_spirob_ws/install/motor_driver/share/motor_driver/package.zsh'
[25.879s] Level 1:colcon.colcon_core.environment:create_file_with_runtime_dependencies(/home/mgazzola/ros2_spirob_ws/install/motor_driver/share/colcon-core/packages/motor_driver)
[26.449s] Level 1:colcon.colcon_core.environment:checking '/home/mgazzola/ros2_spirob_ws/install/load_cell' for CMake module files
[26.453s] DEBUG:colcon.colcon_core.event_handler.log_command:Invoked command in '/home/mgazzola/ros2_spirob_ws/src/load_cell' returned '0': DEBUGINFOD_URLS=https://debuginfod.ubuntu.com PS1=(.venv) \[\e]0;\u@\h: \w\a\]${debian_chroot:+($debian_chroot)}\[\033[01;32m\]\u@\h\[\033[00m\]:\[\033[01;34m\]\w\[\033[00m\]\$ PYTHONPATH=/home/mgazzola/ros2_spirob_ws/build/load_cell/prefix_override:/usr/lib/python3/dist-packages/colcon_core/task/python/colcon_distutils_commands:/home/mgazzola/ros2_spirob_ws/install/load_cell/lib/python3.12/site-packages:${PYTHONPATH} VIRTUAL_ENV_PROMPT=(.venv) /usr/bin/python3 -W ignore:setup.py install is deprecated -W ignore:easy_install command is deprecated setup.py egg_info --egg-base ../../build/load_cell build --build-base /home/mgazzola/ros2_spirob_ws/build/load_cell/build install --record /home/mgazzola/ros2_spirob_ws/build/load_cell/install.log --single-version-externally-managed install_data
[26.460s] Level 1:colcon.colcon_core.environment:checking '/home/mgazzola/ros2_spirob_ws/install/load_cell' for CMake config files
[26.470s] Level 1:colcon.colcon_core.environment:checking '/home/mgazzola/ros2_spirob_ws/install/load_cell/lib'
[26.472s] Level 1:colcon.colcon_core.environment:checking '/home/mgazzola/ros2_spirob_ws/install/load_cell/bin'
[26.473s] Level 1:colcon.colcon_core.environment:checking '/home/mgazzola/ros2_spirob_ws/install/load_cell/lib/pkgconfig/load_cell.pc'
[26.476s] Level 1:colcon.colcon_core.environment:checking '/home/mgazzola/ros2_spirob_ws/install/load_cell/lib/python3.12/site-packages'
[26.478s] Level 1:colcon.colcon_core.shell:create_environment_hook('load_cell', 'pythonpath')
[26.482s] INFO:colcon.colcon_core.shell:Creating environment hook '/home/mgazzola/ros2_spirob_ws/install/load_cell/share/load_cell/hook/pythonpath.ps1'
[26.487s] INFO:colcon.colcon_core.shell:Creating environment descriptor '/home/mgazzola/ros2_spirob_ws/install/load_cell/share/load_cell/hook/pythonpath.dsv'
[26.491s] INFO:colcon.colcon_core.shell:Creating environment hook '/home/mgazzola/ros2_spirob_ws/install/load_cell/share/load_cell/hook/pythonpath.sh'
[26.495s] Level 1:colcon.colcon_core.environment:checking '/home/mgazzola/ros2_spirob_ws/install/load_cell/bin'
[26.495s] Level 1:colcon.colcon_core.environment:create_environment_scripts_only(load_cell)
[26.496s] INFO:colcon.colcon_core.shell:Creating package script '/home/mgazzola/ros2_spirob_ws/install/load_cell/share/load_cell/package.ps1'
[26.501s] INFO:colcon.colcon_core.shell:Creating package descriptor '/home/mgazzola/ros2_spirob_ws/install/load_cell/share/load_cell/package.dsv'
[26.505s] INFO:colcon.colcon_core.shell:Creating package script '/home/mgazzola/ros2_spirob_ws/install/load_cell/share/load_cell/package.sh'
[26.508s] INFO:colcon.colcon_core.shell:Creating package script '/home/mgazzola/ros2_spirob_ws/install/load_cell/share/load_cell/package.bash'
[26.511s] INFO:colcon.colcon_core.shell:Creating package script '/home/mgazzola/ros2_spirob_ws/install/load_cell/share/load_cell/package.zsh'
[26.520s] Level 1:colcon.colcon_core.environment:create_file_with_runtime_dependencies(/home/mgazzola/ros2_spirob_ws/install/load_cell/share/colcon-core/packages/load_cell)
[29.754s] DEBUG:colcon.colcon_core.event_handler.log_command:Invoking command in '/home/mgazzola/ros2_spirob_ws/src/robot_GUI': DEBUGINFOD_URLS=https://debuginfod.ubuntu.com PS1=(.venv) \[\e]0;\u@\h: \w\a\]${debian_chroot:+($debian_chroot)}\[\033[01;32m\]\u@\h\[\033[00m\]:\[\033[01;34m\]\w\[\033[00m\]\$ PYTHONPATH=/home/mgazzola/ros2_spirob_ws/build/robot_GUI/prefix_override:/usr/lib/python3/dist-packages/colcon_core/task/python/colcon_distutils_commands:/home/mgazzola/ros2_spirob_ws/install/robot_GUI/lib/python3.12/site-packages:${PYTHONPATH} VIRTUAL_ENV_PROMPT=(.venv) /usr/bin/python3 -W ignore:setup.py install is deprecated -W ignore:easy_install command is deprecated setup.py egg_info --egg-base ../../build/robot_GUI build --build-base /home/mgazzola/ros2_spirob_ws/build/robot_GUI/build install --record /home/mgazzola/ros2_spirob_ws/build/robot_GUI/install.log --single-version-externally-managed install_data
[33.366s] Level 1:colcon.colcon_core.environment:checking '/home/mgazzola/ros2_spirob_ws/install/robot_GUI' for CMake module files
[33.370s] DEBUG:colcon.colcon_core.event_handler.log_command:Invoked command in '/home/mgazzola/ros2_spirob_ws/src/robot_GUI' returned '0': DEBUGINFOD_URLS=https://debuginfod.ubuntu.com PS1=(.venv) \[\e]0;\u@\h: \w\a\]${debian_chroot:+($debian_chroot)}\[\033[01;32m\]\u@\h\[\033[00m\]:\[\033[01;34m\]\w\[\033[00m\]\$ PYTHONPATH=/home/mgazzola/ros2_spirob_ws/build/robot_GUI/prefix_override:/usr/lib/python3/dist-packages/colcon_core/task/python/colcon_distutils_commands:/home/mgazzola/ros2_spirob_ws/install/robot_GUI/lib/python3.12/site-packages:${PYTHONPATH} VIRTUAL_ENV_PROMPT=(.venv) /usr/bin/python3 -W ignore:setup.py install is deprecated -W ignore:easy_install command is deprecated setup.py egg_info --egg-base ../../build/robot_GUI build --build-base /home/mgazzola/ros2_spirob_ws/build/robot_GUI/build install --record /home/mgazzola/ros2_spirob_ws/build/robot_GUI/install.log --single-version-externally-managed install_data
[33.373s] Level 1:colcon.colcon_core.environment:checking '/home/mgazzola/ros2_spirob_ws/install/robot_GUI' for CMake config files
[33.377s] Level 1:colcon.colcon_core.environment:checking '/home/mgazzola/ros2_spirob_ws/install/robot_GUI/lib'
[33.377s] Level 1:colcon.colcon_core.environment:checking '/home/mgazzola/ros2_spirob_ws/install/robot_GUI/bin'
[33.378s] Level 1:colcon.colcon_core.environment:checking '/home/mgazzola/ros2_spirob_ws/install/robot_GUI/lib/pkgconfig/robot_GUI.pc'
[33.379s] Level 1:colcon.colcon_core.environment:checking '/home/mgazzola/ros2_spirob_ws/install/robot_GUI/lib/python3.12/site-packages'
[33.379s] Level 1:colcon.colcon_core.shell:create_environment_hook('robot_GUI', 'pythonpath')
[33.380s] INFO:colcon.colcon_core.shell:Creating environment hook '/home/mgazzola/ros2_spirob_ws/install/robot_GUI/share/robot_GUI/hook/pythonpath.ps1'
[33.384s] INFO:colcon.colcon_core.shell:Creating environment descriptor '/home/mgazzola/ros2_spirob_ws/install/robot_GUI/share/robot_GUI/hook/pythonpath.dsv'
[33.387s] INFO:colcon.colcon_core.shell:Creating environment hook '/home/mgazzola/ros2_spirob_ws/install/robot_GUI/share/robot_GUI/hook/pythonpath.sh'
[33.391s] Level 1:colcon.colcon_core.environment:checking '/home/mgazzola/ros2_spirob_ws/install/robot_GUI/bin'
[33.392s] Level 1:colcon.colcon_core.environment:create_environment_scripts_only(robot_GUI)
[33.393s] INFO:colcon.colcon_core.shell:Creating package script '/home/mgazzola/ros2_spirob_ws/install/robot_GUI/share/robot_GUI/package.ps1'
[33.395s] INFO:colcon.colcon_core.shell:Creating package descriptor '/home/mgazzola/ros2_spirob_ws/install/robot_GUI/share/robot_GUI/package.dsv'
[33.399s] INFO:colcon.colcon_core.shell:Creating package script '/home/mgazzola/ros2_spirob_ws/install/robot_GUI/share/robot_GUI/package.sh'
[33.404s] INFO:colcon.colcon_core.shell:Creating package script '/home/mgazzola/ros2_spirob_ws/install/robot_GUI/share/robot_GUI/package.bash'
[33.412s] INFO:colcon.colcon_core.shell:Creating package script '/home/mgazzola/ros2_spirob_ws/install/robot_GUI/share/robot_GUI/package.zsh'
[33.417s] Level 1:colcon.colcon_core.environment:create_file_with_runtime_dependencies(/home/mgazzola/ros2_spirob_ws/install/robot_GUI/share/colcon-core/packages/robot_GUI)
[33.421s] DEBUG:colcon.colcon_parallel_executor.executor.parallel:closing loop
[33.423s] DEBUG:colcon.colcon_parallel_executor.executor.parallel:loop closed
[33.424s] DEBUG:colcon.colcon_parallel_executor.executor.parallel:run_until_complete finished with '0'
[33.424s] DEBUG:colcon.colcon_core.event_reactor:joining thread
[33.453s] INFO:colcon.colcon_core.plugin_system:Skipping extension 'colcon_notification.desktop_notification.terminal_notifier': Not used on non-Darwin systems
[33.454s] INFO:colcon.colcon_core.plugin_system:Skipping extension 'colcon_notification.desktop_notification.win32': Not used on non-Windows systems
[33.454s] INFO:colcon.colcon_notification.desktop_notification:Sending desktop notification using 'notify2'
[33.526s] DEBUG:colcon.colcon_core.event_reactor:joined thread
[33.531s] INFO:colcon.colcon_core.shell:Creating prefix script '/home/mgazzola/ros2_spirob_ws/install/local_setup.ps1'
[33.544s] INFO:colcon.colcon_core.shell:Creating prefix util module '/home/mgazzola/ros2_spirob_ws/install/_local_setup_util_ps1.py'
[33.551s] INFO:colcon.colcon_core.shell:Creating prefix chain script '/home/mgazzola/ros2_spirob_ws/install/setup.ps1'
[33.555s] INFO:colcon.colcon_core.shell:Creating prefix script '/home/mgazzola/ros2_spirob_ws/install/local_setup.sh'
[33.558s] INFO:colcon.colcon_core.shell:Creating prefix util module '/home/mgazzola/ros2_spirob_ws/install/_local_setup_util_sh.py'
[33.562s] INFO:colcon.colcon_core.shell:Creating prefix chain script '/home/mgazzola/ros2_spirob_ws/install/setup.sh'
[33.570s] INFO:colcon.colcon_core.shell:Creating prefix script '/home/mgazzola/ros2_spirob_ws/install/local_setup.bash'
[33.575s] INFO:colcon.colcon_core.shell:Creating prefix chain script '/home/mgazzola/ros2_spirob_ws/install/setup.bash'
[33.583s] INFO:colcon.colcon_core.shell:Creating prefix script '/home/mgazzola/ros2_spirob_ws/install/local_setup.zsh'
[33.587s] INFO:colcon.colcon_core.shell:Creating prefix chain script '/home/mgazzola/ros2_spirob_ws/install/setup.zsh'
