[0.474s] DEBUG:colcon:Command line arguments: ['/usr/bin/colcon', 'build', '--packages-select', 'spirob_bringup']
[0.474s] DEBUG:colcon:Parsed command line arguments: Namespace(log_base=None, log_level=None, verb_name='build', build_base='build', install_base='install', merge_install=False, symlink_install=False, test_result_base=None, continue_on_error=False, executor='parallel', parallel_workers=4, event_handlers=None, ignore_user_meta=False, metas=['./colcon.meta'], base_paths=['.'], packages_ignore=None, packages_ignore_regex=None, paths=None, packages_up_to=None, packages_up_to_regex=None, packages_above=None, packages_above_and_dependencies=None, packages_above_depth=None, packages_select_by_dep=None, packages_skip_by_dep=None, packages_skip_up_to=None, packages_select_build_failed=False, packages_skip_build_finished=False, packages_select_test_failures=False, packages_skip_test_passed=False, packages_select=['spirob_bringup'], packages_skip=None, packages_select_regex=None, packages_skip_regex=None, packages_start=None, packages_end=None, allow_overriding=[], cmake_args=None, cmake_target=None, cmake_target_skip_unavailable=False, cmake_clean_cache=False, cmake_clean_first=False, cmake_force_configure=False, ament_cmake_args=None, catkin_cmake_args=None, catkin_skip_building_tests=False, mixin_files=None, mixin=None, verb_parser=<colcon_mixin.mixin.mixin_argument.MixinArgumentDecorator object at 0xffffaff97ec0>, verb_extension=<colcon_core.verb.build.BuildVerb object at 0xffffb0185220>, main=<bound method BuildVerb.main of <colcon_core.verb.build.BuildVerb object at 0xffffb0185220>>, mixin_verb=('build',))
[0.650s] Level 1:colcon.colcon_core.package_discovery:discover_packages(colcon_meta) check parameters
[0.650s] Level 1:colcon.colcon_core.package_discovery:discover_packages(recursive) check parameters
[0.651s] Level 1:colcon.colcon_core.package_discovery:discover_packages(ignore) check parameters
[0.651s] Level 1:colcon.colcon_core.package_discovery:discover_packages(path) check parameters
[0.651s] Level 1:colcon.colcon_core.package_discovery:discover_packages(colcon_meta) discover
[0.651s] Level 1:colcon.colcon_core.package_discovery:discover_packages(recursive) discover
[0.651s] INFO:colcon.colcon_core.package_discovery:Crawling recursively for packages in '/home/mgazzola/ros2_spirob_ws'
[0.652s] Level 1:colcon.colcon_core.package_identification:_identify(.) by extensions ['ignore', 'ignore_ament_install']
[0.652s] Level 1:colcon.colcon_core.package_identification:_identify(.) by extension 'ignore'
[0.652s] Level 1:colcon.colcon_core.package_identification:_identify(.) by extension 'ignore_ament_install'
[0.653s] Level 1:colcon.colcon_core.package_identification:_identify(.) by extensions ['colcon_pkg']
[0.653s] Level 1:colcon.colcon_core.package_identification:_identify(.) by extension 'colcon_pkg'
[0.653s] Level 1:colcon.colcon_core.package_identification:_identify(.) by extensions ['colcon_meta']
[0.653s] Level 1:colcon.colcon_core.package_identification:_identify(.) by extension 'colcon_meta'
[0.653s] Level 1:colcon.colcon_core.package_identification:_identify(.) by extensions ['ros']
[0.653s] Level 1:colcon.colcon_core.package_identification:_identify(.) by extension 'ros'
[0.759s] Level 1:colcon.colcon_core.package_identification:_identify(.) by extensions ['cmake', 'python']
[0.760s] Level 1:colcon.colcon_core.package_identification:_identify(.) by extension 'cmake'
[0.760s] Level 1:colcon.colcon_core.package_identification:_identify(.) by extension 'python'
[0.760s] Level 1:colcon.colcon_core.package_identification:_identify(.) by extensions ['python_setup_py']
[0.760s] Level 1:colcon.colcon_core.package_identification:_identify(.) by extension 'python_setup_py'
[0.761s] Level 1:colcon.colcon_core.package_identification:_identify(build) by extensions ['ignore', 'ignore_ament_install']
[0.761s] Level 1:colcon.colcon_core.package_identification:_identify(build) by extension 'ignore'
[0.761s] Level 1:colcon.colcon_core.package_identification:_identify(build) ignored
[0.762s] Level 1:colcon.colcon_core.package_identification:_identify(exp_ws) by extensions ['ignore', 'ignore_ament_install']
[0.762s] Level 1:colcon.colcon_core.package_identification:_identify(exp_ws) by extension 'ignore'
[0.763s] Level 1:colcon.colcon_core.package_identification:_identify(exp_ws) by extension 'ignore_ament_install'
[0.763s] Level 1:colcon.colcon_core.package_identification:_identify(exp_ws) by extensions ['colcon_pkg']
[0.763s] Level 1:colcon.colcon_core.package_identification:_identify(exp_ws) by extension 'colcon_pkg'
[0.763s] Level 1:colcon.colcon_core.package_identification:_identify(exp_ws) by extensions ['colcon_meta']
[0.763s] Level 1:colcon.colcon_core.package_identification:_identify(exp_ws) by extension 'colcon_meta'
[0.764s] Level 1:colcon.colcon_core.package_identification:_identify(exp_ws) by extensions ['ros']
[0.764s] Level 1:colcon.colcon_core.package_identification:_identify(exp_ws) by extension 'ros'
[0.764s] Level 1:colcon.colcon_core.package_identification:_identify(exp_ws) by extensions ['cmake', 'python']
[0.764s] Level 1:colcon.colcon_core.package_identification:_identify(exp_ws) by extension 'cmake'
[0.764s] Level 1:colcon.colcon_core.package_identification:_identify(exp_ws) by extension 'python'
[0.765s] Level 1:colcon.colcon_core.package_identification:_identify(exp_ws) by extensions ['python_setup_py']
[0.765s] Level 1:colcon.colcon_core.package_identification:_identify(exp_ws) by extension 'python_setup_py'
[0.765s] Level 1:colcon.colcon_core.package_identification:_identify(exp_ws/load_only) by extensions ['ignore', 'ignore_ament_install']
[0.766s] Level 1:colcon.colcon_core.package_identification:_identify(exp_ws/load_only) by extension 'ignore'
[0.766s] Level 1:colcon.colcon_core.package_identification:_identify(exp_ws/load_only) by extension 'ignore_ament_install'
[0.766s] Level 1:colcon.colcon_core.package_identification:_identify(exp_ws/load_only) by extensions ['colcon_pkg']
[0.766s] Level 1:colcon.colcon_core.package_identification:_identify(exp_ws/load_only) by extension 'colcon_pkg'
[0.766s] Level 1:colcon.colcon_core.package_identification:_identify(exp_ws/load_only) by extensions ['colcon_meta']
[0.767s] Level 1:colcon.colcon_core.package_identification:_identify(exp_ws/load_only) by extension 'colcon_meta'
[0.767s] Level 1:colcon.colcon_core.package_identification:_identify(exp_ws/load_only) by extensions ['ros']
[0.767s] Level 1:colcon.colcon_core.package_identification:_identify(exp_ws/load_only) by extension 'ros'
[0.767s] Level 1:colcon.colcon_core.package_identification:_identify(exp_ws/load_only) by extensions ['cmake', 'python']
[0.767s] Level 1:colcon.colcon_core.package_identification:_identify(exp_ws/load_only) by extension 'cmake'
[0.768s] Level 1:colcon.colcon_core.package_identification:_identify(exp_ws/load_only) by extension 'python'
[0.768s] Level 1:colcon.colcon_core.package_identification:_identify(exp_ws/load_only) by extensions ['python_setup_py']
[0.768s] Level 1:colcon.colcon_core.package_identification:_identify(exp_ws/load_only) by extension 'python_setup_py'
[0.768s] Level 1:colcon.colcon_core.package_identification:_identify(exp_ws/recorded_frames) by extensions ['ignore', 'ignore_ament_install']
[0.769s] Level 1:colcon.colcon_core.package_identification:_identify(exp_ws/recorded_frames) by extension 'ignore'
[0.769s] Level 1:colcon.colcon_core.package_identification:_identify(exp_ws/recorded_frames) by extension 'ignore_ament_install'
[0.769s] Level 1:colcon.colcon_core.package_identification:_identify(exp_ws/recorded_frames) by extensions ['colcon_pkg']
[0.769s] Level 1:colcon.colcon_core.package_identification:_identify(exp_ws/recorded_frames) by extension 'colcon_pkg'
[0.769s] Level 1:colcon.colcon_core.package_identification:_identify(exp_ws/recorded_frames) by extensions ['colcon_meta']
[0.770s] Level 1:colcon.colcon_core.package_identification:_identify(exp_ws/recorded_frames) by extension 'colcon_meta'
[0.770s] Level 1:colcon.colcon_core.package_identification:_identify(exp_ws/recorded_frames) by extensions ['ros']
[0.770s] Level 1:colcon.colcon_core.package_identification:_identify(exp_ws/recorded_frames) by extension 'ros'
[0.770s] Level 1:colcon.colcon_core.package_identification:_identify(exp_ws/recorded_frames) by extensions ['cmake', 'python']
[0.770s] Level 1:colcon.colcon_core.package_identification:_identify(exp_ws/recorded_frames) by extension 'cmake'
[0.771s] Level 1:colcon.colcon_core.package_identification:_identify(exp_ws/recorded_frames) by extension 'python'
[0.771s] Level 1:colcon.colcon_core.package_identification:_identify(exp_ws/recorded_frames) by extensions ['python_setup_py']
[0.771s] Level 1:colcon.colcon_core.package_identification:_identify(exp_ws/recorded_frames) by extension 'python_setup_py'
[0.771s] Level 1:colcon.colcon_core.package_identification:_identify(exp_ws/rosbag2_2025_12_31-16_29_08) by extensions ['ignore', 'ignore_ament_install']
[0.772s] Level 1:colcon.colcon_core.package_identification:_identify(exp_ws/rosbag2_2025_12_31-16_29_08) by extension 'ignore'
[0.772s] Level 1:colcon.colcon_core.package_identification:_identify(exp_ws/rosbag2_2025_12_31-16_29_08) by extension 'ignore_ament_install'
[0.772s] Level 1:colcon.colcon_core.package_identification:_identify(exp_ws/rosbag2_2025_12_31-16_29_08) by extensions ['colcon_pkg']
[0.772s] Level 1:colcon.colcon_core.package_identification:_identify(exp_ws/rosbag2_2025_12_31-16_29_08) by extension 'colcon_pkg'
[0.772s] Level 1:colcon.colcon_core.package_identification:_identify(exp_ws/rosbag2_2025_12_31-16_29_08) by extensions ['colcon_meta']
[0.773s] Level 1:colcon.colcon_core.package_identification:_identify(exp_ws/rosbag2_2025_12_31-16_29_08) by extension 'colcon_meta'
[0.773s] Level 1:colcon.colcon_core.package_identification:_identify(exp_ws/rosbag2_2025_12_31-16_29_08) by extensions ['ros']
[0.773s] Level 1:colcon.colcon_core.package_identification:_identify(exp_ws/rosbag2_2025_12_31-16_29_08) by extension 'ros'
[0.773s] Level 1:colcon.colcon_core.package_identification:_identify(exp_ws/rosbag2_2025_12_31-16_29_08) by extensions ['cmake', 'python']
[0.773s] Level 1:colcon.colcon_core.package_identification:_identify(exp_ws/rosbag2_2025_12_31-16_29_08) by extension 'cmake'
[0.774s] Level 1:colcon.colcon_core.package_identification:_identify(exp_ws/rosbag2_2025_12_31-16_29_08) by extension 'python'
[0.774s] Level 1:colcon.colcon_core.package_identification:_identify(exp_ws/rosbag2_2025_12_31-16_29_08) by extensions ['python_setup_py']
[0.774s] Level 1:colcon.colcon_core.package_identification:_identify(exp_ws/rosbag2_2025_12_31-16_29_08) by extension 'python_setup_py'
[0.774s] Level 1:colcon.colcon_core.package_identification:_identify(exp_ws/src) by extensions ['ignore', 'ignore_ament_install']
[0.775s] Level 1:colcon.colcon_core.package_identification:_identify(exp_ws/src) by extension 'ignore'
[0.775s] Level 1:colcon.colcon_core.package_identification:_identify(exp_ws/src) by extension 'ignore_ament_install'
[0.775s] Level 1:colcon.colcon_core.package_identification:_identify(exp_ws/src) by extensions ['colcon_pkg']
[0.775s] Level 1:colcon.colcon_core.package_identification:_identify(exp_ws/src) by extension 'colcon_pkg'
[0.775s] Level 1:colcon.colcon_core.package_identification:_identify(exp_ws/src) by extensions ['colcon_meta']
[0.776s] Level 1:colcon.colcon_core.package_identification:_identify(exp_ws/src) by extension 'colcon_meta'
[0.776s] Level 1:colcon.colcon_core.package_identification:_identify(exp_ws/src) by extensions ['ros']
[0.776s] Level 1:colcon.colcon_core.package_identification:_identify(exp_ws/src) by extension 'ros'
[0.776s] Level 1:colcon.colcon_core.package_identification:_identify(exp_ws/src) by extensions ['cmake', 'python']
[0.776s] Level 1:colcon.colcon_core.package_identification:_identify(exp_ws/src) by extension 'cmake'
[0.777s] Level 1:colcon.colcon_core.package_identification:_identify(exp_ws/src) by extension 'python'
[0.777s] Level 1:colcon.colcon_core.package_identification:_identify(exp_ws/src) by extensions ['python_setup_py']
[0.777s] Level 1:colcon.colcon_core.package_identification:_identify(exp_ws/src) by extension 'python_setup_py'
[0.777s] Level 1:colcon.colcon_core.package_identification:_identify(exp_ws/src/__pycache__) by extensions ['ignore', 'ignore_ament_install']
[0.778s] Level 1:colcon.colcon_core.package_identification:_identify(exp_ws/src/__pycache__) by extension 'ignore'
[0.778s] Level 1:colcon.colcon_core.package_identification:_identify(exp_ws/src/__pycache__) by extension 'ignore_ament_install'
[0.778s] Level 1:colcon.colcon_core.package_identification:_identify(exp_ws/src/__pycache__) by extensions ['colcon_pkg']
[0.778s] Level 1:colcon.colcon_core.package_identification:_identify(exp_ws/src/__pycache__) by extension 'colcon_pkg'
[0.779s] Level 1:colcon.colcon_core.package_identification:_identify(exp_ws/src/__pycache__) by extensions ['colcon_meta']
[0.779s] Level 1:colcon.colcon_core.package_identification:_identify(exp_ws/src/__pycache__) by extension 'colcon_meta'
[0.779s] Level 1:colcon.colcon_core.package_identification:_identify(exp_ws/src/__pycache__) by extensions ['ros']
[0.779s] Level 1:colcon.colcon_core.package_identification:_identify(exp_ws/src/__pycache__) by extension 'ros'
[0.779s] Level 1:colcon.colcon_core.package_identification:_identify(exp_ws/src/__pycache__) by extensions ['cmake', 'python']
[0.780s] Level 1:colcon.colcon_core.package_identification:_identify(exp_ws/src/__pycache__) by extension 'cmake'
[0.780s] Level 1:colcon.colcon_core.package_identification:_identify(exp_ws/src/__pycache__) by extension 'python'
[0.780s] Level 1:colcon.colcon_core.package_identification:_identify(exp_ws/src/__pycache__) by extensions ['python_setup_py']
[0.780s] Level 1:colcon.colcon_core.package_identification:_identify(exp_ws/src/__pycache__) by extension 'python_setup_py'
[0.781s] Level 1:colcon.colcon_core.package_identification:_identify(exp_ws/test_01) by extensions ['ignore', 'ignore_ament_install']
[0.781s] Level 1:colcon.colcon_core.package_identification:_identify(exp_ws/test_01) by extension 'ignore'
[0.782s] Level 1:colcon.colcon_core.package_identification:_identify(exp_ws/test_01) by extension 'ignore_ament_install'
[0.782s] Level 1:colcon.colcon_core.package_identification:_identify(exp_ws/test_01) by extensions ['colcon_pkg']
[0.782s] Level 1:colcon.colcon_core.package_identification:_identify(exp_ws/test_01) by extension 'colcon_pkg'
[0.782s] Level 1:colcon.colcon_core.package_identification:_identify(exp_ws/test_01) by extensions ['colcon_meta']
[0.783s] Level 1:colcon.colcon_core.package_identification:_identify(exp_ws/test_01) by extension 'colcon_meta'
[0.783s] Level 1:colcon.colcon_core.package_identification:_identify(exp_ws/test_01) by extensions ['ros']
[0.783s] Level 1:colcon.colcon_core.package_identification:_identify(exp_ws/test_01) by extension 'ros'
[0.783s] Level 1:colcon.colcon_core.package_identification:_identify(exp_ws/test_01) by extensions ['cmake', 'python']
[0.783s] Level 1:colcon.colcon_core.package_identification:_identify(exp_ws/test_01) by extension 'cmake'
[0.784s] Level 1:colcon.colcon_core.package_identification:_identify(exp_ws/test_01) by extension 'python'
[0.784s] Level 1:colcon.colcon_core.package_identification:_identify(exp_ws/test_01) by extensions ['python_setup_py']
[0.784s] Level 1:colcon.colcon_core.package_identification:_identify(exp_ws/test_01) by extension 'python_setup_py'
[0.784s] Level 1:colcon.colcon_core.package_identification:_identify(install) by extensions ['ignore', 'ignore_ament_install']
[0.785s] Level 1:colcon.colcon_core.package_identification:_identify(install) by extension 'ignore'
[0.785s] Level 1:colcon.colcon_core.package_identification:_identify(install) ignored
[0.786s] Level 1:colcon.colcon_core.package_identification:_identify(log) by extensions ['ignore', 'ignore_ament_install']
[0.787s] Level 1:colcon.colcon_core.package_identification:_identify(log) by extension 'ignore'
[0.787s] Level 1:colcon.colcon_core.package_identification:_identify(log) ignored
[0.787s] Level 1:colcon.colcon_core.package_identification:_identify(src) by extensions ['ignore', 'ignore_ament_install']
[0.788s] Level 1:colcon.colcon_core.package_identification:_identify(src) by extension 'ignore'
[0.788s] Level 1:colcon.colcon_core.package_identification:_identify(src) by extension 'ignore_ament_install'
[0.788s] Level 1:colcon.colcon_core.package_identification:_identify(src) by extensions ['colcon_pkg']
[0.788s] Level 1:colcon.colcon_core.package_identification:_identify(src) by extension 'colcon_pkg'
[0.789s] Level 1:colcon.colcon_core.package_identification:_identify(src) by extensions ['colcon_meta']
[0.789s] Level 1:colcon.colcon_core.package_identification:_identify(src) by extension 'colcon_meta'
[0.789s] Level 1:colcon.colcon_core.package_identification:_identify(src) by extensions ['ros']
[0.789s] Level 1:colcon.colcon_core.package_identification:_identify(src) by extension 'ros'
[0.789s] Level 1:colcon.colcon_core.package_identification:_identify(src) by extensions ['cmake', 'python']
[0.789s] Level 1:colcon.colcon_core.package_identification:_identify(src) by extension 'cmake'
[0.790s] Level 1:colcon.colcon_core.package_identification:_identify(src) by extension 'python'
[0.790s] Level 1:colcon.colcon_core.package_identification:_identify(src) by extensions ['python_setup_py']
[0.790s] Level 1:colcon.colcon_core.package_identification:_identify(src) by extension 'python_setup_py'
[0.790s] Level 1:colcon.colcon_core.package_identification:_identify(src/controller) by extensions ['ignore', 'ignore_ament_install']
[0.791s] Level 1:colcon.colcon_core.package_identification:_identify(src/controller) by extension 'ignore'
[0.791s] Level 1:colcon.colcon_core.package_identification:_identify(src/controller) by extension 'ignore_ament_install'
[0.791s] Level 1:colcon.colcon_core.package_identification:_identify(src/controller) by extensions ['colcon_pkg']
[0.791s] Level 1:colcon.colcon_core.package_identification:_identify(src/controller) by extension 'colcon_pkg'
[0.792s] Level 1:colcon.colcon_core.package_identification:_identify(src/controller) by extensions ['colcon_meta']
[0.792s] Level 1:colcon.colcon_core.package_identification:_identify(src/controller) by extension 'colcon_meta'
[0.792s] Level 1:colcon.colcon_core.package_identification:_identify(src/controller) by extensions ['ros']
[0.792s] Level 1:colcon.colcon_core.package_identification:_identify(src/controller) by extension 'ros'
[0.806s] DEBUG:colcon.colcon_core.package_identification:Package 'src/controller' with type 'ros.ament_python' and name 'controller'
[0.806s] Level 1:colcon.colcon_core.package_identification:_identify(src/joysticker) by extensions ['ignore', 'ignore_ament_install']
[0.807s] Level 1:colcon.colcon_core.package_identification:_identify(src/joysticker) by extension 'ignore'
[0.807s] Level 1:colcon.colcon_core.package_identification:_identify(src/joysticker) by extension 'ignore_ament_install'
[0.807s] Level 1:colcon.colcon_core.package_identification:_identify(src/joysticker) by extensions ['colcon_pkg']
[0.807s] Level 1:colcon.colcon_core.package_identification:_identify(src/joysticker) by extension 'colcon_pkg'
[0.808s] Level 1:colcon.colcon_core.package_identification:_identify(src/joysticker) by extensions ['colcon_meta']
[0.808s] Level 1:colcon.colcon_core.package_identification:_identify(src/joysticker) by extension 'colcon_meta'
[0.808s] Level 1:colcon.colcon_core.package_identification:_identify(src/joysticker) by extensions ['ros']
[0.808s] Level 1:colcon.colcon_core.package_identification:_identify(src/joysticker) by extension 'ros'
[0.810s] DEBUG:colcon.colcon_core.package_identification:Package 'src/joysticker' with type 'ros.ament_python' and name 'joysticker'
[0.810s] Level 1:colcon.colcon_core.package_identification:_identify(src/load_cell) by extensions ['ignore', 'ignore_ament_install']
[0.811s] Level 1:colcon.colcon_core.package_identification:_identify(src/load_cell) by extension 'ignore'
[0.811s] Level 1:colcon.colcon_core.package_identification:_identify(src/load_cell) by extension 'ignore_ament_install'
[0.811s] Level 1:colcon.colcon_core.package_identification:_identify(src/load_cell) by extensions ['colcon_pkg']
[0.811s] Level 1:colcon.colcon_core.package_identification:_identify(src/load_cell) by extension 'colcon_pkg'
[0.812s] Level 1:colcon.colcon_core.package_identification:_identify(src/load_cell) by extensions ['colcon_meta']
[0.812s] Level 1:colcon.colcon_core.package_identification:_identify(src/load_cell) by extension 'colcon_meta'
[0.812s] Level 1:colcon.colcon_core.package_identification:_identify(src/load_cell) by extensions ['ros']
[0.812s] Level 1:colcon.colcon_core.package_identification:_identify(src/load_cell) by extension 'ros'
[0.814s] DEBUG:colcon.colcon_core.package_identification:Package 'src/load_cell' with type 'ros.ament_python' and name 'load_cell'
[0.814s] Level 1:colcon.colcon_core.package_identification:_identify(src/motor_driver) by extensions ['ignore', 'ignore_ament_install']
[0.815s] Level 1:colcon.colcon_core.package_identification:_identify(src/motor_driver) by extension 'ignore'
[0.815s] Level 1:colcon.colcon_core.package_identification:_identify(src/motor_driver) by extension 'ignore_ament_install'
[0.815s] Level 1:colcon.colcon_core.package_identification:_identify(src/motor_driver) by extensions ['colcon_pkg']
[0.815s] Level 1:colcon.colcon_core.package_identification:_identify(src/motor_driver) by extension 'colcon_pkg'
[0.816s] Level 1:colcon.colcon_core.package_identification:_identify(src/motor_driver) by extensions ['colcon_meta']
[0.816s] Level 1:colcon.colcon_core.package_identification:_identify(src/motor_driver) by extension 'colcon_meta'
[0.816s] Level 1:colcon.colcon_core.package_identification:_identify(src/motor_driver) by extensions ['ros']
[0.816s] Level 1:colcon.colcon_core.package_identification:_identify(src/motor_driver) by extension 'ros'
[0.818s] DEBUG:colcon.colcon_core.package_identification:Package 'src/motor_driver' with type 'ros.ament_python' and name 'motor_driver'
[0.818s] Level 1:colcon.colcon_core.package_identification:_identify(src/robot_gui) by extensions ['ignore', 'ignore_ament_install']
[0.819s] Level 1:colcon.colcon_core.package_identification:_identify(src/robot_gui) by extension 'ignore'
[0.819s] Level 1:colcon.colcon_core.package_identification:_identify(src/robot_gui) by extension 'ignore_ament_install'
[0.819s] Level 1:colcon.colcon_core.package_identification:_identify(src/robot_gui) by extensions ['colcon_pkg']
[0.819s] Level 1:colcon.colcon_core.package_identification:_identify(src/robot_gui) by extension 'colcon_pkg'
[0.820s] Level 1:colcon.colcon_core.package_identification:_identify(src/robot_gui) by extensions ['colcon_meta']
[0.820s] Level 1:colcon.colcon_core.package_identification:_identify(src/robot_gui) by extension 'colcon_meta'
[0.820s] Level 1:colcon.colcon_core.package_identification:_identify(src/robot_gui) by extensions ['ros']
[0.820s] Level 1:colcon.colcon_core.package_identification:_identify(src/robot_gui) by extension 'ros'
[0.822s] DEBUG:colcon.colcon_core.package_identification:Package 'src/robot_gui' with type 'ros.ament_python' and name 'robot_gui'
[0.823s] Level 1:colcon.colcon_core.package_identification:_identify(src/spirob_bringup) by extensions ['ignore', 'ignore_ament_install']
[0.823s] Level 1:colcon.colcon_core.package_identification:_identify(src/spirob_bringup) by extension 'ignore'
[0.824s] Level 1:colcon.colcon_core.package_identification:_identify(src/spirob_bringup) by extension 'ignore_ament_install'
[0.824s] Level 1:colcon.colcon_core.package_identification:_identify(src/spirob_bringup) by extensions ['colcon_pkg']
[0.824s] Level 1:colcon.colcon_core.package_identification:_identify(src/spirob_bringup) by extension 'colcon_pkg'
[0.824s] Level 1:colcon.colcon_core.package_identification:_identify(src/spirob_bringup) by extensions ['colcon_meta']
[0.824s] Level 1:colcon.colcon_core.package_identification:_identify(src/spirob_bringup) by extension 'colcon_meta'
[0.824s] Level 1:colcon.colcon_core.package_identification:_identify(src/spirob_bringup) by extensions ['ros']
[0.825s] Level 1:colcon.colcon_core.package_identification:_identify(src/spirob_bringup) by extension 'ros'
[0.826s] DEBUG:colcon.colcon_core.package_identification:Package 'src/spirob_bringup' with type 'ros.ament_python' and name 'spirob_bringup'
[0.827s] Level 1:colcon.colcon_core.package_identification:_identify(src/vision) by extensions ['ignore', 'ignore_ament_install']
[0.827s] Level 1:colcon.colcon_core.package_identification:_identify(src/vision) by extension 'ignore'
[0.828s] Level 1:colcon.colcon_core.package_identification:_identify(src/vision) by extension 'ignore_ament_install'
[0.828s] Level 1:colcon.colcon_core.package_identification:_identify(src/vision) by extensions ['colcon_pkg']
[0.828s] Level 1:colcon.colcon_core.package_identification:_identify(src/vision) by extension 'colcon_pkg'
[0.828s] Level 1:colcon.colcon_core.package_identification:_identify(src/vision) by extensions ['colcon_meta']
[0.828s] Level 1:colcon.colcon_core.package_identification:_identify(src/vision) by extension 'colcon_meta'
[0.828s] Level 1:colcon.colcon_core.package_identification:_identify(src/vision) by extensions ['ros']
[0.829s] Level 1:colcon.colcon_core.package_identification:_identify(src/vision) by extension 'ros'
[0.830s] DEBUG:colcon.colcon_core.package_identification:Package 'src/vision' with type 'ros.ament_python' and name 'vision'
[0.830s] Level 1:colcon.colcon_core.package_discovery:discover_packages(recursive) using defaults
[0.831s] Level 1:colcon.colcon_core.package_discovery:discover_packages(ignore) discover
[0.831s] Level 1:colcon.colcon_core.package_discovery:discover_packages(ignore) using defaults
[0.831s] Level 1:colcon.colcon_core.package_discovery:discover_packages(path) discover
[0.831s] Level 1:colcon.colcon_core.package_discovery:discover_packages(path) using defaults
[0.907s] INFO:colcon.colcon_core.package_selection:Skipping not selected package 'controller' in 'src/controller'
[0.907s] INFO:colcon.colcon_core.package_selection:Skipping not selected package 'joysticker' in 'src/joysticker'
[0.907s] INFO:colcon.colcon_core.package_selection:Skipping not selected package 'load_cell' in 'src/load_cell'
[0.907s] INFO:colcon.colcon_core.package_selection:Skipping not selected package 'motor_driver' in 'src/motor_driver'
[0.907s] INFO:colcon.colcon_core.package_selection:Skipping not selected package 'robot_gui' in 'src/robot_gui'
[0.907s] INFO:colcon.colcon_core.package_selection:Skipping not selected package 'vision' in 'src/vision'
[0.909s] Level 1:colcon.colcon_core.package_discovery:discover_packages(prefix_path) check parameters
[0.909s] Level 1:colcon.colcon_core.package_discovery:discover_packages(prefix_path) discover
[0.920s] DEBUG:colcon.colcon_installed_package_information.package_discovery:Found 9 installed packages in /home/mgazzola/ros2_spirob_ws/install
[0.927s] DEBUG:colcon.colcon_installed_package_information.package_discovery:Found 197 installed packages in /opt/ros/kilted
[0.930s] Level 1:colcon.colcon_core.package_discovery:discover_packages(prefix_path) using defaults
[1.069s] Level 5:colcon.colcon_core.verb:set package 'spirob_bringup' build argument 'cmake_args' from command line to 'None'
[1.069s] Level 5:colcon.colcon_core.verb:set package 'spirob_bringup' build argument 'cmake_target' from command line to 'None'
[1.070s] Level 5:colcon.colcon_core.verb:set package 'spirob_bringup' build argument 'cmake_target_skip_unavailable' from command line to 'False'
[1.070s] Level 5:colcon.colcon_core.verb:set package 'spirob_bringup' build argument 'cmake_clean_cache' from command line to 'False'
[1.070s] Level 5:colcon.colcon_core.verb:set package 'spirob_bringup' build argument 'cmake_clean_first' from command line to 'False'
[1.070s] Level 5:colcon.colcon_core.verb:set package 'spirob_bringup' build argument 'cmake_force_configure' from command line to 'False'
[1.070s] Level 5:colcon.colcon_core.verb:set package 'spirob_bringup' build argument 'ament_cmake_args' from command line to 'None'
[1.070s] Level 5:colcon.colcon_core.verb:set package 'spirob_bringup' build argument 'catkin_cmake_args' from command line to 'None'
[1.071s] Level 5:colcon.colcon_core.verb:set package 'spirob_bringup' build argument 'catkin_skip_building_tests' from command line to 'False'
[1.071s] DEBUG:colcon.colcon_core.verb:Building package 'spirob_bringup' with the following arguments: {'ament_cmake_args': None, 'build_base': '/home/mgazzola/ros2_spirob_ws/build/spirob_bringup', 'catkin_cmake_args': None, 'catkin_skip_building_tests': False, 'cmake_args': None, 'cmake_clean_cache': False, 'cmake_clean_first': False, 'cmake_force_configure': False, 'cmake_target': None, 'cmake_target_skip_unavailable': False, 'install_base': '/home/mgazzola/ros2_spirob_ws/install/spirob_bringup', 'merge_install': False, 'path': '/home/mgazzola/ros2_spirob_ws/src/spirob_bringup', 'symlink_install': False, 'test_result_base': None}
[1.071s] INFO:colcon.colcon_core.executor:Executing jobs using 'parallel' executor
[1.075s] DEBUG:colcon.colcon_parallel_executor.executor.parallel:run_until_complete
[1.076s] INFO:colcon.colcon_ros.task.ament_python.build:Building ROS package in '/home/mgazzola/ros2_spirob_ws/src/spirob_bringup' with build type 'ament_python'
[1.077s] Level 1:colcon.colcon_core.shell:create_environment_hook('spirob_bringup', 'ament_prefix_path')
[1.087s] INFO:colcon.colcon_core.plugin_system:Skipping extension 'colcon_core.shell.bat': Not used on non-Windows systems
[1.088s] INFO:colcon.colcon_core.shell:Creating environment hook '/home/mgazzola/ros2_spirob_ws/install/spirob_bringup/share/spirob_bringup/hook/ament_prefix_path.ps1'
[1.091s] INFO:colcon.colcon_core.shell:Creating environment descriptor '/home/mgazzola/ros2_spirob_ws/install/spirob_bringup/share/spirob_bringup/hook/ament_prefix_path.dsv'
[1.094s] INFO:colcon.colcon_core.shell:Creating environment hook '/home/mgazzola/ros2_spirob_ws/install/spirob_bringup/share/spirob_bringup/hook/ament_prefix_path.sh'
[1.097s] INFO:colcon.colcon_core.shell:Skip shell extension 'powershell' for command environment: Not usable outside of PowerShell
[1.098s] DEBUG:colcon.colcon_core.shell:Skip shell extension 'dsv' for command environment
[2.245s] INFO:colcon.colcon_core.task.python.build:Building Python package in '/home/mgazzola/ros2_spirob_ws/src/spirob_bringup'
[2.245s] INFO:colcon.colcon_core.shell:Skip shell extension 'powershell' for command environment: Not usable outside of PowerShell
[2.246s] DEBUG:colcon.colcon_core.shell:Skip shell extension 'dsv' for command environment
[6.269s] DEBUG:colcon.colcon_core.event_handler.log_command:Invoking command in '/home/mgazzola/ros2_spirob_ws/src/spirob_bringup': DEBUGINFOD_URLS=https://debuginfod.ubuntu.com PS1=(.venv) \[\e]0;\u@\h: \w\a\]${debian_chroot:+($debian_chroot)}\[\033[01;32m\]\u@\h\[\033[00m\]:\[\033[01;34m\]\w\[\033[00m\]\$ PYTHONPATH=/home/mgazzola/ros2_spirob_ws/build/spirob_bringup/prefix_override:/usr/lib/python3/dist-packages/colcon_core/task/python/colcon_distutils_commands:/home/mgazzola/ros2_spirob_ws/install/spirob_bringup/lib/python3.12/site-packages:${PYTHONPATH} VIRTUAL_ENV_PROMPT=(.venv) /usr/bin/python3 -W ignore:setup.py install is deprecated -W ignore:easy_install command is deprecated setup.py egg_info --egg-base ../../build/spirob_bringup build --build-base /home/mgazzola/ros2_spirob_ws/build/spirob_bringup/build install --record /home/mgazzola/ros2_spirob_ws/build/spirob_bringup/install.log --single-version-externally-managed install_data
[9.093s] DEBUG:colcon.colcon_core.event_handler.log_command:Invoked command in '/home/mgazzola/ros2_spirob_ws/src/spirob_bringup' returned '0': DEBUGINFOD_URLS=https://debuginfod.ubuntu.com PS1=(.venv) \[\e]0;\u@\h: \w\a\]${debian_chroot:+($debian_chroot)}\[\033[01;32m\]\u@\h\[\033[00m\]:\[\033[01;34m\]\w\[\033[00m\]\$ PYTHONPATH=/home/mgazzola/ros2_spirob_ws/build/spirob_bringup/prefix_override:/usr/lib/python3/dist-packages/colcon_core/task/python/colcon_distutils_commands:/home/mgazzola/ros2_spirob_ws/install/spirob_bringup/lib/python3.12/site-packages:${PYTHONPATH} VIRTUAL_ENV_PROMPT=(.venv) /usr/bin/python3 -W ignore:setup.py install is deprecated -W ignore:easy_install command is deprecated setup.py egg_info --egg-base ../../build/spirob_bringup build --build-base /home/mgazzola/ros2_spirob_ws/build/spirob_bringup/build install --record /home/mgazzola/ros2_spirob_ws/build/spirob_bringup/install.log --single-version-externally-managed install_data
[9.105s] Level 1:colcon.colcon_core.environment:checking '/home/mgazzola/ros2_spirob_ws/install/spirob_bringup' for CMake module files
[9.108s] Level 1:colcon.colcon_core.environment:checking '/home/mgazzola/ros2_spirob_ws/install/spirob_bringup' for CMake config files
[9.113s] Level 1:colcon.colcon_core.environment:checking '/home/mgazzola/ros2_spirob_ws/install/spirob_bringup/lib'
[9.114s] Level 1:colcon.colcon_core.environment:checking '/home/mgazzola/ros2_spirob_ws/install/spirob_bringup/bin'
[9.114s] Level 1:colcon.colcon_core.environment:checking '/home/mgazzola/ros2_spirob_ws/install/spirob_bringup/lib/pkgconfig/spirob_bringup.pc'
[9.115s] Level 1:colcon.colcon_core.environment:checking '/home/mgazzola/ros2_spirob_ws/install/spirob_bringup/lib/python3.12/site-packages'
[9.116s] Level 1:colcon.colcon_core.shell:create_environment_hook('spirob_bringup', 'pythonpath')
[9.117s] INFO:colcon.colcon_core.shell:Creating environment hook '/home/mgazzola/ros2_spirob_ws/install/spirob_bringup/share/spirob_bringup/hook/pythonpath.ps1'
[9.119s] INFO:colcon.colcon_core.shell:Creating environment descriptor '/home/mgazzola/ros2_spirob_ws/install/spirob_bringup/share/spirob_bringup/hook/pythonpath.dsv'
[9.122s] INFO:colcon.colcon_core.shell:Creating environment hook '/home/mgazzola/ros2_spirob_ws/install/spirob_bringup/share/spirob_bringup/hook/pythonpath.sh'
[9.125s] Level 1:colcon.colcon_core.environment:checking '/home/mgazzola/ros2_spirob_ws/install/spirob_bringup/bin'
[9.126s] Level 1:colcon.colcon_core.environment:create_environment_scripts_only(spirob_bringup)
[9.127s] INFO:colcon.colcon_core.shell:Creating package script '/home/mgazzola/ros2_spirob_ws/install/spirob_bringup/share/spirob_bringup/package.ps1'
[9.130s] INFO:colcon.colcon_core.shell:Creating package descriptor '/home/mgazzola/ros2_spirob_ws/install/spirob_bringup/share/spirob_bringup/package.dsv'
[9.133s] INFO:colcon.colcon_core.shell:Creating package script '/home/mgazzola/ros2_spirob_ws/install/spirob_bringup/share/spirob_bringup/package.sh'
[9.136s] INFO:colcon.colcon_core.shell:Creating package script '/home/mgazzola/ros2_spirob_ws/install/spirob_bringup/share/spirob_bringup/package.bash'
[9.140s] INFO:colcon.colcon_core.shell:Creating package script '/home/mgazzola/ros2_spirob_ws/install/spirob_bringup/share/spirob_bringup/package.zsh'
[9.144s] Level 1:colcon.colcon_core.environment:create_file_with_runtime_dependencies(/home/mgazzola/ros2_spirob_ws/install/spirob_bringup/share/colcon-core/packages/spirob_bringup)
[9.145s] DEBUG:colcon.colcon_parallel_executor.executor.parallel:closing loop
[9.147s] DEBUG:colcon.colcon_parallel_executor.executor.parallel:loop closed
[9.148s] DEBUG:colcon.colcon_parallel_executor.executor.parallel:run_until_complete finished with '0'
[9.148s] DEBUG:colcon.colcon_core.event_reactor:joining thread
[9.179s] INFO:colcon.colcon_core.plugin_system:Skipping extension 'colcon_notification.desktop_notification.terminal_notifier': Not used on non-Darwin systems
[9.179s] INFO:colcon.colcon_core.plugin_system:Skipping extension 'colcon_notification.desktop_notification.win32': Not used on non-Windows systems
[9.180s] INFO:colcon.colcon_notification.desktop_notification:Sending desktop notification using 'notify2'
[9.249s] DEBUG:colcon.colcon_core.event_reactor:joined thread
[9.250s] INFO:colcon.colcon_core.shell:Creating prefix script '/home/mgazzola/ros2_spirob_ws/install/local_setup.ps1'
[9.255s] INFO:colcon.colcon_core.shell:Creating prefix util module '/home/mgazzola/ros2_spirob_ws/install/_local_setup_util_ps1.py'
[9.263s] INFO:colcon.colcon_core.shell:Creating prefix chain script '/home/mgazzola/ros2_spirob_ws/install/setup.ps1'
[9.270s] INFO:colcon.colcon_core.shell:Creating prefix script '/home/mgazzola/ros2_spirob_ws/install/local_setup.sh'
[9.276s] INFO:colcon.colcon_core.shell:Creating prefix util module '/home/mgazzola/ros2_spirob_ws/install/_local_setup_util_sh.py'
[9.281s] INFO:colcon.colcon_core.shell:Creating prefix chain script '/home/mgazzola/ros2_spirob_ws/install/setup.sh'
[9.291s] INFO:colcon.colcon_core.shell:Creating prefix script '/home/mgazzola/ros2_spirob_ws/install/local_setup.bash'
[9.294s] INFO:colcon.colcon_core.shell:Creating prefix chain script '/home/mgazzola/ros2_spirob_ws/install/setup.bash'
[9.301s] INFO:colcon.colcon_core.shell:Creating prefix script '/home/mgazzola/ros2_spirob_ws/install/local_setup.zsh'
[9.303s] INFO:colcon.colcon_core.shell:Creating prefix chain script '/home/mgazzola/ros2_spirob_ws/install/setup.zsh'
