[3.984s] Invoking command in '/home/mgazzola/ros2_spirob_ws/src/load_cell': DEBUGINFOD_URLS=https://debuginfod.ubuntu.com PS1=(.venv) \[\e]0;\u@\h: \w\a\]${debian_chroot:+($debian_chroot)}\[\033[01;32m\]\u@\h\[\033[00m\]:\[\033[01;34m\]\w\[\033[00m\]\$ PYTHONPATH=/home/mgazzola/ros2_spirob_ws/build/load_cell/prefix_override:/usr/lib/python3/dist-packages/colcon_core/task/python/colcon_distutils_commands:/home/mgazzola/ros2_spirob_ws/install/load_cell/lib/python3.12/site-packages:${PYTHONPATH} VIRTUAL_ENV_PROMPT=(.venv) /usr/bin/python3 -W ignore:setup.py install is deprecated -W ignore:easy_install command is deprecated setup.py egg_info --egg-base ../../build/load_cell build --build-base /home/mgazzola/ros2_spirob_ws/build/load_cell/build install --record /home/mgazzola/ros2_spirob_ws/build/load_cell/install.log --single-version-externally-managed install_data
[5.272s] running egg_info
[5.361s] writing ../../build/load_cell/load_cell.egg-info/PKG-INFO
[5.362s] writing dependency_links to ../../build/load_cell/load_cell.egg-info/dependency_links.txt
[5.368s] writing entry points to ../../build/load_cell/load_cell.egg-info/entry_points.txt
[5.370s] writing requirements to ../../build/load_cell/load_cell.egg-info/requires.txt
[5.373s] writing top-level names to ../../build/load_cell/load_cell.egg-info/top_level.txt
[5.569s] reading manifest file '../../build/load_cell/load_cell.egg-info/SOURCES.txt'
[5.573s] writing manifest file '../../build/load_cell/load_cell.egg-info/SOURCES.txt'
[5.574s] running build
[5.574s] running build_py
[5.576s] copying load_cell/load_publisher_node.py -> /home/mgazzola/ros2_spirob_ws/build/load_cell/build/lib/load_cell
[5.577s] running install
[5.604s] running install_lib
[5.694s] copying /home/mgazzola/ros2_spirob_ws/build/load_cell/build/lib/load_cell/load_publisher_node.py -> /home/mgazzola/ros2_spirob_ws/install/load_cell/lib/python3.12/site-packages/load_cell
[5.697s] byte-compiling /home/mgazzola/ros2_spirob_ws/install/load_cell/lib/python3.12/site-packages/load_cell/load_publisher_node.py to load_publisher_node.cpython-312.pyc
[5.750s] running install_data
[5.752s] running install_egg_info
[5.896s] removing '/home/mgazzola/ros2_spirob_ws/install/load_cell/lib/python3.12/site-packages/load_cell-0.0.0-py3.12.egg-info' (and everything under it)
[5.906s] Copying ../../build/load_cell/load_cell.egg-info to /home/mgazzola/ros2_spirob_ws/install/load_cell/lib/python3.12/site-packages/load_cell-0.0.0-py3.12.egg-info
[5.913s] running install_scripts
[6.625s] Installing load_publisher_node script to /home/mgazzola/ros2_spirob_ws/install/load_cell/lib/load_cell
[6.626s] writing list of installed files to '/home/mgazzola/ros2_spirob_ws/build/load_cell/install.log'
[6.788s] Invoked command in '/home/mgazzola/ros2_spirob_ws/src/load_cell' returned '0': DEBUGINFOD_URLS=https://debuginfod.ubuntu.com PS1=(.venv) \[\e]0;\u@\h: \w\a\]${debian_chroot:+($debian_chroot)}\[\033[01;32m\]\u@\h\[\033[00m\]:\[\033[01;34m\]\w\[\033[00m\]\$ PYTHONPATH=/home/mgazzola/ros2_spirob_ws/build/load_cell/prefix_override:/usr/lib/python3/dist-packages/colcon_core/task/python/colcon_distutils_commands:/home/mgazzola/ros2_spirob_ws/install/load_cell/lib/python3.12/site-packages:${PYTHONPATH} VIRTUAL_ENV_PROMPT=(.venv) /usr/bin/python3 -W ignore:setup.py install is deprecated -W ignore:easy_install command is deprecated setup.py egg_info --egg-base ../../build/load_cell build --build-base /home/mgazzola/ros2_spirob_ws/build/load_cell/build install --record /home/mgazzola/ros2_spirob_ws/build/load_cell/install.log --single-version-externally-managed install_data
