[5.371s] Invoking command in '/home/mgazzola/ros2_spirob_ws/src/spirob_bringup': DEBUGINFOD_URLS=https://debuginfod.ubuntu.com PS1=(.venv) \[\e]0;\u@\h: \w\a\]${debian_chroot:+($debian_chroot)}\[\033[01;32m\]\u@\h\[\033[00m\]:\[\033[01;34m\]\w\[\033[00m\]\$ PYTHONPATH=/home/mgazzola/ros2_spirob_ws/build/spirob_bringup/prefix_override:/usr/lib/python3/dist-packages/colcon_core/task/python/colcon_distutils_commands:/home/mgazzola/ros2_spirob_ws/install/spirob_bringup/lib/python3.12/site-packages:${PYTHONPATH} VIRTUAL_ENV_PROMPT=(.venv) /usr/bin/python3 -W ignore:setup.py install is deprecated -W ignore:easy_install command is deprecated setup.py egg_info --egg-base ../../build/spirob_bringup build --build-base /home/mgazzola/ros2_spirob_ws/build/spirob_bringup/build install --record /home/mgazzola/ros2_spirob_ws/build/spirob_bringup/install.log --single-version-externally-managed install_data
[7.114s] running egg_info
[7.247s] writing ../../build/spirob_bringup/spirob_bringup.egg-info/PKG-INFO
[7.249s] writing dependency_links to ../../build/spirob_bringup/spirob_bringup.egg-info/dependency_links.txt
[7.257s] writing requirements to ../../build/spirob_bringup/spirob_bringup.egg-info/requires.txt
[7.263s] writing top-level names to ../../build/spirob_bringup/spirob_bringup.egg-info/top_level.txt
[7.685s] reading manifest file '../../build/spirob_bringup/spirob_bringup.egg-info/SOURCES.txt'
[7.689s] writing manifest file '../../build/spirob_bringup/spirob_bringup.egg-info/SOURCES.txt'
[7.693s] running build
[7.693s] running build_py
[7.697s] running install
[7.737s] running install_lib
[7.889s] running install_data
[7.891s] copying launch/spirob.launch.py -> /home/mgazzola/ros2_spirob_ws/install/spirob_bringup/share/spirob_bringup/launch
[7.894s] running install_egg_info
[8.045s] removing '/home/mgazzola/ros2_spirob_ws/install/spirob_bringup/lib/python3.12/site-packages/spirob_bringup-0.0.0-py3.12.egg-info' (and everything under it)
[8.053s] Copying ../../build/spirob_bringup/spirob_bringup.egg-info to /home/mgazzola/ros2_spirob_ws/install/spirob_bringup/lib/python3.12/site-packages/spirob_bringup-0.0.0-py3.12.egg-info
[8.062s] running install_scripts
[9.098s] writing list of installed files to '/home/mgazzola/ros2_spirob_ws/build/spirob_bringup/install.log'
[9.334s] Invoked command in '/home/mgazzola/ros2_spirob_ws/src/spirob_bringup' returned '0': DEBUGINFOD_URLS=https://debuginfod.ubuntu.com PS1=(.venv) \[\e]0;\u@\h: \w\a\]${debian_chroot:+($debian_chroot)}\[\033[01;32m\]\u@\h\[\033[00m\]:\[\033[01;34m\]\w\[\033[00m\]\$ PYTHONPATH=/home/mgazzola/ros2_spirob_ws/build/spirob_bringup/prefix_override:/usr/lib/python3/dist-packages/colcon_core/task/python/colcon_distutils_commands:/home/mgazzola/ros2_spirob_ws/install/spirob_bringup/lib/python3.12/site-packages:${PYTHONPATH} VIRTUAL_ENV_PROMPT=(.venv) /usr/bin/python3 -W ignore:setup.py install is deprecated -W ignore:easy_install command is deprecated setup.py egg_info --egg-base ../../build/spirob_bringup build --build-base /home/mgazzola/ros2_spirob_ws/build/spirob_bringup/build install --record /home/mgazzola/ros2_spirob_ws/build/spirob_bringup/install.log --single-version-externally-managed install_data
