[8.164s] Invoking command in '/home/mgazzola/ros2_spirob_ws/src/joysticker': DEBUGINFOD_URLS=https://debuginfod.ubuntu.com PS1=(.venv) \[\e]0;\u@\h: \w\a\]${debian_chroot:+($debian_chroot)}\[\033[01;32m\]\u@\h\[\033[00m\]:\[\033[01;34m\]\w\[\033[00m\]\$ PYTHONPATH=/home/mgazzola/ros2_spirob_ws/build/joysticker/prefix_override:/usr/lib/python3/dist-packages/colcon_core/task/python/colcon_distutils_commands:/home/mgazzola/ros2_spirob_ws/install/joysticker/lib/python3.12/site-packages:${PYTHONPATH} VIRTUAL_ENV_PROMPT=(.venv) /usr/bin/python3 -W ignore:setup.py install is deprecated -W ignore:easy_install command is deprecated setup.py egg_info --egg-base ../../build/joysticker build --build-base /home/mgazzola/ros2_spirob_ws/build/joysticker/build install --record /home/mgazzola/ros2_spirob_ws/build/joysticker/install.log --single-version-externally-managed install_data
[10.357s] running egg_info
[10.523s] writing ../../build/joysticker/joysticker.egg-info/PKG-INFO
[10.524s] writing dependency_links to ../../build/joysticker/joysticker.egg-info/dependency_links.txt
[10.528s] writing entry points to ../../build/joysticker/joysticker.egg-info/entry_points.txt
[10.531s] writing requirements to ../../build/joysticker/joysticker.egg-info/requires.txt
[10.532s] writing top-level names to ../../build/joysticker/joysticker.egg-info/top_level.txt
[10.856s] reading manifest file '../../build/joysticker/joysticker.egg-info/SOURCES.txt'
[10.860s] writing manifest file '../../build/joysticker/joysticker.egg-info/SOURCES.txt'
[10.863s] running build
[10.864s] running build_py
[10.869s] running install
[10.903s] running install_lib
[11.047s] running install_data
[11.051s] running install_egg_info
[11.210s] removing '/home/mgazzola/ros2_spirob_ws/install/joysticker/lib/python3.12/site-packages/joysticker-0.0.0-py3.12.egg-info' (and everything under it)
[11.218s] Copying ../../build/joysticker/joysticker.egg-info to /home/mgazzola/ros2_spirob_ws/install/joysticker/lib/python3.12/site-packages/joysticker-0.0.0-py3.12.egg-info
[11.232s] running install_scripts
[12.629s] Installing joysticker_publisher_node script to /home/mgazzola/ros2_spirob_ws/install/joysticker/lib/joysticker
[12.636s] writing list of installed files to '/home/mgazzola/ros2_spirob_ws/build/joysticker/install.log'
[12.881s] Invoked command in '/home/mgazzola/ros2_spirob_ws/src/joysticker' returned '0': DEBUGINFOD_URLS=https://debuginfod.ubuntu.com PS1=(.venv) \[\e]0;\u@\h: \w\a\]${debian_chroot:+($debian_chroot)}\[\033[01;32m\]\u@\h\[\033[00m\]:\[\033[01;34m\]\w\[\033[00m\]\$ PYTHONPATH=/home/mgazzola/ros2_spirob_ws/build/joysticker/prefix_override:/usr/lib/python3/dist-packages/colcon_core/task/python/colcon_distutils_commands:/home/mgazzola/ros2_spirob_ws/install/joysticker/lib/python3.12/site-packages:${PYTHONPATH} VIRTUAL_ENV_PROMPT=(.venv) /usr/bin/python3 -W ignore:setup.py install is deprecated -W ignore:easy_install command is deprecated setup.py egg_info --egg-base ../../build/joysticker build --build-base /home/mgazzola/ros2_spirob_ws/build/joysticker/build install --record /home/mgazzola/ros2_spirob_ws/build/joysticker/install.log --single-version-externally-managed install_data
