[4.145s] Invoking command in '/home/mgazzola/ros2_spirob_ws/src/vision': DEBUGINFOD_URLS=https://debuginfod.ubuntu.com PS1=(.venv) \[\e]0;\u@\h: \w\a\]${debian_chroot:+($debian_chroot)}\[\033[01;32m\]\u@\h\[\033[00m\]:\[\033[01;34m\]\w\[\033[00m\]\$ PYTHONPATH=/home/mgazzola/ros2_spirob_ws/build/vision/prefix_override:/usr/lib/python3/dist-packages/colcon_core/task/python/colcon_distutils_commands:/home/mgazzola/ros2_spirob_ws/install/vision/lib/python3.12/site-packages:${PYTHONPATH} VIRTUAL_ENV_PROMPT=(.venv) /usr/bin/python3 -W ignore:setup.py install is deprecated -W ignore:easy_install command is deprecated setup.py egg_info --egg-base ../../build/vision build --build-base /home/mgazzola/ros2_spirob_ws/build/vision/build install --record /home/mgazzola/ros2_spirob_ws/build/vision/install.log --single-version-externally-managed install_data
[5.430s] running egg_info
[5.520s] writing ../../build/vision/vision.egg-info/PKG-INFO
[5.521s] writing dependency_links to ../../build/vision/vision.egg-info/dependency_links.txt
[5.524s] writing entry points to ../../build/vision/vision.egg-info/entry_points.txt
[5.525s] writing requirements to ../../build/vision/vision.egg-info/requires.txt
[5.526s] writing top-level names to ../../build/vision/vision.egg-info/top_level.txt
[5.715s] reading manifest file '../../build/vision/vision.egg-info/SOURCES.txt'
[5.718s] writing manifest file '../../build/vision/vision.egg-info/SOURCES.txt'
[5.720s] running build
[5.720s] running build_py
[5.722s] copying vision/record_video_node.py -> /home/mgazzola/ros2_spirob_ws/build/vision/build/lib/vision
[5.723s] running install
[5.755s] running install_lib
[5.849s] copying /home/mgazzola/ros2_spirob_ws/build/vision/build/lib/vision/record_video_node.py -> /home/mgazzola/ros2_spirob_ws/install/vision/lib/python3.12/site-packages/vision
[5.853s] byte-compiling /home/mgazzola/ros2_spirob_ws/install/vision/lib/python3.12/site-packages/vision/record_video_node.py to record_video_node.cpython-312.pyc
[5.858s] running install_data
[5.858s] running install_egg_info
[5.954s] removing '/home/mgazzola/ros2_spirob_ws/install/vision/lib/python3.12/site-packages/vision-0.0.0-py3.12.egg-info' (and everything under it)
[5.958s] Copying ../../build/vision/vision.egg-info to /home/mgazzola/ros2_spirob_ws/install/vision/lib/python3.12/site-packages/vision-0.0.0-py3.12.egg-info
[5.966s] running install_scripts
[6.671s] Installing record_video_node script to /home/mgazzola/ros2_spirob_ws/install/vision/lib/vision
[6.673s] writing list of installed files to '/home/mgazzola/ros2_spirob_ws/build/vision/install.log'
[6.835s] Invoked command in '/home/mgazzola/ros2_spirob_ws/src/vision' returned '0': DEBUGINFOD_URLS=https://debuginfod.ubuntu.com PS1=(.venv) \[\e]0;\u@\h: \w\a\]${debian_chroot:+($debian_chroot)}\[\033[01;32m\]\u@\h\[\033[00m\]:\[\033[01;34m\]\w\[\033[00m\]\$ PYTHONPATH=/home/mgazzola/ros2_spirob_ws/build/vision/prefix_override:/usr/lib/python3/dist-packages/colcon_core/task/python/colcon_distutils_commands:/home/mgazzola/ros2_spirob_ws/install/vision/lib/python3.12/site-packages:${PYTHONPATH} VIRTUAL_ENV_PROMPT=(.venv) /usr/bin/python3 -W ignore:setup.py install is deprecated -W ignore:easy_install command is deprecated setup.py egg_info --egg-base ../../build/vision build --build-base /home/mgazzola/ros2_spirob_ws/build/vision/build install --record /home/mgazzola/ros2_spirob_ws/build/vision/install.log --single-version-externally-managed install_data
