running develop
Removing /home/mgazzola/ros2_spirob_ws/install/load_cell/lib/python3.12/site-packages/load-cell.egg-link (link to .)
running egg_info
writing ../../build/load_cell/load_cell.egg-info/PKG-INFO
writing dependency_links to ../../build/load_cell/load_cell.egg-info/dependency_links.txt
writing entry points to ../../build/load_cell/load_cell.egg-info/entry_points.txt
writing requirements to ../../build/load_cell/load_cell.egg-info/requires.txt
writing top-level names to ../../build/load_cell/load_cell.egg-info/top_level.txt
reading manifest file '../../build/load_cell/load_cell.egg-info/SOURCES.txt'
writing manifest file '../../build/load_cell/load_cell.egg-info/SOURCES.txt'
running build
running build_py
running install
running install_lib
creating /home/mgazzola/ros2_spirob_ws/install/load_cell/lib/python3.12/site-packages/load_cell
copying /home/mgazzola/ros2_spirob_ws/build/load_cell/build/lib/load_cell/load_cell.py -> /home/mgazzola/ros2_spirob_ws/install/load_cell/lib/python3.12/site-packages/load_cell
copying /home/mgazzola/ros2_spirob_ws/build/load_cell/build/lib/load_cell/__init__.py -> /home/mgazzola/ros2_spirob_ws/install/load_cell/lib/python3.12/site-packages/load_cell
copying /home/mgazzola/ros2_spirob_ws/build/load_cell/build/lib/load_cell/load_publisher_node.py -> /home/mgazzola/ros2_spirob_ws/install/load_cell/lib/python3.12/site-packages/load_cell
byte-compiling /home/mgazzola/ros2_spirob_ws/install/load_cell/lib/python3.12/site-packages/load_cell/load_cell.py to load_cell.cpython-312.pyc
byte-compiling /home/mgazzola/ros2_spirob_ws/install/load_cell/lib/python3.12/site-packages/load_cell/__init__.py to __init__.cpython-312.pyc
byte-compiling /home/mgazzola/ros2_spirob_ws/install/load_cell/lib/python3.12/site-packages/load_cell/load_publisher_node.py to load_publisher_node.cpython-312.pyc
running install_data
copying resource/load_cell -> /home/mgazzola/ros2_spirob_ws/install/load_cell/share/ament_index/resource_index/packages
copying package.xml -> /home/mgazzola/ros2_spirob_ws/install/load_cell/share/load_cell
running install_egg_info
Copying ../../build/load_cell/load_cell.egg-info to /home/mgazzola/ros2_spirob_ws/install/load_cell/lib/python3.12/site-packages/load_cell-0.0.0-py3.12.egg-info
running install_scripts
Installing load_publisher_node script to /home/mgazzola/ros2_spirob_ws/install/load_cell/lib/load_cell
writing list of installed files to '/home/mgazzola/ros2_spirob_ws/build/load_cell/install.log'
