[3.673s] Invoking command in '/home/mgazzola/ros2_spirob_ws/src/spirob_bringup': DEBUGINFOD_URLS=https://debuginfod.ubuntu.com PS1=(.venv) \[\e]0;\u@\h: \w\a\]${debian_chroot:+($debian_chroot)}\[\033[01;32m\]\u@\h\[\033[00m\]:\[\033[01;34m\]\w\[\033[00m\]\$ PYTHONPATH=/home/mgazzola/ros2_spirob_ws/build/spirob_bringup/prefix_override:/usr/lib/python3/dist-packages/colcon_core/task/python/colcon_distutils_commands:/home/mgazzola/ros2_spirob_ws/install/spirob_bringup/lib/python3.12/site-packages:${PYTHONPATH} VIRTUAL_ENV_PROMPT=(.venv) /usr/bin/python3 -W ignore:setup.py install is deprecated -W ignore:easy_install command is deprecated setup.py egg_info --egg-base ../../build/spirob_bringup build --build-base /home/mgazzola/ros2_spirob_ws/build/spirob_bringup/build install --record /home/mgazzola/ros2_spirob_ws/build/spirob_bringup/install.log --single-version-externally-managed install_data
[4.851s] running egg_info
[4.933s] writing ../../build/spirob_bringup/spirob_bringup.egg-info/PKG-INFO
[4.934s] writing dependency_links to ../../build/spirob_bringup/spirob_bringup.egg-info/dependency_links.txt
[4.939s] writing requirements to ../../build/spirob_bringup/spirob_bringup.egg-info/requires.txt
[4.940s] writing top-level names to ../../build/spirob_bringup/spirob_bringup.egg-info/top_level.txt
[5.111s] reading manifest file '../../build/spirob_bringup/spirob_bringup.egg-info/SOURCES.txt'
[5.114s] writing manifest file '../../build/spirob_bringup/spirob_bringup.egg-info/SOURCES.txt'
[5.115s] running build
[5.115s] running build_py
[5.116s] running install
[5.141s] running install_lib
[5.225s] running install_data
[5.226s] copying launch/spirob.launch.py -> /home/mgazzola/ros2_spirob_ws/install/spirob_bringup/share/spirob_bringup/launch
[5.227s] running install_egg_info
[5.316s] removing '/home/mgazzola/ros2_spirob_ws/install/spirob_bringup/lib/python3.12/site-packages/spirob_bringup-0.0.0-py3.12.egg-info' (and everything under it)
[5.318s] Copying ../../build/spirob_bringup/spirob_bringup.egg-info to /home/mgazzola/ros2_spirob_ws/install/spirob_bringup/lib/python3.12/site-packages/spirob_bringup-0.0.0-py3.12.egg-info
[5.324s] running install_scripts
[5.941s] writing list of installed files to '/home/mgazzola/ros2_spirob_ws/build/spirob_bringup/install.log'
[6.089s] Invoked command in '/home/mgazzola/ros2_spirob_ws/src/spirob_bringup' returned '0': DEBUGINFOD_URLS=https://debuginfod.ubuntu.com PS1=(.venv) \[\e]0;\u@\h: \w\a\]${debian_chroot:+($debian_chroot)}\[\033[01;32m\]\u@\h\[\033[00m\]:\[\033[01;34m\]\w\[\033[00m\]\$ PYTHONPATH=/home/mgazzola/ros2_spirob_ws/build/spirob_bringup/prefix_override:/usr/lib/python3/dist-packages/colcon_core/task/python/colcon_distutils_commands:/home/mgazzola/ros2_spirob_ws/install/spirob_bringup/lib/python3.12/site-packages:${PYTHONPATH} VIRTUAL_ENV_PROMPT=(.venv) /usr/bin/python3 -W ignore:setup.py install is deprecated -W ignore:easy_install command is deprecated setup.py egg_info --egg-base ../../build/spirob_bringup build --build-base /home/mgazzola/ros2_spirob_ws/build/spirob_bringup/build install --record /home/mgazzola/ros2_spirob_ws/build/spirob_bringup/install.log --single-version-externally-managed install_data
