[9.102s] Invoking command in '/home/mgazzola/ros2_spirob_ws/src/controller': DEBUGINFOD_URLS=https://debuginfod.ubuntu.com PS1=(.venv) \[\e]0;\u@\h: \w\a\]${debian_chroot:+($debian_chroot)}\[\033[01;32m\]\u@\h\[\033[00m\]:\[\033[01;34m\]\w\[\033[00m\]\$ PYTHONPATH=/home/mgazzola/ros2_spirob_ws/build/controller/prefix_override:/usr/lib/python3/dist-packages/colcon_core/task/python/colcon_distutils_commands:/home/mgazzola/ros2_spirob_ws/install/controller/lib/python3.12/site-packages:${PYTHONPATH} VIRTUAL_ENV_PROMPT=(.venv) /usr/bin/python3 -W ignore:setup.py install is deprecated -W ignore:easy_install command is deprecated setup.py egg_info --egg-base ../../build/controller build --build-base /home/mgazzola/ros2_spirob_ws/build/controller/build install --record /home/mgazzola/ros2_spirob_ws/build/controller/install.log --single-version-externally-managed install_data
[10.894s] running egg_info
[11.031s] writing ../../build/controller/controller.egg-info/PKG-INFO
[11.036s] writing dependency_links to ../../build/controller/controller.egg-info/dependency_links.txt
[11.045s] writing entry points to ../../build/controller/controller.egg-info/entry_points.txt
[11.052s] writing requirements to ../../build/controller/controller.egg-info/requires.txt
[11.055s] writing top-level names to ../../build/controller/controller.egg-info/top_level.txt
[11.345s] reading manifest file '../../build/controller/controller.egg-info/SOURCES.txt'
[11.346s] writing manifest file '../../build/controller/controller.egg-info/SOURCES.txt'
[11.346s] running build
[11.352s] running build_py
[11.353s] running install
[11.385s] running install_lib
[11.573s] running install_data
[11.577s] running install_egg_info
[11.774s] removing '/home/mgazzola/ros2_spirob_ws/install/controller/lib/python3.12/site-packages/controller-0.0.0-py3.12.egg-info' (and everything under it)
[11.775s] Copying ../../build/controller/controller.egg-info to /home/mgazzola/ros2_spirob_ws/install/controller/lib/python3.12/site-packages/controller-0.0.0-py3.12.egg-info
[11.780s] running install_scripts
[12.856s] Installing pid_controller_node script to /home/mgazzola/ros2_spirob_ws/install/controller/lib/controller
[12.860s] Installing setup_node script to /home/mgazzola/ros2_spirob_ws/install/controller/lib/controller
[12.862s] writing list of installed files to '/home/mgazzola/ros2_spirob_ws/build/controller/install.log'
[13.098s] Invoked command in '/home/mgazzola/ros2_spirob_ws/src/controller' returned '0': DEBUGINFOD_URLS=https://debuginfod.ubuntu.com PS1=(.venv) \[\e]0;\u@\h: \w\a\]${debian_chroot:+($debian_chroot)}\[\033[01;32m\]\u@\h\[\033[00m\]:\[\033[01;34m\]\w\[\033[00m\]\$ PYTHONPATH=/home/mgazzola/ros2_spirob_ws/build/controller/prefix_override:/usr/lib/python3/dist-packages/colcon_core/task/python/colcon_distutils_commands:/home/mgazzola/ros2_spirob_ws/install/controller/lib/python3.12/site-packages:${PYTHONPATH} VIRTUAL_ENV_PROMPT=(.venv) /usr/bin/python3 -W ignore:setup.py install is deprecated -W ignore:easy_install command is deprecated setup.py egg_info --egg-base ../../build/controller build --build-base /home/mgazzola/ros2_spirob_ws/build/controller/build install --record /home/mgazzola/ros2_spirob_ws/build/controller/install.log --single-version-externally-managed install_data
