[7.446s] Invoking command in '/home/mgazzola/ros2_spirob_ws/src/robot_gui': DEBUGINFOD_URLS=https://debuginfod.ubuntu.com PS1=(.venv) \[\e]0;\u@\h: \w\a\]${debian_chroot:+($debian_chroot)}\[\033[01;32m\]\u@\h\[\033[00m\]:\[\033[01;34m\]\w\[\033[00m\]\$ PYTHONPATH=/home/mgazzola/ros2_spirob_ws/build/robot_gui/prefix_override:/usr/lib/python3/dist-packages/colcon_core/task/python/colcon_distutils_commands:/home/mgazzola/ros2_spirob_ws/install/robot_gui/lib/python3.12/site-packages:${PYTHONPATH} VIRTUAL_ENV_PROMPT=(.venv) /usr/bin/python3 -W ignore:setup.py install is deprecated -W ignore:easy_install command is deprecated setup.py egg_info --egg-base ../../build/robot_gui build --build-base /home/mgazzola/ros2_spirob_ws/build/robot_gui/build install --record /home/mgazzola/ros2_spirob_ws/build/robot_gui/install.log --single-version-externally-managed install_data
[9.893s] running egg_info
[10.183s] writing ../../build/robot_gui/robot_GUI.egg-info/PKG-INFO
[10.190s] writing dependency_links to ../../build/robot_gui/robot_GUI.egg-info/dependency_links.txt
[10.207s] writing entry points to ../../build/robot_gui/robot_GUI.egg-info/entry_points.txt
[10.213s] writing requirements to ../../build/robot_gui/robot_GUI.egg-info/requires.txt
[10.226s] writing top-level names to ../../build/robot_gui/robot_GUI.egg-info/top_level.txt
[10.696s] reading manifest file '../../build/robot_gui/robot_GUI.egg-info/SOURCES.txt'
[10.699s] writing manifest file '../../build/robot_gui/robot_GUI.egg-info/SOURCES.txt'
[10.700s] running build
[10.711s] running build_py
[10.714s] running install
[10.738s] running install_lib
[10.942s] creating /home/mgazzola/ros2_spirob_ws/install/robot_gui/lib/python3.12/site-packages/robot_gui
[10.944s] copying /home/mgazzola/ros2_spirob_ws/build/robot_gui/build/lib/robot_gui/robot_GUI_node.py -> /home/mgazzola/ros2_spirob_ws/install/robot_gui/lib/python3.12/site-packages/robot_gui
[10.948s] copying /home/mgazzola/ros2_spirob_ws/build/robot_gui/build/lib/robot_gui/__init__.py -> /home/mgazzola/ros2_spirob_ws/install/robot_gui/lib/python3.12/site-packages/robot_gui
[10.950s] copying /home/mgazzola/ros2_spirob_ws/build/robot_gui/build/lib/robot_gui/robot_GUI_display.py -> /home/mgazzola/ros2_spirob_ws/install/robot_gui/lib/python3.12/site-packages/robot_gui
[10.958s] byte-compiling /home/mgazzola/ros2_spirob_ws/install/robot_gui/lib/python3.12/site-packages/robot_gui/robot_GUI_node.py to robot_GUI_node.cpython-312.pyc
[10.967s] byte-compiling /home/mgazzola/ros2_spirob_ws/install/robot_gui/lib/python3.12/site-packages/robot_gui/__init__.py to __init__.cpython-312.pyc
[10.971s] byte-compiling /home/mgazzola/ros2_spirob_ws/install/robot_gui/lib/python3.12/site-packages/robot_gui/robot_GUI_display.py to robot_GUI_display.cpython-312.pyc
[10.977s] running install_data
[10.978s] running install_egg_info
[11.180s] Copying ../../build/robot_gui/robot_GUI.egg-info to /home/mgazzola/ros2_spirob_ws/install/robot_gui/lib/python3.12/site-packages/robot_GUI-0.0.0-py3.12.egg-info
[11.215s] running install_scripts
[12.710s] Installing robot_GUI_node script to /home/mgazzola/ros2_spirob_ws/install/robot_gui/lib/robot_GUI
[12.717s] writing list of installed files to '/home/mgazzola/ros2_spirob_ws/build/robot_gui/install.log'
[13.065s] Invoked command in '/home/mgazzola/ros2_spirob_ws/src/robot_gui' returned '0': DEBUGINFOD_URLS=https://debuginfod.ubuntu.com PS1=(.venv) \[\e]0;\u@\h: \w\a\]${debian_chroot:+($debian_chroot)}\[\033[01;32m\]\u@\h\[\033[00m\]:\[\033[01;34m\]\w\[\033[00m\]\$ PYTHONPATH=/home/mgazzola/ros2_spirob_ws/build/robot_gui/prefix_override:/usr/lib/python3/dist-packages/colcon_core/task/python/colcon_distutils_commands:/home/mgazzola/ros2_spirob_ws/install/robot_gui/lib/python3.12/site-packages:${PYTHONPATH} VIRTUAL_ENV_PROMPT=(.venv) /usr/bin/python3 -W ignore:setup.py install is deprecated -W ignore:easy_install command is deprecated setup.py egg_info --egg-base ../../build/robot_gui build --build-base /home/mgazzola/ros2_spirob_ws/build/robot_gui/build install --record /home/mgazzola/ros2_spirob_ws/build/robot_gui/install.log --single-version-externally-managed install_data
