[8.255s] Invoking command in '/home/mgazzola/ros2_spirob_ws/build/vision': DEBUGINFOD_URLS=https://debuginfod.ubuntu.com PS1=(.venv) \[\e]0;\u@\h: \w\a\]${debian_chroot:+($debian_chroot)}\[\033[01;32m\]\u@\h\[\033[00m\]:\[\033[01;34m\]\w\[\033[00m\]\$ PYTHONPATH=/home/mgazzola/ros2_spirob_ws/build/vision/prefix_override:/usr/lib/python3/dist-packages/colcon_core/task/python/colcon_distutils_commands:/home/mgazzola/ros2_spirob_ws/install/vision/lib/python3.12/site-packages:${PYTHONPATH} VIRTUAL_ENV_PROMPT=(.venv) /usr/bin/python3 -W ignore:setup.py install is deprecated -W ignore:easy_install command is deprecated setup.py develop --uninstall --editable --build-directory /home/mgazzola/ros2_spirob_ws/build/vision/build
[10.873s] running develop
[12.504s] Removing /home/mgazzola/ros2_spirob_ws/install/vision/lib/python3.12/site-packages/vision.egg-link (link to .)
[12.675s] Invoked command in '/home/mgazzola/ros2_spirob_ws/build/vision' returned '0': DEBUGINFOD_URLS=https://debuginfod.ubuntu.com PS1=(.venv) \[\e]0;\u@\h: \w\a\]${debian_chroot:+($debian_chroot)}\[\033[01;32m\]\u@\h\[\033[00m\]:\[\033[01;34m\]\w\[\033[00m\]\$ PYTHONPATH=/home/mgazzola/ros2_spirob_ws/build/vision/prefix_override:/usr/lib/python3/dist-packages/colcon_core/task/python/colcon_distutils_commands:/home/mgazzola/ros2_spirob_ws/install/vision/lib/python3.12/site-packages:${PYTHONPATH} VIRTUAL_ENV_PROMPT=(.venv) /usr/bin/python3 -W ignore:setup.py install is deprecated -W ignore:easy_install command is deprecated setup.py develop --uninstall --editable --build-directory /home/mgazzola/ros2_spirob_ws/build/vision/build
[12.681s] Invoking command in '/home/mgazzola/ros2_spirob_ws/src/vision': DEBUGINFOD_URLS=https://debuginfod.ubuntu.com PS1=(.venv) \[\e]0;\u@\h: \w\a\]${debian_chroot:+($debian_chroot)}\[\033[01;32m\]\u@\h\[\033[00m\]:\[\033[01;34m\]\w\[\033[00m\]\$ PYTHONPATH=/home/mgazzola/ros2_spirob_ws/build/vision/prefix_override:/usr/lib/python3/dist-packages/colcon_core/task/python/colcon_distutils_commands:/home/mgazzola/ros2_spirob_ws/install/vision/lib/python3.12/site-packages:${PYTHONPATH} VIRTUAL_ENV_PROMPT=(.venv) /usr/bin/python3 -W ignore:setup.py install is deprecated -W ignore:easy_install command is deprecated setup.py egg_info --egg-base ../../build/vision build --build-base /home/mgazzola/ros2_spirob_ws/build/vision/build install --record /home/mgazzola/ros2_spirob_ws/build/vision/install.log --single-version-externally-managed install_data --force
[14.045s] running egg_info
[14.133s] writing ../../build/vision/vision.egg-info/PKG-INFO
[14.134s] writing dependency_links to ../../build/vision/vision.egg-info/dependency_links.txt
[14.138s] writing entry points to ../../build/vision/vision.egg-info/entry_points.txt
[14.140s] writing requirements to ../../build/vision/vision.egg-info/requires.txt
[14.141s] writing top-level names to ../../build/vision/vision.egg-info/top_level.txt
[14.317s] reading manifest file '../../build/vision/vision.egg-info/SOURCES.txt'
[14.321s] writing manifest file '../../build/vision/vision.egg-info/SOURCES.txt'
[14.322s] running build
[14.324s] running build_py
[14.325s] running install
[14.352s] running install_lib
[14.438s] creating /home/mgazzola/ros2_spirob_ws/install/vision/lib/python3.12/site-packages/vision
[14.443s] copying /home/mgazzola/ros2_spirob_ws/build/vision/build/lib/vision/__init__.py -> /home/mgazzola/ros2_spirob_ws/install/vision/lib/python3.12/site-packages/vision
[14.443s] copying /home/mgazzola/ros2_spirob_ws/build/vision/build/lib/vision/socket_video_pipe.py -> /home/mgazzola/ros2_spirob_ws/install/vision/lib/python3.12/site-packages/vision
[14.444s] copying /home/mgazzola/ros2_spirob_ws/build/vision/build/lib/vision/record_video_node.py -> /home/mgazzola/ros2_spirob_ws/install/vision/lib/python3.12/site-packages/vision
[14.448s] copying /home/mgazzola/ros2_spirob_ws/build/vision/build/lib/vision/vision_system.py -> /home/mgazzola/ros2_spirob_ws/install/vision/lib/python3.12/site-packages/vision
[14.449s] byte-compiling /home/mgazzola/ros2_spirob_ws/install/vision/lib/python3.12/site-packages/vision/__init__.py to __init__.cpython-312.pyc
[14.450s] byte-compiling /home/mgazzola/ros2_spirob_ws/install/vision/lib/python3.12/site-packages/vision/socket_video_pipe.py to socket_video_pipe.cpython-312.pyc
[14.454s] byte-compiling /home/mgazzola/ros2_spirob_ws/install/vision/lib/python3.12/site-packages/vision/record_video_node.py to record_video_node.cpython-312.pyc
[14.456s] byte-compiling /home/mgazzola/ros2_spirob_ws/install/vision/lib/python3.12/site-packages/vision/vision_system.py to vision_system.cpython-312.pyc
[14.459s] running install_data
[14.459s] copying resource/vision -> /home/mgazzola/ros2_spirob_ws/install/vision/share/ament_index/resource_index/packages
[14.460s] copying package.xml -> /home/mgazzola/ros2_spirob_ws/install/vision/share/vision
[14.462s] running install_egg_info
[14.558s] Copying ../../build/vision/vision.egg-info to /home/mgazzola/ros2_spirob_ws/install/vision/lib/python3.12/site-packages/vision-0.0.0-py3.12.egg-info
[14.565s] running install_scripts
[15.250s] Installing record_video_node script to /home/mgazzola/ros2_spirob_ws/install/vision/lib/vision
[15.252s] writing list of installed files to '/home/mgazzola/ros2_spirob_ws/build/vision/install.log'
[15.409s] Invoked command in '/home/mgazzola/ros2_spirob_ws/src/vision' returned '0': DEBUGINFOD_URLS=https://debuginfod.ubuntu.com PS1=(.venv) \[\e]0;\u@\h: \w\a\]${debian_chroot:+($debian_chroot)}\[\033[01;32m\]\u@\h\[\033[00m\]:\[\033[01;34m\]\w\[\033[00m\]\$ PYTHONPATH=/home/mgazzola/ros2_spirob_ws/build/vision/prefix_override:/usr/lib/python3/dist-packages/colcon_core/task/python/colcon_distutils_commands:/home/mgazzola/ros2_spirob_ws/install/vision/lib/python3.12/site-packages:${PYTHONPATH} VIRTUAL_ENV_PROMPT=(.venv) /usr/bin/python3 -W ignore:setup.py install is deprecated -W ignore:easy_install command is deprecated setup.py egg_info --egg-base ../../build/vision build --build-base /home/mgazzola/ros2_spirob_ws/build/vision/build install --record /home/mgazzola/ros2_spirob_ws/build/vision/install.log --single-version-externally-managed install_data --force
