[5.709s] Invoking command in '/home/mgazzola/ros2_spirob_ws/src/robot_gui': DEBUGINFOD_URLS=https://debuginfod.ubuntu.com PS1=(.venv) \[\e]0;\u@\h: \w\a\]${debian_chroot:+($debian_chroot)}\[\033[01;32m\]\u@\h\[\033[00m\]:\[\033[01;34m\]\w\[\033[00m\]\$ PYTHONPATH=/home/mgazzola/ros2_spirob_ws/build/robot_gui/prefix_override:/usr/lib/python3/dist-packages/colcon_core/task/python/colcon_distutils_commands:/home/mgazzola/ros2_spirob_ws/install/robot_gui/lib/python3.12/site-packages:${PYTHONPATH} VIRTUAL_ENV_PROMPT=(.venv) /usr/bin/python3 -W ignore:setup.py install is deprecated -W ignore:easy_install command is deprecated setup.py egg_info --egg-base ../../build/robot_gui build --build-base /home/mgazzola/ros2_spirob_ws/build/robot_gui/build install --record /home/mgazzola/ros2_spirob_ws/build/robot_gui/install.log --single-version-externally-managed install_data
[7.535s] running egg_info
[7.660s] writing ../../build/robot_gui/robot_GUI.egg-info/PKG-INFO
[7.663s] writing dependency_links to ../../build/robot_gui/robot_GUI.egg-info/dependency_links.txt
[7.667s] writing entry points to ../../build/robot_gui/robot_GUI.egg-info/entry_points.txt
[7.668s] writing requirements to ../../build/robot_gui/robot_GUI.egg-info/requires.txt
[7.670s] writing top-level names to ../../build/robot_gui/robot_GUI.egg-info/top_level.txt
[7.896s] reading manifest file '../../build/robot_gui/robot_GUI.egg-info/SOURCES.txt'
[7.902s] writing manifest file '../../build/robot_gui/robot_GUI.egg-info/SOURCES.txt'
[7.905s] running build
[7.908s] running build_py
[7.911s] running install
[7.935s] running install_lib
[8.050s] running install_data
[8.053s] running install_egg_info
[8.172s] removing '/home/mgazzola/ros2_spirob_ws/install/robot_gui/lib/python3.12/site-packages/robot_GUI-0.0.0-py3.12.egg-info' (and everything under it)
[8.175s] Copying ../../build/robot_gui/robot_GUI.egg-info to /home/mgazzola/ros2_spirob_ws/install/robot_gui/lib/python3.12/site-packages/robot_GUI-0.0.0-py3.12.egg-info
[8.183s] running install_scripts
[9.004s] Installing robot_GUI_node script to /home/mgazzola/ros2_spirob_ws/install/robot_gui/lib/robot_GUI
[9.009s] writing list of installed files to '/home/mgazzola/ros2_spirob_ws/build/robot_gui/install.log'
[9.194s] Invoked command in '/home/mgazzola/ros2_spirob_ws/src/robot_gui' returned '0': DEBUGINFOD_URLS=https://debuginfod.ubuntu.com PS1=(.venv) \[\e]0;\u@\h: \w\a\]${debian_chroot:+($debian_chroot)}\[\033[01;32m\]\u@\h\[\033[00m\]:\[\033[01;34m\]\w\[\033[00m\]\$ PYTHONPATH=/home/mgazzola/ros2_spirob_ws/build/robot_gui/prefix_override:/usr/lib/python3/dist-packages/colcon_core/task/python/colcon_distutils_commands:/home/mgazzola/ros2_spirob_ws/install/robot_gui/lib/python3.12/site-packages:${PYTHONPATH} VIRTUAL_ENV_PROMPT=(.venv) /usr/bin/python3 -W ignore:setup.py install is deprecated -W ignore:easy_install command is deprecated setup.py egg_info --egg-base ../../build/robot_gui build --build-base /home/mgazzola/ros2_spirob_ws/build/robot_gui/build install --record /home/mgazzola/ros2_spirob_ws/build/robot_gui/install.log --single-version-externally-managed install_data
