[15.218s] Invoking command in '/home/mgazzola/ros2_spirob_ws/src/controller': DEBUGINFOD_URLS=https://debuginfod.ubuntu.com PS1=(.venv) \[\e]0;\u@\h: \w\a\]${debian_chroot:+($debian_chroot)}\[\033[01;32m\]\u@\h\[\033[00m\]:\[\033[01;34m\]\w\[\033[00m\]\$ PYTHONPATH=/home/mgazzola/ros2_spirob_ws/build/controller/prefix_override:/usr/lib/python3/dist-packages/colcon_core/task/python/colcon_distutils_commands:/home/mgazzola/ros2_spirob_ws/install/controller/lib/python3.12/site-packages:${PYTHONPATH} VIRTUAL_ENV_PROMPT=(.venv) /usr/bin/python3 -W ignore:setup.py install is deprecated -W ignore:easy_install command is deprecated setup.py egg_info --egg-base ../../build/controller build --build-base /home/mgazzola/ros2_spirob_ws/build/controller/build install --record /home/mgazzola/ros2_spirob_ws/build/controller/install.log --single-version-externally-managed install_data
[18.273s] running egg_info
[18.493s] writing ../../build/controller/controller.egg-info/PKG-INFO
[18.494s] writing dependency_links to ../../build/controller/controller.egg-info/dependency_links.txt
[18.512s] writing entry points to ../../build/controller/controller.egg-info/entry_points.txt
[18.517s] writing requirements to ../../build/controller/controller.egg-info/requires.txt
[18.522s] writing top-level names to ../../build/controller/controller.egg-info/top_level.txt
[19.226s] reading manifest file '../../build/controller/controller.egg-info/SOURCES.txt'
[19.243s] writing manifest file '../../build/controller/controller.egg-info/SOURCES.txt'
[19.271s] running build
[19.276s] running build_py
[19.295s] running install
[19.366s] running install_lib
[19.960s] running install_data
[19.971s] running install_egg_info
[20.937s] removing '/home/mgazzola/ros2_spirob_ws/install/controller/lib/python3.12/site-packages/controller-0.0.0-py3.12.egg-info' (and everything under it)
[20.941s] Copying ../../build/controller/controller.egg-info to /home/mgazzola/ros2_spirob_ws/install/controller/lib/python3.12/site-packages/controller-0.0.0-py3.12.egg-info
[21.026s] running install_scripts
[22.506s] Installing pid_controller_node script to /home/mgazzola/ros2_spirob_ws/install/controller/lib/controller
[22.508s] Installing setup_node script to /home/mgazzola/ros2_spirob_ws/install/controller/lib/controller
[22.520s] writing list of installed files to '/home/mgazzola/ros2_spirob_ws/build/controller/install.log'
[23.542s] Invoked command in '/home/mgazzola/ros2_spirob_ws/src/controller' returned '0': DEBUGINFOD_URLS=https://debuginfod.ubuntu.com PS1=(.venv) \[\e]0;\u@\h: \w\a\]${debian_chroot:+($debian_chroot)}\[\033[01;32m\]\u@\h\[\033[00m\]:\[\033[01;34m\]\w\[\033[00m\]\$ PYTHONPATH=/home/mgazzola/ros2_spirob_ws/build/controller/prefix_override:/usr/lib/python3/dist-packages/colcon_core/task/python/colcon_distutils_commands:/home/mgazzola/ros2_spirob_ws/install/controller/lib/python3.12/site-packages:${PYTHONPATH} VIRTUAL_ENV_PROMPT=(.venv) /usr/bin/python3 -W ignore:setup.py install is deprecated -W ignore:easy_install command is deprecated setup.py egg_info --egg-base ../../build/controller build --build-base /home/mgazzola/ros2_spirob_ws/build/controller/build install --record /home/mgazzola/ros2_spirob_ws/build/controller/install.log --single-version-externally-managed install_data
