[5.805s] Invoking command in '/home/mgazzola/ros2_spirob_ws/src/vision': DEBUGINFOD_URLS=https://debuginfod.ubuntu.com PS1=(.venv) \[\e]0;\u@\h: \w\a\]${debian_chroot:+($debian_chroot)}\[\033[01;32m\]\u@\h\[\033[00m\]:\[\033[01;34m\]\w\[\033[00m\]\$ PYTHONPATH=/home/mgazzola/ros2_spirob_ws/build/vision/prefix_override:/usr/lib/python3/dist-packages/colcon_core/task/python/colcon_distutils_commands:/home/mgazzola/ros2_spirob_ws/install/vision/lib/python3.12/site-packages:${PYTHONPATH} VIRTUAL_ENV_PROMPT=(.venv) /usr/bin/python3 -W ignore:setup.py install is deprecated -W ignore:easy_install command is deprecated setup.py egg_info --egg-base ../../build/vision build --build-base /home/mgazzola/ros2_spirob_ws/build/vision/build install --record /home/mgazzola/ros2_spirob_ws/build/vision/install.log --single-version-externally-managed install_data
[8.484s] running egg_info
[8.616s] writing ../../build/vision/vision.egg-info/PKG-INFO
[8.620s] writing dependency_links to ../../build/vision/vision.egg-info/dependency_links.txt
[8.622s] writing entry points to ../../build/vision/vision.egg-info/entry_points.txt
[8.625s] writing requirements to ../../build/vision/vision.egg-info/requires.txt
[8.627s] writing top-level names to ../../build/vision/vision.egg-info/top_level.txt
[8.929s] reading manifest file '../../build/vision/vision.egg-info/SOURCES.txt'
[8.933s] writing manifest file '../../build/vision/vision.egg-info/SOURCES.txt'
[8.935s] running build
[8.938s] running build_py
[8.940s] running install
[8.966s] running install_lib
[9.058s] running install_data
[9.061s] running install_egg_info
[9.187s] removing '/home/mgazzola/ros2_spirob_ws/install/vision/lib/python3.12/site-packages/vision-0.0.0-py3.12.egg-info' (and everything under it)
[9.197s] Copying ../../build/vision/vision.egg-info to /home/mgazzola/ros2_spirob_ws/install/vision/lib/python3.12/site-packages/vision-0.0.0-py3.12.egg-info
[9.210s] running install_scripts
[9.991s] Installing record_video_node script to /home/mgazzola/ros2_spirob_ws/install/vision/lib/vision
[9.993s] writing list of installed files to '/home/mgazzola/ros2_spirob_ws/build/vision/install.log'
[10.155s] Invoked command in '/home/mgazzola/ros2_spirob_ws/src/vision' returned '0': DEBUGINFOD_URLS=https://debuginfod.ubuntu.com PS1=(.venv) \[\e]0;\u@\h: \w\a\]${debian_chroot:+($debian_chroot)}\[\033[01;32m\]\u@\h\[\033[00m\]:\[\033[01;34m\]\w\[\033[00m\]\$ PYTHONPATH=/home/mgazzola/ros2_spirob_ws/build/vision/prefix_override:/usr/lib/python3/dist-packages/colcon_core/task/python/colcon_distutils_commands:/home/mgazzola/ros2_spirob_ws/install/vision/lib/python3.12/site-packages:${PYTHONPATH} VIRTUAL_ENV_PROMPT=(.venv) /usr/bin/python3 -W ignore:setup.py install is deprecated -W ignore:easy_install command is deprecated setup.py egg_info --egg-base ../../build/vision build --build-base /home/mgazzola/ros2_spirob_ws/build/vision/build install --record /home/mgazzola/ros2_spirob_ws/build/vision/install.log --single-version-externally-managed install_data
