[9.409s] Invoking command in '/home/mgazzola/ros2_spirob_ws/build/spirob_bringup': DEBUGINFOD_URLS=https://debuginfod.ubuntu.com PS1=(.venv) \[\e]0;\u@\h: \w\a\]${debian_chroot:+($debian_chroot)}\[\033[01;32m\]\u@\h\[\033[00m\]:\[\033[01;34m\]\w\[\033[00m\]\$ PYTHONPATH=/home/mgazzola/ros2_spirob_ws/build/spirob_bringup/prefix_override:/usr/lib/python3/dist-packages/colcon_core/task/python/colcon_distutils_commands:/home/mgazzola/ros2_spirob_ws/install/spirob_bringup/lib/python3.12/site-packages:${PYTHONPATH} VIRTUAL_ENV_PROMPT=(.venv) /usr/bin/python3 -W ignore:setup.py install is deprecated -W ignore:easy_install command is deprecated setup.py develop --uninstall --editable --build-directory /home/mgazzola/ros2_spirob_ws/build/spirob_bringup/build
[12.103s] running develop
[13.374s] Removing /home/mgazzola/ros2_spirob_ws/install/spirob_bringup/lib/python3.12/site-packages/spirob-bringup.egg-link (link to .)
[13.545s] Invoked command in '/home/mgazzola/ros2_spirob_ws/build/spirob_bringup' returned '0': DEBUGINFOD_URLS=https://debuginfod.ubuntu.com PS1=(.venv) \[\e]0;\u@\h: \w\a\]${debian_chroot:+($debian_chroot)}\[\033[01;32m\]\u@\h\[\033[00m\]:\[\033[01;34m\]\w\[\033[00m\]\$ PYTHONPATH=/home/mgazzola/ros2_spirob_ws/build/spirob_bringup/prefix_override:/usr/lib/python3/dist-packages/colcon_core/task/python/colcon_distutils_commands:/home/mgazzola/ros2_spirob_ws/install/spirob_bringup/lib/python3.12/site-packages:${PYTHONPATH} VIRTUAL_ENV_PROMPT=(.venv) /usr/bin/python3 -W ignore:setup.py install is deprecated -W ignore:easy_install command is deprecated setup.py develop --uninstall --editable --build-directory /home/mgazzola/ros2_spirob_ws/build/spirob_bringup/build
[13.551s] Invoking command in '/home/mgazzola/ros2_spirob_ws/src/spirob_bringup': DEBUGINFOD_URLS=https://debuginfod.ubuntu.com PS1=(.venv) \[\e]0;\u@\h: \w\a\]${debian_chroot:+($debian_chroot)}\[\033[01;32m\]\u@\h\[\033[00m\]:\[\033[01;34m\]\w\[\033[00m\]\$ PYTHONPATH=/home/mgazzola/ros2_spirob_ws/build/spirob_bringup/prefix_override:/usr/lib/python3/dist-packages/colcon_core/task/python/colcon_distutils_commands:/home/mgazzola/ros2_spirob_ws/install/spirob_bringup/lib/python3.12/site-packages:${PYTHONPATH} VIRTUAL_ENV_PROMPT=(.venv) /usr/bin/python3 -W ignore:setup.py install is deprecated -W ignore:easy_install command is deprecated setup.py egg_info --egg-base ../../build/spirob_bringup build --build-base /home/mgazzola/ros2_spirob_ws/build/spirob_bringup/build install --record /home/mgazzola/ros2_spirob_ws/build/spirob_bringup/install.log --single-version-externally-managed install_data --force
[14.793s] running egg_info
[14.877s] writing ../../build/spirob_bringup/spirob_bringup.egg-info/PKG-INFO
[14.878s] writing dependency_links to ../../build/spirob_bringup/spirob_bringup.egg-info/dependency_links.txt
[14.881s] writing requirements to ../../build/spirob_bringup/spirob_bringup.egg-info/requires.txt
[14.883s] writing top-level names to ../../build/spirob_bringup/spirob_bringup.egg-info/top_level.txt
[15.059s] reading manifest file '../../build/spirob_bringup/spirob_bringup.egg-info/SOURCES.txt'
[15.062s] writing manifest file '../../build/spirob_bringup/spirob_bringup.egg-info/SOURCES.txt'
[15.064s] running build
[15.064s] running build_py
[15.065s] running install
[15.092s] running install_lib
[15.193s] creating /home/mgazzola/ros2_spirob_ws/install/spirob_bringup/lib/python3.12/site-packages/spirob_bringup
[15.194s] copying /home/mgazzola/ros2_spirob_ws/build/spirob_bringup/build/lib/spirob_bringup/__init__.py -> /home/mgazzola/ros2_spirob_ws/install/spirob_bringup/lib/python3.12/site-packages/spirob_bringup
[15.196s] byte-compiling /home/mgazzola/ros2_spirob_ws/install/spirob_bringup/lib/python3.12/site-packages/spirob_bringup/__init__.py to __init__.cpython-312.pyc
[15.198s] running install_data
[15.199s] copying resource/spirob_bringup -> /home/mgazzola/ros2_spirob_ws/install/spirob_bringup/share/ament_index/resource_index/packages
[15.200s] copying package.xml -> /home/mgazzola/ros2_spirob_ws/install/spirob_bringup/share/spirob_bringup
[15.202s] copying launch/spirob.launch.py -> /home/mgazzola/ros2_spirob_ws/install/spirob_bringup/share/spirob_bringup/launch
[15.203s] running install_egg_info
[15.302s] Copying ../../build/spirob_bringup/spirob_bringup.egg-info to /home/mgazzola/ros2_spirob_ws/install/spirob_bringup/lib/python3.12/site-packages/spirob_bringup-0.0.0-py3.12.egg-info
[15.313s] running install_scripts
[16.244s] writing list of installed files to '/home/mgazzola/ros2_spirob_ws/build/spirob_bringup/install.log'
[16.412s] Invoked command in '/home/mgazzola/ros2_spirob_ws/src/spirob_bringup' returned '0': DEBUGINFOD_URLS=https://debuginfod.ubuntu.com PS1=(.venv) \[\e]0;\u@\h: \w\a\]${debian_chroot:+($debian_chroot)}\[\033[01;32m\]\u@\h\[\033[00m\]:\[\033[01;34m\]\w\[\033[00m\]\$ PYTHONPATH=/home/mgazzola/ros2_spirob_ws/build/spirob_bringup/prefix_override:/usr/lib/python3/dist-packages/colcon_core/task/python/colcon_distutils_commands:/home/mgazzola/ros2_spirob_ws/install/spirob_bringup/lib/python3.12/site-packages:${PYTHONPATH} VIRTUAL_ENV_PROMPT=(.venv) /usr/bin/python3 -W ignore:setup.py install is deprecated -W ignore:easy_install command is deprecated setup.py egg_info --egg-base ../../build/spirob_bringup build --build-base /home/mgazzola/ros2_spirob_ws/build/spirob_bringup/build install --record /home/mgazzola/ros2_spirob_ws/build/spirob_bringup/install.log --single-version-externally-managed install_data --force
