[9.066s] Invoking command in '/home/mgazzola/ros2_spirob_ws/src/motor_driver': DEBUGINFOD_URLS=https://debuginfod.ubuntu.com PS1=(.venv) \[\e]0;\u@\h: \w\a\]${debian_chroot:+($debian_chroot)}\[\033[01;32m\]\u@\h\[\033[00m\]:\[\033[01;34m\]\w\[\033[00m\]\$ PYTHONPATH=/home/mgazzola/ros2_spirob_ws/build/motor_driver/prefix_override:/usr/lib/python3/dist-packages/colcon_core/task/python/colcon_distutils_commands:/home/mgazzola/ros2_spirob_ws/install/motor_driver/lib/python3.12/site-packages:${PYTHONPATH} VIRTUAL_ENV_PROMPT=(.venv) /usr/bin/python3 -W ignore:setup.py install is deprecated -W ignore:easy_install command is deprecated setup.py egg_info --egg-base ../../build/motor_driver build --build-base /home/mgazzola/ros2_spirob_ws/build/motor_driver/build install --record /home/mgazzola/ros2_spirob_ws/build/motor_driver/install.log --single-version-externally-managed install_data
[10.853s] running egg_info
[10.978s] writing ../../build/motor_driver/motor_driver.egg-info/PKG-INFO
[10.982s] writing dependency_links to ../../build/motor_driver/motor_driver.egg-info/dependency_links.txt
[10.987s] writing entry points to ../../build/motor_driver/motor_driver.egg-info/entry_points.txt
[10.991s] writing requirements to ../../build/motor_driver/motor_driver.egg-info/requires.txt
[10.991s] writing top-level names to ../../build/motor_driver/motor_driver.egg-info/top_level.txt
[11.267s] reading manifest file '../../build/motor_driver/motor_driver.egg-info/SOURCES.txt'
[11.280s] writing manifest file '../../build/motor_driver/motor_driver.egg-info/SOURCES.txt'
[11.284s] running build
[11.285s] running build_py
[11.296s] running install
[11.317s] running install_lib
[11.448s] running install_data
[11.452s] running install_egg_info
[11.617s] removing '/home/mgazzola/ros2_spirob_ws/install/motor_driver/lib/python3.12/site-packages/motor_driver-0.0.0-py3.12.egg-info' (and everything under it)
[11.636s] Copying ../../build/motor_driver/motor_driver.egg-info to /home/mgazzola/ros2_spirob_ws/install/motor_driver/lib/python3.12/site-packages/motor_driver-0.0.0-py3.12.egg-info
[11.665s] running install_scripts
[13.252s] Installing motor_driver_node script to /home/mgazzola/ros2_spirob_ws/install/motor_driver/lib/motor_driver
[13.261s] Installing motor_publisher_node script to /home/mgazzola/ros2_spirob_ws/install/motor_driver/lib/motor_driver
[13.270s] writing list of installed files to '/home/mgazzola/ros2_spirob_ws/build/motor_driver/install.log'
[14.356s] Invoked command in '/home/mgazzola/ros2_spirob_ws/src/motor_driver' returned '0': DEBUGINFOD_URLS=https://debuginfod.ubuntu.com PS1=(.venv) \[\e]0;\u@\h: \w\a\]${debian_chroot:+($debian_chroot)}\[\033[01;32m\]\u@\h\[\033[00m\]:\[\033[01;34m\]\w\[\033[00m\]\$ PYTHONPATH=/home/mgazzola/ros2_spirob_ws/build/motor_driver/prefix_override:/usr/lib/python3/dist-packages/colcon_core/task/python/colcon_distutils_commands:/home/mgazzola/ros2_spirob_ws/install/motor_driver/lib/python3.12/site-packages:${PYTHONPATH} VIRTUAL_ENV_PROMPT=(.venv) /usr/bin/python3 -W ignore:setup.py install is deprecated -W ignore:easy_install command is deprecated setup.py egg_info --egg-base ../../build/motor_driver build --build-base /home/mgazzola/ros2_spirob_ws/build/motor_driver/build install --record /home/mgazzola/ros2_spirob_ws/build/motor_driver/install.log --single-version-externally-managed install_data
