[11.151s] Invoking command in '/home/mgazzola/ros2_spirob_ws/src/controller': DEBUGINFOD_URLS=https://debuginfod.ubuntu.com PYTHONPATH=/home/mgazzola/ros2_spirob_ws/build/controller/prefix_override:/usr/lib/python3/dist-packages/colcon_core/task/python/colcon_distutils_commands:/home/mgazzola/ros2_spirob_ws/install/controller/lib/python3.12/site-packages:${PYTHONPATH} /usr/bin/python3 -W ignore:setup.py install is deprecated -W ignore:easy_install command is deprecated setup.py egg_info --egg-base ../../build/controller build --build-base /home/mgazzola/ros2_spirob_ws/build/controller/build install --record /home/mgazzola/ros2_spirob_ws/build/controller/install.log --single-version-externally-managed install_data
[14.433s] running egg_info
[14.742s] writing ../../build/controller/controller.egg-info/PKG-INFO
[14.747s] writing dependency_links to ../../build/controller/controller.egg-info/dependency_links.txt
[14.754s] writing entry points to ../../build/controller/controller.egg-info/entry_points.txt
[14.768s] writing requirements to ../../build/controller/controller.egg-info/requires.txt
[14.775s] writing top-level names to ../../build/controller/controller.egg-info/top_level.txt
[15.367s] reading manifest file '../../build/controller/controller.egg-info/SOURCES.txt'
[15.382s] writing manifest file '../../build/controller/controller.egg-info/SOURCES.txt'
[15.382s] running build
[15.396s] running build_py
[15.399s] running install
[15.442s] running install_lib
[16.015s] running install_data
[16.017s] running install_egg_info
[16.428s] removing '/home/mgazzola/ros2_spirob_ws/install/controller/lib/python3.12/site-packages/controller-0.0.0-py3.12.egg-info' (and everything under it)
[16.445s] Copying ../../build/controller/controller.egg-info to /home/mgazzola/ros2_spirob_ws/install/controller/lib/python3.12/site-packages/controller-0.0.0-py3.12.egg-info
[16.487s] running install_scripts
[17.960s] Installing pid_controller_node script to /home/mgazzola/ros2_spirob_ws/install/controller/lib/controller
[17.972s] Installing setup_node script to /home/mgazzola/ros2_spirob_ws/install/controller/lib/controller
[17.988s] writing list of installed files to '/home/mgazzola/ros2_spirob_ws/build/controller/install.log'
[18.262s] Invoked command in '/home/mgazzola/ros2_spirob_ws/src/controller' returned '0': DEBUGINFOD_URLS=https://debuginfod.ubuntu.com PYTHONPATH=/home/mgazzola/ros2_spirob_ws/build/controller/prefix_override:/usr/lib/python3/dist-packages/colcon_core/task/python/colcon_distutils_commands:/home/mgazzola/ros2_spirob_ws/install/controller/lib/python3.12/site-packages:${PYTHONPATH} /usr/bin/python3 -W ignore:setup.py install is deprecated -W ignore:easy_install command is deprecated setup.py egg_info --egg-base ../../build/controller build --build-base /home/mgazzola/ros2_spirob_ws/build/controller/build install --record /home/mgazzola/ros2_spirob_ws/build/controller/install.log --single-version-externally-managed install_data
