[7.924s] Invoking command in '/home/mgazzola/ros2_spirob_ws/src/robot_GUI': DEBUGINFOD_URLS=https://debuginfod.ubuntu.com PS1=(.venv) \[\e]0;\u@\h: \w\a\]${debian_chroot:+($debian_chroot)}\[\033[01;32m\]\u@\h\[\033[00m\]:\[\033[01;34m\]\w\[\033[00m\]\$ PYTHONPATH=/home/mgazzola/ros2_spirob_ws/build/robot_GUI/prefix_override:/usr/lib/python3/dist-packages/colcon_core/task/python/colcon_distutils_commands:/home/mgazzola/ros2_spirob_ws/install/robot_GUI/lib/python3.12/site-packages:${PYTHONPATH} VIRTUAL_ENV_PROMPT=(.venv) /usr/bin/python3 -W ignore:setup.py install is deprecated -W ignore:easy_install command is deprecated setup.py egg_info --egg-base ../../build/robot_GUI build --build-base /home/mgazzola/ros2_spirob_ws/build/robot_GUI/build install --record /home/mgazzola/ros2_spirob_ws/build/robot_GUI/install.log --single-version-externally-managed install_data
[9.597s] running egg_info
[9.715s] writing ../../build/robot_GUI/robot_GUI.egg-info/PKG-INFO
[9.717s] writing dependency_links to ../../build/robot_GUI/robot_GUI.egg-info/dependency_links.txt
[9.723s] writing entry points to ../../build/robot_GUI/robot_GUI.egg-info/entry_points.txt
[9.725s] writing requirements to ../../build/robot_GUI/robot_GUI.egg-info/requires.txt
[9.726s] writing top-level names to ../../build/robot_GUI/robot_GUI.egg-info/top_level.txt
[9.979s] reading manifest file '../../build/robot_GUI/robot_GUI.egg-info/SOURCES.txt'
[9.986s] writing manifest file '../../build/robot_GUI/robot_GUI.egg-info/SOURCES.txt'
[9.988s] running build
[9.989s] running build_py
[9.991s] running install
[10.022s] running install_lib
[10.154s] running install_data
[10.156s] running install_egg_info
[10.281s] removing '/home/mgazzola/ros2_spirob_ws/install/robot_GUI/lib/python3.12/site-packages/robot_GUI-0.0.0-py3.12.egg-info' (and everything under it)
[10.290s] Copying ../../build/robot_GUI/robot_GUI.egg-info to /home/mgazzola/ros2_spirob_ws/install/robot_GUI/lib/python3.12/site-packages/robot_GUI-0.0.0-py3.12.egg-info
[10.299s] running install_scripts
[11.290s] Installing robot_GUI_node script to /home/mgazzola/ros2_spirob_ws/install/robot_GUI/lib/robot_GUI
[11.296s] writing list of installed files to '/home/mgazzola/ros2_spirob_ws/build/robot_GUI/install.log'
[11.540s] Invoked command in '/home/mgazzola/ros2_spirob_ws/src/robot_GUI' returned '0': DEBUGINFOD_URLS=https://debuginfod.ubuntu.com PS1=(.venv) \[\e]0;\u@\h: \w\a\]${debian_chroot:+($debian_chroot)}\[\033[01;32m\]\u@\h\[\033[00m\]:\[\033[01;34m\]\w\[\033[00m\]\$ PYTHONPATH=/home/mgazzola/ros2_spirob_ws/build/robot_GUI/prefix_override:/usr/lib/python3/dist-packages/colcon_core/task/python/colcon_distutils_commands:/home/mgazzola/ros2_spirob_ws/install/robot_GUI/lib/python3.12/site-packages:${PYTHONPATH} VIRTUAL_ENV_PROMPT=(.venv) /usr/bin/python3 -W ignore:setup.py install is deprecated -W ignore:easy_install command is deprecated setup.py egg_info --egg-base ../../build/robot_GUI build --build-base /home/mgazzola/ros2_spirob_ws/build/robot_GUI/build install --record /home/mgazzola/ros2_spirob_ws/build/robot_GUI/install.log --single-version-externally-managed install_data
