[7.559s] Invoking command in '/home/mgazzola/ros2_spirob_ws/build/controller': DEBUGINFOD_URLS=https://debuginfod.ubuntu.com PS1=(.venv) \[\e]0;\u@\h: \w\a\]${debian_chroot:+($debian_chroot)}\[\033[01;32m\]\u@\h\[\033[00m\]:\[\033[01;34m\]\w\[\033[00m\]\$ PYTHONPATH=/home/mgazzola/ros2_spirob_ws/build/controller/prefix_override:/usr/lib/python3/dist-packages/colcon_core/task/python/colcon_distutils_commands:/home/mgazzola/ros2_spirob_ws/install/controller/lib/python3.12/site-packages:${PYTHONPATH} VIRTUAL_ENV_PROMPT=(.venv) /usr/bin/python3 -W ignore:setup.py install is deprecated -W ignore:easy_install command is deprecated setup.py develop --uninstall --editable --build-directory /home/mgazzola/ros2_spirob_ws/build/controller/build
[9.703s] running develop
[11.064s] Removing /home/mgazzola/ros2_spirob_ws/install/controller/lib/python3.12/site-packages/controller.egg-link (link to .)
[11.329s] Invoked command in '/home/mgazzola/ros2_spirob_ws/build/controller' returned '0': DEBUGINFOD_URLS=https://debuginfod.ubuntu.com PS1=(.venv) \[\e]0;\u@\h: \w\a\]${debian_chroot:+($debian_chroot)}\[\033[01;32m\]\u@\h\[\033[00m\]:\[\033[01;34m\]\w\[\033[00m\]\$ PYTHONPATH=/home/mgazzola/ros2_spirob_ws/build/controller/prefix_override:/usr/lib/python3/dist-packages/colcon_core/task/python/colcon_distutils_commands:/home/mgazzola/ros2_spirob_ws/install/controller/lib/python3.12/site-packages:${PYTHONPATH} VIRTUAL_ENV_PROMPT=(.venv) /usr/bin/python3 -W ignore:setup.py install is deprecated -W ignore:easy_install command is deprecated setup.py develop --uninstall --editable --build-directory /home/mgazzola/ros2_spirob_ws/build/controller/build
[11.345s] Invoking command in '/home/mgazzola/ros2_spirob_ws/src/controller': DEBUGINFOD_URLS=https://debuginfod.ubuntu.com PS1=(.venv) \[\e]0;\u@\h: \w\a\]${debian_chroot:+($debian_chroot)}\[\033[01;32m\]\u@\h\[\033[00m\]:\[\033[01;34m\]\w\[\033[00m\]\$ PYTHONPATH=/home/mgazzola/ros2_spirob_ws/build/controller/prefix_override:/usr/lib/python3/dist-packages/colcon_core/task/python/colcon_distutils_commands:/home/mgazzola/ros2_spirob_ws/install/controller/lib/python3.12/site-packages:${PYTHONPATH} VIRTUAL_ENV_PROMPT=(.venv) /usr/bin/python3 -W ignore:setup.py install is deprecated -W ignore:easy_install command is deprecated setup.py egg_info --egg-base ../../build/controller build --build-base /home/mgazzola/ros2_spirob_ws/build/controller/build install --record /home/mgazzola/ros2_spirob_ws/build/controller/install.log --single-version-externally-managed install_data --force
[13.213s] running egg_info
[13.337s] writing ../../build/controller/controller.egg-info/PKG-INFO
[13.338s] writing dependency_links to ../../build/controller/controller.egg-info/dependency_links.txt
[13.341s] writing entry points to ../../build/controller/controller.egg-info/entry_points.txt
[13.344s] writing requirements to ../../build/controller/controller.egg-info/requires.txt
[13.347s] writing top-level names to ../../build/controller/controller.egg-info/top_level.txt
[13.613s] reading manifest file '../../build/controller/controller.egg-info/SOURCES.txt'
[13.620s] writing manifest file '../../build/controller/controller.egg-info/SOURCES.txt'
[13.623s] running build
[13.624s] running build_py
[13.627s] running install
[13.656s] running install_lib
[13.777s] creating /home/mgazzola/ros2_spirob_ws/install/controller/lib/python3.12/site-packages/controller
[13.779s] copying /home/mgazzola/ros2_spirob_ws/build/controller/build/lib/controller/pid_controller.py -> /home/mgazzola/ros2_spirob_ws/install/controller/lib/python3.12/site-packages/controller
[13.782s] copying /home/mgazzola/ros2_spirob_ws/build/controller/build/lib/controller/norm_to_three_motors.py -> /home/mgazzola/ros2_spirob_ws/install/controller/lib/python3.12/site-packages/controller
[13.784s] copying /home/mgazzola/ros2_spirob_ws/build/controller/build/lib/controller/setup_controller.py -> /home/mgazzola/ros2_spirob_ws/install/controller/lib/python3.12/site-packages/controller
[13.791s] copying /home/mgazzola/ros2_spirob_ws/build/controller/build/lib/controller/pid_controller_node.py -> /home/mgazzola/ros2_spirob_ws/install/controller/lib/python3.12/site-packages/controller
[13.797s] copying /home/mgazzola/ros2_spirob_ws/build/controller/build/lib/controller/__init__.py -> /home/mgazzola/ros2_spirob_ws/install/controller/lib/python3.12/site-packages/controller
[13.797s] byte-compiling /home/mgazzola/ros2_spirob_ws/install/controller/lib/python3.12/site-packages/controller/pid_controller.py to pid_controller.cpython-312.pyc
[13.804s] byte-compiling /home/mgazzola/ros2_spirob_ws/install/controller/lib/python3.12/site-packages/controller/norm_to_three_motors.py to norm_to_three_motors.cpython-312.pyc
[13.808s] byte-compiling /home/mgazzola/ros2_spirob_ws/install/controller/lib/python3.12/site-packages/controller/setup_controller.py to setup_controller.cpython-312.pyc
[13.812s] byte-compiling /home/mgazzola/ros2_spirob_ws/install/controller/lib/python3.12/site-packages/controller/pid_controller_node.py to pid_controller_node.cpython-312.pyc
[13.821s] byte-compiling /home/mgazzola/ros2_spirob_ws/install/controller/lib/python3.12/site-packages/controller/__init__.py to __init__.cpython-312.pyc
[13.823s] running install_data
[13.823s] copying resource/controller -> /home/mgazzola/ros2_spirob_ws/install/controller/share/ament_index/resource_index/packages
[13.828s] copying package.xml -> /home/mgazzola/ros2_spirob_ws/install/controller/share/controller
[13.829s] running install_egg_info
[13.942s] Copying ../../build/controller/controller.egg-info to /home/mgazzola/ros2_spirob_ws/install/controller/lib/python3.12/site-packages/controller-0.0.0-py3.12.egg-info
[13.948s] running install_scripts
[15.109s] Installing pid_controller_node script to /home/mgazzola/ros2_spirob_ws/install/controller/lib/controller
[15.113s] Installing setup_node script to /home/mgazzola/ros2_spirob_ws/install/controller/lib/controller
[15.123s] writing list of installed files to '/home/mgazzola/ros2_spirob_ws/build/controller/install.log'
[15.492s] Invoked command in '/home/mgazzola/ros2_spirob_ws/src/controller' returned '0': DEBUGINFOD_URLS=https://debuginfod.ubuntu.com PS1=(.venv) \[\e]0;\u@\h: \w\a\]${debian_chroot:+($debian_chroot)}\[\033[01;32m\]\u@\h\[\033[00m\]:\[\033[01;34m\]\w\[\033[00m\]\$ PYTHONPATH=/home/mgazzola/ros2_spirob_ws/build/controller/prefix_override:/usr/lib/python3/dist-packages/colcon_core/task/python/colcon_distutils_commands:/home/mgazzola/ros2_spirob_ws/install/controller/lib/python3.12/site-packages:${PYTHONPATH} VIRTUAL_ENV_PROMPT=(.venv) /usr/bin/python3 -W ignore:setup.py install is deprecated -W ignore:easy_install command is deprecated setup.py egg_info --egg-base ../../build/controller build --build-base /home/mgazzola/ros2_spirob_ws/build/controller/build install --record /home/mgazzola/ros2_spirob_ws/build/controller/install.log --single-version-externally-managed install_data --force
