[5.101s] Invoking command in '/home/mgazzola/ros2_spirob_ws/src/action': DEBUGINFOD_URLS=https://debuginfod.ubuntu.com PYTHONPATH=/home/mgazzola/ros2_spirob_ws/build/action/prefix_override:/usr/lib/python3/dist-packages/colcon_core/task/python/colcon_distutils_commands:/home/mgazzola/ros2_spirob_ws/install/action/lib/python3.12/site-packages:${PYTHONPATH} /usr/bin/python3 -W ignore:setup.py install is deprecated -W ignore:easy_install command is deprecated setup.py egg_info --egg-base ../../build/action build --build-base /home/mgazzola/ros2_spirob_ws/build/action/build install --record /home/mgazzola/ros2_spirob_ws/build/action/install.log --single-version-externally-managed install_data
[6.400s] running egg_info
[6.401s] creating ../../build/action/action.egg-info
[6.491s] writing ../../build/action/action.egg-info/PKG-INFO
[6.492s] writing dependency_links to ../../build/action/action.egg-info/dependency_links.txt
[6.493s] writing entry points to ../../build/action/action.egg-info/entry_points.txt
[6.494s] writing requirements to ../../build/action/action.egg-info/requires.txt
[6.495s] writing top-level names to ../../build/action/action.egg-info/top_level.txt
[6.495s] writing manifest file '../../build/action/action.egg-info/SOURCES.txt'
[6.678s] reading manifest file '../../build/action/action.egg-info/SOURCES.txt'
[6.681s] writing manifest file '../../build/action/action.egg-info/SOURCES.txt'
[6.683s] running build
[6.685s] running build_py
[6.685s] creating /home/mgazzola/ros2_spirob_ws/build/action/build
[6.686s] creating /home/mgazzola/ros2_spirob_ws/build/action/build/lib
[6.687s] creating /home/mgazzola/ros2_spirob_ws/build/action/build/lib/action
[6.687s] copying action/motor_cmd_action.py -> /home/mgazzola/ros2_spirob_ws/build/action/build/lib/action
[6.688s] copying action/__init__.py -> /home/mgazzola/ros2_spirob_ws/build/action/build/lib/action
[6.688s] running install
[6.712s] running install_lib
[6.809s] creating /home/mgazzola/ros2_spirob_ws/install/action/lib/python3.12/site-packages/action
[6.810s] copying /home/mgazzola/ros2_spirob_ws/build/action/build/lib/action/motor_cmd_action.py -> /home/mgazzola/ros2_spirob_ws/install/action/lib/python3.12/site-packages/action
[6.810s] copying /home/mgazzola/ros2_spirob_ws/build/action/build/lib/action/__init__.py -> /home/mgazzola/ros2_spirob_ws/install/action/lib/python3.12/site-packages/action
[6.813s] byte-compiling /home/mgazzola/ros2_spirob_ws/install/action/lib/python3.12/site-packages/action/motor_cmd_action.py to motor_cmd_action.cpython-312.pyc
[6.816s] byte-compiling /home/mgazzola/ros2_spirob_ws/install/action/lib/python3.12/site-packages/action/__init__.py to __init__.cpython-312.pyc
[6.817s] running install_data
[6.817s] creating /home/mgazzola/ros2_spirob_ws/install/action/share/ament_index
[6.818s] creating /home/mgazzola/ros2_spirob_ws/install/action/share/ament_index/resource_index
[6.819s] creating /home/mgazzola/ros2_spirob_ws/install/action/share/ament_index/resource_index/packages
[6.819s] copying resource/action -> /home/mgazzola/ros2_spirob_ws/install/action/share/ament_index/resource_index/packages
[6.820s] copying package.xml -> /home/mgazzola/ros2_spirob_ws/install/action/share/action
[6.820s] running install_egg_info
[6.916s] Copying ../../build/action/action.egg-info to /home/mgazzola/ros2_spirob_ws/install/action/lib/python3.12/site-packages/action-0.0.0-py3.12.egg-info
[6.922s] running install_scripts
[7.669s] Installing motor_cmd_action script to /home/mgazzola/ros2_spirob_ws/install/action/lib/action
[7.670s] writing list of installed files to '/home/mgazzola/ros2_spirob_ws/build/action/install.log'
[7.815s] Invoked command in '/home/mgazzola/ros2_spirob_ws/src/action' returned '0': DEBUGINFOD_URLS=https://debuginfod.ubuntu.com PYTHONPATH=/home/mgazzola/ros2_spirob_ws/build/action/prefix_override:/usr/lib/python3/dist-packages/colcon_core/task/python/colcon_distutils_commands:/home/mgazzola/ros2_spirob_ws/install/action/lib/python3.12/site-packages:${PYTHONPATH} /usr/bin/python3 -W ignore:setup.py install is deprecated -W ignore:easy_install command is deprecated setup.py egg_info --egg-base ../../build/action build --build-base /home/mgazzola/ros2_spirob_ws/build/action/build install --record /home/mgazzola/ros2_spirob_ws/build/action/install.log --single-version-externally-managed install_data
