[0.654s] DEBUG:colcon:Command line arguments: ['/usr/bin/colcon', 'build']
[0.655s] DEBUG:colcon:Parsed command line arguments: Namespace(log_base=None, log_level=None, verb_name='build', build_base='build', install_base='install', merge_install=False, symlink_install=False, test_result_base=None, continue_on_error=False, executor='parallel', parallel_workers=4, event_handlers=None, ignore_user_meta=False, metas=['./colcon.meta'], base_paths=['.'], packages_ignore=None, packages_ignore_regex=None, paths=None, packages_up_to=None, packages_up_to_regex=None, packages_above=None, packages_above_and_dependencies=None, packages_above_depth=None, packages_select_by_dep=None, packages_skip_by_dep=None, packages_skip_up_to=None, packages_select_build_failed=False, packages_skip_build_finished=False, packages_select_test_failures=False, packages_skip_test_passed=False, packages_select=None, packages_skip=None, packages_select_regex=None, packages_skip_regex=None, packages_start=None, packages_end=None, allow_overriding=[], cmake_args=None, cmake_target=None, cmake_target_skip_unavailable=False, cmake_clean_cache=False, cmake_clean_first=False, cmake_force_configure=False, ament_cmake_args=None, catkin_cmake_args=None, catkin_skip_building_tests=False, mixin_files=None, mixin=None, verb_parser=<colcon_mixin.mixin.mixin_argument.MixinArgumentDecorator object at 0xffffa5d0adb0>, verb_extension=<colcon_core.verb.build.BuildVerb object at 0xffffa5ef4290>, main=<bound method BuildVerb.main of <colcon_core.verb.build.BuildVerb object at 0xffffa5ef4290>>, mixin_verb=('build',))
[0.908s] Level 1:colcon.colcon_core.package_discovery:discover_packages(colcon_meta) check parameters
[0.908s] Level 1:colcon.colcon_core.package_discovery:discover_packages(recursive) check parameters
[0.908s] Level 1:colcon.colcon_core.package_discovery:discover_packages(ignore) check parameters
[0.908s] Level 1:colcon.colcon_core.package_discovery:discover_packages(path) check parameters
[0.909s] Level 1:colcon.colcon_core.package_discovery:discover_packages(colcon_meta) discover
[0.909s] Level 1:colcon.colcon_core.package_discovery:discover_packages(recursive) discover
[0.909s] INFO:colcon.colcon_core.package_discovery:Crawling recursively for packages in '/home/mgazzola/ros2_spirob_ws'
[0.910s] Level 1:colcon.colcon_core.package_identification:_identify(.) by extensions ['ignore', 'ignore_ament_install']
[0.911s] Level 1:colcon.colcon_core.package_identification:_identify(.) by extension 'ignore'
[0.911s] Level 1:colcon.colcon_core.package_identification:_identify(.) by extension 'ignore_ament_install'
[0.912s] Level 1:colcon.colcon_core.package_identification:_identify(.) by extensions ['colcon_pkg']
[0.912s] Level 1:colcon.colcon_core.package_identification:_identify(.) by extension 'colcon_pkg'
[0.913s] Level 1:colcon.colcon_core.package_identification:_identify(.) by extensions ['colcon_meta']
[0.913s] Level 1:colcon.colcon_core.package_identification:_identify(.) by extension 'colcon_meta'
[0.913s] Level 1:colcon.colcon_core.package_identification:_identify(.) by extensions ['ros']
[0.914s] Level 1:colcon.colcon_core.package_identification:_identify(.) by extension 'ros'
[1.063s] Level 1:colcon.colcon_core.package_identification:_identify(.) by extensions ['cmake', 'python']
[1.063s] Level 1:colcon.colcon_core.package_identification:_identify(.) by extension 'cmake'
[1.063s] Level 1:colcon.colcon_core.package_identification:_identify(.) by extension 'python'
[1.064s] Level 1:colcon.colcon_core.package_identification:_identify(.) by extensions ['python_setup_py']
[1.064s] Level 1:colcon.colcon_core.package_identification:_identify(.) by extension 'python_setup_py'
[1.065s] Level 1:colcon.colcon_core.package_identification:_identify(build) by extensions ['ignore', 'ignore_ament_install']
[1.066s] Level 1:colcon.colcon_core.package_identification:_identify(build) by extension 'ignore'
[1.066s] Level 1:colcon.colcon_core.package_identification:_identify(build) ignored
[1.067s] Level 1:colcon.colcon_core.package_identification:_identify(install) by extensions ['ignore', 'ignore_ament_install']
[1.068s] Level 1:colcon.colcon_core.package_identification:_identify(install) by extension 'ignore'
[1.068s] Level 1:colcon.colcon_core.package_identification:_identify(install) ignored
[1.069s] Level 1:colcon.colcon_core.package_identification:_identify(log) by extensions ['ignore', 'ignore_ament_install']
[1.069s] Level 1:colcon.colcon_core.package_identification:_identify(log) by extension 'ignore'
[1.071s] Level 1:colcon.colcon_core.package_identification:_identify(log) ignored
[1.073s] Level 1:colcon.colcon_core.package_identification:_identify(src) by extensions ['ignore', 'ignore_ament_install']
[1.075s] Level 1:colcon.colcon_core.package_identification:_identify(src) by extension 'ignore'
[1.076s] Level 1:colcon.colcon_core.package_identification:_identify(src) by extension 'ignore_ament_install'
[1.077s] Level 1:colcon.colcon_core.package_identification:_identify(src) by extensions ['colcon_pkg']
[1.078s] Level 1:colcon.colcon_core.package_identification:_identify(src) by extension 'colcon_pkg'
[1.078s] Level 1:colcon.colcon_core.package_identification:_identify(src) by extensions ['colcon_meta']
[1.079s] Level 1:colcon.colcon_core.package_identification:_identify(src) by extension 'colcon_meta'
[1.079s] Level 1:colcon.colcon_core.package_identification:_identify(src) by extensions ['ros']
[1.080s] Level 1:colcon.colcon_core.package_identification:_identify(src) by extension 'ros'
[1.081s] Level 1:colcon.colcon_core.package_identification:_identify(src) by extensions ['cmake', 'python']
[1.081s] Level 1:colcon.colcon_core.package_identification:_identify(src) by extension 'cmake'
[1.082s] Level 1:colcon.colcon_core.package_identification:_identify(src) by extension 'python'
[1.082s] Level 1:colcon.colcon_core.package_identification:_identify(src) by extensions ['python_setup_py']
[1.083s] Level 1:colcon.colcon_core.package_identification:_identify(src) by extension 'python_setup_py'
[1.084s] Level 1:colcon.colcon_core.package_identification:_identify(src/build) by extensions ['ignore', 'ignore_ament_install']
[1.084s] Level 1:colcon.colcon_core.package_identification:_identify(src/build) by extension 'ignore'
[1.084s] Level 1:colcon.colcon_core.package_identification:_identify(src/build) ignored
[1.085s] Level 1:colcon.colcon_core.package_identification:_identify(src/controller) by extensions ['ignore', 'ignore_ament_install']
[1.085s] Level 1:colcon.colcon_core.package_identification:_identify(src/controller) by extension 'ignore'
[1.086s] Level 1:colcon.colcon_core.package_identification:_identify(src/controller) by extension 'ignore_ament_install'
[1.086s] Level 1:colcon.colcon_core.package_identification:_identify(src/controller) by extensions ['colcon_pkg']
[1.086s] Level 1:colcon.colcon_core.package_identification:_identify(src/controller) by extension 'colcon_pkg'
[1.086s] Level 1:colcon.colcon_core.package_identification:_identify(src/controller) by extensions ['colcon_meta']
[1.086s] Level 1:colcon.colcon_core.package_identification:_identify(src/controller) by extension 'colcon_meta'
[1.087s] Level 1:colcon.colcon_core.package_identification:_identify(src/controller) by extensions ['ros']
[1.087s] Level 1:colcon.colcon_core.package_identification:_identify(src/controller) by extension 'ros'
[1.101s] DEBUG:colcon.colcon_core.package_identification:Package 'src/controller' with type 'ros.ament_python' and name 'controller'
[1.102s] Level 1:colcon.colcon_core.package_identification:_identify(src/install) by extensions ['ignore', 'ignore_ament_install']
[1.102s] Level 1:colcon.colcon_core.package_identification:_identify(src/install) by extension 'ignore'
[1.103s] Level 1:colcon.colcon_core.package_identification:_identify(src/install) ignored
[1.103s] Level 1:colcon.colcon_core.package_identification:_identify(src/joysticker) by extensions ['ignore', 'ignore_ament_install']
[1.104s] Level 1:colcon.colcon_core.package_identification:_identify(src/joysticker) by extension 'ignore'
[1.104s] Level 1:colcon.colcon_core.package_identification:_identify(src/joysticker) by extension 'ignore_ament_install'
[1.104s] Level 1:colcon.colcon_core.package_identification:_identify(src/joysticker) by extensions ['colcon_pkg']
[1.104s] Level 1:colcon.colcon_core.package_identification:_identify(src/joysticker) by extension 'colcon_pkg'
[1.105s] Level 1:colcon.colcon_core.package_identification:_identify(src/joysticker) by extensions ['colcon_meta']
[1.105s] Level 1:colcon.colcon_core.package_identification:_identify(src/joysticker) by extension 'colcon_meta'
[1.105s] Level 1:colcon.colcon_core.package_identification:_identify(src/joysticker) by extensions ['ros']
[1.105s] Level 1:colcon.colcon_core.package_identification:_identify(src/joysticker) by extension 'ros'
[1.107s] DEBUG:colcon.colcon_core.package_identification:Package 'src/joysticker' with type 'ros.ament_python' and name 'joysticker'
[1.108s] Level 1:colcon.colcon_core.package_identification:_identify(src/load_cell) by extensions ['ignore', 'ignore_ament_install']
[1.108s] Level 1:colcon.colcon_core.package_identification:_identify(src/load_cell) by extension 'ignore'
[1.108s] Level 1:colcon.colcon_core.package_identification:_identify(src/load_cell) by extension 'ignore_ament_install'
[1.109s] Level 1:colcon.colcon_core.package_identification:_identify(src/load_cell) by extensions ['colcon_pkg']
[1.109s] Level 1:colcon.colcon_core.package_identification:_identify(src/load_cell) by extension 'colcon_pkg'
[1.109s] Level 1:colcon.colcon_core.package_identification:_identify(src/load_cell) by extensions ['colcon_meta']
[1.109s] Level 1:colcon.colcon_core.package_identification:_identify(src/load_cell) by extension 'colcon_meta'
[1.110s] Level 1:colcon.colcon_core.package_identification:_identify(src/load_cell) by extensions ['ros']
[1.110s] Level 1:colcon.colcon_core.package_identification:_identify(src/load_cell) by extension 'ros'
[1.112s] DEBUG:colcon.colcon_core.package_identification:Package 'src/load_cell' with type 'ros.ament_python' and name 'load_cell'
[1.113s] Level 1:colcon.colcon_core.package_identification:_identify(src/log) by extensions ['ignore', 'ignore_ament_install']
[1.113s] Level 1:colcon.colcon_core.package_identification:_identify(src/log) by extension 'ignore'
[1.114s] Level 1:colcon.colcon_core.package_identification:_identify(src/log) ignored
[1.115s] Level 1:colcon.colcon_core.package_identification:_identify(src/motor_driver) by extensions ['ignore', 'ignore_ament_install']
[1.115s] Level 1:colcon.colcon_core.package_identification:_identify(src/motor_driver) by extension 'ignore'
[1.116s] Level 1:colcon.colcon_core.package_identification:_identify(src/motor_driver) by extension 'ignore_ament_install'
[1.116s] Level 1:colcon.colcon_core.package_identification:_identify(src/motor_driver) by extensions ['colcon_pkg']
[1.116s] Level 1:colcon.colcon_core.package_identification:_identify(src/motor_driver) by extension 'colcon_pkg'
[1.117s] Level 1:colcon.colcon_core.package_identification:_identify(src/motor_driver) by extensions ['colcon_meta']
[1.117s] Level 1:colcon.colcon_core.package_identification:_identify(src/motor_driver) by extension 'colcon_meta'
[1.117s] Level 1:colcon.colcon_core.package_identification:_identify(src/motor_driver) by extensions ['ros']
[1.117s] Level 1:colcon.colcon_core.package_identification:_identify(src/motor_driver) by extension 'ros'
[1.121s] DEBUG:colcon.colcon_core.package_identification:Package 'src/motor_driver' with type 'ros.ament_python' and name 'motor_driver'
[1.123s] Level 1:colcon.colcon_core.package_identification:_identify(src/robot_GUI) by extensions ['ignore', 'ignore_ament_install']
[1.125s] Level 1:colcon.colcon_core.package_identification:_identify(src/robot_GUI) by extension 'ignore'
[1.127s] Level 1:colcon.colcon_core.package_identification:_identify(src/robot_GUI) by extension 'ignore_ament_install'
[1.128s] Level 1:colcon.colcon_core.package_identification:_identify(src/robot_GUI) by extensions ['colcon_pkg']
[1.128s] Level 1:colcon.colcon_core.package_identification:_identify(src/robot_GUI) by extension 'colcon_pkg'
[1.129s] Level 1:colcon.colcon_core.package_identification:_identify(src/robot_GUI) by extensions ['colcon_meta']
[1.130s] Level 1:colcon.colcon_core.package_identification:_identify(src/robot_GUI) by extension 'colcon_meta'
[1.130s] Level 1:colcon.colcon_core.package_identification:_identify(src/robot_GUI) by extensions ['ros']
[1.131s] Level 1:colcon.colcon_core.package_identification:_identify(src/robot_GUI) by extension 'ros'
[1.134s] DEBUG:colcon.colcon_core.package_identification:Package 'src/robot_GUI' with type 'ros.ament_python' and name 'robot_GUI'
[1.135s] Level 1:colcon.colcon_core.package_discovery:discover_packages(recursive) using defaults
[1.135s] Level 1:colcon.colcon_core.package_discovery:discover_packages(ignore) discover
[1.135s] Level 1:colcon.colcon_core.package_discovery:discover_packages(ignore) using defaults
[1.135s] Level 1:colcon.colcon_core.package_discovery:discover_packages(path) discover
[1.135s] Level 1:colcon.colcon_core.package_discovery:discover_packages(path) using defaults
[1.232s] Level 1:colcon.colcon_core.package_discovery:discover_packages(prefix_path) check parameters
[1.232s] Level 1:colcon.colcon_core.package_discovery:discover_packages(prefix_path) discover
[1.246s] DEBUG:colcon.colcon_installed_package_information.package_discovery:Found 197 installed packages in /opt/ros/kilted
[1.249s] Level 1:colcon.colcon_core.package_discovery:discover_packages(prefix_path) using defaults
[1.487s] Level 5:colcon.colcon_core.verb:set package 'controller' build argument 'cmake_args' from command line to 'None'
[1.487s] Level 5:colcon.colcon_core.verb:set package 'controller' build argument 'cmake_target' from command line to 'None'
[1.487s] Level 5:colcon.colcon_core.verb:set package 'controller' build argument 'cmake_target_skip_unavailable' from command line to 'False'
[1.488s] Level 5:colcon.colcon_core.verb:set package 'controller' build argument 'cmake_clean_cache' from command line to 'False'
[1.488s] Level 5:colcon.colcon_core.verb:set package 'controller' build argument 'cmake_clean_first' from command line to 'False'
[1.488s] Level 5:colcon.colcon_core.verb:set package 'controller' build argument 'cmake_force_configure' from command line to 'False'
[1.488s] Level 5:colcon.colcon_core.verb:set package 'controller' build argument 'ament_cmake_args' from command line to 'None'
[1.489s] Level 5:colcon.colcon_core.verb:set package 'controller' build argument 'catkin_cmake_args' from command line to 'None'
[1.489s] Level 5:colcon.colcon_core.verb:set package 'controller' build argument 'catkin_skip_building_tests' from command line to 'False'
[1.489s] DEBUG:colcon.colcon_core.verb:Building package 'controller' with the following arguments: {'ament_cmake_args': None, 'build_base': '/home/mgazzola/ros2_spirob_ws/build/controller', 'catkin_cmake_args': None, 'catkin_skip_building_tests': False, 'cmake_args': None, 'cmake_clean_cache': False, 'cmake_clean_first': False, 'cmake_force_configure': False, 'cmake_target': None, 'cmake_target_skip_unavailable': False, 'install_base': '/home/mgazzola/ros2_spirob_ws/install/controller', 'merge_install': False, 'path': '/home/mgazzola/ros2_spirob_ws/src/controller', 'symlink_install': False, 'test_result_base': None}
[1.490s] Level 5:colcon.colcon_core.verb:set package 'joysticker' build argument 'cmake_args' from command line to 'None'
[1.491s] Level 5:colcon.colcon_core.verb:set package 'joysticker' build argument 'cmake_target' from command line to 'None'
[1.491s] Level 5:colcon.colcon_core.verb:set package 'joysticker' build argument 'cmake_target_skip_unavailable' from command line to 'False'
[1.491s] Level 5:colcon.colcon_core.verb:set package 'joysticker' build argument 'cmake_clean_cache' from command line to 'False'
[1.491s] Level 5:colcon.colcon_core.verb:set package 'joysticker' build argument 'cmake_clean_first' from command line to 'False'
[1.491s] Level 5:colcon.colcon_core.verb:set package 'joysticker' build argument 'cmake_force_configure' from command line to 'False'
[1.491s] Level 5:colcon.colcon_core.verb:set package 'joysticker' build argument 'ament_cmake_args' from command line to 'None'
[1.491s] Level 5:colcon.colcon_core.verb:set package 'joysticker' build argument 'catkin_cmake_args' from command line to 'None'
[1.492s] Level 5:colcon.colcon_core.verb:set package 'joysticker' build argument 'catkin_skip_building_tests' from command line to 'False'
[1.492s] DEBUG:colcon.colcon_core.verb:Building package 'joysticker' with the following arguments: {'ament_cmake_args': None, 'build_base': '/home/mgazzola/ros2_spirob_ws/build/joysticker', 'catkin_cmake_args': None, 'catkin_skip_building_tests': False, 'cmake_args': None, 'cmake_clean_cache': False, 'cmake_clean_first': False, 'cmake_force_configure': False, 'cmake_target': None, 'cmake_target_skip_unavailable': False, 'install_base': '/home/mgazzola/ros2_spirob_ws/install/joysticker', 'merge_install': False, 'path': '/home/mgazzola/ros2_spirob_ws/src/joysticker', 'symlink_install': False, 'test_result_base': None}
[1.493s] Level 5:colcon.colcon_core.verb:set package 'load_cell' build argument 'cmake_args' from command line to 'None'
[1.493s] Level 5:colcon.colcon_core.verb:set package 'load_cell' build argument 'cmake_target' from command line to 'None'
[1.494s] Level 5:colcon.colcon_core.verb:set package 'load_cell' build argument 'cmake_target_skip_unavailable' from command line to 'False'
[1.494s] Level 5:colcon.colcon_core.verb:set package 'load_cell' build argument 'cmake_clean_cache' from command line to 'False'
[1.494s] Level 5:colcon.colcon_core.verb:set package 'load_cell' build argument 'cmake_clean_first' from command line to 'False'
[1.494s] Level 5:colcon.colcon_core.verb:set package 'load_cell' build argument 'cmake_force_configure' from command line to 'False'
[1.495s] Level 5:colcon.colcon_core.verb:set package 'load_cell' build argument 'ament_cmake_args' from command line to 'None'
[1.495s] Level 5:colcon.colcon_core.verb:set package 'load_cell' build argument 'catkin_cmake_args' from command line to 'None'
[1.495s] Level 5:colcon.colcon_core.verb:set package 'load_cell' build argument 'catkin_skip_building_tests' from command line to 'False'
[1.495s] DEBUG:colcon.colcon_core.verb:Building package 'load_cell' with the following arguments: {'ament_cmake_args': None, 'build_base': '/home/mgazzola/ros2_spirob_ws/build/load_cell', 'catkin_cmake_args': None, 'catkin_skip_building_tests': False, 'cmake_args': None, 'cmake_clean_cache': False, 'cmake_clean_first': False, 'cmake_force_configure': False, 'cmake_target': None, 'cmake_target_skip_unavailable': False, 'install_base': '/home/mgazzola/ros2_spirob_ws/install/load_cell', 'merge_install': False, 'path': '/home/mgazzola/ros2_spirob_ws/src/load_cell', 'symlink_install': False, 'test_result_base': None}
[1.496s] Level 5:colcon.colcon_core.verb:set package 'motor_driver' build argument 'cmake_args' from command line to 'None'
[1.497s] Level 5:colcon.colcon_core.verb:set package 'motor_driver' build argument 'cmake_target' from command line to 'None'
[1.497s] Level 5:colcon.colcon_core.verb:set package 'motor_driver' build argument 'cmake_target_skip_unavailable' from command line to 'False'
[1.497s] Level 5:colcon.colcon_core.verb:set package 'motor_driver' build argument 'cmake_clean_cache' from command line to 'False'
[1.497s] Level 5:colcon.colcon_core.verb:set package 'motor_driver' build argument 'cmake_clean_first' from command line to 'False'
[1.498s] Level 5:colcon.colcon_core.verb:set package 'motor_driver' build argument 'cmake_force_configure' from command line to 'False'
[1.498s] Level 5:colcon.colcon_core.verb:set package 'motor_driver' build argument 'ament_cmake_args' from command line to 'None'
[1.498s] Level 5:colcon.colcon_core.verb:set package 'motor_driver' build argument 'catkin_cmake_args' from command line to 'None'
[1.498s] Level 5:colcon.colcon_core.verb:set package 'motor_driver' build argument 'catkin_skip_building_tests' from command line to 'False'
[1.498s] DEBUG:colcon.colcon_core.verb:Building package 'motor_driver' with the following arguments: {'ament_cmake_args': None, 'build_base': '/home/mgazzola/ros2_spirob_ws/build/motor_driver', 'catkin_cmake_args': None, 'catkin_skip_building_tests': False, 'cmake_args': None, 'cmake_clean_cache': False, 'cmake_clean_first': False, 'cmake_force_configure': False, 'cmake_target': None, 'cmake_target_skip_unavailable': False, 'install_base': '/home/mgazzola/ros2_spirob_ws/install/motor_driver', 'merge_install': False, 'path': '/home/mgazzola/ros2_spirob_ws/src/motor_driver', 'symlink_install': False, 'test_result_base': None}
[1.499s] Level 5:colcon.colcon_core.verb:set package 'robot_GUI' build argument 'cmake_args' from command line to 'None'
[1.500s] Level 5:colcon.colcon_core.verb:set package 'robot_GUI' build argument 'cmake_target' from command line to 'None'
[1.500s] Level 5:colcon.colcon_core.verb:set package 'robot_GUI' build argument 'cmake_target_skip_unavailable' from command line to 'False'
[1.500s] Level 5:colcon.colcon_core.verb:set package 'robot_GUI' build argument 'cmake_clean_cache' from command line to 'False'
[1.500s] Level 5:colcon.colcon_core.verb:set package 'robot_GUI' build argument 'cmake_clean_first' from command line to 'False'
[1.500s] Level 5:colcon.colcon_core.verb:set package 'robot_GUI' build argument 'cmake_force_configure' from command line to 'False'
[1.501s] Level 5:colcon.colcon_core.verb:set package 'robot_GUI' build argument 'ament_cmake_args' from command line to 'None'
[1.501s] Level 5:colcon.colcon_core.verb:set package 'robot_GUI' build argument 'catkin_cmake_args' from command line to 'None'
[1.501s] Level 5:colcon.colcon_core.verb:set package 'robot_GUI' build argument 'catkin_skip_building_tests' from command line to 'False'
[1.501s] DEBUG:colcon.colcon_core.verb:Building package 'robot_GUI' with the following arguments: {'ament_cmake_args': None, 'build_base': '/home/mgazzola/ros2_spirob_ws/build/robot_GUI', 'catkin_cmake_args': None, 'catkin_skip_building_tests': False, 'cmake_args': None, 'cmake_clean_cache': False, 'cmake_clean_first': False, 'cmake_force_configure': False, 'cmake_target': None, 'cmake_target_skip_unavailable': False, 'install_base': '/home/mgazzola/ros2_spirob_ws/install/robot_GUI', 'merge_install': False, 'path': '/home/mgazzola/ros2_spirob_ws/src/robot_GUI', 'symlink_install': False, 'test_result_base': None}
[1.502s] INFO:colcon.colcon_core.executor:Executing jobs using 'parallel' executor
[1.505s] DEBUG:colcon.colcon_parallel_executor.executor.parallel:run_until_complete
[1.507s] INFO:colcon.colcon_ros.task.ament_python.build:Building ROS package in '/home/mgazzola/ros2_spirob_ws/src/controller' with build type 'ament_python'
[1.508s] Level 1:colcon.colcon_core.shell:create_environment_hook('controller', 'ament_prefix_path')
[1.526s] INFO:colcon.colcon_core.plugin_system:Skipping extension 'colcon_core.shell.bat': Not used on non-Windows systems
[1.528s] INFO:colcon.colcon_core.shell:Creating environment hook '/home/mgazzola/ros2_spirob_ws/install/controller/share/controller/hook/ament_prefix_path.ps1'
[1.533s] INFO:colcon.colcon_core.shell:Creating environment descriptor '/home/mgazzola/ros2_spirob_ws/install/controller/share/controller/hook/ament_prefix_path.dsv'
[1.536s] INFO:colcon.colcon_core.shell:Creating environment hook '/home/mgazzola/ros2_spirob_ws/install/controller/share/controller/hook/ament_prefix_path.sh'
[1.539s] INFO:colcon.colcon_core.shell:Skip shell extension 'powershell' for command environment: Not usable outside of PowerShell
[1.540s] DEBUG:colcon.colcon_core.shell:Skip shell extension 'dsv' for command environment
[1.553s] INFO:colcon.colcon_ros.task.ament_python.build:Building ROS package in '/home/mgazzola/ros2_spirob_ws/src/joysticker' with build type 'ament_python'
[1.554s] Level 1:colcon.colcon_core.shell:create_environment_hook('joysticker', 'ament_prefix_path')
[1.555s] INFO:colcon.colcon_core.shell:Creating environment hook '/home/mgazzola/ros2_spirob_ws/install/joysticker/share/joysticker/hook/ament_prefix_path.ps1'
[1.558s] INFO:colcon.colcon_core.shell:Creating environment descriptor '/home/mgazzola/ros2_spirob_ws/install/joysticker/share/joysticker/hook/ament_prefix_path.dsv'
[1.560s] INFO:colcon.colcon_core.shell:Creating environment hook '/home/mgazzola/ros2_spirob_ws/install/joysticker/share/joysticker/hook/ament_prefix_path.sh'
[1.565s] INFO:colcon.colcon_core.shell:Skip shell extension 'powershell' for command environment: Not usable outside of PowerShell
[1.565s] DEBUG:colcon.colcon_core.shell:Skip shell extension 'dsv' for command environment
[1.584s] INFO:colcon.colcon_ros.task.ament_python.build:Building ROS package in '/home/mgazzola/ros2_spirob_ws/src/load_cell' with build type 'ament_python'
[1.586s] Level 1:colcon.colcon_core.shell:create_environment_hook('load_cell', 'ament_prefix_path')
[1.587s] INFO:colcon.colcon_core.shell:Creating environment hook '/home/mgazzola/ros2_spirob_ws/install/load_cell/share/load_cell/hook/ament_prefix_path.ps1'
[1.590s] INFO:colcon.colcon_core.shell:Creating environment descriptor '/home/mgazzola/ros2_spirob_ws/install/load_cell/share/load_cell/hook/ament_prefix_path.dsv'
[1.592s] INFO:colcon.colcon_core.shell:Creating environment hook '/home/mgazzola/ros2_spirob_ws/install/load_cell/share/load_cell/hook/ament_prefix_path.sh'
[1.597s] INFO:colcon.colcon_core.shell:Skip shell extension 'powershell' for command environment: Not usable outside of PowerShell
[1.598s] DEBUG:colcon.colcon_core.shell:Skip shell extension 'dsv' for command environment
[1.612s] INFO:colcon.colcon_ros.task.ament_python.build:Building ROS package in '/home/mgazzola/ros2_spirob_ws/src/motor_driver' with build type 'ament_python'
[1.612s] Level 1:colcon.colcon_core.shell:create_environment_hook('motor_driver', 'ament_prefix_path')
[1.615s] INFO:colcon.colcon_core.shell:Creating environment hook '/home/mgazzola/ros2_spirob_ws/install/motor_driver/share/motor_driver/hook/ament_prefix_path.ps1'
[1.618s] INFO:colcon.colcon_core.shell:Creating environment descriptor '/home/mgazzola/ros2_spirob_ws/install/motor_driver/share/motor_driver/hook/ament_prefix_path.dsv'
[1.623s] INFO:colcon.colcon_core.shell:Creating environment hook '/home/mgazzola/ros2_spirob_ws/install/motor_driver/share/motor_driver/hook/ament_prefix_path.sh'
[1.632s] INFO:colcon.colcon_core.shell:Skip shell extension 'powershell' for command environment: Not usable outside of PowerShell
[1.633s] DEBUG:colcon.colcon_core.shell:Skip shell extension 'dsv' for command environment
[3.126s] INFO:colcon.colcon_core.task.python.build:Building Python package in '/home/mgazzola/ros2_spirob_ws/src/controller'
[3.128s] INFO:colcon.colcon_core.shell:Skip shell extension 'powershell' for command environment: Not usable outside of PowerShell
[3.130s] DEBUG:colcon.colcon_core.shell:Skip shell extension 'dsv' for command environment
[4.496s] INFO:colcon.colcon_core.task.python.build:Building Python package in '/home/mgazzola/ros2_spirob_ws/src/joysticker'
[4.497s] INFO:colcon.colcon_core.shell:Skip shell extension 'powershell' for command environment: Not usable outside of PowerShell
[4.498s] DEBUG:colcon.colcon_core.shell:Skip shell extension 'dsv' for command environment
[5.848s] INFO:colcon.colcon_core.task.python.build:Building Python package in '/home/mgazzola/ros2_spirob_ws/src/load_cell'
[5.849s] INFO:colcon.colcon_core.shell:Skip shell extension 'powershell' for command environment: Not usable outside of PowerShell
[5.849s] DEBUG:colcon.colcon_core.shell:Skip shell extension 'dsv' for command environment
[7.299s] INFO:colcon.colcon_core.task.python.build:Building Python package in '/home/mgazzola/ros2_spirob_ws/src/motor_driver'
[7.300s] INFO:colcon.colcon_core.shell:Skip shell extension 'powershell' for command environment: Not usable outside of PowerShell
[7.301s] DEBUG:colcon.colcon_core.shell:Skip shell extension 'dsv' for command environment
[14.451s] DEBUG:colcon.colcon_core.event_handler.log_command:Invoking command in '/home/mgazzola/ros2_spirob_ws/src/motor_driver': DEBUGINFOD_URLS=https://debuginfod.ubuntu.com PS1=(.venv) \[\e]0;\u@\h: \w\a\]${debian_chroot:+($debian_chroot)}\[\033[01;32m\]\u@\h\[\033[00m\]:\[\033[01;34m\]\w\[\033[00m\]\$ PYTHONPATH=/home/mgazzola/ros2_spirob_ws/build/motor_driver/prefix_override:/usr/lib/python3/dist-packages/colcon_core/task/python/colcon_distutils_commands:/home/mgazzola/ros2_spirob_ws/install/motor_driver/lib/python3.12/site-packages:${PYTHONPATH} VIRTUAL_ENV_PROMPT=(.venv) /usr/bin/python3 -W ignore:setup.py install is deprecated -W ignore:easy_install command is deprecated setup.py egg_info --egg-base ../../build/motor_driver build --build-base /home/mgazzola/ros2_spirob_ws/build/motor_driver/build install --record /home/mgazzola/ros2_spirob_ws/build/motor_driver/install.log --single-version-externally-managed install_data
[15.944s] DEBUG:colcon.colcon_core.event_handler.log_command:Invoking command in '/home/mgazzola/ros2_spirob_ws/src/load_cell': DEBUGINFOD_URLS=https://debuginfod.ubuntu.com PS1=(.venv) \[\e]0;\u@\h: \w\a\]${debian_chroot:+($debian_chroot)}\[\033[01;32m\]\u@\h\[\033[00m\]:\[\033[01;34m\]\w\[\033[00m\]\$ PYTHONPATH=/home/mgazzola/ros2_spirob_ws/build/load_cell/prefix_override:/usr/lib/python3/dist-packages/colcon_core/task/python/colcon_distutils_commands:/home/mgazzola/ros2_spirob_ws/install/load_cell/lib/python3.12/site-packages:${PYTHONPATH} VIRTUAL_ENV_PROMPT=(.venv) /usr/bin/python3 -W ignore:setup.py install is deprecated -W ignore:easy_install command is deprecated setup.py egg_info --egg-base ../../build/load_cell build --build-base /home/mgazzola/ros2_spirob_ws/build/load_cell/build install --record /home/mgazzola/ros2_spirob_ws/build/load_cell/install.log --single-version-externally-managed install_data
[16.731s] DEBUG:colcon.colcon_core.event_handler.log_command:Invoking command in '/home/mgazzola/ros2_spirob_ws/src/controller': DEBUGINFOD_URLS=https://debuginfod.ubuntu.com PS1=(.venv) \[\e]0;\u@\h: \w\a\]${debian_chroot:+($debian_chroot)}\[\033[01;32m\]\u@\h\[\033[00m\]:\[\033[01;34m\]\w\[\033[00m\]\$ PYTHONPATH=/home/mgazzola/ros2_spirob_ws/build/controller/prefix_override:/usr/lib/python3/dist-packages/colcon_core/task/python/colcon_distutils_commands:/home/mgazzola/ros2_spirob_ws/install/controller/lib/python3.12/site-packages:${PYTHONPATH} VIRTUAL_ENV_PROMPT=(.venv) /usr/bin/python3 -W ignore:setup.py install is deprecated -W ignore:easy_install command is deprecated setup.py egg_info --egg-base ../../build/controller build --build-base /home/mgazzola/ros2_spirob_ws/build/controller/build install --record /home/mgazzola/ros2_spirob_ws/build/controller/install.log --single-version-externally-managed install_data
[18.117s] DEBUG:colcon.colcon_core.event_handler.log_command:Invoking command in '/home/mgazzola/ros2_spirob_ws/src/joysticker': DEBUGINFOD_URLS=https://debuginfod.ubuntu.com PS1=(.venv) \[\e]0;\u@\h: \w\a\]${debian_chroot:+($debian_chroot)}\[\033[01;32m\]\u@\h\[\033[00m\]:\[\033[01;34m\]\w\[\033[00m\]\$ PYTHONPATH=/home/mgazzola/ros2_spirob_ws/build/joysticker/prefix_override:/usr/lib/python3/dist-packages/colcon_core/task/python/colcon_distutils_commands:/home/mgazzola/ros2_spirob_ws/install/joysticker/lib/python3.12/site-packages:${PYTHONPATH} VIRTUAL_ENV_PROMPT=(.venv) /usr/bin/python3 -W ignore:setup.py install is deprecated -W ignore:easy_install command is deprecated setup.py egg_info --egg-base ../../build/joysticker build --build-base /home/mgazzola/ros2_spirob_ws/build/joysticker/build install --record /home/mgazzola/ros2_spirob_ws/build/joysticker/install.log --single-version-externally-managed install_data
[21.267s] DEBUG:colcon.colcon_core.event_handler.log_command:Invoked command in '/home/mgazzola/ros2_spirob_ws/src/motor_driver' returned '0': DEBUGINFOD_URLS=https://debuginfod.ubuntu.com PS1=(.venv) \[\e]0;\u@\h: \w\a\]${debian_chroot:+($debian_chroot)}\[\033[01;32m\]\u@\h\[\033[00m\]:\[\033[01;34m\]\w\[\033[00m\]\$ PYTHONPATH=/home/mgazzola/ros2_spirob_ws/build/motor_driver/prefix_override:/usr/lib/python3/dist-packages/colcon_core/task/python/colcon_distutils_commands:/home/mgazzola/ros2_spirob_ws/install/motor_driver/lib/python3.12/site-packages:${PYTHONPATH} VIRTUAL_ENV_PROMPT=(.venv) /usr/bin/python3 -W ignore:setup.py install is deprecated -W ignore:easy_install command is deprecated setup.py egg_info --egg-base ../../build/motor_driver build --build-base /home/mgazzola/ros2_spirob_ws/build/motor_driver/build install --record /home/mgazzola/ros2_spirob_ws/build/motor_driver/install.log --single-version-externally-managed install_data
[21.349s] Level 1:colcon.colcon_core.environment:checking '/home/mgazzola/ros2_spirob_ws/install/motor_driver' for CMake module files
[21.367s] Level 1:colcon.colcon_core.environment:checking '/home/mgazzola/ros2_spirob_ws/install/motor_driver' for CMake config files
[21.413s] Level 1:colcon.colcon_core.environment:checking '/home/mgazzola/ros2_spirob_ws/install/motor_driver/lib'
[21.423s] Level 1:colcon.colcon_core.environment:checking '/home/mgazzola/ros2_spirob_ws/install/motor_driver/bin'
[21.427s] Level 1:colcon.colcon_core.environment:checking '/home/mgazzola/ros2_spirob_ws/install/motor_driver/lib/pkgconfig/motor_driver.pc'
[21.429s] Level 1:colcon.colcon_core.environment:checking '/home/mgazzola/ros2_spirob_ws/install/motor_driver/lib/python3.12/site-packages'
[21.436s] Level 1:colcon.colcon_core.shell:create_environment_hook('motor_driver', 'pythonpath')
[21.437s] INFO:colcon.colcon_core.shell:Creating environment hook '/home/mgazzola/ros2_spirob_ws/install/motor_driver/share/motor_driver/hook/pythonpath.ps1'
[21.458s] INFO:colcon.colcon_core.shell:Creating environment descriptor '/home/mgazzola/ros2_spirob_ws/install/motor_driver/share/motor_driver/hook/pythonpath.dsv'
[21.477s] INFO:colcon.colcon_core.shell:Creating environment hook '/home/mgazzola/ros2_spirob_ws/install/motor_driver/share/motor_driver/hook/pythonpath.sh'
[21.493s] Level 1:colcon.colcon_core.environment:checking '/home/mgazzola/ros2_spirob_ws/install/motor_driver/bin'
[21.494s] Level 1:colcon.colcon_core.environment:create_environment_scripts_only(motor_driver)
[21.507s] INFO:colcon.colcon_core.shell:Creating package script '/home/mgazzola/ros2_spirob_ws/install/motor_driver/share/motor_driver/package.ps1'
[21.525s] INFO:colcon.colcon_core.shell:Creating package descriptor '/home/mgazzola/ros2_spirob_ws/install/motor_driver/share/motor_driver/package.dsv'
[21.538s] INFO:colcon.colcon_core.shell:Creating package script '/home/mgazzola/ros2_spirob_ws/install/motor_driver/share/motor_driver/package.sh'
[21.557s] INFO:colcon.colcon_core.shell:Creating package script '/home/mgazzola/ros2_spirob_ws/install/motor_driver/share/motor_driver/package.bash'
[21.569s] INFO:colcon.colcon_core.shell:Creating package script '/home/mgazzola/ros2_spirob_ws/install/motor_driver/share/motor_driver/package.zsh'
[21.577s] Level 1:colcon.colcon_core.environment:create_file_with_runtime_dependencies(/home/mgazzola/ros2_spirob_ws/install/motor_driver/share/colcon-core/packages/motor_driver)
[21.591s] INFO:colcon.colcon_ros.task.ament_python.build:Building ROS package in '/home/mgazzola/ros2_spirob_ws/src/robot_GUI' with build type 'ament_python'
[21.605s] Level 1:colcon.colcon_core.shell:create_environment_hook('robot_GUI', 'ament_prefix_path')
[21.610s] INFO:colcon.colcon_core.shell:Creating environment hook '/home/mgazzola/ros2_spirob_ws/install/robot_GUI/share/robot_GUI/hook/ament_prefix_path.ps1'
[21.627s] INFO:colcon.colcon_core.shell:Creating environment descriptor '/home/mgazzola/ros2_spirob_ws/install/robot_GUI/share/robot_GUI/hook/ament_prefix_path.dsv'
[21.637s] INFO:colcon.colcon_core.shell:Creating environment hook '/home/mgazzola/ros2_spirob_ws/install/robot_GUI/share/robot_GUI/hook/ament_prefix_path.sh'
[21.649s] INFO:colcon.colcon_core.shell:Skip shell extension 'powershell' for command environment: Not usable outside of PowerShell
[21.650s] DEBUG:colcon.colcon_core.shell:Skip shell extension 'dsv' for command environment
[24.977s] INFO:colcon.colcon_core.task.python.build:Building Python package in '/home/mgazzola/ros2_spirob_ws/src/robot_GUI'
[24.980s] INFO:colcon.colcon_core.shell:Skip shell extension 'powershell' for command environment: Not usable outside of PowerShell
[24.981s] DEBUG:colcon.colcon_core.shell:Skip shell extension 'dsv' for command environment
[25.050s] Level 1:colcon.colcon_core.environment:checking '/home/mgazzola/ros2_spirob_ws/install/controller' for CMake module files
[25.073s] DEBUG:colcon.colcon_core.event_handler.log_command:Invoked command in '/home/mgazzola/ros2_spirob_ws/src/controller' returned '0': DEBUGINFOD_URLS=https://debuginfod.ubuntu.com PS1=(.venv) \[\e]0;\u@\h: \w\a\]${debian_chroot:+($debian_chroot)}\[\033[01;32m\]\u@\h\[\033[00m\]:\[\033[01;34m\]\w\[\033[00m\]\$ PYTHONPATH=/home/mgazzola/ros2_spirob_ws/build/controller/prefix_override:/usr/lib/python3/dist-packages/colcon_core/task/python/colcon_distutils_commands:/home/mgazzola/ros2_spirob_ws/install/controller/lib/python3.12/site-packages:${PYTHONPATH} VIRTUAL_ENV_PROMPT=(.venv) /usr/bin/python3 -W ignore:setup.py install is deprecated -W ignore:easy_install command is deprecated setup.py egg_info --egg-base ../../build/controller build --build-base /home/mgazzola/ros2_spirob_ws/build/controller/build install --record /home/mgazzola/ros2_spirob_ws/build/controller/install.log --single-version-externally-managed install_data
[25.074s] Level 1:colcon.colcon_core.environment:checking '/home/mgazzola/ros2_spirob_ws/install/controller' for CMake config files
[25.098s] Level 1:colcon.colcon_core.environment:checking '/home/mgazzola/ros2_spirob_ws/install/controller/lib'
[25.102s] Level 1:colcon.colcon_core.environment:checking '/home/mgazzola/ros2_spirob_ws/install/controller/bin'
[25.102s] Level 1:colcon.colcon_core.environment:checking '/home/mgazzola/ros2_spirob_ws/install/controller/lib/pkgconfig/controller.pc'
[25.115s] Level 1:colcon.colcon_core.environment:checking '/home/mgazzola/ros2_spirob_ws/install/controller/lib/python3.12/site-packages'
[25.116s] Level 1:colcon.colcon_core.shell:create_environment_hook('controller', 'pythonpath')
[25.135s] INFO:colcon.colcon_core.shell:Creating environment hook '/home/mgazzola/ros2_spirob_ws/install/controller/share/controller/hook/pythonpath.ps1'
[25.154s] INFO:colcon.colcon_core.shell:Creating environment descriptor '/home/mgazzola/ros2_spirob_ws/install/controller/share/controller/hook/pythonpath.dsv'
[25.157s] INFO:colcon.colcon_core.shell:Creating environment hook '/home/mgazzola/ros2_spirob_ws/install/controller/share/controller/hook/pythonpath.sh'
[25.179s] Level 1:colcon.colcon_core.environment:checking '/home/mgazzola/ros2_spirob_ws/install/controller/bin'
[25.183s] Level 1:colcon.colcon_core.environment:create_environment_scripts_only(controller)
[25.185s] INFO:colcon.colcon_core.shell:Creating package script '/home/mgazzola/ros2_spirob_ws/install/controller/share/controller/package.ps1'
[25.203s] INFO:colcon.colcon_core.shell:Creating package descriptor '/home/mgazzola/ros2_spirob_ws/install/controller/share/controller/package.dsv'
[25.218s] INFO:colcon.colcon_core.shell:Creating package script '/home/mgazzola/ros2_spirob_ws/install/controller/share/controller/package.sh'
[25.226s] INFO:colcon.colcon_core.shell:Creating package script '/home/mgazzola/ros2_spirob_ws/install/controller/share/controller/package.bash'
[25.233s] INFO:colcon.colcon_core.shell:Creating package script '/home/mgazzola/ros2_spirob_ws/install/controller/share/controller/package.zsh'
[25.240s] Level 1:colcon.colcon_core.environment:create_file_with_runtime_dependencies(/home/mgazzola/ros2_spirob_ws/install/controller/share/colcon-core/packages/controller)
[26.006s] Level 1:colcon.colcon_core.environment:checking '/home/mgazzola/ros2_spirob_ws/install/load_cell' for CMake module files
[26.023s] DEBUG:colcon.colcon_core.event_handler.log_command:Invoked command in '/home/mgazzola/ros2_spirob_ws/src/load_cell' returned '0': DEBUGINFOD_URLS=https://debuginfod.ubuntu.com PS1=(.venv) \[\e]0;\u@\h: \w\a\]${debian_chroot:+($debian_chroot)}\[\033[01;32m\]\u@\h\[\033[00m\]:\[\033[01;34m\]\w\[\033[00m\]\$ PYTHONPATH=/home/mgazzola/ros2_spirob_ws/build/load_cell/prefix_override:/usr/lib/python3/dist-packages/colcon_core/task/python/colcon_distutils_commands:/home/mgazzola/ros2_spirob_ws/install/load_cell/lib/python3.12/site-packages:${PYTHONPATH} VIRTUAL_ENV_PROMPT=(.venv) /usr/bin/python3 -W ignore:setup.py install is deprecated -W ignore:easy_install command is deprecated setup.py egg_info --egg-base ../../build/load_cell build --build-base /home/mgazzola/ros2_spirob_ws/build/load_cell/build install --record /home/mgazzola/ros2_spirob_ws/build/load_cell/install.log --single-version-externally-managed install_data
[26.036s] Level 1:colcon.colcon_core.environment:checking '/home/mgazzola/ros2_spirob_ws/install/load_cell' for CMake config files
[26.070s] Level 1:colcon.colcon_core.environment:checking '/home/mgazzola/ros2_spirob_ws/install/load_cell/lib'
[26.072s] Level 1:colcon.colcon_core.environment:checking '/home/mgazzola/ros2_spirob_ws/install/load_cell/bin'
[26.073s] Level 1:colcon.colcon_core.environment:checking '/home/mgazzola/ros2_spirob_ws/install/load_cell/lib/pkgconfig/load_cell.pc'
[26.075s] Level 1:colcon.colcon_core.environment:checking '/home/mgazzola/ros2_spirob_ws/install/load_cell/lib/python3.12/site-packages'
[26.077s] Level 1:colcon.colcon_core.shell:create_environment_hook('load_cell', 'pythonpath')
[26.079s] INFO:colcon.colcon_core.shell:Creating environment hook '/home/mgazzola/ros2_spirob_ws/install/load_cell/share/load_cell/hook/pythonpath.ps1'
[26.085s] INFO:colcon.colcon_core.shell:Creating environment descriptor '/home/mgazzola/ros2_spirob_ws/install/load_cell/share/load_cell/hook/pythonpath.dsv'
[26.095s] INFO:colcon.colcon_core.shell:Creating environment hook '/home/mgazzola/ros2_spirob_ws/install/load_cell/share/load_cell/hook/pythonpath.sh'
[26.135s] Level 1:colcon.colcon_core.environment:checking '/home/mgazzola/ros2_spirob_ws/install/load_cell/bin'
[26.136s] Level 1:colcon.colcon_core.environment:create_environment_scripts_only(load_cell)
[26.139s] INFO:colcon.colcon_core.shell:Creating package script '/home/mgazzola/ros2_spirob_ws/install/load_cell/share/load_cell/package.ps1'
[26.154s] INFO:colcon.colcon_core.shell:Creating package descriptor '/home/mgazzola/ros2_spirob_ws/install/load_cell/share/load_cell/package.dsv'
[26.175s] INFO:colcon.colcon_core.shell:Creating package script '/home/mgazzola/ros2_spirob_ws/install/load_cell/share/load_cell/package.sh'
[26.182s] INFO:colcon.colcon_core.shell:Creating package script '/home/mgazzola/ros2_spirob_ws/install/load_cell/share/load_cell/package.bash'
[26.190s] INFO:colcon.colcon_core.shell:Creating package script '/home/mgazzola/ros2_spirob_ws/install/load_cell/share/load_cell/package.zsh'
[26.206s] Level 1:colcon.colcon_core.environment:create_file_with_runtime_dependencies(/home/mgazzola/ros2_spirob_ws/install/load_cell/share/colcon-core/packages/load_cell)
[27.268s] Level 1:colcon.colcon_core.environment:checking '/home/mgazzola/ros2_spirob_ws/install/joysticker' for CMake module files
[27.272s] DEBUG:colcon.colcon_core.event_handler.log_command:Invoked command in '/home/mgazzola/ros2_spirob_ws/src/joysticker' returned '0': DEBUGINFOD_URLS=https://debuginfod.ubuntu.com PS1=(.venv) \[\e]0;\u@\h: \w\a\]${debian_chroot:+($debian_chroot)}\[\033[01;32m\]\u@\h\[\033[00m\]:\[\033[01;34m\]\w\[\033[00m\]\$ PYTHONPATH=/home/mgazzola/ros2_spirob_ws/build/joysticker/prefix_override:/usr/lib/python3/dist-packages/colcon_core/task/python/colcon_distutils_commands:/home/mgazzola/ros2_spirob_ws/install/joysticker/lib/python3.12/site-packages:${PYTHONPATH} VIRTUAL_ENV_PROMPT=(.venv) /usr/bin/python3 -W ignore:setup.py install is deprecated -W ignore:easy_install command is deprecated setup.py egg_info --egg-base ../../build/joysticker build --build-base /home/mgazzola/ros2_spirob_ws/build/joysticker/build install --record /home/mgazzola/ros2_spirob_ws/build/joysticker/install.log --single-version-externally-managed install_data
[27.286s] Level 1:colcon.colcon_core.environment:checking '/home/mgazzola/ros2_spirob_ws/install/joysticker' for CMake config files
[27.296s] Level 1:colcon.colcon_core.environment:checking '/home/mgazzola/ros2_spirob_ws/install/joysticker/lib'
[27.298s] Level 1:colcon.colcon_core.environment:checking '/home/mgazzola/ros2_spirob_ws/install/joysticker/bin'
[27.299s] Level 1:colcon.colcon_core.environment:checking '/home/mgazzola/ros2_spirob_ws/install/joysticker/lib/pkgconfig/joysticker.pc'
[27.302s] Level 1:colcon.colcon_core.environment:checking '/home/mgazzola/ros2_spirob_ws/install/joysticker/lib/python3.12/site-packages'
[27.304s] Level 1:colcon.colcon_core.shell:create_environment_hook('joysticker', 'pythonpath')
[27.306s] INFO:colcon.colcon_core.shell:Creating environment hook '/home/mgazzola/ros2_spirob_ws/install/joysticker/share/joysticker/hook/pythonpath.ps1'
[27.316s] INFO:colcon.colcon_core.shell:Creating environment descriptor '/home/mgazzola/ros2_spirob_ws/install/joysticker/share/joysticker/hook/pythonpath.dsv'
[27.323s] INFO:colcon.colcon_core.shell:Creating environment hook '/home/mgazzola/ros2_spirob_ws/install/joysticker/share/joysticker/hook/pythonpath.sh'
[27.329s] Level 1:colcon.colcon_core.environment:checking '/home/mgazzola/ros2_spirob_ws/install/joysticker/bin'
[27.329s] Level 1:colcon.colcon_core.environment:create_environment_scripts_only(joysticker)
[27.331s] INFO:colcon.colcon_core.shell:Creating package script '/home/mgazzola/ros2_spirob_ws/install/joysticker/share/joysticker/package.ps1'
[27.335s] INFO:colcon.colcon_core.shell:Creating package descriptor '/home/mgazzola/ros2_spirob_ws/install/joysticker/share/joysticker/package.dsv'
[27.340s] INFO:colcon.colcon_core.shell:Creating package script '/home/mgazzola/ros2_spirob_ws/install/joysticker/share/joysticker/package.sh'
[27.345s] INFO:colcon.colcon_core.shell:Creating package script '/home/mgazzola/ros2_spirob_ws/install/joysticker/share/joysticker/package.bash'
[27.350s] INFO:colcon.colcon_core.shell:Creating package script '/home/mgazzola/ros2_spirob_ws/install/joysticker/share/joysticker/package.zsh'
[27.357s] Level 1:colcon.colcon_core.environment:create_file_with_runtime_dependencies(/home/mgazzola/ros2_spirob_ws/install/joysticker/share/colcon-core/packages/joysticker)
[30.336s] DEBUG:colcon.colcon_core.event_handler.log_command:Invoking command in '/home/mgazzola/ros2_spirob_ws/src/robot_GUI': DEBUGINFOD_URLS=https://debuginfod.ubuntu.com PS1=(.venv) \[\e]0;\u@\h: \w\a\]${debian_chroot:+($debian_chroot)}\[\033[01;32m\]\u@\h\[\033[00m\]:\[\033[01;34m\]\w\[\033[00m\]\$ PYTHONPATH=/home/mgazzola/ros2_spirob_ws/build/robot_GUI/prefix_override:/usr/lib/python3/dist-packages/colcon_core/task/python/colcon_distutils_commands:/home/mgazzola/ros2_spirob_ws/install/robot_GUI/lib/python3.12/site-packages:${PYTHONPATH} VIRTUAL_ENV_PROMPT=(.venv) /usr/bin/python3 -W ignore:setup.py install is deprecated -W ignore:easy_install command is deprecated setup.py egg_info --egg-base ../../build/robot_GUI build --build-base /home/mgazzola/ros2_spirob_ws/build/robot_GUI/build install --record /home/mgazzola/ros2_spirob_ws/build/robot_GUI/install.log --single-version-externally-managed install_data
[33.866s] Level 1:colcon.colcon_core.environment:checking '/home/mgazzola/ros2_spirob_ws/install/robot_GUI' for CMake module files
[33.868s] DEBUG:colcon.colcon_core.event_handler.log_command:Invoked command in '/home/mgazzola/ros2_spirob_ws/src/robot_GUI' returned '0': DEBUGINFOD_URLS=https://debuginfod.ubuntu.com PS1=(.venv) \[\e]0;\u@\h: \w\a\]${debian_chroot:+($debian_chroot)}\[\033[01;32m\]\u@\h\[\033[00m\]:\[\033[01;34m\]\w\[\033[00m\]\$ PYTHONPATH=/home/mgazzola/ros2_spirob_ws/build/robot_GUI/prefix_override:/usr/lib/python3/dist-packages/colcon_core/task/python/colcon_distutils_commands:/home/mgazzola/ros2_spirob_ws/install/robot_GUI/lib/python3.12/site-packages:${PYTHONPATH} VIRTUAL_ENV_PROMPT=(.venv) /usr/bin/python3 -W ignore:setup.py install is deprecated -W ignore:easy_install command is deprecated setup.py egg_info --egg-base ../../build/robot_GUI build --build-base /home/mgazzola/ros2_spirob_ws/build/robot_GUI/build install --record /home/mgazzola/ros2_spirob_ws/build/robot_GUI/install.log --single-version-externally-managed install_data
[33.875s] Level 1:colcon.colcon_core.environment:checking '/home/mgazzola/ros2_spirob_ws/install/robot_GUI' for CMake config files
[33.881s] Level 1:colcon.colcon_core.environment:checking '/home/mgazzola/ros2_spirob_ws/install/robot_GUI/lib'
[33.883s] Level 1:colcon.colcon_core.environment:checking '/home/mgazzola/ros2_spirob_ws/install/robot_GUI/bin'
[33.883s] Level 1:colcon.colcon_core.environment:checking '/home/mgazzola/ros2_spirob_ws/install/robot_GUI/lib/pkgconfig/robot_GUI.pc'
[33.885s] Level 1:colcon.colcon_core.environment:checking '/home/mgazzola/ros2_spirob_ws/install/robot_GUI/lib/python3.12/site-packages'
[33.885s] Level 1:colcon.colcon_core.shell:create_environment_hook('robot_GUI', 'pythonpath')
[33.886s] INFO:colcon.colcon_core.shell:Creating environment hook '/home/mgazzola/ros2_spirob_ws/install/robot_GUI/share/robot_GUI/hook/pythonpath.ps1'
[33.888s] INFO:colcon.colcon_core.shell:Creating environment descriptor '/home/mgazzola/ros2_spirob_ws/install/robot_GUI/share/robot_GUI/hook/pythonpath.dsv'
[33.891s] INFO:colcon.colcon_core.shell:Creating environment hook '/home/mgazzola/ros2_spirob_ws/install/robot_GUI/share/robot_GUI/hook/pythonpath.sh'
[33.895s] Level 1:colcon.colcon_core.environment:checking '/home/mgazzola/ros2_spirob_ws/install/robot_GUI/bin'
[33.896s] Level 1:colcon.colcon_core.environment:create_environment_scripts_only(robot_GUI)
[33.898s] INFO:colcon.colcon_core.shell:Creating package script '/home/mgazzola/ros2_spirob_ws/install/robot_GUI/share/robot_GUI/package.ps1'
[33.900s] INFO:colcon.colcon_core.shell:Creating package descriptor '/home/mgazzola/ros2_spirob_ws/install/robot_GUI/share/robot_GUI/package.dsv'
[33.903s] INFO:colcon.colcon_core.shell:Creating package script '/home/mgazzola/ros2_spirob_ws/install/robot_GUI/share/robot_GUI/package.sh'
[33.905s] INFO:colcon.colcon_core.shell:Creating package script '/home/mgazzola/ros2_spirob_ws/install/robot_GUI/share/robot_GUI/package.bash'
[33.907s] INFO:colcon.colcon_core.shell:Creating package script '/home/mgazzola/ros2_spirob_ws/install/robot_GUI/share/robot_GUI/package.zsh'
[33.909s] Level 1:colcon.colcon_core.environment:create_file_with_runtime_dependencies(/home/mgazzola/ros2_spirob_ws/install/robot_GUI/share/colcon-core/packages/robot_GUI)
[33.913s] DEBUG:colcon.colcon_parallel_executor.executor.parallel:closing loop
[33.914s] DEBUG:colcon.colcon_parallel_executor.executor.parallel:loop closed
[33.916s] DEBUG:colcon.colcon_parallel_executor.executor.parallel:run_until_complete finished with '0'
[33.916s] DEBUG:colcon.colcon_core.event_reactor:joining thread
[33.953s] INFO:colcon.colcon_core.plugin_system:Skipping extension 'colcon_notification.desktop_notification.terminal_notifier': Not used on non-Darwin systems
[33.954s] INFO:colcon.colcon_core.plugin_system:Skipping extension 'colcon_notification.desktop_notification.win32': Not used on non-Windows systems
[33.954s] INFO:colcon.colcon_notification.desktop_notification:Sending desktop notification using 'notify2'
[34.043s] DEBUG:colcon.colcon_core.event_reactor:joined thread
[34.048s] INFO:colcon.colcon_core.shell:Creating prefix script '/home/mgazzola/ros2_spirob_ws/install/local_setup.ps1'
[34.058s] INFO:colcon.colcon_core.shell:Creating prefix util module '/home/mgazzola/ros2_spirob_ws/install/_local_setup_util_ps1.py'
[34.069s] INFO:colcon.colcon_core.shell:Creating prefix chain script '/home/mgazzola/ros2_spirob_ws/install/setup.ps1'
[34.074s] INFO:colcon.colcon_core.shell:Creating prefix script '/home/mgazzola/ros2_spirob_ws/install/local_setup.sh'
[34.081s] INFO:colcon.colcon_core.shell:Creating prefix util module '/home/mgazzola/ros2_spirob_ws/install/_local_setup_util_sh.py'
[34.086s] INFO:colcon.colcon_core.shell:Creating prefix chain script '/home/mgazzola/ros2_spirob_ws/install/setup.sh'
[34.091s] INFO:colcon.colcon_core.shell:Creating prefix script '/home/mgazzola/ros2_spirob_ws/install/local_setup.bash'
[34.095s] INFO:colcon.colcon_core.shell:Creating prefix chain script '/home/mgazzola/ros2_spirob_ws/install/setup.bash'
[34.106s] INFO:colcon.colcon_core.shell:Creating prefix script '/home/mgazzola/ros2_spirob_ws/install/local_setup.zsh'
[34.115s] INFO:colcon.colcon_core.shell:Creating prefix chain script '/home/mgazzola/ros2_spirob_ws/install/setup.zsh'
