[2.953s] Invoking command in '/home/mgazzola/ros2_spirob_ws/build/more_interfaces': CMAKE_PREFIX_PATH=${CMAKE_PREFIX_PATH}:/home/mgazzola/ros2_spirob_ws/install/load_cell:/home/mgazzola/ros2_spirob_ws/install/robot_GUI:/home/mgazzola/ros2_spirob_ws/install/motor_driver:/home/mgazzola/ros2_spirob_ws/install/joysticker:/home/mgazzola/ros2_spirob_ws/install/controller:/opt/ros/kilted DEBUGINFOD_URLS=https://debuginfod.ubuntu.com PS1=(.venv) \[\e]0;\u@\h: \w\a\]${debian_chroot:+($debian_chroot)}\[\033[01;32m\]\u@\h\[\033[00m\]:\[\033[01;34m\]\w\[\033[00m\]\$ VIRTUAL_ENV_PROMPT=(.venv) /usr/bin/cmake /home/mgazzola/ros2_spirob_ws/src/more_interfaces -DAMENT_CMAKE_SYMLINK_INSTALL=1 -DCMAKE_INSTALL_PREFIX=/home/mgazzola/ros2_spirob_ws/install/more_interfaces
[4.949s] -- The C compiler identification is GNU 13.3.0
[6.421s] -- The CXX compiler identification is GNU 13.3.0
[6.652s] -- Detecting C compiler ABI info
[8.594s] -- Detecting C compiler ABI info - done
[8.741s] -- Check for working C compiler: /usr/bin/cc - skipped
[8.753s] -- Detecting C compile features
[8.762s] -- Detecting C compile features - done
[8.881s] -- Detecting CXX compiler ABI info
[10.239s] -- Detecting CXX compiler ABI info - done
[10.294s] -- Check for working CXX compiler: /usr/bin/c++ - skipped
[10.298s] -- Detecting CXX compile features
[10.304s] -- Detecting CXX compile features - done
[10.355s] -- Found ament_cmake: 2.7.3 (/opt/ros/kilted/share/ament_cmake/cmake)
[12.217s] -- Found Python3: /home/mgazzola/ros2_spirob_ws/.venv/bin/python3 (found version "3.12.3") found components: Interpreter 
[13.399s] -- Override CMake install command with custom implementation using symlinks instead of copying resources
[14.359s] -- Found rosidl_default_generators: 1.7.1 (/opt/ros/kilted/share/rosidl_default_generators/cmake)
[14.501s] -- Using all available rosidl_typesupport_c: rosidl_typesupport_fastrtps_c;rosidl_typesupport_introspection_c
[15.917s] -- Using all available rosidl_typesupport_cpp: rosidl_typesupport_fastrtps_cpp;rosidl_typesupport_introspection_cpp
[17.255s] -- Found rosidl_adapter: 4.9.5 (/opt/ros/kilted/share/rosidl_adapter/cmake)
[17.320s] -- Found geometry_msgs: 5.5.1 (/opt/ros/kilted/share/geometry_msgs/cmake)
[19.682s] [31mCMake Error at /opt/ros/kilted/share/rosidl_adapter/cmake/rosidl_adapt_interfaces.cmake:57 (message):
[19.685s]   execute_process(/home/mgazzola/ros2_spirob_ws/.venv/bin/python3 -m
[19.686s]   rosidl_adapter --package-name more_interfaces --arguments-file
[19.691s]   /home/mgazzola/ros2_spirob_ws/build/more_interfaces/rosidl_adapter__arguments__more_interfaces.json
[19.693s]   --output-dir
[19.694s]   /home/mgazzola/ros2_spirob_ws/build/more_interfaces/rosidl_adapter/more_interfaces
[19.694s]   --output-file
[19.698s]   /home/mgazzola/ros2_spirob_ws/build/more_interfaces/rosidl_adapter/more_interfaces.idls)
[19.699s]   returned error code 1:
[19.700s] 
[19.700s]   Traceback (most recent call last):
[19.704s] 
[19.705s]     File "<frozen runpy>", line 198, in _run_module_as_main
[19.705s]     File "<frozen runpy>", line 88, in _run_code
[19.706s]     File "/opt/ros/kilted/lib/python3.12/site-packages/rosidl_adapter/__main__.py", line 19, in <module>
[19.710s]       main()
[19.711s]     File "/opt/ros/kilted/lib/python3.12/site-packages/rosidl_adapter/main.py", line 54, in main
[19.712s]       abs_idl_file = convert_to_idl(
[19.712s]                      ^^^^^^^^^^^^^^^
[19.719s]     File "/opt/ros/kilted/lib/python3.12/site-packages/rosidl_adapter/__init__.py", line 21, in convert_to_idl
[19.720s]       from rosidl_adapter.msg import convert_msg_to_idl
[19.721s]     File "/opt/ros/kilted/lib/python3.12/site-packages/rosidl_adapter/msg/__init__.py", line 19, in <module>
[19.731s]       from rosidl_adapter.resource import expand_template, MsgData
[19.732s]     File "/opt/ros/kilted/lib/python3.12/site-packages/rosidl_adapter/resource/__init__.py", line 21, in <module>
[19.742s]       import em
[19.743s] 
[19.744s]   ModuleNotFoundError: No module named 'em'
[19.745s] 
[19.755s] Call Stack (most recent call first):
[19.756s]   /opt/ros/kilted/share/rosidl_cmake/cmake/rosidl_generate_interfaces.cmake:132 (rosidl_adapt_interfaces)
[19.757s]   CMakeLists.txt:13 (rosidl_generate_interfaces)
[19.773s] 
[19.776s] [0m
[19.786s] -- Configuring incomplete, errors occurred!
[20.418s] Invoked command in '/home/mgazzola/ros2_spirob_ws/build/more_interfaces' returned '1': CMAKE_PREFIX_PATH=${CMAKE_PREFIX_PATH}:/home/mgazzola/ros2_spirob_ws/install/load_cell:/home/mgazzola/ros2_spirob_ws/install/robot_GUI:/home/mgazzola/ros2_spirob_ws/install/motor_driver:/home/mgazzola/ros2_spirob_ws/install/joysticker:/home/mgazzola/ros2_spirob_ws/install/controller:/opt/ros/kilted DEBUGINFOD_URLS=https://debuginfod.ubuntu.com PS1=(.venv) \[\e]0;\u@\h: \w\a\]${debian_chroot:+($debian_chroot)}\[\033[01;32m\]\u@\h\[\033[00m\]:\[\033[01;34m\]\w\[\033[00m\]\$ VIRTUAL_ENV_PROMPT=(.venv) /usr/bin/cmake /home/mgazzola/ros2_spirob_ws/src/more_interfaces -DAMENT_CMAKE_SYMLINK_INSTALL=1 -DCMAKE_INSTALL_PREFIX=/home/mgazzola/ros2_spirob_ws/install/more_interfaces
