[6.302s] Invoking command in '/home/mgazzola/ros2_spirob_ws/src/robot_gui': DEBUGINFOD_URLS=https://debuginfod.ubuntu.com PS1=(.venv) \[\e]0;\u@\h: \w\a\]${debian_chroot:+($debian_chroot)}\[\033[01;32m\]\u@\h\[\033[00m\]:\[\033[01;34m\]\w\[\033[00m\]\$ PYTHONPATH=/home/mgazzola/ros2_spirob_ws/build/robot_gui/prefix_override:/usr/lib/python3/dist-packages/colcon_core/task/python/colcon_distutils_commands:/home/mgazzola/ros2_spirob_ws/install/robot_gui/lib/python3.12/site-packages:${PYTHONPATH} VIRTUAL_ENV_PROMPT=(.venv) /usr/bin/python3 -W ignore:setup.py install is deprecated -W ignore:easy_install command is deprecated setup.py egg_info --egg-base ../../build/robot_gui build --build-base /home/mgazzola/ros2_spirob_ws/build/robot_gui/build install --record /home/mgazzola/ros2_spirob_ws/build/robot_gui/install.log --single-version-externally-managed install_data
[8.313s] running egg_info
[8.458s] writing ../../build/robot_gui/robot_GUI.egg-info/PKG-INFO
[8.458s] writing dependency_links to ../../build/robot_gui/robot_GUI.egg-info/dependency_links.txt
[8.466s] writing entry points to ../../build/robot_gui/robot_GUI.egg-info/entry_points.txt
[8.470s] writing requirements to ../../build/robot_gui/robot_GUI.egg-info/requires.txt
[8.475s] writing top-level names to ../../build/robot_gui/robot_GUI.egg-info/top_level.txt
[8.871s] reading manifest file '../../build/robot_gui/robot_GUI.egg-info/SOURCES.txt'
[8.877s] writing manifest file '../../build/robot_gui/robot_GUI.egg-info/SOURCES.txt'
[8.882s] running build
[8.886s] running build_py
[8.887s] running install
[8.913s] running install_lib
[9.068s] running install_data
[9.072s] running install_egg_info
[9.214s] removing '/home/mgazzola/ros2_spirob_ws/install/robot_gui/lib/python3.12/site-packages/robot_GUI-0.0.0-py3.12.egg-info' (and everything under it)
[9.221s] Copying ../../build/robot_gui/robot_GUI.egg-info to /home/mgazzola/ros2_spirob_ws/install/robot_gui/lib/python3.12/site-packages/robot_GUI-0.0.0-py3.12.egg-info
[9.225s] running install_scripts
[10.325s] Installing robot_GUI_node script to /home/mgazzola/ros2_spirob_ws/install/robot_gui/lib/robot_GUI
[10.331s] writing list of installed files to '/home/mgazzola/ros2_spirob_ws/build/robot_gui/install.log'
[10.563s] Invoked command in '/home/mgazzola/ros2_spirob_ws/src/robot_gui' returned '0': DEBUGINFOD_URLS=https://debuginfod.ubuntu.com PS1=(.venv) \[\e]0;\u@\h: \w\a\]${debian_chroot:+($debian_chroot)}\[\033[01;32m\]\u@\h\[\033[00m\]:\[\033[01;34m\]\w\[\033[00m\]\$ PYTHONPATH=/home/mgazzola/ros2_spirob_ws/build/robot_gui/prefix_override:/usr/lib/python3/dist-packages/colcon_core/task/python/colcon_distutils_commands:/home/mgazzola/ros2_spirob_ws/install/robot_gui/lib/python3.12/site-packages:${PYTHONPATH} VIRTUAL_ENV_PROMPT=(.venv) /usr/bin/python3 -W ignore:setup.py install is deprecated -W ignore:easy_install command is deprecated setup.py egg_info --egg-base ../../build/robot_gui build --build-base /home/mgazzola/ros2_spirob_ws/build/robot_gui/build install --record /home/mgazzola/ros2_spirob_ws/build/robot_gui/install.log --single-version-externally-managed install_data
