running egg_info
creating build/spirob_bringup/spirob_bringup.egg-info
writing build/spirob_bringup/spirob_bringup.egg-info/PKG-INFO
writing dependency_links to build/spirob_bringup/spirob_bringup.egg-info/dependency_links.txt
writing requirements to build/spirob_bringup/spirob_bringup.egg-info/requires.txt
writing top-level names to build/spirob_bringup/spirob_bringup.egg-info/top_level.txt
writing manifest file 'build/spirob_bringup/spirob_bringup.egg-info/SOURCES.txt'
reading manifest file 'build/spirob_bringup/spirob_bringup.egg-info/SOURCES.txt'
writing manifest file 'build/spirob_bringup/spirob_bringup.egg-info/SOURCES.txt'
running build
running build_py
creating /home/mgazzola/ros2_spirob_ws/src/spirob_bringup/build/spirob_bringup/build
creating /home/mgazzola/ros2_spirob_ws/src/spirob_bringup/build/spirob_bringup/build/lib
creating /home/mgazzola/ros2_spirob_ws/src/spirob_bringup/build/spirob_bringup/build/lib/spirob_bringup
copying spirob_bringup/__init__.py -> /home/mgazzola/ros2_spirob_ws/src/spirob_bringup/build/spirob_bringup/build/lib/spirob_bringup
running install
running install_lib
creating /home/mgazzola/ros2_spirob_ws/src/spirob_bringup/install/spirob_bringup/lib/python3.12/site-packages/spirob_bringup
copying /home/mgazzola/ros2_spirob_ws/src/spirob_bringup/build/spirob_bringup/build/lib/spirob_bringup/__init__.py -> /home/mgazzola/ros2_spirob_ws/src/spirob_bringup/install/spirob_bringup/lib/python3.12/site-packages/spirob_bringup
byte-compiling /home/mgazzola/ros2_spirob_ws/src/spirob_bringup/install/spirob_bringup/lib/python3.12/site-packages/spirob_bringup/__init__.py to __init__.cpython-312.pyc
running install_data
creating /home/mgazzola/ros2_spirob_ws/src/spirob_bringup/install/spirob_bringup/share/ament_index
creating /home/mgazzola/ros2_spirob_ws/src/spirob_bringup/install/spirob_bringup/share/ament_index/resource_index
creating /home/mgazzola/ros2_spirob_ws/src/spirob_bringup/install/spirob_bringup/share/ament_index/resource_index/packages
copying resource/spirob_bringup -> /home/mgazzola/ros2_spirob_ws/src/spirob_bringup/install/spirob_bringup/share/ament_index/resource_index/packages
copying package.xml -> /home/mgazzola/ros2_spirob_ws/src/spirob_bringup/install/spirob_bringup/share/spirob_bringup
creating /home/mgazzola/ros2_spirob_ws/src/spirob_bringup/install/spirob_bringup/share/spirob_bringup/launch
copying launch/spirob.launch.py -> /home/mgazzola/ros2_spirob_ws/src/spirob_bringup/install/spirob_bringup/share/spirob_bringup/launch
running install_egg_info
Copying build/spirob_bringup/spirob_bringup.egg-info to /home/mgazzola/ros2_spirob_ws/src/spirob_bringup/install/spirob_bringup/lib/python3.12/site-packages/spirob_bringup-0.0.0-py3.12.egg-info
running install_scripts
writing list of installed files to '/home/mgazzola/ros2_spirob_ws/src/spirob_bringup/build/spirob_bringup/install.log'
