/home/mgazzola/ros2_spirob_ws/install/controller/lib/python3.12/site-packages/controller/pid_controller.py
/home/mgazzola/ros2_spirob_ws/install/controller/lib/python3.12/site-packages/controller/norm_to_three_motors.py
/home/mgazzola/ros2_spirob_ws/install/controller/lib/python3.12/site-packages/controller/setup_controller.py
/home/mgazzola/ros2_spirob_ws/install/controller/lib/python3.12/site-packages/controller/pid_controller_node.py
/home/mgazzola/ros2_spirob_ws/install/controller/lib/python3.12/site-packages/controller/__init__.py
/home/mgazzola/ros2_spirob_ws/install/controller/lib/python3.12/site-packages/controller/__pycache__/pid_controller.cpython-312.pyc
/home/mgazzola/ros2_spirob_ws/install/controller/lib/python3.12/site-packages/controller/__pycache__/norm_to_three_motors.cpython-312.pyc
/home/mgazzola/ros2_spirob_ws/install/controller/lib/python3.12/site-packages/controller/__pycache__/setup_controller.cpython-312.pyc
/home/mgazzola/ros2_spirob_ws/install/controller/lib/python3.12/site-packages/controller/__pycache__/pid_controller_node.cpython-312.pyc
/home/mgazzola/ros2_spirob_ws/install/controller/lib/python3.12/site-packages/controller/__pycache__/__init__.cpython-312.pyc
/home/mgazzola/ros2_spirob_ws/install/controller/share/ament_index/resource_index/packages/controller
/home/mgazzola/ros2_spirob_ws/install/controller/share/controller/package.xml
/home/mgazzola/ros2_spirob_ws/install/controller/lib/python3.12/site-packages/controller-0.0.0-py3.12.egg-info/dependency_links.txt
/home/mgazzola/ros2_spirob_ws/install/controller/lib/python3.12/site-packages/controller-0.0.0-py3.12.egg-info/zip-safe
/home/mgazzola/ros2_spirob_ws/install/controller/lib/python3.12/site-packages/controller-0.0.0-py3.12.egg-info/top_level.txt
/home/mgazzola/ros2_spirob_ws/install/controller/lib/python3.12/site-packages/controller-0.0.0-py3.12.egg-info/entry_points.txt
/home/mgazzola/ros2_spirob_ws/install/controller/lib/python3.12/site-packages/controller-0.0.0-py3.12.egg-info/SOURCES.txt
/home/mgazzola/ros2_spirob_ws/install/controller/lib/python3.12/site-packages/controller-0.0.0-py3.12.egg-info/PKG-INFO
/home/mgazzola/ros2_spirob_ws/install/controller/lib/python3.12/site-packages/controller-0.0.0-py3.12.egg-info/requires.txt
/home/mgazzola/ros2_spirob_ws/install/controller/lib/controller/pid_controller_node
/home/mgazzola/ros2_spirob_ws/install/controller/lib/controller/setup_node
