[0.464s] DEBUG:colcon:Command line arguments: ['/usr/bin/colcon', 'build', '--symlink-install']
[0.465s] DEBUG:colcon:Parsed command line arguments: Namespace(log_base=None, log_level=None, verb_name='build', build_base='build', install_base='install', merge_install=False, symlink_install=True, test_result_base=None, continue_on_error=False, executor='parallel', parallel_workers=4, event_handlers=None, ignore_user_meta=False, metas=['./colcon.meta'], base_paths=['.'], packages_ignore=None, packages_ignore_regex=None, paths=None, packages_up_to=None, packages_up_to_regex=None, packages_above=None, packages_above_and_dependencies=None, packages_above_depth=None, packages_select_by_dep=None, packages_skip_by_dep=None, packages_skip_up_to=None, packages_select_build_failed=False, packages_skip_build_finished=False, packages_select_test_failures=False, packages_skip_test_passed=False, packages_select=None, packages_skip=None, packages_select_regex=None, packages_skip_regex=None, packages_start=None, packages_end=None, allow_overriding=[], cmake_args=None, cmake_target=None, cmake_target_skip_unavailable=False, cmake_clean_cache=False, cmake_clean_first=False, cmake_force_configure=False, ament_cmake_args=None, catkin_cmake_args=None, catkin_skip_building_tests=False, mixin_files=None, mixin=None, verb_parser=<colcon_mixin.mixin.mixin_argument.MixinArgumentDecorator object at 0xffff8ae77e30>, verb_extension=<colcon_core.verb.build.BuildVerb object at 0xffff8b067a70>, main=<bound method BuildVerb.main of <colcon_core.verb.build.BuildVerb object at 0xffff8b067a70>>, mixin_verb=('build',))
[0.635s] Level 1:colcon.colcon_core.package_discovery:discover_packages(colcon_meta) check parameters
[0.636s] Level 1:colcon.colcon_core.package_discovery:discover_packages(recursive) check parameters
[0.636s] Level 1:colcon.colcon_core.package_discovery:discover_packages(ignore) check parameters
[0.636s] Level 1:colcon.colcon_core.package_discovery:discover_packages(path) check parameters
[0.636s] Level 1:colcon.colcon_core.package_discovery:discover_packages(colcon_meta) discover
[0.637s] Level 1:colcon.colcon_core.package_discovery:discover_packages(recursive) discover
[0.637s] INFO:colcon.colcon_core.package_discovery:Crawling recursively for packages in '/home/mgazzola/ros2_spirob_ws'
[0.637s] Level 1:colcon.colcon_core.package_identification:_identify(.) by extensions ['ignore', 'ignore_ament_install']
[0.638s] Level 1:colcon.colcon_core.package_identification:_identify(.) by extension 'ignore'
[0.638s] Level 1:colcon.colcon_core.package_identification:_identify(.) by extension 'ignore_ament_install'
[0.638s] Level 1:colcon.colcon_core.package_identification:_identify(.) by extensions ['colcon_pkg']
[0.638s] Level 1:colcon.colcon_core.package_identification:_identify(.) by extension 'colcon_pkg'
[0.638s] Level 1:colcon.colcon_core.package_identification:_identify(.) by extensions ['colcon_meta']
[0.639s] Level 1:colcon.colcon_core.package_identification:_identify(.) by extension 'colcon_meta'
[0.639s] Level 1:colcon.colcon_core.package_identification:_identify(.) by extensions ['ros']
[0.639s] Level 1:colcon.colcon_core.package_identification:_identify(.) by extension 'ros'
[0.743s] Level 1:colcon.colcon_core.package_identification:_identify(.) by extensions ['cmake', 'python']
[0.744s] Level 1:colcon.colcon_core.package_identification:_identify(.) by extension 'cmake'
[0.744s] Level 1:colcon.colcon_core.package_identification:_identify(.) by extension 'python'
[0.744s] Level 1:colcon.colcon_core.package_identification:_identify(.) by extensions ['python_setup_py']
[0.744s] Level 1:colcon.colcon_core.package_identification:_identify(.) by extension 'python_setup_py'
[0.745s] Level 1:colcon.colcon_core.package_identification:_identify(build) by extensions ['ignore', 'ignore_ament_install']
[0.745s] Level 1:colcon.colcon_core.package_identification:_identify(build) by extension 'ignore'
[0.745s] Level 1:colcon.colcon_core.package_identification:_identify(build) ignored
[0.746s] Level 1:colcon.colcon_core.package_identification:_identify(install) by extensions ['ignore', 'ignore_ament_install']
[0.746s] Level 1:colcon.colcon_core.package_identification:_identify(install) by extension 'ignore'
[0.747s] Level 1:colcon.colcon_core.package_identification:_identify(install) ignored
[0.747s] Level 1:colcon.colcon_core.package_identification:_identify(load_only) by extensions ['ignore', 'ignore_ament_install']
[0.747s] Level 1:colcon.colcon_core.package_identification:_identify(load_only) by extension 'ignore'
[0.748s] Level 1:colcon.colcon_core.package_identification:_identify(load_only) by extension 'ignore_ament_install'
[0.748s] Level 1:colcon.colcon_core.package_identification:_identify(load_only) by extensions ['colcon_pkg']
[0.748s] Level 1:colcon.colcon_core.package_identification:_identify(load_only) by extension 'colcon_pkg'
[0.748s] Level 1:colcon.colcon_core.package_identification:_identify(load_only) by extensions ['colcon_meta']
[0.748s] Level 1:colcon.colcon_core.package_identification:_identify(load_only) by extension 'colcon_meta'
[0.748s] Level 1:colcon.colcon_core.package_identification:_identify(load_only) by extensions ['ros']
[0.749s] Level 1:colcon.colcon_core.package_identification:_identify(load_only) by extension 'ros'
[0.749s] Level 1:colcon.colcon_core.package_identification:_identify(load_only) by extensions ['cmake', 'python']
[0.749s] Level 1:colcon.colcon_core.package_identification:_identify(load_only) by extension 'cmake'
[0.749s] Level 1:colcon.colcon_core.package_identification:_identify(load_only) by extension 'python'
[0.749s] Level 1:colcon.colcon_core.package_identification:_identify(load_only) by extensions ['python_setup_py']
[0.750s] Level 1:colcon.colcon_core.package_identification:_identify(load_only) by extension 'python_setup_py'
[0.751s] Level 1:colcon.colcon_core.package_identification:_identify(log) by extensions ['ignore', 'ignore_ament_install']
[0.751s] Level 1:colcon.colcon_core.package_identification:_identify(log) by extension 'ignore'
[0.751s] Level 1:colcon.colcon_core.package_identification:_identify(log) ignored
[0.751s] Level 1:colcon.colcon_core.package_identification:_identify(recorded_frames) by extensions ['ignore', 'ignore_ament_install']
[0.752s] Level 1:colcon.colcon_core.package_identification:_identify(recorded_frames) by extension 'ignore'
[0.752s] Level 1:colcon.colcon_core.package_identification:_identify(recorded_frames) by extension 'ignore_ament_install'
[0.752s] Level 1:colcon.colcon_core.package_identification:_identify(recorded_frames) by extensions ['colcon_pkg']
[0.752s] Level 1:colcon.colcon_core.package_identification:_identify(recorded_frames) by extension 'colcon_pkg'
[0.753s] Level 1:colcon.colcon_core.package_identification:_identify(recorded_frames) by extensions ['colcon_meta']
[0.753s] Level 1:colcon.colcon_core.package_identification:_identify(recorded_frames) by extension 'colcon_meta'
[0.753s] Level 1:colcon.colcon_core.package_identification:_identify(recorded_frames) by extensions ['ros']
[0.753s] Level 1:colcon.colcon_core.package_identification:_identify(recorded_frames) by extension 'ros'
[0.753s] Level 1:colcon.colcon_core.package_identification:_identify(recorded_frames) by extensions ['cmake', 'python']
[0.753s] Level 1:colcon.colcon_core.package_identification:_identify(recorded_frames) by extension 'cmake'
[0.754s] Level 1:colcon.colcon_core.package_identification:_identify(recorded_frames) by extension 'python'
[0.754s] Level 1:colcon.colcon_core.package_identification:_identify(recorded_frames) by extensions ['python_setup_py']
[0.754s] Level 1:colcon.colcon_core.package_identification:_identify(recorded_frames) by extension 'python_setup_py'
[0.754s] Level 1:colcon.colcon_core.package_identification:_identify(rosbag2_2025_12_31-16_29_08) by extensions ['ignore', 'ignore_ament_install']
[0.755s] Level 1:colcon.colcon_core.package_identification:_identify(rosbag2_2025_12_31-16_29_08) by extension 'ignore'
[0.755s] Level 1:colcon.colcon_core.package_identification:_identify(rosbag2_2025_12_31-16_29_08) by extension 'ignore_ament_install'
[0.755s] Level 1:colcon.colcon_core.package_identification:_identify(rosbag2_2025_12_31-16_29_08) by extensions ['colcon_pkg']
[0.755s] Level 1:colcon.colcon_core.package_identification:_identify(rosbag2_2025_12_31-16_29_08) by extension 'colcon_pkg'
[0.756s] Level 1:colcon.colcon_core.package_identification:_identify(rosbag2_2025_12_31-16_29_08) by extensions ['colcon_meta']
[0.756s] Level 1:colcon.colcon_core.package_identification:_identify(rosbag2_2025_12_31-16_29_08) by extension 'colcon_meta'
[0.756s] Level 1:colcon.colcon_core.package_identification:_identify(rosbag2_2025_12_31-16_29_08) by extensions ['ros']
[0.756s] Level 1:colcon.colcon_core.package_identification:_identify(rosbag2_2025_12_31-16_29_08) by extension 'ros'
[0.756s] Level 1:colcon.colcon_core.package_identification:_identify(rosbag2_2025_12_31-16_29_08) by extensions ['cmake', 'python']
[0.756s] Level 1:colcon.colcon_core.package_identification:_identify(rosbag2_2025_12_31-16_29_08) by extension 'cmake'
[0.757s] Level 1:colcon.colcon_core.package_identification:_identify(rosbag2_2025_12_31-16_29_08) by extension 'python'
[0.757s] Level 1:colcon.colcon_core.package_identification:_identify(rosbag2_2025_12_31-16_29_08) by extensions ['python_setup_py']
[0.757s] Level 1:colcon.colcon_core.package_identification:_identify(rosbag2_2025_12_31-16_29_08) by extension 'python_setup_py'
[0.757s] Level 1:colcon.colcon_core.package_identification:_identify(src) by extensions ['ignore', 'ignore_ament_install']
[0.758s] Level 1:colcon.colcon_core.package_identification:_identify(src) by extension 'ignore'
[0.758s] Level 1:colcon.colcon_core.package_identification:_identify(src) by extension 'ignore_ament_install'
[0.758s] Level 1:colcon.colcon_core.package_identification:_identify(src) by extensions ['colcon_pkg']
[0.758s] Level 1:colcon.colcon_core.package_identification:_identify(src) by extension 'colcon_pkg'
[0.758s] Level 1:colcon.colcon_core.package_identification:_identify(src) by extensions ['colcon_meta']
[0.759s] Level 1:colcon.colcon_core.package_identification:_identify(src) by extension 'colcon_meta'
[0.759s] Level 1:colcon.colcon_core.package_identification:_identify(src) by extensions ['ros']
[0.759s] Level 1:colcon.colcon_core.package_identification:_identify(src) by extension 'ros'
[0.759s] Level 1:colcon.colcon_core.package_identification:_identify(src) by extensions ['cmake', 'python']
[0.759s] Level 1:colcon.colcon_core.package_identification:_identify(src) by extension 'cmake'
[0.760s] Level 1:colcon.colcon_core.package_identification:_identify(src) by extension 'python'
[0.760s] Level 1:colcon.colcon_core.package_identification:_identify(src) by extensions ['python_setup_py']
[0.760s] Level 1:colcon.colcon_core.package_identification:_identify(src) by extension 'python_setup_py'
[0.760s] Level 1:colcon.colcon_core.package_identification:_identify(src/controller) by extensions ['ignore', 'ignore_ament_install']
[0.761s] Level 1:colcon.colcon_core.package_identification:_identify(src/controller) by extension 'ignore'
[0.761s] Level 1:colcon.colcon_core.package_identification:_identify(src/controller) by extension 'ignore_ament_install'
[0.761s] Level 1:colcon.colcon_core.package_identification:_identify(src/controller) by extensions ['colcon_pkg']
[0.761s] Level 1:colcon.colcon_core.package_identification:_identify(src/controller) by extension 'colcon_pkg'
[0.761s] Level 1:colcon.colcon_core.package_identification:_identify(src/controller) by extensions ['colcon_meta']
[0.762s] Level 1:colcon.colcon_core.package_identification:_identify(src/controller) by extension 'colcon_meta'
[0.762s] Level 1:colcon.colcon_core.package_identification:_identify(src/controller) by extensions ['ros']
[0.762s] Level 1:colcon.colcon_core.package_identification:_identify(src/controller) by extension 'ros'
[0.775s] DEBUG:colcon.colcon_core.package_identification:Package 'src/controller' with type 'ros.ament_python' and name 'controller'
[0.775s] Level 1:colcon.colcon_core.package_identification:_identify(src/joysticker) by extensions ['ignore', 'ignore_ament_install']
[0.776s] Level 1:colcon.colcon_core.package_identification:_identify(src/joysticker) by extension 'ignore'
[0.776s] Level 1:colcon.colcon_core.package_identification:_identify(src/joysticker) by extension 'ignore_ament_install'
[0.776s] Level 1:colcon.colcon_core.package_identification:_identify(src/joysticker) by extensions ['colcon_pkg']
[0.777s] Level 1:colcon.colcon_core.package_identification:_identify(src/joysticker) by extension 'colcon_pkg'
[0.777s] Level 1:colcon.colcon_core.package_identification:_identify(src/joysticker) by extensions ['colcon_meta']
[0.777s] Level 1:colcon.colcon_core.package_identification:_identify(src/joysticker) by extension 'colcon_meta'
[0.777s] Level 1:colcon.colcon_core.package_identification:_identify(src/joysticker) by extensions ['ros']
[0.777s] Level 1:colcon.colcon_core.package_identification:_identify(src/joysticker) by extension 'ros'
[0.779s] DEBUG:colcon.colcon_core.package_identification:Package 'src/joysticker' with type 'ros.ament_python' and name 'joysticker'
[0.780s] Level 1:colcon.colcon_core.package_identification:_identify(src/load_cell) by extensions ['ignore', 'ignore_ament_install']
[0.780s] Level 1:colcon.colcon_core.package_identification:_identify(src/load_cell) by extension 'ignore'
[0.781s] Level 1:colcon.colcon_core.package_identification:_identify(src/load_cell) by extension 'ignore_ament_install'
[0.781s] Level 1:colcon.colcon_core.package_identification:_identify(src/load_cell) by extensions ['colcon_pkg']
[0.781s] Level 1:colcon.colcon_core.package_identification:_identify(src/load_cell) by extension 'colcon_pkg'
[0.782s] Level 1:colcon.colcon_core.package_identification:_identify(src/load_cell) by extensions ['colcon_meta']
[0.782s] Level 1:colcon.colcon_core.package_identification:_identify(src/load_cell) by extension 'colcon_meta'
[0.782s] Level 1:colcon.colcon_core.package_identification:_identify(src/load_cell) by extensions ['ros']
[0.782s] Level 1:colcon.colcon_core.package_identification:_identify(src/load_cell) by extension 'ros'
[0.784s] DEBUG:colcon.colcon_core.package_identification:Package 'src/load_cell' with type 'ros.ament_python' and name 'load_cell'
[0.784s] Level 1:colcon.colcon_core.package_identification:_identify(src/motor_driver) by extensions ['ignore', 'ignore_ament_install']
[0.785s] Level 1:colcon.colcon_core.package_identification:_identify(src/motor_driver) by extension 'ignore'
[0.785s] Level 1:colcon.colcon_core.package_identification:_identify(src/motor_driver) by extension 'ignore_ament_install'
[0.785s] Level 1:colcon.colcon_core.package_identification:_identify(src/motor_driver) by extensions ['colcon_pkg']
[0.785s] Level 1:colcon.colcon_core.package_identification:_identify(src/motor_driver) by extension 'colcon_pkg'
[0.785s] Level 1:colcon.colcon_core.package_identification:_identify(src/motor_driver) by extensions ['colcon_meta']
[0.786s] Level 1:colcon.colcon_core.package_identification:_identify(src/motor_driver) by extension 'colcon_meta'
[0.786s] Level 1:colcon.colcon_core.package_identification:_identify(src/motor_driver) by extensions ['ros']
[0.786s] Level 1:colcon.colcon_core.package_identification:_identify(src/motor_driver) by extension 'ros'
[0.788s] DEBUG:colcon.colcon_core.package_identification:Package 'src/motor_driver' with type 'ros.ament_python' and name 'motor_driver'
[0.788s] Level 1:colcon.colcon_core.package_identification:_identify(src/robot_gui) by extensions ['ignore', 'ignore_ament_install']
[0.789s] Level 1:colcon.colcon_core.package_identification:_identify(src/robot_gui) by extension 'ignore'
[0.789s] Level 1:colcon.colcon_core.package_identification:_identify(src/robot_gui) by extension 'ignore_ament_install'
[0.789s] Level 1:colcon.colcon_core.package_identification:_identify(src/robot_gui) by extensions ['colcon_pkg']
[0.789s] Level 1:colcon.colcon_core.package_identification:_identify(src/robot_gui) by extension 'colcon_pkg'
[0.789s] Level 1:colcon.colcon_core.package_identification:_identify(src/robot_gui) by extensions ['colcon_meta']
[0.790s] Level 1:colcon.colcon_core.package_identification:_identify(src/robot_gui) by extension 'colcon_meta'
[0.790s] Level 1:colcon.colcon_core.package_identification:_identify(src/robot_gui) by extensions ['ros']
[0.790s] Level 1:colcon.colcon_core.package_identification:_identify(src/robot_gui) by extension 'ros'
[0.792s] DEBUG:colcon.colcon_core.package_identification:Package 'src/robot_gui' with type 'ros.ament_python' and name 'robot_gui'
[0.793s] Level 1:colcon.colcon_core.package_identification:_identify(src/spirob_bringup) by extensions ['ignore', 'ignore_ament_install']
[0.793s] Level 1:colcon.colcon_core.package_identification:_identify(src/spirob_bringup) by extension 'ignore'
[0.793s] Level 1:colcon.colcon_core.package_identification:_identify(src/spirob_bringup) by extension 'ignore_ament_install'
[0.794s] Level 1:colcon.colcon_core.package_identification:_identify(src/spirob_bringup) by extensions ['colcon_pkg']
[0.794s] Level 1:colcon.colcon_core.package_identification:_identify(src/spirob_bringup) by extension 'colcon_pkg'
[0.794s] Level 1:colcon.colcon_core.package_identification:_identify(src/spirob_bringup) by extensions ['colcon_meta']
[0.794s] Level 1:colcon.colcon_core.package_identification:_identify(src/spirob_bringup) by extension 'colcon_meta'
[0.794s] Level 1:colcon.colcon_core.package_identification:_identify(src/spirob_bringup) by extensions ['ros']
[0.794s] Level 1:colcon.colcon_core.package_identification:_identify(src/spirob_bringup) by extension 'ros'
[0.796s] DEBUG:colcon.colcon_core.package_identification:Package 'src/spirob_bringup' with type 'ros.ament_python' and name 'spirob_bringup'
[0.797s] Level 1:colcon.colcon_core.package_identification:_identify(src/vision) by extensions ['ignore', 'ignore_ament_install']
[0.797s] Level 1:colcon.colcon_core.package_identification:_identify(src/vision) by extension 'ignore'
[0.797s] Level 1:colcon.colcon_core.package_identification:_identify(src/vision) by extension 'ignore_ament_install'
[0.797s] Level 1:colcon.colcon_core.package_identification:_identify(src/vision) by extensions ['colcon_pkg']
[0.798s] Level 1:colcon.colcon_core.package_identification:_identify(src/vision) by extension 'colcon_pkg'
[0.798s] Level 1:colcon.colcon_core.package_identification:_identify(src/vision) by extensions ['colcon_meta']
[0.798s] Level 1:colcon.colcon_core.package_identification:_identify(src/vision) by extension 'colcon_meta'
[0.798s] Level 1:colcon.colcon_core.package_identification:_identify(src/vision) by extensions ['ros']
[0.798s] Level 1:colcon.colcon_core.package_identification:_identify(src/vision) by extension 'ros'
[0.800s] DEBUG:colcon.colcon_core.package_identification:Package 'src/vision' with type 'ros.ament_python' and name 'vision'
[0.800s] Level 1:colcon.colcon_core.package_identification:_identify(test_01) by extensions ['ignore', 'ignore_ament_install']
[0.801s] Level 1:colcon.colcon_core.package_identification:_identify(test_01) by extension 'ignore'
[0.801s] Level 1:colcon.colcon_core.package_identification:_identify(test_01) by extension 'ignore_ament_install'
[0.801s] Level 1:colcon.colcon_core.package_identification:_identify(test_01) by extensions ['colcon_pkg']
[0.801s] Level 1:colcon.colcon_core.package_identification:_identify(test_01) by extension 'colcon_pkg'
[0.801s] Level 1:colcon.colcon_core.package_identification:_identify(test_01) by extensions ['colcon_meta']
[0.802s] Level 1:colcon.colcon_core.package_identification:_identify(test_01) by extension 'colcon_meta'
[0.802s] Level 1:colcon.colcon_core.package_identification:_identify(test_01) by extensions ['ros']
[0.802s] Level 1:colcon.colcon_core.package_identification:_identify(test_01) by extension 'ros'
[0.802s] Level 1:colcon.colcon_core.package_identification:_identify(test_01) by extensions ['cmake', 'python']
[0.802s] Level 1:colcon.colcon_core.package_identification:_identify(test_01) by extension 'cmake'
[0.802s] Level 1:colcon.colcon_core.package_identification:_identify(test_01) by extension 'python'
[0.803s] Level 1:colcon.colcon_core.package_identification:_identify(test_01) by extensions ['python_setup_py']
[0.803s] Level 1:colcon.colcon_core.package_identification:_identify(test_01) by extension 'python_setup_py'
[0.803s] Level 1:colcon.colcon_core.package_discovery:discover_packages(recursive) using defaults
[0.803s] Level 1:colcon.colcon_core.package_discovery:discover_packages(ignore) discover
[0.803s] Level 1:colcon.colcon_core.package_discovery:discover_packages(ignore) using defaults
[0.804s] Level 1:colcon.colcon_core.package_discovery:discover_packages(path) discover
[0.804s] Level 1:colcon.colcon_core.package_discovery:discover_packages(path) using defaults
[0.879s] Level 1:colcon.colcon_core.package_discovery:discover_packages(prefix_path) check parameters
[0.879s] Level 1:colcon.colcon_core.package_discovery:discover_packages(prefix_path) discover
[0.890s] DEBUG:colcon.colcon_installed_package_information.package_discovery:Found 9 installed packages in /home/mgazzola/ros2_spirob_ws/install
[0.897s] DEBUG:colcon.colcon_installed_package_information.package_discovery:Found 197 installed packages in /opt/ros/kilted
[0.900s] Level 1:colcon.colcon_core.package_discovery:discover_packages(prefix_path) using defaults
[1.037s] Level 5:colcon.colcon_core.verb:set package 'controller' build argument 'cmake_args' from command line to 'None'
[1.038s] Level 5:colcon.colcon_core.verb:set package 'controller' build argument 'cmake_target' from command line to 'None'
[1.038s] Level 5:colcon.colcon_core.verb:set package 'controller' build argument 'cmake_target_skip_unavailable' from command line to 'False'
[1.038s] Level 5:colcon.colcon_core.verb:set package 'controller' build argument 'cmake_clean_cache' from command line to 'False'
[1.038s] Level 5:colcon.colcon_core.verb:set package 'controller' build argument 'cmake_clean_first' from command line to 'False'
[1.038s] Level 5:colcon.colcon_core.verb:set package 'controller' build argument 'cmake_force_configure' from command line to 'False'
[1.038s] Level 5:colcon.colcon_core.verb:set package 'controller' build argument 'ament_cmake_args' from command line to 'None'
[1.038s] Level 5:colcon.colcon_core.verb:set package 'controller' build argument 'catkin_cmake_args' from command line to 'None'
[1.038s] Level 5:colcon.colcon_core.verb:set package 'controller' build argument 'catkin_skip_building_tests' from command line to 'False'
[1.038s] DEBUG:colcon.colcon_core.verb:Building package 'controller' with the following arguments: {'ament_cmake_args': None, 'build_base': '/home/mgazzola/ros2_spirob_ws/build/controller', 'catkin_cmake_args': None, 'catkin_skip_building_tests': False, 'cmake_args': None, 'cmake_clean_cache': False, 'cmake_clean_first': False, 'cmake_force_configure': False, 'cmake_target': None, 'cmake_target_skip_unavailable': False, 'install_base': '/home/mgazzola/ros2_spirob_ws/install/controller', 'merge_install': False, 'path': '/home/mgazzola/ros2_spirob_ws/src/controller', 'symlink_install': True, 'test_result_base': None}
[1.040s] Level 5:colcon.colcon_core.verb:set package 'joysticker' build argument 'cmake_args' from command line to 'None'
[1.040s] Level 5:colcon.colcon_core.verb:set package 'joysticker' build argument 'cmake_target' from command line to 'None'
[1.040s] Level 5:colcon.colcon_core.verb:set package 'joysticker' build argument 'cmake_target_skip_unavailable' from command line to 'False'
[1.040s] Level 5:colcon.colcon_core.verb:set package 'joysticker' build argument 'cmake_clean_cache' from command line to 'False'
[1.040s] Level 5:colcon.colcon_core.verb:set package 'joysticker' build argument 'cmake_clean_first' from command line to 'False'
[1.040s] Level 5:colcon.colcon_core.verb:set package 'joysticker' build argument 'cmake_force_configure' from command line to 'False'
[1.040s] Level 5:colcon.colcon_core.verb:set package 'joysticker' build argument 'ament_cmake_args' from command line to 'None'
[1.041s] Level 5:colcon.colcon_core.verb:set package 'joysticker' build argument 'catkin_cmake_args' from command line to 'None'
[1.041s] Level 5:colcon.colcon_core.verb:set package 'joysticker' build argument 'catkin_skip_building_tests' from command line to 'False'
[1.041s] DEBUG:colcon.colcon_core.verb:Building package 'joysticker' with the following arguments: {'ament_cmake_args': None, 'build_base': '/home/mgazzola/ros2_spirob_ws/build/joysticker', 'catkin_cmake_args': None, 'catkin_skip_building_tests': False, 'cmake_args': None, 'cmake_clean_cache': False, 'cmake_clean_first': False, 'cmake_force_configure': False, 'cmake_target': None, 'cmake_target_skip_unavailable': False, 'install_base': '/home/mgazzola/ros2_spirob_ws/install/joysticker', 'merge_install': False, 'path': '/home/mgazzola/ros2_spirob_ws/src/joysticker', 'symlink_install': True, 'test_result_base': None}
[1.042s] Level 5:colcon.colcon_core.verb:set package 'load_cell' build argument 'cmake_args' from command line to 'None'
[1.042s] Level 5:colcon.colcon_core.verb:set package 'load_cell' build argument 'cmake_target' from command line to 'None'
[1.042s] Level 5:colcon.colcon_core.verb:set package 'load_cell' build argument 'cmake_target_skip_unavailable' from command line to 'False'
[1.042s] Level 5:colcon.colcon_core.verb:set package 'load_cell' build argument 'cmake_clean_cache' from command line to 'False'
[1.043s] Level 5:colcon.colcon_core.verb:set package 'load_cell' build argument 'cmake_clean_first' from command line to 'False'
[1.043s] Level 5:colcon.colcon_core.verb:set package 'load_cell' build argument 'cmake_force_configure' from command line to 'False'
[1.043s] Level 5:colcon.colcon_core.verb:set package 'load_cell' build argument 'ament_cmake_args' from command line to 'None'
[1.043s] Level 5:colcon.colcon_core.verb:set package 'load_cell' build argument 'catkin_cmake_args' from command line to 'None'
[1.043s] Level 5:colcon.colcon_core.verb:set package 'load_cell' build argument 'catkin_skip_building_tests' from command line to 'False'
[1.043s] DEBUG:colcon.colcon_core.verb:Building package 'load_cell' with the following arguments: {'ament_cmake_args': None, 'build_base': '/home/mgazzola/ros2_spirob_ws/build/load_cell', 'catkin_cmake_args': None, 'catkin_skip_building_tests': False, 'cmake_args': None, 'cmake_clean_cache': False, 'cmake_clean_first': False, 'cmake_force_configure': False, 'cmake_target': None, 'cmake_target_skip_unavailable': False, 'install_base': '/home/mgazzola/ros2_spirob_ws/install/load_cell', 'merge_install': False, 'path': '/home/mgazzola/ros2_spirob_ws/src/load_cell', 'symlink_install': True, 'test_result_base': None}
[1.044s] Level 5:colcon.colcon_core.verb:set package 'motor_driver' build argument 'cmake_args' from command line to 'None'
[1.045s] Level 5:colcon.colcon_core.verb:set package 'motor_driver' build argument 'cmake_target' from command line to 'None'
[1.045s] Level 5:colcon.colcon_core.verb:set package 'motor_driver' build argument 'cmake_target_skip_unavailable' from command line to 'False'
[1.045s] Level 5:colcon.colcon_core.verb:set package 'motor_driver' build argument 'cmake_clean_cache' from command line to 'False'
[1.045s] Level 5:colcon.colcon_core.verb:set package 'motor_driver' build argument 'cmake_clean_first' from command line to 'False'
[1.045s] Level 5:colcon.colcon_core.verb:set package 'motor_driver' build argument 'cmake_force_configure' from command line to 'False'
[1.045s] Level 5:colcon.colcon_core.verb:set package 'motor_driver' build argument 'ament_cmake_args' from command line to 'None'
[1.045s] Level 5:colcon.colcon_core.verb:set package 'motor_driver' build argument 'catkin_cmake_args' from command line to 'None'
[1.045s] Level 5:colcon.colcon_core.verb:set package 'motor_driver' build argument 'catkin_skip_building_tests' from command line to 'False'
[1.046s] DEBUG:colcon.colcon_core.verb:Building package 'motor_driver' with the following arguments: {'ament_cmake_args': None, 'build_base': '/home/mgazzola/ros2_spirob_ws/build/motor_driver', 'catkin_cmake_args': None, 'catkin_skip_building_tests': False, 'cmake_args': None, 'cmake_clean_cache': False, 'cmake_clean_first': False, 'cmake_force_configure': False, 'cmake_target': None, 'cmake_target_skip_unavailable': False, 'install_base': '/home/mgazzola/ros2_spirob_ws/install/motor_driver', 'merge_install': False, 'path': '/home/mgazzola/ros2_spirob_ws/src/motor_driver', 'symlink_install': True, 'test_result_base': None}
[1.047s] Level 5:colcon.colcon_core.verb:set package 'robot_gui' build argument 'cmake_args' from command line to 'None'
[1.047s] Level 5:colcon.colcon_core.verb:set package 'robot_gui' build argument 'cmake_target' from command line to 'None'
[1.047s] Level 5:colcon.colcon_core.verb:set package 'robot_gui' build argument 'cmake_target_skip_unavailable' from command line to 'False'
[1.048s] Level 5:colcon.colcon_core.verb:set package 'robot_gui' build argument 'cmake_clean_cache' from command line to 'False'
[1.048s] Level 5:colcon.colcon_core.verb:set package 'robot_gui' build argument 'cmake_clean_first' from command line to 'False'
[1.048s] Level 5:colcon.colcon_core.verb:set package 'robot_gui' build argument 'cmake_force_configure' from command line to 'False'
[1.048s] Level 5:colcon.colcon_core.verb:set package 'robot_gui' build argument 'ament_cmake_args' from command line to 'None'
[1.048s] Level 5:colcon.colcon_core.verb:set package 'robot_gui' build argument 'catkin_cmake_args' from command line to 'None'
[1.048s] Level 5:colcon.colcon_core.verb:set package 'robot_gui' build argument 'catkin_skip_building_tests' from command line to 'False'
[1.048s] DEBUG:colcon.colcon_core.verb:Building package 'robot_gui' with the following arguments: {'ament_cmake_args': None, 'build_base': '/home/mgazzola/ros2_spirob_ws/build/robot_gui', 'catkin_cmake_args': None, 'catkin_skip_building_tests': False, 'cmake_args': None, 'cmake_clean_cache': False, 'cmake_clean_first': False, 'cmake_force_configure': False, 'cmake_target': None, 'cmake_target_skip_unavailable': False, 'install_base': '/home/mgazzola/ros2_spirob_ws/install/robot_gui', 'merge_install': False, 'path': '/home/mgazzola/ros2_spirob_ws/src/robot_gui', 'symlink_install': True, 'test_result_base': None}
[1.049s] Level 5:colcon.colcon_core.verb:set package 'spirob_bringup' build argument 'cmake_args' from command line to 'None'
[1.050s] Level 5:colcon.colcon_core.verb:set package 'spirob_bringup' build argument 'cmake_target' from command line to 'None'
[1.050s] Level 5:colcon.colcon_core.verb:set package 'spirob_bringup' build argument 'cmake_target_skip_unavailable' from command line to 'False'
[1.050s] Level 5:colcon.colcon_core.verb:set package 'spirob_bringup' build argument 'cmake_clean_cache' from command line to 'False'
[1.050s] Level 5:colcon.colcon_core.verb:set package 'spirob_bringup' build argument 'cmake_clean_first' from command line to 'False'
[1.050s] Level 5:colcon.colcon_core.verb:set package 'spirob_bringup' build argument 'cmake_force_configure' from command line to 'False'
[1.050s] Level 5:colcon.colcon_core.verb:set package 'spirob_bringup' build argument 'ament_cmake_args' from command line to 'None'
[1.050s] Level 5:colcon.colcon_core.verb:set package 'spirob_bringup' build argument 'catkin_cmake_args' from command line to 'None'
[1.050s] Level 5:colcon.colcon_core.verb:set package 'spirob_bringup' build argument 'catkin_skip_building_tests' from command line to 'False'
[1.050s] DEBUG:colcon.colcon_core.verb:Building package 'spirob_bringup' with the following arguments: {'ament_cmake_args': None, 'build_base': '/home/mgazzola/ros2_spirob_ws/build/spirob_bringup', 'catkin_cmake_args': None, 'catkin_skip_building_tests': False, 'cmake_args': None, 'cmake_clean_cache': False, 'cmake_clean_first': False, 'cmake_force_configure': False, 'cmake_target': None, 'cmake_target_skip_unavailable': False, 'install_base': '/home/mgazzola/ros2_spirob_ws/install/spirob_bringup', 'merge_install': False, 'path': '/home/mgazzola/ros2_spirob_ws/src/spirob_bringup', 'symlink_install': True, 'test_result_base': None}
[1.051s] Level 5:colcon.colcon_core.verb:set package 'vision' build argument 'cmake_args' from command line to 'None'
[1.052s] Level 5:colcon.colcon_core.verb:set package 'vision' build argument 'cmake_target' from command line to 'None'
[1.052s] Level 5:colcon.colcon_core.verb:set package 'vision' build argument 'cmake_target_skip_unavailable' from command line to 'False'
[1.052s] Level 5:colcon.colcon_core.verb:set package 'vision' build argument 'cmake_clean_cache' from command line to 'False'
[1.052s] Level 5:colcon.colcon_core.verb:set package 'vision' build argument 'cmake_clean_first' from command line to 'False'
[1.052s] Level 5:colcon.colcon_core.verb:set package 'vision' build argument 'cmake_force_configure' from command line to 'False'
[1.052s] Level 5:colcon.colcon_core.verb:set package 'vision' build argument 'ament_cmake_args' from command line to 'None'
[1.052s] Level 5:colcon.colcon_core.verb:set package 'vision' build argument 'catkin_cmake_args' from command line to 'None'
[1.052s] Level 5:colcon.colcon_core.verb:set package 'vision' build argument 'catkin_skip_building_tests' from command line to 'False'
[1.053s] DEBUG:colcon.colcon_core.verb:Building package 'vision' with the following arguments: {'ament_cmake_args': None, 'build_base': '/home/mgazzola/ros2_spirob_ws/build/vision', 'catkin_cmake_args': None, 'catkin_skip_building_tests': False, 'cmake_args': None, 'cmake_clean_cache': False, 'cmake_clean_first': False, 'cmake_force_configure': False, 'cmake_target': None, 'cmake_target_skip_unavailable': False, 'install_base': '/home/mgazzola/ros2_spirob_ws/install/vision', 'merge_install': False, 'path': '/home/mgazzola/ros2_spirob_ws/src/vision', 'symlink_install': True, 'test_result_base': None}
[1.053s] INFO:colcon.colcon_core.executor:Executing jobs using 'parallel' executor
[1.056s] DEBUG:colcon.colcon_parallel_executor.executor.parallel:run_until_complete
[1.057s] INFO:colcon.colcon_ros.task.ament_python.build:Building ROS package in '/home/mgazzola/ros2_spirob_ws/src/controller' with build type 'ament_python'
[1.058s] Level 1:colcon.colcon_core.shell:create_environment_hook('controller', 'ament_prefix_path')
[1.066s] INFO:colcon.colcon_core.plugin_system:Skipping extension 'colcon_core.shell.bat': Not used on non-Windows systems
[1.067s] INFO:colcon.colcon_core.shell:Creating environment hook '/home/mgazzola/ros2_spirob_ws/install/controller/share/controller/hook/ament_prefix_path.ps1'
[1.070s] INFO:colcon.colcon_core.shell:Creating environment descriptor '/home/mgazzola/ros2_spirob_ws/install/controller/share/controller/hook/ament_prefix_path.dsv'
[1.075s] INFO:colcon.colcon_core.shell:Creating environment hook '/home/mgazzola/ros2_spirob_ws/install/controller/share/controller/hook/ament_prefix_path.sh'
[1.078s] INFO:colcon.colcon_core.shell:Skip shell extension 'powershell' for command environment: Not usable outside of PowerShell
[1.078s] DEBUG:colcon.colcon_core.shell:Skip shell extension 'dsv' for command environment
[1.098s] INFO:colcon.colcon_ros.task.ament_python.build:Building ROS package in '/home/mgazzola/ros2_spirob_ws/src/joysticker' with build type 'ament_python'
[1.099s] Level 1:colcon.colcon_core.shell:create_environment_hook('joysticker', 'ament_prefix_path')
[1.100s] INFO:colcon.colcon_core.shell:Creating environment hook '/home/mgazzola/ros2_spirob_ws/install/joysticker/share/joysticker/hook/ament_prefix_path.ps1'
[1.102s] INFO:colcon.colcon_core.shell:Creating environment descriptor '/home/mgazzola/ros2_spirob_ws/install/joysticker/share/joysticker/hook/ament_prefix_path.dsv'
[1.105s] INFO:colcon.colcon_core.shell:Creating environment hook '/home/mgazzola/ros2_spirob_ws/install/joysticker/share/joysticker/hook/ament_prefix_path.sh'
[1.108s] INFO:colcon.colcon_core.shell:Skip shell extension 'powershell' for command environment: Not usable outside of PowerShell
[1.109s] DEBUG:colcon.colcon_core.shell:Skip shell extension 'dsv' for command environment
[1.127s] INFO:colcon.colcon_ros.task.ament_python.build:Building ROS package in '/home/mgazzola/ros2_spirob_ws/src/load_cell' with build type 'ament_python'
[1.128s] Level 1:colcon.colcon_core.shell:create_environment_hook('load_cell', 'ament_prefix_path')
[1.129s] INFO:colcon.colcon_core.shell:Creating environment hook '/home/mgazzola/ros2_spirob_ws/install/load_cell/share/load_cell/hook/ament_prefix_path.ps1'
[1.132s] INFO:colcon.colcon_core.shell:Creating environment descriptor '/home/mgazzola/ros2_spirob_ws/install/load_cell/share/load_cell/hook/ament_prefix_path.dsv'
[1.134s] INFO:colcon.colcon_core.shell:Creating environment hook '/home/mgazzola/ros2_spirob_ws/install/load_cell/share/load_cell/hook/ament_prefix_path.sh'
[1.137s] INFO:colcon.colcon_core.shell:Skip shell extension 'powershell' for command environment: Not usable outside of PowerShell
[1.138s] DEBUG:colcon.colcon_core.shell:Skip shell extension 'dsv' for command environment
[1.158s] INFO:colcon.colcon_ros.task.ament_python.build:Building ROS package in '/home/mgazzola/ros2_spirob_ws/src/motor_driver' with build type 'ament_python'
[1.158s] Level 1:colcon.colcon_core.shell:create_environment_hook('motor_driver', 'ament_prefix_path')
[1.159s] INFO:colcon.colcon_core.shell:Creating environment hook '/home/mgazzola/ros2_spirob_ws/install/motor_driver/share/motor_driver/hook/ament_prefix_path.ps1'
[1.161s] INFO:colcon.colcon_core.shell:Creating environment descriptor '/home/mgazzola/ros2_spirob_ws/install/motor_driver/share/motor_driver/hook/ament_prefix_path.dsv'
[1.164s] INFO:colcon.colcon_core.shell:Creating environment hook '/home/mgazzola/ros2_spirob_ws/install/motor_driver/share/motor_driver/hook/ament_prefix_path.sh'
[1.168s] INFO:colcon.colcon_core.shell:Skip shell extension 'powershell' for command environment: Not usable outside of PowerShell
[1.168s] DEBUG:colcon.colcon_core.shell:Skip shell extension 'dsv' for command environment
[2.138s] INFO:colcon.colcon_core.task.python.build:Building Python package in '/home/mgazzola/ros2_spirob_ws/src/controller'
[2.139s] INFO:colcon.colcon_core.shell:Skip shell extension 'powershell' for command environment: Not usable outside of PowerShell
[2.139s] DEBUG:colcon.colcon_core.shell:Skip shell extension 'dsv' for command environment
[3.107s] INFO:colcon.colcon_core.task.python.build:Building Python package in '/home/mgazzola/ros2_spirob_ws/src/joysticker'
[3.108s] INFO:colcon.colcon_core.shell:Skip shell extension 'powershell' for command environment: Not usable outside of PowerShell
[3.108s] DEBUG:colcon.colcon_core.shell:Skip shell extension 'dsv' for command environment
[4.070s] INFO:colcon.colcon_core.task.python.build:Building Python package in '/home/mgazzola/ros2_spirob_ws/src/load_cell'
[4.071s] INFO:colcon.colcon_core.shell:Skip shell extension 'powershell' for command environment: Not usable outside of PowerShell
[4.071s] DEBUG:colcon.colcon_core.shell:Skip shell extension 'dsv' for command environment
[5.031s] INFO:colcon.colcon_core.task.python.build:Building Python package in '/home/mgazzola/ros2_spirob_ws/src/motor_driver'
[5.032s] INFO:colcon.colcon_core.shell:Skip shell extension 'powershell' for command environment: Not usable outside of PowerShell
[5.032s] DEBUG:colcon.colcon_core.shell:Skip shell extension 'dsv' for command environment
[9.041s] DEBUG:colcon.colcon_core.task.python.build:While undoing a previous installation files outside the Python library path are being ignored: /home/mgazzola/ros2_spirob_ws/install/controller/share/ament_index/resource_index/packages/controller
[9.042s] DEBUG:colcon.colcon_core.task.python.build:While undoing a previous installation files outside the Python library path are being ignored: /home/mgazzola/ros2_spirob_ws/install/controller/share/controller/package.xml
[9.054s] DEBUG:colcon.colcon_core.task.python.build:While undoing a previous installation files outside the Python library path are being ignored: /home/mgazzola/ros2_spirob_ws/install/controller/lib/controller/pid_controller_node
[9.055s] DEBUG:colcon.colcon_core.task.python.build:While undoing a previous installation files outside the Python library path are being ignored: /home/mgazzola/ros2_spirob_ws/install/controller/lib/controller/setup_node
[9.084s] DEBUG:colcon.colcon_core.event_handler.log_command:Invoking command in '/home/mgazzola/ros2_spirob_ws/build/controller': DEBUGINFOD_URLS=https://debuginfod.ubuntu.com PS1=(.venv) \[\e]0;\u@\h: \w\a\]${debian_chroot:+($debian_chroot)}\[\033[01;32m\]\u@\h\[\033[00m\]:\[\033[01;34m\]\w\[\033[00m\]\$ PYTHONPATH=/home/mgazzola/ros2_spirob_ws/build/controller/prefix_override:/usr/lib/python3/dist-packages/colcon_core/task/python/colcon_distutils_commands:/home/mgazzola/ros2_spirob_ws/install/controller/lib/python3.12/site-packages:${PYTHONPATH} VIRTUAL_ENV_PROMPT=(.venv) /usr/bin/python3 -W ignore:setup.py install is deprecated -W ignore:easy_install command is deprecated setup.py develop --editable --build-directory /home/mgazzola/ros2_spirob_ws/build/controller/build --no-deps symlink_data --force
[9.103s] DEBUG:colcon.colcon_core.task.python.build:While undoing a previous installation files outside the Python library path are being ignored: /home/mgazzola/ros2_spirob_ws/install/motor_driver/share/ament_index/resource_index/packages/motor_driver
[9.104s] DEBUG:colcon.colcon_core.task.python.build:While undoing a previous installation files outside the Python library path are being ignored: /home/mgazzola/ros2_spirob_ws/install/motor_driver/share/motor_driver/package.xml
[9.106s] DEBUG:colcon.colcon_core.task.python.build:While undoing a previous installation files outside the Python library path are being ignored: /home/mgazzola/ros2_spirob_ws/install/motor_driver/lib/motor_driver/motor_driver_node
[9.107s] DEBUG:colcon.colcon_core.task.python.build:While undoing a previous installation files outside the Python library path are being ignored: /home/mgazzola/ros2_spirob_ws/install/motor_driver/lib/motor_driver/motor_publisher_node
[9.120s] DEBUG:colcon.colcon_core.event_handler.log_command:Invoking command in '/home/mgazzola/ros2_spirob_ws/build/motor_driver': DEBUGINFOD_URLS=https://debuginfod.ubuntu.com PS1=(.venv) \[\e]0;\u@\h: \w\a\]${debian_chroot:+($debian_chroot)}\[\033[01;32m\]\u@\h\[\033[00m\]:\[\033[01;34m\]\w\[\033[00m\]\$ PYTHONPATH=/home/mgazzola/ros2_spirob_ws/build/motor_driver/prefix_override:/usr/lib/python3/dist-packages/colcon_core/task/python/colcon_distutils_commands:/home/mgazzola/ros2_spirob_ws/install/motor_driver/lib/python3.12/site-packages:${PYTHONPATH} VIRTUAL_ENV_PROMPT=(.venv) /usr/bin/python3 -W ignore:setup.py install is deprecated -W ignore:easy_install command is deprecated setup.py develop --editable --build-directory /home/mgazzola/ros2_spirob_ws/build/motor_driver/build --no-deps symlink_data --force
[9.272s] DEBUG:colcon.colcon_core.task.python.build:While undoing a previous installation files outside the Python library path are being ignored: /home/mgazzola/ros2_spirob_ws/install/load_cell/share/ament_index/resource_index/packages/load_cell
[9.272s] DEBUG:colcon.colcon_core.task.python.build:While undoing a previous installation files outside the Python library path are being ignored: /home/mgazzola/ros2_spirob_ws/install/load_cell/share/load_cell/package.xml
[9.297s] DEBUG:colcon.colcon_core.task.python.build:While undoing a previous installation files outside the Python library path are being ignored: /home/mgazzola/ros2_spirob_ws/install/load_cell/lib/load_cell/load_publisher_node
[9.349s] DEBUG:colcon.colcon_core.event_handler.log_command:Invoking command in '/home/mgazzola/ros2_spirob_ws/build/load_cell': DEBUGINFOD_URLS=https://debuginfod.ubuntu.com PS1=(.venv) \[\e]0;\u@\h: \w\a\]${debian_chroot:+($debian_chroot)}\[\033[01;32m\]\u@\h\[\033[00m\]:\[\033[01;34m\]\w\[\033[00m\]\$ PYTHONPATH=/home/mgazzola/ros2_spirob_ws/build/load_cell/prefix_override:/usr/lib/python3/dist-packages/colcon_core/task/python/colcon_distutils_commands:/home/mgazzola/ros2_spirob_ws/install/load_cell/lib/python3.12/site-packages:${PYTHONPATH} VIRTUAL_ENV_PROMPT=(.venv) /usr/bin/python3 -W ignore:setup.py install is deprecated -W ignore:easy_install command is deprecated setup.py develop --editable --build-directory /home/mgazzola/ros2_spirob_ws/build/load_cell/build --no-deps symlink_data --force
[9.489s] DEBUG:colcon.colcon_core.task.python.build:While undoing a previous installation files outside the Python library path are being ignored: /home/mgazzola/ros2_spirob_ws/install/joysticker/share/ament_index/resource_index/packages/joysticker
[9.489s] DEBUG:colcon.colcon_core.task.python.build:While undoing a previous installation files outside the Python library path are being ignored: /home/mgazzola/ros2_spirob_ws/install/joysticker/share/joysticker/package.xml
[9.492s] DEBUG:colcon.colcon_core.task.python.build:While undoing a previous installation files outside the Python library path are being ignored: /home/mgazzola/ros2_spirob_ws/install/joysticker/lib/joysticker/joysticker_publisher_node
[9.506s] DEBUG:colcon.colcon_core.event_handler.log_command:Invoking command in '/home/mgazzola/ros2_spirob_ws/build/joysticker': DEBUGINFOD_URLS=https://debuginfod.ubuntu.com PS1=(.venv) \[\e]0;\u@\h: \w\a\]${debian_chroot:+($debian_chroot)}\[\033[01;32m\]\u@\h\[\033[00m\]:\[\033[01;34m\]\w\[\033[00m\]\$ PYTHONPATH=/home/mgazzola/ros2_spirob_ws/build/joysticker/prefix_override:/usr/lib/python3/dist-packages/colcon_core/task/python/colcon_distutils_commands:/home/mgazzola/ros2_spirob_ws/install/joysticker/lib/python3.12/site-packages:${PYTHONPATH} VIRTUAL_ENV_PROMPT=(.venv) /usr/bin/python3 -W ignore:setup.py install is deprecated -W ignore:easy_install command is deprecated setup.py develop --editable --build-directory /home/mgazzola/ros2_spirob_ws/build/joysticker/build --no-deps symlink_data --force
[13.693s] Level 1:colcon.colcon_core.shell:create_environment_hook('motor_driver', 'pythonpath_develop')
[13.702s] INFO:colcon.colcon_core.shell:Creating environment hook '/home/mgazzola/ros2_spirob_ws/build/motor_driver/share/motor_driver/hook/pythonpath_develop.ps1'
[13.712s] DEBUG:colcon.colcon_core.event_handler.log_command:Invoked command in '/home/mgazzola/ros2_spirob_ws/build/motor_driver' returned '0': DEBUGINFOD_URLS=https://debuginfod.ubuntu.com PS1=(.venv) \[\e]0;\u@\h: \w\a\]${debian_chroot:+($debian_chroot)}\[\033[01;32m\]\u@\h\[\033[00m\]:\[\033[01;34m\]\w\[\033[00m\]\$ PYTHONPATH=/home/mgazzola/ros2_spirob_ws/build/motor_driver/prefix_override:/usr/lib/python3/dist-packages/colcon_core/task/python/colcon_distutils_commands:/home/mgazzola/ros2_spirob_ws/install/motor_driver/lib/python3.12/site-packages:${PYTHONPATH} VIRTUAL_ENV_PROMPT=(.venv) /usr/bin/python3 -W ignore:setup.py install is deprecated -W ignore:easy_install command is deprecated setup.py develop --editable --build-directory /home/mgazzola/ros2_spirob_ws/build/motor_driver/build --no-deps symlink_data --force
[13.721s] INFO:colcon.colcon_core.shell:Creating environment descriptor '/home/mgazzola/ros2_spirob_ws/build/motor_driver/share/motor_driver/hook/pythonpath_develop.dsv'
[13.729s] INFO:colcon.colcon_core.shell:Creating environment hook '/home/mgazzola/ros2_spirob_ws/build/motor_driver/share/motor_driver/hook/pythonpath_develop.sh'
[13.796s] Level 1:colcon.colcon_core.environment:checking '/home/mgazzola/ros2_spirob_ws/install/motor_driver' for CMake module files
[13.810s] Level 1:colcon.colcon_core.environment:checking '/home/mgazzola/ros2_spirob_ws/install/motor_driver' for CMake config files
[13.822s] Level 1:colcon.colcon_core.environment:checking '/home/mgazzola/ros2_spirob_ws/install/motor_driver/lib'
[13.827s] Level 1:colcon.colcon_core.environment:checking '/home/mgazzola/ros2_spirob_ws/install/motor_driver/bin'
[13.828s] Level 1:colcon.colcon_core.environment:checking '/home/mgazzola/ros2_spirob_ws/install/motor_driver/lib/pkgconfig/motor_driver.pc'
[13.829s] Level 1:colcon.colcon_core.environment:checking '/home/mgazzola/ros2_spirob_ws/install/motor_driver/lib/python3.12/site-packages'
[13.838s] Level 1:colcon.colcon_core.shell:create_environment_hook('motor_driver', 'pythonpath')
[13.848s] INFO:colcon.colcon_core.shell:Creating environment hook '/home/mgazzola/ros2_spirob_ws/install/motor_driver/share/motor_driver/hook/pythonpath.ps1'
[13.869s] INFO:colcon.colcon_core.shell:Creating environment descriptor '/home/mgazzola/ros2_spirob_ws/install/motor_driver/share/motor_driver/hook/pythonpath.dsv'
[13.897s] INFO:colcon.colcon_core.shell:Creating environment hook '/home/mgazzola/ros2_spirob_ws/install/motor_driver/share/motor_driver/hook/pythonpath.sh'
[13.924s] Level 1:colcon.colcon_core.environment:checking '/home/mgazzola/ros2_spirob_ws/install/motor_driver/bin'
[13.926s] Level 1:colcon.colcon_core.environment:create_environment_scripts_only(motor_driver)
[13.930s] INFO:colcon.colcon_core.shell:Creating package script '/home/mgazzola/ros2_spirob_ws/install/motor_driver/share/motor_driver/package.ps1'
[13.943s] INFO:colcon.colcon_core.shell:Creating package descriptor '/home/mgazzola/ros2_spirob_ws/install/motor_driver/share/motor_driver/package.dsv'
[13.957s] INFO:colcon.colcon_core.shell:Creating package script '/home/mgazzola/ros2_spirob_ws/install/motor_driver/share/motor_driver/package.sh'
[13.968s] INFO:colcon.colcon_core.shell:Creating package script '/home/mgazzola/ros2_spirob_ws/install/motor_driver/share/motor_driver/package.bash'
[13.978s] INFO:colcon.colcon_core.shell:Creating package script '/home/mgazzola/ros2_spirob_ws/install/motor_driver/share/motor_driver/package.zsh'
[13.987s] Level 1:colcon.colcon_core.environment:create_file_with_runtime_dependencies(/home/mgazzola/ros2_spirob_ws/install/motor_driver/share/colcon-core/packages/motor_driver)
[14.004s] INFO:colcon.colcon_ros.task.ament_python.build:Building ROS package in '/home/mgazzola/ros2_spirob_ws/src/robot_gui' with build type 'ament_python'
[14.008s] Level 1:colcon.colcon_core.shell:create_environment_hook('robot_gui', 'ament_prefix_path')
[14.013s] INFO:colcon.colcon_core.shell:Creating environment hook '/home/mgazzola/ros2_spirob_ws/install/robot_gui/share/robot_gui/hook/ament_prefix_path.ps1'
[14.030s] INFO:colcon.colcon_core.shell:Creating environment descriptor '/home/mgazzola/ros2_spirob_ws/install/robot_gui/share/robot_gui/hook/ament_prefix_path.dsv'
[14.044s] INFO:colcon.colcon_core.shell:Creating environment hook '/home/mgazzola/ros2_spirob_ws/install/robot_gui/share/robot_gui/hook/ament_prefix_path.sh'
[14.058s] INFO:colcon.colcon_core.shell:Skip shell extension 'powershell' for command environment: Not usable outside of PowerShell
[14.064s] DEBUG:colcon.colcon_core.shell:Skip shell extension 'dsv' for command environment
[14.110s] Level 1:colcon.colcon_core.shell:create_environment_hook('load_cell', 'pythonpath_develop')
[14.112s] INFO:colcon.colcon_core.shell:Creating environment hook '/home/mgazzola/ros2_spirob_ws/build/load_cell/share/load_cell/hook/pythonpath_develop.ps1'
[14.126s] DEBUG:colcon.colcon_core.event_handler.log_command:Invoked command in '/home/mgazzola/ros2_spirob_ws/build/load_cell' returned '0': DEBUGINFOD_URLS=https://debuginfod.ubuntu.com PS1=(.venv) \[\e]0;\u@\h: \w\a\]${debian_chroot:+($debian_chroot)}\[\033[01;32m\]\u@\h\[\033[00m\]:\[\033[01;34m\]\w\[\033[00m\]\$ PYTHONPATH=/home/mgazzola/ros2_spirob_ws/build/load_cell/prefix_override:/usr/lib/python3/dist-packages/colcon_core/task/python/colcon_distutils_commands:/home/mgazzola/ros2_spirob_ws/install/load_cell/lib/python3.12/site-packages:${PYTHONPATH} VIRTUAL_ENV_PROMPT=(.venv) /usr/bin/python3 -W ignore:setup.py install is deprecated -W ignore:easy_install command is deprecated setup.py develop --editable --build-directory /home/mgazzola/ros2_spirob_ws/build/load_cell/build --no-deps symlink_data --force
[14.128s] INFO:colcon.colcon_core.shell:Creating environment descriptor '/home/mgazzola/ros2_spirob_ws/build/load_cell/share/load_cell/hook/pythonpath_develop.dsv'
[14.133s] INFO:colcon.colcon_core.shell:Creating environment hook '/home/mgazzola/ros2_spirob_ws/build/load_cell/share/load_cell/hook/pythonpath_develop.sh'
[14.137s] Level 1:colcon.colcon_core.environment:checking '/home/mgazzola/ros2_spirob_ws/install/load_cell' for CMake module files
[14.141s] Level 1:colcon.colcon_core.environment:checking '/home/mgazzola/ros2_spirob_ws/install/load_cell' for CMake config files
[14.145s] Level 1:colcon.colcon_core.environment:checking '/home/mgazzola/ros2_spirob_ws/install/load_cell/lib'
[14.145s] Level 1:colcon.colcon_core.environment:checking '/home/mgazzola/ros2_spirob_ws/install/load_cell/bin'
[14.146s] Level 1:colcon.colcon_core.environment:checking '/home/mgazzola/ros2_spirob_ws/install/load_cell/lib/pkgconfig/load_cell.pc'
[14.148s] Level 1:colcon.colcon_core.environment:checking '/home/mgazzola/ros2_spirob_ws/install/load_cell/lib/python3.12/site-packages'
[14.149s] Level 1:colcon.colcon_core.shell:create_environment_hook('load_cell', 'pythonpath')
[14.150s] INFO:colcon.colcon_core.shell:Creating environment hook '/home/mgazzola/ros2_spirob_ws/install/load_cell/share/load_cell/hook/pythonpath.ps1'
[14.153s] INFO:colcon.colcon_core.shell:Creating environment descriptor '/home/mgazzola/ros2_spirob_ws/install/load_cell/share/load_cell/hook/pythonpath.dsv'
[14.156s] INFO:colcon.colcon_core.shell:Creating environment hook '/home/mgazzola/ros2_spirob_ws/install/load_cell/share/load_cell/hook/pythonpath.sh'
[14.161s] Level 1:colcon.colcon_core.environment:checking '/home/mgazzola/ros2_spirob_ws/install/load_cell/bin'
[14.162s] Level 1:colcon.colcon_core.environment:create_environment_scripts_only(load_cell)
[14.163s] INFO:colcon.colcon_core.shell:Creating package script '/home/mgazzola/ros2_spirob_ws/install/load_cell/share/load_cell/package.ps1'
[14.167s] INFO:colcon.colcon_core.shell:Creating package descriptor '/home/mgazzola/ros2_spirob_ws/install/load_cell/share/load_cell/package.dsv'
[14.172s] INFO:colcon.colcon_core.shell:Creating package script '/home/mgazzola/ros2_spirob_ws/install/load_cell/share/load_cell/package.sh'
[14.175s] INFO:colcon.colcon_core.shell:Creating package script '/home/mgazzola/ros2_spirob_ws/install/load_cell/share/load_cell/package.bash'
[14.178s] INFO:colcon.colcon_core.shell:Creating package script '/home/mgazzola/ros2_spirob_ws/install/load_cell/share/load_cell/package.zsh'
[14.181s] Level 1:colcon.colcon_core.environment:create_file_with_runtime_dependencies(/home/mgazzola/ros2_spirob_ws/install/load_cell/share/colcon-core/packages/load_cell)
[14.186s] INFO:colcon.colcon_ros.task.ament_python.build:Building ROS package in '/home/mgazzola/ros2_spirob_ws/src/spirob_bringup' with build type 'ament_python'
[14.186s] Level 1:colcon.colcon_core.shell:create_environment_hook('spirob_bringup', 'ament_prefix_path')
[14.188s] INFO:colcon.colcon_core.shell:Creating environment hook '/home/mgazzola/ros2_spirob_ws/install/spirob_bringup/share/spirob_bringup/hook/ament_prefix_path.ps1'
[14.190s] INFO:colcon.colcon_core.shell:Creating environment descriptor '/home/mgazzola/ros2_spirob_ws/install/spirob_bringup/share/spirob_bringup/hook/ament_prefix_path.dsv'
[14.193s] INFO:colcon.colcon_core.shell:Creating environment hook '/home/mgazzola/ros2_spirob_ws/install/spirob_bringup/share/spirob_bringup/hook/ament_prefix_path.sh'
[14.196s] INFO:colcon.colcon_core.shell:Skip shell extension 'powershell' for command environment: Not usable outside of PowerShell
[14.197s] DEBUG:colcon.colcon_core.shell:Skip shell extension 'dsv' for command environment
[14.217s] Level 1:colcon.colcon_core.shell:create_environment_hook('controller', 'pythonpath_develop')
[14.218s] INFO:colcon.colcon_core.shell:Creating environment hook '/home/mgazzola/ros2_spirob_ws/build/controller/share/controller/hook/pythonpath_develop.ps1'
[14.219s] DEBUG:colcon.colcon_core.event_handler.log_command:Invoked command in '/home/mgazzola/ros2_spirob_ws/build/controller' returned '0': DEBUGINFOD_URLS=https://debuginfod.ubuntu.com PS1=(.venv) \[\e]0;\u@\h: \w\a\]${debian_chroot:+($debian_chroot)}\[\033[01;32m\]\u@\h\[\033[00m\]:\[\033[01;34m\]\w\[\033[00m\]\$ PYTHONPATH=/home/mgazzola/ros2_spirob_ws/build/controller/prefix_override:/usr/lib/python3/dist-packages/colcon_core/task/python/colcon_distutils_commands:/home/mgazzola/ros2_spirob_ws/install/controller/lib/python3.12/site-packages:${PYTHONPATH} VIRTUAL_ENV_PROMPT=(.venv) /usr/bin/python3 -W ignore:setup.py install is deprecated -W ignore:easy_install command is deprecated setup.py develop --editable --build-directory /home/mgazzola/ros2_spirob_ws/build/controller/build --no-deps symlink_data --force
[14.222s] INFO:colcon.colcon_core.shell:Creating environment descriptor '/home/mgazzola/ros2_spirob_ws/build/controller/share/controller/hook/pythonpath_develop.dsv'
[14.225s] INFO:colcon.colcon_core.shell:Creating environment hook '/home/mgazzola/ros2_spirob_ws/build/controller/share/controller/hook/pythonpath_develop.sh'
[14.228s] Level 1:colcon.colcon_core.environment:checking '/home/mgazzola/ros2_spirob_ws/install/controller' for CMake module files
[14.232s] Level 1:colcon.colcon_core.environment:checking '/home/mgazzola/ros2_spirob_ws/install/controller' for CMake config files
[14.235s] Level 1:colcon.colcon_core.environment:checking '/home/mgazzola/ros2_spirob_ws/install/controller/lib'
[14.236s] Level 1:colcon.colcon_core.environment:checking '/home/mgazzola/ros2_spirob_ws/install/controller/bin'
[14.236s] Level 1:colcon.colcon_core.environment:checking '/home/mgazzola/ros2_spirob_ws/install/controller/lib/pkgconfig/controller.pc'
[14.238s] Level 1:colcon.colcon_core.environment:checking '/home/mgazzola/ros2_spirob_ws/install/controller/lib/python3.12/site-packages'
[14.239s] Level 1:colcon.colcon_core.shell:create_environment_hook('controller', 'pythonpath')
[14.240s] INFO:colcon.colcon_core.shell:Creating environment hook '/home/mgazzola/ros2_spirob_ws/install/controller/share/controller/hook/pythonpath.ps1'
[14.243s] INFO:colcon.colcon_core.shell:Creating environment descriptor '/home/mgazzola/ros2_spirob_ws/install/controller/share/controller/hook/pythonpath.dsv'
[14.245s] INFO:colcon.colcon_core.shell:Creating environment hook '/home/mgazzola/ros2_spirob_ws/install/controller/share/controller/hook/pythonpath.sh'
[14.249s] Level 1:colcon.colcon_core.environment:checking '/home/mgazzola/ros2_spirob_ws/install/controller/bin'
[14.250s] Level 1:colcon.colcon_core.environment:create_environment_scripts_only(controller)
[14.251s] INFO:colcon.colcon_core.shell:Creating package script '/home/mgazzola/ros2_spirob_ws/install/controller/share/controller/package.ps1'
[14.254s] INFO:colcon.colcon_core.shell:Creating package descriptor '/home/mgazzola/ros2_spirob_ws/install/controller/share/controller/package.dsv'
[14.257s] INFO:colcon.colcon_core.shell:Creating package script '/home/mgazzola/ros2_spirob_ws/install/controller/share/controller/package.sh'
[14.259s] INFO:colcon.colcon_core.shell:Creating package script '/home/mgazzola/ros2_spirob_ws/install/controller/share/controller/package.bash'
[14.262s] INFO:colcon.colcon_core.shell:Creating package script '/home/mgazzola/ros2_spirob_ws/install/controller/share/controller/package.zsh'
[14.264s] Level 1:colcon.colcon_core.environment:create_file_with_runtime_dependencies(/home/mgazzola/ros2_spirob_ws/install/controller/share/colcon-core/packages/controller)
[14.270s] INFO:colcon.colcon_ros.task.ament_python.build:Building ROS package in '/home/mgazzola/ros2_spirob_ws/src/vision' with build type 'ament_python'
[14.271s] Level 1:colcon.colcon_core.shell:create_environment_hook('vision', 'ament_prefix_path')
[14.272s] INFO:colcon.colcon_core.shell:Creating environment hook '/home/mgazzola/ros2_spirob_ws/install/vision/share/vision/hook/ament_prefix_path.ps1'
[14.278s] INFO:colcon.colcon_core.shell:Creating environment descriptor '/home/mgazzola/ros2_spirob_ws/install/vision/share/vision/hook/ament_prefix_path.dsv'
[14.281s] INFO:colcon.colcon_core.shell:Creating environment hook '/home/mgazzola/ros2_spirob_ws/install/vision/share/vision/hook/ament_prefix_path.sh'
[14.287s] INFO:colcon.colcon_core.shell:Skip shell extension 'powershell' for command environment: Not usable outside of PowerShell
[14.287s] DEBUG:colcon.colcon_core.shell:Skip shell extension 'dsv' for command environment
[15.808s] WARNING:colcon.colcon_ros.task.ament_python.build:Package 'robot_gui' doesn't explicitly install a marker in the package index (colcon-ros currently does it implicitly but that fallback will be removed in the future)
[15.809s] WARNING:colcon.colcon_ros.task.ament_python.build:Package 'robot_gui' doesn't explicitly install the 'package.xml' file (colcon-ros currently does it implicitly but that fallback will be removed in the future)
[15.810s] INFO:colcon.colcon_core.task.python.build:Building Python package in '/home/mgazzola/ros2_spirob_ws/src/robot_gui'
[15.811s] INFO:colcon.colcon_core.shell:Skip shell extension 'powershell' for command environment: Not usable outside of PowerShell
[15.812s] DEBUG:colcon.colcon_core.shell:Skip shell extension 'dsv' for command environment
[15.834s] Level 1:colcon.colcon_core.shell:create_environment_hook('joysticker', 'pythonpath_develop')
[15.835s] INFO:colcon.colcon_core.shell:Creating environment hook '/home/mgazzola/ros2_spirob_ws/build/joysticker/share/joysticker/hook/pythonpath_develop.ps1'
[15.837s] DEBUG:colcon.colcon_core.event_handler.log_command:Invoked command in '/home/mgazzola/ros2_spirob_ws/build/joysticker' returned '0': DEBUGINFOD_URLS=https://debuginfod.ubuntu.com PS1=(.venv) \[\e]0;\u@\h: \w\a\]${debian_chroot:+($debian_chroot)}\[\033[01;32m\]\u@\h\[\033[00m\]:\[\033[01;34m\]\w\[\033[00m\]\$ PYTHONPATH=/home/mgazzola/ros2_spirob_ws/build/joysticker/prefix_override:/usr/lib/python3/dist-packages/colcon_core/task/python/colcon_distutils_commands:/home/mgazzola/ros2_spirob_ws/install/joysticker/lib/python3.12/site-packages:${PYTHONPATH} VIRTUAL_ENV_PROMPT=(.venv) /usr/bin/python3 -W ignore:setup.py install is deprecated -W ignore:easy_install command is deprecated setup.py develop --editable --build-directory /home/mgazzola/ros2_spirob_ws/build/joysticker/build --no-deps symlink_data --force
[15.839s] INFO:colcon.colcon_core.shell:Creating environment descriptor '/home/mgazzola/ros2_spirob_ws/build/joysticker/share/joysticker/hook/pythonpath_develop.dsv'
[15.842s] INFO:colcon.colcon_core.shell:Creating environment hook '/home/mgazzola/ros2_spirob_ws/build/joysticker/share/joysticker/hook/pythonpath_develop.sh'
[15.846s] Level 1:colcon.colcon_core.environment:checking '/home/mgazzola/ros2_spirob_ws/install/joysticker' for CMake module files
[15.850s] Level 1:colcon.colcon_core.environment:checking '/home/mgazzola/ros2_spirob_ws/install/joysticker' for CMake config files
[15.855s] Level 1:colcon.colcon_core.environment:checking '/home/mgazzola/ros2_spirob_ws/install/joysticker/lib'
[15.856s] Level 1:colcon.colcon_core.environment:checking '/home/mgazzola/ros2_spirob_ws/install/joysticker/bin'
[15.856s] Level 1:colcon.colcon_core.environment:checking '/home/mgazzola/ros2_spirob_ws/install/joysticker/lib/pkgconfig/joysticker.pc'
[15.858s] Level 1:colcon.colcon_core.environment:checking '/home/mgazzola/ros2_spirob_ws/install/joysticker/lib/python3.12/site-packages'
[15.859s] Level 1:colcon.colcon_core.shell:create_environment_hook('joysticker', 'pythonpath')
[15.860s] INFO:colcon.colcon_core.shell:Creating environment hook '/home/mgazzola/ros2_spirob_ws/install/joysticker/share/joysticker/hook/pythonpath.ps1'
[15.864s] INFO:colcon.colcon_core.shell:Creating environment descriptor '/home/mgazzola/ros2_spirob_ws/install/joysticker/share/joysticker/hook/pythonpath.dsv'
[15.868s] INFO:colcon.colcon_core.shell:Creating environment hook '/home/mgazzola/ros2_spirob_ws/install/joysticker/share/joysticker/hook/pythonpath.sh'
[15.874s] Level 1:colcon.colcon_core.environment:checking '/home/mgazzola/ros2_spirob_ws/install/joysticker/bin'
[15.875s] Level 1:colcon.colcon_core.environment:create_environment_scripts_only(joysticker)
[15.877s] INFO:colcon.colcon_core.shell:Creating package script '/home/mgazzola/ros2_spirob_ws/install/joysticker/share/joysticker/package.ps1'
[15.882s] INFO:colcon.colcon_core.shell:Creating package descriptor '/home/mgazzola/ros2_spirob_ws/install/joysticker/share/joysticker/package.dsv'
[15.887s] INFO:colcon.colcon_core.shell:Creating package script '/home/mgazzola/ros2_spirob_ws/install/joysticker/share/joysticker/package.sh'
[15.891s] INFO:colcon.colcon_core.shell:Creating package script '/home/mgazzola/ros2_spirob_ws/install/joysticker/share/joysticker/package.bash'
[15.894s] INFO:colcon.colcon_core.shell:Creating package script '/home/mgazzola/ros2_spirob_ws/install/joysticker/share/joysticker/package.zsh'
[15.898s] Level 1:colcon.colcon_core.environment:create_file_with_runtime_dependencies(/home/mgazzola/ros2_spirob_ws/install/joysticker/share/colcon-core/packages/joysticker)
[17.652s] INFO:colcon.colcon_core.task.python.build:Building Python package in '/home/mgazzola/ros2_spirob_ws/src/spirob_bringup'
[17.653s] INFO:colcon.colcon_core.shell:Skip shell extension 'powershell' for command environment: Not usable outside of PowerShell
[17.653s] DEBUG:colcon.colcon_core.shell:Skip shell extension 'dsv' for command environment
[19.285s] INFO:colcon.colcon_core.task.python.build:Building Python package in '/home/mgazzola/ros2_spirob_ws/src/vision'
[19.286s] INFO:colcon.colcon_core.shell:Skip shell extension 'powershell' for command environment: Not usable outside of PowerShell
[19.286s] DEBUG:colcon.colcon_core.shell:Skip shell extension 'dsv' for command environment
[24.969s] DEBUG:colcon.colcon_core.task.python.build:While undoing a previous installation files outside the Python library path are being ignored: /home/mgazzola/ros2_spirob_ws/install/spirob_bringup/share/ament_index/resource_index/packages/spirob_bringup
[24.969s] DEBUG:colcon.colcon_core.task.python.build:While undoing a previous installation files outside the Python library path are being ignored: /home/mgazzola/ros2_spirob_ws/install/spirob_bringup/share/spirob_bringup/package.xml
[24.969s] DEBUG:colcon.colcon_core.task.python.build:While undoing a previous installation files outside the Python library path are being ignored: /home/mgazzola/ros2_spirob_ws/install/spirob_bringup/share/spirob_bringup/launch/spirob.launch.py
[25.000s] DEBUG:colcon.colcon_core.event_handler.log_command:Invoking command in '/home/mgazzola/ros2_spirob_ws/build/spirob_bringup': DEBUGINFOD_URLS=https://debuginfod.ubuntu.com PS1=(.venv) \[\e]0;\u@\h: \w\a\]${debian_chroot:+($debian_chroot)}\[\033[01;32m\]\u@\h\[\033[00m\]:\[\033[01;34m\]\w\[\033[00m\]\$ PYTHONPATH=/home/mgazzola/ros2_spirob_ws/build/spirob_bringup/prefix_override:/usr/lib/python3/dist-packages/colcon_core/task/python/colcon_distutils_commands:/home/mgazzola/ros2_spirob_ws/install/spirob_bringup/lib/python3.12/site-packages:${PYTHONPATH} VIRTUAL_ENV_PROMPT=(.venv) /usr/bin/python3 -W ignore:setup.py install is deprecated -W ignore:easy_install command is deprecated setup.py develop --editable --build-directory /home/mgazzola/ros2_spirob_ws/build/spirob_bringup/build --no-deps symlink_data --force
[25.361s] DEBUG:colcon.colcon_core.task.python.build:While undoing a previous installation files outside the Python library path are being ignored: /home/mgazzola/ros2_spirob_ws/install/vision/share/ament_index/resource_index/packages/vision
[25.362s] DEBUG:colcon.colcon_core.task.python.build:While undoing a previous installation files outside the Python library path are being ignored: /home/mgazzola/ros2_spirob_ws/install/vision/share/vision/package.xml
[25.364s] DEBUG:colcon.colcon_core.task.python.build:While undoing a previous installation files outside the Python library path are being ignored: /home/mgazzola/ros2_spirob_ws/install/vision/lib/vision/record_video_node
[25.378s] DEBUG:colcon.colcon_core.event_handler.log_command:Invoking command in '/home/mgazzola/ros2_spirob_ws/build/vision': DEBUGINFOD_URLS=https://debuginfod.ubuntu.com PS1=(.venv) \[\e]0;\u@\h: \w\a\]${debian_chroot:+($debian_chroot)}\[\033[01;32m\]\u@\h\[\033[00m\]:\[\033[01;34m\]\w\[\033[00m\]\$ PYTHONPATH=/home/mgazzola/ros2_spirob_ws/build/vision/prefix_override:/usr/lib/python3/dist-packages/colcon_core/task/python/colcon_distutils_commands:/home/mgazzola/ros2_spirob_ws/install/vision/lib/python3.12/site-packages:${PYTHONPATH} VIRTUAL_ENV_PROMPT=(.venv) /usr/bin/python3 -W ignore:setup.py install is deprecated -W ignore:easy_install command is deprecated setup.py develop --editable --build-directory /home/mgazzola/ros2_spirob_ws/build/vision/build --no-deps symlink_data --force
[25.782s] DEBUG:colcon.colcon_core.task.python.build:While undoing a previous installation files outside the Python library path are being ignored: /home/mgazzola/ros2_spirob_ws/install/robot_gui/share/ament_index/resource_index/packages/robot_GUI
[25.783s] DEBUG:colcon.colcon_core.task.python.build:While undoing a previous installation files outside the Python library path are being ignored: /home/mgazzola/ros2_spirob_ws/install/robot_gui/share/robot_GUI/package.xml
[25.786s] DEBUG:colcon.colcon_core.task.python.build:While undoing a previous installation files outside the Python library path are being ignored: /home/mgazzola/ros2_spirob_ws/install/robot_gui/lib/robot_GUI/robot_GUI_node
[25.814s] DEBUG:colcon.colcon_core.event_handler.log_command:Invoking command in '/home/mgazzola/ros2_spirob_ws/build/robot_gui': DEBUGINFOD_URLS=https://debuginfod.ubuntu.com PS1=(.venv) \[\e]0;\u@\h: \w\a\]${debian_chroot:+($debian_chroot)}\[\033[01;32m\]\u@\h\[\033[00m\]:\[\033[01;34m\]\w\[\033[00m\]\$ PYTHONPATH=/home/mgazzola/ros2_spirob_ws/build/robot_gui/prefix_override:/usr/lib/python3/dist-packages/colcon_core/task/python/colcon_distutils_commands:/home/mgazzola/ros2_spirob_ws/install/robot_gui/lib/python3.12/site-packages:${PYTHONPATH} VIRTUAL_ENV_PROMPT=(.venv) /usr/bin/python3 -W ignore:setup.py install is deprecated -W ignore:easy_install command is deprecated setup.py develop --editable --build-directory /home/mgazzola/ros2_spirob_ws/build/robot_gui/build --no-deps symlink_data --force
[29.453s] Level 1:colcon.colcon_core.shell:create_environment_hook('vision', 'pythonpath_develop')
[29.455s] INFO:colcon.colcon_core.shell:Creating environment hook '/home/mgazzola/ros2_spirob_ws/build/vision/share/vision/hook/pythonpath_develop.ps1'
[29.458s] DEBUG:colcon.colcon_core.event_handler.log_command:Invoked command in '/home/mgazzola/ros2_spirob_ws/build/vision' returned '0': DEBUGINFOD_URLS=https://debuginfod.ubuntu.com PS1=(.venv) \[\e]0;\u@\h: \w\a\]${debian_chroot:+($debian_chroot)}\[\033[01;32m\]\u@\h\[\033[00m\]:\[\033[01;34m\]\w\[\033[00m\]\$ PYTHONPATH=/home/mgazzola/ros2_spirob_ws/build/vision/prefix_override:/usr/lib/python3/dist-packages/colcon_core/task/python/colcon_distutils_commands:/home/mgazzola/ros2_spirob_ws/install/vision/lib/python3.12/site-packages:${PYTHONPATH} VIRTUAL_ENV_PROMPT=(.venv) /usr/bin/python3 -W ignore:setup.py install is deprecated -W ignore:easy_install command is deprecated setup.py develop --editable --build-directory /home/mgazzola/ros2_spirob_ws/build/vision/build --no-deps symlink_data --force
[29.460s] INFO:colcon.colcon_core.shell:Creating environment descriptor '/home/mgazzola/ros2_spirob_ws/build/vision/share/vision/hook/pythonpath_develop.dsv'
[29.462s] INFO:colcon.colcon_core.shell:Creating environment hook '/home/mgazzola/ros2_spirob_ws/build/vision/share/vision/hook/pythonpath_develop.sh'
[29.464s] Level 1:colcon.colcon_core.environment:checking '/home/mgazzola/ros2_spirob_ws/install/vision' for CMake module files
[29.467s] Level 1:colcon.colcon_core.environment:checking '/home/mgazzola/ros2_spirob_ws/install/vision' for CMake config files
[29.470s] Level 1:colcon.colcon_core.environment:checking '/home/mgazzola/ros2_spirob_ws/install/vision/lib'
[29.471s] Level 1:colcon.colcon_core.environment:checking '/home/mgazzola/ros2_spirob_ws/install/vision/bin'
[29.471s] Level 1:colcon.colcon_core.environment:checking '/home/mgazzola/ros2_spirob_ws/install/vision/lib/pkgconfig/vision.pc'
[29.472s] Level 1:colcon.colcon_core.environment:checking '/home/mgazzola/ros2_spirob_ws/install/vision/lib/python3.12/site-packages'
[29.472s] Level 1:colcon.colcon_core.shell:create_environment_hook('vision', 'pythonpath')
[29.473s] INFO:colcon.colcon_core.shell:Creating environment hook '/home/mgazzola/ros2_spirob_ws/install/vision/share/vision/hook/pythonpath.ps1'
[29.475s] INFO:colcon.colcon_core.shell:Creating environment descriptor '/home/mgazzola/ros2_spirob_ws/install/vision/share/vision/hook/pythonpath.dsv'
[29.478s] INFO:colcon.colcon_core.shell:Creating environment hook '/home/mgazzola/ros2_spirob_ws/install/vision/share/vision/hook/pythonpath.sh'
[29.481s] Level 1:colcon.colcon_core.environment:checking '/home/mgazzola/ros2_spirob_ws/install/vision/bin'
[29.482s] Level 1:colcon.colcon_core.environment:create_environment_scripts_only(vision)
[29.484s] INFO:colcon.colcon_core.shell:Creating package script '/home/mgazzola/ros2_spirob_ws/install/vision/share/vision/package.ps1'
[29.486s] INFO:colcon.colcon_core.shell:Creating package descriptor '/home/mgazzola/ros2_spirob_ws/install/vision/share/vision/package.dsv'
[29.489s] INFO:colcon.colcon_core.shell:Creating package script '/home/mgazzola/ros2_spirob_ws/install/vision/share/vision/package.sh'
[29.491s] INFO:colcon.colcon_core.shell:Creating package script '/home/mgazzola/ros2_spirob_ws/install/vision/share/vision/package.bash'
[29.493s] INFO:colcon.colcon_core.shell:Creating package script '/home/mgazzola/ros2_spirob_ws/install/vision/share/vision/package.zsh'
[29.495s] Level 1:colcon.colcon_core.environment:create_file_with_runtime_dependencies(/home/mgazzola/ros2_spirob_ws/install/vision/share/colcon-core/packages/vision)
[29.498s] Level 1:colcon.colcon_core.shell:create_environment_hook('spirob_bringup', 'pythonpath_develop')
[29.499s] INFO:colcon.colcon_core.shell:Creating environment hook '/home/mgazzola/ros2_spirob_ws/build/spirob_bringup/share/spirob_bringup/hook/pythonpath_develop.ps1'
[29.502s] DEBUG:colcon.colcon_core.event_handler.log_command:Invoked command in '/home/mgazzola/ros2_spirob_ws/build/spirob_bringup' returned '0': DEBUGINFOD_URLS=https://debuginfod.ubuntu.com PS1=(.venv) \[\e]0;\u@\h: \w\a\]${debian_chroot:+($debian_chroot)}\[\033[01;32m\]\u@\h\[\033[00m\]:\[\033[01;34m\]\w\[\033[00m\]\$ PYTHONPATH=/home/mgazzola/ros2_spirob_ws/build/spirob_bringup/prefix_override:/usr/lib/python3/dist-packages/colcon_core/task/python/colcon_distutils_commands:/home/mgazzola/ros2_spirob_ws/install/spirob_bringup/lib/python3.12/site-packages:${PYTHONPATH} VIRTUAL_ENV_PROMPT=(.venv) /usr/bin/python3 -W ignore:setup.py install is deprecated -W ignore:easy_install command is deprecated setup.py develop --editable --build-directory /home/mgazzola/ros2_spirob_ws/build/spirob_bringup/build --no-deps symlink_data --force
[29.503s] INFO:colcon.colcon_core.shell:Creating environment descriptor '/home/mgazzola/ros2_spirob_ws/build/spirob_bringup/share/spirob_bringup/hook/pythonpath_develop.dsv'
[29.505s] INFO:colcon.colcon_core.shell:Creating environment hook '/home/mgazzola/ros2_spirob_ws/build/spirob_bringup/share/spirob_bringup/hook/pythonpath_develop.sh'
[29.507s] Level 1:colcon.colcon_core.environment:checking '/home/mgazzola/ros2_spirob_ws/install/spirob_bringup' for CMake module files
[29.510s] Level 1:colcon.colcon_core.environment:checking '/home/mgazzola/ros2_spirob_ws/install/spirob_bringup' for CMake config files
[29.513s] Level 1:colcon.colcon_core.environment:checking '/home/mgazzola/ros2_spirob_ws/install/spirob_bringup/lib'
[29.514s] Level 1:colcon.colcon_core.environment:checking '/home/mgazzola/ros2_spirob_ws/install/spirob_bringup/bin'
[29.515s] Level 1:colcon.colcon_core.environment:checking '/home/mgazzola/ros2_spirob_ws/install/spirob_bringup/lib/pkgconfig/spirob_bringup.pc'
[29.516s] Level 1:colcon.colcon_core.environment:checking '/home/mgazzola/ros2_spirob_ws/install/spirob_bringup/lib/python3.12/site-packages'
[29.516s] Level 1:colcon.colcon_core.shell:create_environment_hook('spirob_bringup', 'pythonpath')
[29.517s] INFO:colcon.colcon_core.shell:Creating environment hook '/home/mgazzola/ros2_spirob_ws/install/spirob_bringup/share/spirob_bringup/hook/pythonpath.ps1'
[29.519s] INFO:colcon.colcon_core.shell:Creating environment descriptor '/home/mgazzola/ros2_spirob_ws/install/spirob_bringup/share/spirob_bringup/hook/pythonpath.dsv'
[29.522s] INFO:colcon.colcon_core.shell:Creating environment hook '/home/mgazzola/ros2_spirob_ws/install/spirob_bringup/share/spirob_bringup/hook/pythonpath.sh'
[29.526s] Level 1:colcon.colcon_core.environment:checking '/home/mgazzola/ros2_spirob_ws/install/spirob_bringup/bin'
[29.527s] Level 1:colcon.colcon_core.environment:create_environment_scripts_only(spirob_bringup)
[29.528s] INFO:colcon.colcon_core.shell:Creating package script '/home/mgazzola/ros2_spirob_ws/install/spirob_bringup/share/spirob_bringup/package.ps1'
[29.531s] INFO:colcon.colcon_core.shell:Creating package descriptor '/home/mgazzola/ros2_spirob_ws/install/spirob_bringup/share/spirob_bringup/package.dsv'
[29.533s] INFO:colcon.colcon_core.shell:Creating package script '/home/mgazzola/ros2_spirob_ws/install/spirob_bringup/share/spirob_bringup/package.sh'
[29.536s] INFO:colcon.colcon_core.shell:Creating package script '/home/mgazzola/ros2_spirob_ws/install/spirob_bringup/share/spirob_bringup/package.bash'
[29.538s] INFO:colcon.colcon_core.shell:Creating package script '/home/mgazzola/ros2_spirob_ws/install/spirob_bringup/share/spirob_bringup/package.zsh'
[29.540s] Level 1:colcon.colcon_core.environment:create_file_with_runtime_dependencies(/home/mgazzola/ros2_spirob_ws/install/spirob_bringup/share/colcon-core/packages/spirob_bringup)
[29.780s] Level 1:colcon.colcon_core.shell:create_environment_hook('robot_gui', 'pythonpath_develop')
[29.781s] INFO:colcon.colcon_core.shell:Creating environment hook '/home/mgazzola/ros2_spirob_ws/build/robot_gui/share/robot_gui/hook/pythonpath_develop.ps1'
[29.782s] DEBUG:colcon.colcon_core.event_handler.log_command:Invoked command in '/home/mgazzola/ros2_spirob_ws/build/robot_gui' returned '0': DEBUGINFOD_URLS=https://debuginfod.ubuntu.com PS1=(.venv) \[\e]0;\u@\h: \w\a\]${debian_chroot:+($debian_chroot)}\[\033[01;32m\]\u@\h\[\033[00m\]:\[\033[01;34m\]\w\[\033[00m\]\$ PYTHONPATH=/home/mgazzola/ros2_spirob_ws/build/robot_gui/prefix_override:/usr/lib/python3/dist-packages/colcon_core/task/python/colcon_distutils_commands:/home/mgazzola/ros2_spirob_ws/install/robot_gui/lib/python3.12/site-packages:${PYTHONPATH} VIRTUAL_ENV_PROMPT=(.venv) /usr/bin/python3 -W ignore:setup.py install is deprecated -W ignore:easy_install command is deprecated setup.py develop --editable --build-directory /home/mgazzola/ros2_spirob_ws/build/robot_gui/build --no-deps symlink_data --force
[29.786s] INFO:colcon.colcon_core.shell:Creating environment descriptor '/home/mgazzola/ros2_spirob_ws/build/robot_gui/share/robot_gui/hook/pythonpath_develop.dsv'
[29.788s] INFO:colcon.colcon_core.shell:Creating environment hook '/home/mgazzola/ros2_spirob_ws/build/robot_gui/share/robot_gui/hook/pythonpath_develop.sh'
[29.792s] Level 1:colcon.colcon_core.environment:checking '/home/mgazzola/ros2_spirob_ws/install/robot_gui' for CMake module files
[29.796s] Level 1:colcon.colcon_core.environment:checking '/home/mgazzola/ros2_spirob_ws/install/robot_gui' for CMake config files
[29.801s] Level 1:colcon.colcon_core.environment:checking '/home/mgazzola/ros2_spirob_ws/install/robot_gui/lib'
[29.801s] Level 1:colcon.colcon_core.environment:checking '/home/mgazzola/ros2_spirob_ws/install/robot_gui/bin'
[29.802s] Level 1:colcon.colcon_core.environment:checking '/home/mgazzola/ros2_spirob_ws/install/robot_gui/lib/pkgconfig/robot_gui.pc'
[29.803s] Level 1:colcon.colcon_core.environment:checking '/home/mgazzola/ros2_spirob_ws/install/robot_gui/lib/python3.12/site-packages'
[29.803s] Level 1:colcon.colcon_core.shell:create_environment_hook('robot_gui', 'pythonpath')
[29.804s] INFO:colcon.colcon_core.shell:Creating environment hook '/home/mgazzola/ros2_spirob_ws/install/robot_gui/share/robot_gui/hook/pythonpath.ps1'
[29.806s] INFO:colcon.colcon_core.shell:Creating environment descriptor '/home/mgazzola/ros2_spirob_ws/install/robot_gui/share/robot_gui/hook/pythonpath.dsv'
[29.809s] INFO:colcon.colcon_core.shell:Creating environment hook '/home/mgazzola/ros2_spirob_ws/install/robot_gui/share/robot_gui/hook/pythonpath.sh'
[29.812s] Level 1:colcon.colcon_core.environment:checking '/home/mgazzola/ros2_spirob_ws/install/robot_gui/bin'
[29.813s] Level 1:colcon.colcon_core.environment:create_environment_scripts_only(robot_gui)
[29.814s] INFO:colcon.colcon_core.shell:Creating package script '/home/mgazzola/ros2_spirob_ws/install/robot_gui/share/robot_gui/package.ps1'
[29.816s] INFO:colcon.colcon_core.shell:Creating package descriptor '/home/mgazzola/ros2_spirob_ws/install/robot_gui/share/robot_gui/package.dsv'
[29.819s] INFO:colcon.colcon_core.shell:Creating package script '/home/mgazzola/ros2_spirob_ws/install/robot_gui/share/robot_gui/package.sh'
[29.821s] INFO:colcon.colcon_core.shell:Creating package script '/home/mgazzola/ros2_spirob_ws/install/robot_gui/share/robot_gui/package.bash'
[29.823s] INFO:colcon.colcon_core.shell:Creating package script '/home/mgazzola/ros2_spirob_ws/install/robot_gui/share/robot_gui/package.zsh'
[29.825s] Level 1:colcon.colcon_core.environment:create_file_with_runtime_dependencies(/home/mgazzola/ros2_spirob_ws/install/robot_gui/share/colcon-core/packages/robot_gui)
[29.826s] DEBUG:colcon.colcon_parallel_executor.executor.parallel:closing loop
[29.828s] DEBUG:colcon.colcon_parallel_executor.executor.parallel:loop closed
[29.828s] DEBUG:colcon.colcon_parallel_executor.executor.parallel:run_until_complete finished with '0'
[29.829s] DEBUG:colcon.colcon_core.event_reactor:joining thread
[29.854s] INFO:colcon.colcon_core.plugin_system:Skipping extension 'colcon_notification.desktop_notification.terminal_notifier': Not used on non-Darwin systems
[29.854s] INFO:colcon.colcon_core.plugin_system:Skipping extension 'colcon_notification.desktop_notification.win32': Not used on non-Windows systems
[29.854s] INFO:colcon.colcon_notification.desktop_notification:Sending desktop notification using 'notify2'
[29.859s] DEBUG:colcon.colcon_notification.desktop_notification.notify2:Failed to initialize notify2: org.freedesktop.DBus.Error.ServiceUnknown: The name org.freedesktop.Notifications was not provided by any .service files
[29.860s] DEBUG:colcon.colcon_core.event_reactor:joined thread
[29.861s] INFO:colcon.colcon_core.shell:Creating prefix script '/home/mgazzola/ros2_spirob_ws/install/local_setup.ps1'
[29.864s] INFO:colcon.colcon_core.shell:Creating prefix util module '/home/mgazzola/ros2_spirob_ws/install/_local_setup_util_ps1.py'
[29.869s] INFO:colcon.colcon_core.shell:Creating prefix chain script '/home/mgazzola/ros2_spirob_ws/install/setup.ps1'
[29.875s] INFO:colcon.colcon_core.shell:Creating prefix script '/home/mgazzola/ros2_spirob_ws/install/local_setup.sh'
[29.878s] INFO:colcon.colcon_core.shell:Creating prefix util module '/home/mgazzola/ros2_spirob_ws/install/_local_setup_util_sh.py'
[29.880s] INFO:colcon.colcon_core.shell:Creating prefix chain script '/home/mgazzola/ros2_spirob_ws/install/setup.sh'
[29.888s] INFO:colcon.colcon_core.shell:Creating prefix script '/home/mgazzola/ros2_spirob_ws/install/local_setup.bash'
[29.890s] INFO:colcon.colcon_core.shell:Creating prefix chain script '/home/mgazzola/ros2_spirob_ws/install/setup.bash'
[29.895s] INFO:colcon.colcon_core.shell:Creating prefix script '/home/mgazzola/ros2_spirob_ws/install/local_setup.zsh'
[29.898s] INFO:colcon.colcon_core.shell:Creating prefix chain script '/home/mgazzola/ros2_spirob_ws/install/setup.zsh'
