[6.866s] Invoking command in '/home/mgazzola/ros2_spirob_ws/src/robot_GUI': DEBUGINFOD_URLS=https://debuginfod.ubuntu.com PS1=(.venv) \[\e]0;\u@\h: \w\a\]${debian_chroot:+($debian_chroot)}\[\033[01;32m\]\u@\h\[\033[00m\]:\[\033[01;34m\]\w\[\033[00m\]\$ PYTHONPATH=/home/mgazzola/ros2_spirob_ws/build/robot_GUI/prefix_override:/usr/lib/python3/dist-packages/colcon_core/task/python/colcon_distutils_commands:/home/mgazzola/ros2_spirob_ws/install/robot_GUI/lib/python3.12/site-packages:${PYTHONPATH} VIRTUAL_ENV_PROMPT=(.venv) /usr/bin/python3 -W ignore:setup.py install is deprecated -W ignore:easy_install command is deprecated setup.py egg_info --egg-base ../../build/robot_GUI build --build-base /home/mgazzola/ros2_spirob_ws/build/robot_GUI/build install --record /home/mgazzola/ros2_spirob_ws/build/robot_GUI/install.log --single-version-externally-managed install_data
[8.557s] running egg_info
[8.671s] writing ../../build/robot_GUI/robot_GUI.egg-info/PKG-INFO
[8.674s] writing dependency_links to ../../build/robot_GUI/robot_GUI.egg-info/dependency_links.txt
[8.678s] writing entry points to ../../build/robot_GUI/robot_GUI.egg-info/entry_points.txt
[8.682s] writing requirements to ../../build/robot_GUI/robot_GUI.egg-info/requires.txt
[8.684s] writing top-level names to ../../build/robot_GUI/robot_GUI.egg-info/top_level.txt
[8.944s] reading manifest file '../../build/robot_GUI/robot_GUI.egg-info/SOURCES.txt'
[8.950s] writing manifest file '../../build/robot_GUI/robot_GUI.egg-info/SOURCES.txt'
[8.951s] running build
[8.952s] running build_py
[8.953s] running install
[8.985s] running install_lib
[9.105s] running install_data
[9.106s] running install_egg_info
[9.251s] removing '/home/mgazzola/ros2_spirob_ws/install/robot_GUI/lib/python3.12/site-packages/robot_GUI-0.0.0-py3.12.egg-info' (and everything under it)
[9.252s] Copying ../../build/robot_GUI/robot_GUI.egg-info to /home/mgazzola/ros2_spirob_ws/install/robot_GUI/lib/python3.12/site-packages/robot_GUI-0.0.0-py3.12.egg-info
[9.261s] running install_scripts
[10.402s] Installing robot_GUI_node script to /home/mgazzola/ros2_spirob_ws/install/robot_GUI/lib/robot_GUI
[10.404s] writing list of installed files to '/home/mgazzola/ros2_spirob_ws/build/robot_GUI/install.log'
[10.720s] Invoked command in '/home/mgazzola/ros2_spirob_ws/src/robot_GUI' returned '0': DEBUGINFOD_URLS=https://debuginfod.ubuntu.com PS1=(.venv) \[\e]0;\u@\h: \w\a\]${debian_chroot:+($debian_chroot)}\[\033[01;32m\]\u@\h\[\033[00m\]:\[\033[01;34m\]\w\[\033[00m\]\$ PYTHONPATH=/home/mgazzola/ros2_spirob_ws/build/robot_GUI/prefix_override:/usr/lib/python3/dist-packages/colcon_core/task/python/colcon_distutils_commands:/home/mgazzola/ros2_spirob_ws/install/robot_GUI/lib/python3.12/site-packages:${PYTHONPATH} VIRTUAL_ENV_PROMPT=(.venv) /usr/bin/python3 -W ignore:setup.py install is deprecated -W ignore:easy_install command is deprecated setup.py egg_info --egg-base ../../build/robot_GUI build --build-base /home/mgazzola/ros2_spirob_ws/build/robot_GUI/build install --record /home/mgazzola/ros2_spirob_ws/build/robot_GUI/install.log --single-version-externally-managed install_data
