[0.656s] DEBUG:colcon:Command line arguments: ['/usr/bin/colcon', 'build', '--packages-select', 'spirob_bringup']
[0.656s] DEBUG:colcon:Parsed command line arguments: Namespace(log_base=None, log_level=None, verb_name='build', build_base='build', install_base='install', merge_install=False, symlink_install=False, test_result_base=None, continue_on_error=False, executor='parallel', parallel_workers=4, event_handlers=None, ignore_user_meta=False, metas=['./colcon.meta'], base_paths=['.'], packages_ignore=None, packages_ignore_regex=None, paths=None, packages_up_to=None, packages_up_to_regex=None, packages_above=None, packages_above_and_dependencies=None, packages_above_depth=None, packages_select_by_dep=None, packages_skip_by_dep=None, packages_skip_up_to=None, packages_select_build_failed=False, packages_skip_build_finished=False, packages_select_test_failures=False, packages_skip_test_passed=False, packages_select=['spirob_bringup'], packages_skip=None, packages_select_regex=None, packages_skip_regex=None, packages_start=None, packages_end=None, allow_overriding=[], cmake_args=None, cmake_target=None, cmake_target_skip_unavailable=False, cmake_clean_cache=False, cmake_clean_first=False, cmake_force_configure=False, ament_cmake_args=None, catkin_cmake_args=None, catkin_skip_building_tests=False, mixin_files=None, mixin=None, verb_parser=<colcon_mixin.mixin.mixin_argument.MixinArgumentDecorator object at 0xffffa6f37e60>, verb_extension=<colcon_core.verb.build.BuildVerb object at 0xffffa7127a70>, main=<bound method BuildVerb.main of <colcon_core.verb.build.BuildVerb object at 0xffffa7127a70>>, mixin_verb=('build',))
[0.942s] Level 1:colcon.colcon_core.package_discovery:discover_packages(colcon_meta) check parameters
[0.943s] Level 1:colcon.colcon_core.package_discovery:discover_packages(recursive) check parameters
[0.943s] Level 1:colcon.colcon_core.package_discovery:discover_packages(ignore) check parameters
[0.943s] Level 1:colcon.colcon_core.package_discovery:discover_packages(path) check parameters
[0.944s] Level 1:colcon.colcon_core.package_discovery:discover_packages(colcon_meta) discover
[0.944s] Level 1:colcon.colcon_core.package_discovery:discover_packages(recursive) discover
[0.944s] INFO:colcon.colcon_core.package_discovery:Crawling recursively for packages in '/home/mgazzola/ros2_spirob_ws'
[0.945s] Level 1:colcon.colcon_core.package_identification:_identify(.) by extensions ['ignore', 'ignore_ament_install']
[0.945s] Level 1:colcon.colcon_core.package_identification:_identify(.) by extension 'ignore'
[0.946s] Level 1:colcon.colcon_core.package_identification:_identify(.) by extension 'ignore_ament_install'
[0.946s] Level 1:colcon.colcon_core.package_identification:_identify(.) by extensions ['colcon_pkg']
[0.946s] Level 1:colcon.colcon_core.package_identification:_identify(.) by extension 'colcon_pkg'
[0.947s] Level 1:colcon.colcon_core.package_identification:_identify(.) by extensions ['colcon_meta']
[0.947s] Level 1:colcon.colcon_core.package_identification:_identify(.) by extension 'colcon_meta'
[0.947s] Level 1:colcon.colcon_core.package_identification:_identify(.) by extensions ['ros']
[0.947s] Level 1:colcon.colcon_core.package_identification:_identify(.) by extension 'ros'
[1.113s] Level 1:colcon.colcon_core.package_identification:_identify(.) by extensions ['cmake', 'python']
[1.113s] Level 1:colcon.colcon_core.package_identification:_identify(.) by extension 'cmake'
[1.113s] Level 1:colcon.colcon_core.package_identification:_identify(.) by extension 'python'
[1.113s] Level 1:colcon.colcon_core.package_identification:_identify(.) by extensions ['python_setup_py']
[1.114s] Level 1:colcon.colcon_core.package_identification:_identify(.) by extension 'python_setup_py'
[1.114s] Level 1:colcon.colcon_core.package_identification:_identify(build) by extensions ['ignore', 'ignore_ament_install']
[1.115s] Level 1:colcon.colcon_core.package_identification:_identify(build) by extension 'ignore'
[1.115s] Level 1:colcon.colcon_core.package_identification:_identify(build) ignored
[1.115s] Level 1:colcon.colcon_core.package_identification:_identify(exp_ws) by extensions ['ignore', 'ignore_ament_install']
[1.116s] Level 1:colcon.colcon_core.package_identification:_identify(exp_ws) by extension 'ignore'
[1.116s] Level 1:colcon.colcon_core.package_identification:_identify(exp_ws) by extension 'ignore_ament_install'
[1.117s] Level 1:colcon.colcon_core.package_identification:_identify(exp_ws) by extensions ['colcon_pkg']
[1.117s] Level 1:colcon.colcon_core.package_identification:_identify(exp_ws) by extension 'colcon_pkg'
[1.117s] Level 1:colcon.colcon_core.package_identification:_identify(exp_ws) by extensions ['colcon_meta']
[1.117s] Level 1:colcon.colcon_core.package_identification:_identify(exp_ws) by extension 'colcon_meta'
[1.117s] Level 1:colcon.colcon_core.package_identification:_identify(exp_ws) by extensions ['ros']
[1.117s] Level 1:colcon.colcon_core.package_identification:_identify(exp_ws) by extension 'ros'
[1.118s] Level 1:colcon.colcon_core.package_identification:_identify(exp_ws) by extensions ['cmake', 'python']
[1.118s] Level 1:colcon.colcon_core.package_identification:_identify(exp_ws) by extension 'cmake'
[1.118s] Level 1:colcon.colcon_core.package_identification:_identify(exp_ws) by extension 'python'
[1.118s] Level 1:colcon.colcon_core.package_identification:_identify(exp_ws) by extensions ['python_setup_py']
[1.119s] Level 1:colcon.colcon_core.package_identification:_identify(exp_ws) by extension 'python_setup_py'
[1.119s] Level 1:colcon.colcon_core.package_identification:_identify(exp_ws/bags) by extensions ['ignore', 'ignore_ament_install']
[1.119s] Level 1:colcon.colcon_core.package_identification:_identify(exp_ws/bags) by extension 'ignore'
[1.120s] Level 1:colcon.colcon_core.package_identification:_identify(exp_ws/bags) by extension 'ignore_ament_install'
[1.120s] Level 1:colcon.colcon_core.package_identification:_identify(exp_ws/bags) by extensions ['colcon_pkg']
[1.120s] Level 1:colcon.colcon_core.package_identification:_identify(exp_ws/bags) by extension 'colcon_pkg'
[1.120s] Level 1:colcon.colcon_core.package_identification:_identify(exp_ws/bags) by extensions ['colcon_meta']
[1.120s] Level 1:colcon.colcon_core.package_identification:_identify(exp_ws/bags) by extension 'colcon_meta'
[1.121s] Level 1:colcon.colcon_core.package_identification:_identify(exp_ws/bags) by extensions ['ros']
[1.121s] Level 1:colcon.colcon_core.package_identification:_identify(exp_ws/bags) by extension 'ros'
[1.121s] Level 1:colcon.colcon_core.package_identification:_identify(exp_ws/bags) by extensions ['cmake', 'python']
[1.121s] Level 1:colcon.colcon_core.package_identification:_identify(exp_ws/bags) by extension 'cmake'
[1.121s] Level 1:colcon.colcon_core.package_identification:_identify(exp_ws/bags) by extension 'python'
[1.122s] Level 1:colcon.colcon_core.package_identification:_identify(exp_ws/bags) by extensions ['python_setup_py']
[1.122s] Level 1:colcon.colcon_core.package_identification:_identify(exp_ws/bags) by extension 'python_setup_py'
[1.122s] Level 1:colcon.colcon_core.package_identification:_identify(exp_ws/bags/ROS_BAG_working_2026-01-04_18-38-20) by extensions ['ignore', 'ignore_ament_install']
[1.123s] Level 1:colcon.colcon_core.package_identification:_identify(exp_ws/bags/ROS_BAG_working_2026-01-04_18-38-20) by extension 'ignore'
[1.123s] Level 1:colcon.colcon_core.package_identification:_identify(exp_ws/bags/ROS_BAG_working_2026-01-04_18-38-20) by extension 'ignore_ament_install'
[1.123s] Level 1:colcon.colcon_core.package_identification:_identify(exp_ws/bags/ROS_BAG_working_2026-01-04_18-38-20) by extensions ['colcon_pkg']
[1.123s] Level 1:colcon.colcon_core.package_identification:_identify(exp_ws/bags/ROS_BAG_working_2026-01-04_18-38-20) by extension 'colcon_pkg'
[1.124s] Level 1:colcon.colcon_core.package_identification:_identify(exp_ws/bags/ROS_BAG_working_2026-01-04_18-38-20) by extensions ['colcon_meta']
[1.124s] Level 1:colcon.colcon_core.package_identification:_identify(exp_ws/bags/ROS_BAG_working_2026-01-04_18-38-20) by extension 'colcon_meta'
[1.124s] Level 1:colcon.colcon_core.package_identification:_identify(exp_ws/bags/ROS_BAG_working_2026-01-04_18-38-20) by extensions ['ros']
[1.124s] Level 1:colcon.colcon_core.package_identification:_identify(exp_ws/bags/ROS_BAG_working_2026-01-04_18-38-20) by extension 'ros'
[1.125s] Level 1:colcon.colcon_core.package_identification:_identify(exp_ws/bags/ROS_BAG_working_2026-01-04_18-38-20) by extensions ['cmake', 'python']
[1.125s] Level 1:colcon.colcon_core.package_identification:_identify(exp_ws/bags/ROS_BAG_working_2026-01-04_18-38-20) by extension 'cmake'
[1.125s] Level 1:colcon.colcon_core.package_identification:_identify(exp_ws/bags/ROS_BAG_working_2026-01-04_18-38-20) by extension 'python'
[1.125s] Level 1:colcon.colcon_core.package_identification:_identify(exp_ws/bags/ROS_BAG_working_2026-01-04_18-38-20) by extensions ['python_setup_py']
[1.125s] Level 1:colcon.colcon_core.package_identification:_identify(exp_ws/bags/ROS_BAG_working_2026-01-04_18-38-20) by extension 'python_setup_py'
[1.126s] Level 1:colcon.colcon_core.package_identification:_identify(exp_ws/csv) by extensions ['ignore', 'ignore_ament_install']
[1.126s] Level 1:colcon.colcon_core.package_identification:_identify(exp_ws/csv) by extension 'ignore'
[1.126s] Level 1:colcon.colcon_core.package_identification:_identify(exp_ws/csv) by extension 'ignore_ament_install'
[1.127s] Level 1:colcon.colcon_core.package_identification:_identify(exp_ws/csv) by extensions ['colcon_pkg']
[1.127s] Level 1:colcon.colcon_core.package_identification:_identify(exp_ws/csv) by extension 'colcon_pkg'
[1.127s] Level 1:colcon.colcon_core.package_identification:_identify(exp_ws/csv) by extensions ['colcon_meta']
[1.127s] Level 1:colcon.colcon_core.package_identification:_identify(exp_ws/csv) by extension 'colcon_meta'
[1.127s] Level 1:colcon.colcon_core.package_identification:_identify(exp_ws/csv) by extensions ['ros']
[1.127s] Level 1:colcon.colcon_core.package_identification:_identify(exp_ws/csv) by extension 'ros'
[1.128s] Level 1:colcon.colcon_core.package_identification:_identify(exp_ws/csv) by extensions ['cmake', 'python']
[1.128s] Level 1:colcon.colcon_core.package_identification:_identify(exp_ws/csv) by extension 'cmake'
[1.128s] Level 1:colcon.colcon_core.package_identification:_identify(exp_ws/csv) by extension 'python'
[1.128s] Level 1:colcon.colcon_core.package_identification:_identify(exp_ws/csv) by extensions ['python_setup_py']
[1.129s] Level 1:colcon.colcon_core.package_identification:_identify(exp_ws/csv) by extension 'python_setup_py'
[1.129s] Level 1:colcon.colcon_core.package_identification:_identify(exp_ws/src) by extensions ['ignore', 'ignore_ament_install']
[1.129s] Level 1:colcon.colcon_core.package_identification:_identify(exp_ws/src) by extension 'ignore'
[1.130s] Level 1:colcon.colcon_core.package_identification:_identify(exp_ws/src) by extension 'ignore_ament_install'
[1.130s] Level 1:colcon.colcon_core.package_identification:_identify(exp_ws/src) by extensions ['colcon_pkg']
[1.130s] Level 1:colcon.colcon_core.package_identification:_identify(exp_ws/src) by extension 'colcon_pkg'
[1.130s] Level 1:colcon.colcon_core.package_identification:_identify(exp_ws/src) by extensions ['colcon_meta']
[1.130s] Level 1:colcon.colcon_core.package_identification:_identify(exp_ws/src) by extension 'colcon_meta'
[1.131s] Level 1:colcon.colcon_core.package_identification:_identify(exp_ws/src) by extensions ['ros']
[1.131s] Level 1:colcon.colcon_core.package_identification:_identify(exp_ws/src) by extension 'ros'
[1.131s] Level 1:colcon.colcon_core.package_identification:_identify(exp_ws/src) by extensions ['cmake', 'python']
[1.131s] Level 1:colcon.colcon_core.package_identification:_identify(exp_ws/src) by extension 'cmake'
[1.132s] Level 1:colcon.colcon_core.package_identification:_identify(exp_ws/src) by extension 'python'
[1.132s] Level 1:colcon.colcon_core.package_identification:_identify(exp_ws/src) by extensions ['python_setup_py']
[1.132s] Level 1:colcon.colcon_core.package_identification:_identify(exp_ws/src) by extension 'python_setup_py'
[1.132s] Level 1:colcon.colcon_core.package_identification:_identify(exp_ws/src/__pycache__) by extensions ['ignore', 'ignore_ament_install']
[1.133s] Level 1:colcon.colcon_core.package_identification:_identify(exp_ws/src/__pycache__) by extension 'ignore'
[1.133s] Level 1:colcon.colcon_core.package_identification:_identify(exp_ws/src/__pycache__) by extension 'ignore_ament_install'
[1.133s] Level 1:colcon.colcon_core.package_identification:_identify(exp_ws/src/__pycache__) by extensions ['colcon_pkg']
[1.133s] Level 1:colcon.colcon_core.package_identification:_identify(exp_ws/src/__pycache__) by extension 'colcon_pkg'
[1.134s] Level 1:colcon.colcon_core.package_identification:_identify(exp_ws/src/__pycache__) by extensions ['colcon_meta']
[1.134s] Level 1:colcon.colcon_core.package_identification:_identify(exp_ws/src/__pycache__) by extension 'colcon_meta'
[1.134s] Level 1:colcon.colcon_core.package_identification:_identify(exp_ws/src/__pycache__) by extensions ['ros']
[1.134s] Level 1:colcon.colcon_core.package_identification:_identify(exp_ws/src/__pycache__) by extension 'ros'
[1.135s] Level 1:colcon.colcon_core.package_identification:_identify(exp_ws/src/__pycache__) by extensions ['cmake', 'python']
[1.135s] Level 1:colcon.colcon_core.package_identification:_identify(exp_ws/src/__pycache__) by extension 'cmake'
[1.135s] Level 1:colcon.colcon_core.package_identification:_identify(exp_ws/src/__pycache__) by extension 'python'
[1.135s] Level 1:colcon.colcon_core.package_identification:_identify(exp_ws/src/__pycache__) by extensions ['python_setup_py']
[1.135s] Level 1:colcon.colcon_core.package_identification:_identify(exp_ws/src/__pycache__) by extension 'python_setup_py'
[1.136s] Level 1:colcon.colcon_core.package_identification:_identify(install) by extensions ['ignore', 'ignore_ament_install']
[1.136s] Level 1:colcon.colcon_core.package_identification:_identify(install) by extension 'ignore'
[1.136s] Level 1:colcon.colcon_core.package_identification:_identify(install) ignored
[1.138s] Level 1:colcon.colcon_core.package_identification:_identify(log) by extensions ['ignore', 'ignore_ament_install']
[1.138s] Level 1:colcon.colcon_core.package_identification:_identify(log) by extension 'ignore'
[1.138s] Level 1:colcon.colcon_core.package_identification:_identify(log) ignored
[1.139s] Level 1:colcon.colcon_core.package_identification:_identify(recorded_frames) by extensions ['ignore', 'ignore_ament_install']
[1.139s] Level 1:colcon.colcon_core.package_identification:_identify(recorded_frames) by extension 'ignore'
[1.139s] Level 1:colcon.colcon_core.package_identification:_identify(recorded_frames) by extension 'ignore_ament_install'
[1.140s] Level 1:colcon.colcon_core.package_identification:_identify(recorded_frames) by extensions ['colcon_pkg']
[1.140s] Level 1:colcon.colcon_core.package_identification:_identify(recorded_frames) by extension 'colcon_pkg'
[1.140s] Level 1:colcon.colcon_core.package_identification:_identify(recorded_frames) by extensions ['colcon_meta']
[1.140s] Level 1:colcon.colcon_core.package_identification:_identify(recorded_frames) by extension 'colcon_meta'
[1.140s] Level 1:colcon.colcon_core.package_identification:_identify(recorded_frames) by extensions ['ros']
[1.140s] Level 1:colcon.colcon_core.package_identification:_identify(recorded_frames) by extension 'ros'
[1.141s] Level 1:colcon.colcon_core.package_identification:_identify(recorded_frames) by extensions ['cmake', 'python']
[1.141s] Level 1:colcon.colcon_core.package_identification:_identify(recorded_frames) by extension 'cmake'
[1.141s] Level 1:colcon.colcon_core.package_identification:_identify(recorded_frames) by extension 'python'
[1.141s] Level 1:colcon.colcon_core.package_identification:_identify(recorded_frames) by extensions ['python_setup_py']
[1.142s] Level 1:colcon.colcon_core.package_identification:_identify(recorded_frames) by extension 'python_setup_py'
[1.142s] Level 1:colcon.colcon_core.package_identification:_identify(src) by extensions ['ignore', 'ignore_ament_install']
[1.142s] Level 1:colcon.colcon_core.package_identification:_identify(src) by extension 'ignore'
[1.143s] Level 1:colcon.colcon_core.package_identification:_identify(src) by extension 'ignore_ament_install'
[1.143s] Level 1:colcon.colcon_core.package_identification:_identify(src) by extensions ['colcon_pkg']
[1.143s] Level 1:colcon.colcon_core.package_identification:_identify(src) by extension 'colcon_pkg'
[1.143s] Level 1:colcon.colcon_core.package_identification:_identify(src) by extensions ['colcon_meta']
[1.144s] Level 1:colcon.colcon_core.package_identification:_identify(src) by extension 'colcon_meta'
[1.144s] Level 1:colcon.colcon_core.package_identification:_identify(src) by extensions ['ros']
[1.144s] Level 1:colcon.colcon_core.package_identification:_identify(src) by extension 'ros'
[1.144s] Level 1:colcon.colcon_core.package_identification:_identify(src) by extensions ['cmake', 'python']
[1.144s] Level 1:colcon.colcon_core.package_identification:_identify(src) by extension 'cmake'
[1.145s] Level 1:colcon.colcon_core.package_identification:_identify(src) by extension 'python'
[1.145s] Level 1:colcon.colcon_core.package_identification:_identify(src) by extensions ['python_setup_py']
[1.145s] Level 1:colcon.colcon_core.package_identification:_identify(src) by extension 'python_setup_py'
[1.145s] Level 1:colcon.colcon_core.package_identification:_identify(src/controller) by extensions ['ignore', 'ignore_ament_install']
[1.146s] Level 1:colcon.colcon_core.package_identification:_identify(src/controller) by extension 'ignore'
[1.146s] Level 1:colcon.colcon_core.package_identification:_identify(src/controller) by extension 'ignore_ament_install'
[1.146s] Level 1:colcon.colcon_core.package_identification:_identify(src/controller) by extensions ['colcon_pkg']
[1.146s] Level 1:colcon.colcon_core.package_identification:_identify(src/controller) by extension 'colcon_pkg'
[1.147s] Level 1:colcon.colcon_core.package_identification:_identify(src/controller) by extensions ['colcon_meta']
[1.147s] Level 1:colcon.colcon_core.package_identification:_identify(src/controller) by extension 'colcon_meta'
[1.147s] Level 1:colcon.colcon_core.package_identification:_identify(src/controller) by extensions ['ros']
[1.147s] Level 1:colcon.colcon_core.package_identification:_identify(src/controller) by extension 'ros'
[1.169s] DEBUG:colcon.colcon_core.package_identification:Package 'src/controller' with type 'ros.ament_python' and name 'controller'
[1.170s] Level 1:colcon.colcon_core.package_identification:_identify(src/joysticker) by extensions ['ignore', 'ignore_ament_install']
[1.170s] Level 1:colcon.colcon_core.package_identification:_identify(src/joysticker) by extension 'ignore'
[1.171s] Level 1:colcon.colcon_core.package_identification:_identify(src/joysticker) by extension 'ignore_ament_install'
[1.171s] Level 1:colcon.colcon_core.package_identification:_identify(src/joysticker) by extensions ['colcon_pkg']
[1.171s] Level 1:colcon.colcon_core.package_identification:_identify(src/joysticker) by extension 'colcon_pkg'
[1.172s] Level 1:colcon.colcon_core.package_identification:_identify(src/joysticker) by extensions ['colcon_meta']
[1.172s] Level 1:colcon.colcon_core.package_identification:_identify(src/joysticker) by extension 'colcon_meta'
[1.172s] Level 1:colcon.colcon_core.package_identification:_identify(src/joysticker) by extensions ['ros']
[1.172s] Level 1:colcon.colcon_core.package_identification:_identify(src/joysticker) by extension 'ros'
[1.177s] DEBUG:colcon.colcon_core.package_identification:Package 'src/joysticker' with type 'ros.ament_python' and name 'joysticker'
[1.178s] Level 1:colcon.colcon_core.package_identification:_identify(src/load_cell) by extensions ['ignore', 'ignore_ament_install']
[1.178s] Level 1:colcon.colcon_core.package_identification:_identify(src/load_cell) by extension 'ignore'
[1.179s] Level 1:colcon.colcon_core.package_identification:_identify(src/load_cell) by extension 'ignore_ament_install'
[1.179s] Level 1:colcon.colcon_core.package_identification:_identify(src/load_cell) by extensions ['colcon_pkg']
[1.179s] Level 1:colcon.colcon_core.package_identification:_identify(src/load_cell) by extension 'colcon_pkg'
[1.180s] Level 1:colcon.colcon_core.package_identification:_identify(src/load_cell) by extensions ['colcon_meta']
[1.180s] Level 1:colcon.colcon_core.package_identification:_identify(src/load_cell) by extension 'colcon_meta'
[1.180s] Level 1:colcon.colcon_core.package_identification:_identify(src/load_cell) by extensions ['ros']
[1.180s] Level 1:colcon.colcon_core.package_identification:_identify(src/load_cell) by extension 'ros'
[1.183s] DEBUG:colcon.colcon_core.package_identification:Package 'src/load_cell' with type 'ros.ament_python' and name 'load_cell'
[1.184s] Level 1:colcon.colcon_core.package_identification:_identify(src/motor_driver) by extensions ['ignore', 'ignore_ament_install']
[1.184s] Level 1:colcon.colcon_core.package_identification:_identify(src/motor_driver) by extension 'ignore'
[1.184s] Level 1:colcon.colcon_core.package_identification:_identify(src/motor_driver) by extension 'ignore_ament_install'
[1.185s] Level 1:colcon.colcon_core.package_identification:_identify(src/motor_driver) by extensions ['colcon_pkg']
[1.185s] Level 1:colcon.colcon_core.package_identification:_identify(src/motor_driver) by extension 'colcon_pkg'
[1.185s] Level 1:colcon.colcon_core.package_identification:_identify(src/motor_driver) by extensions ['colcon_meta']
[1.185s] Level 1:colcon.colcon_core.package_identification:_identify(src/motor_driver) by extension 'colcon_meta'
[1.186s] Level 1:colcon.colcon_core.package_identification:_identify(src/motor_driver) by extensions ['ros']
[1.186s] Level 1:colcon.colcon_core.package_identification:_identify(src/motor_driver) by extension 'ros'
[1.189s] DEBUG:colcon.colcon_core.package_identification:Package 'src/motor_driver' with type 'ros.ament_python' and name 'motor_driver'
[1.189s] Level 1:colcon.colcon_core.package_identification:_identify(src/robot_gui) by extensions ['ignore', 'ignore_ament_install']
[1.190s] Level 1:colcon.colcon_core.package_identification:_identify(src/robot_gui) by extension 'ignore'
[1.190s] Level 1:colcon.colcon_core.package_identification:_identify(src/robot_gui) by extension 'ignore_ament_install'
[1.191s] Level 1:colcon.colcon_core.package_identification:_identify(src/robot_gui) by extensions ['colcon_pkg']
[1.191s] Level 1:colcon.colcon_core.package_identification:_identify(src/robot_gui) by extension 'colcon_pkg'
[1.191s] Level 1:colcon.colcon_core.package_identification:_identify(src/robot_gui) by extensions ['colcon_meta']
[1.191s] Level 1:colcon.colcon_core.package_identification:_identify(src/robot_gui) by extension 'colcon_meta'
[1.191s] Level 1:colcon.colcon_core.package_identification:_identify(src/robot_gui) by extensions ['ros']
[1.191s] Level 1:colcon.colcon_core.package_identification:_identify(src/robot_gui) by extension 'ros'
[1.195s] DEBUG:colcon.colcon_core.package_identification:Package 'src/robot_gui' with type 'ros.ament_python' and name 'robot_gui'
[1.195s] Level 1:colcon.colcon_core.package_identification:_identify(src/spirob_bringup) by extensions ['ignore', 'ignore_ament_install']
[1.196s] Level 1:colcon.colcon_core.package_identification:_identify(src/spirob_bringup) by extension 'ignore'
[1.196s] Level 1:colcon.colcon_core.package_identification:_identify(src/spirob_bringup) by extension 'ignore_ament_install'
[1.196s] Level 1:colcon.colcon_core.package_identification:_identify(src/spirob_bringup) by extensions ['colcon_pkg']
[1.197s] Level 1:colcon.colcon_core.package_identification:_identify(src/spirob_bringup) by extension 'colcon_pkg'
[1.197s] Level 1:colcon.colcon_core.package_identification:_identify(src/spirob_bringup) by extensions ['colcon_meta']
[1.197s] Level 1:colcon.colcon_core.package_identification:_identify(src/spirob_bringup) by extension 'colcon_meta'
[1.197s] Level 1:colcon.colcon_core.package_identification:_identify(src/spirob_bringup) by extensions ['ros']
[1.197s] Level 1:colcon.colcon_core.package_identification:_identify(src/spirob_bringup) by extension 'ros'
[1.200s] DEBUG:colcon.colcon_core.package_identification:Package 'src/spirob_bringup' with type 'ros.ament_python' and name 'spirob_bringup'
[1.200s] Level 1:colcon.colcon_core.package_identification:_identify(src/vision) by extensions ['ignore', 'ignore_ament_install']
[1.201s] Level 1:colcon.colcon_core.package_identification:_identify(src/vision) by extension 'ignore'
[1.201s] Level 1:colcon.colcon_core.package_identification:_identify(src/vision) by extension 'ignore_ament_install'
[1.202s] Level 1:colcon.colcon_core.package_identification:_identify(src/vision) by extensions ['colcon_pkg']
[1.202s] Level 1:colcon.colcon_core.package_identification:_identify(src/vision) by extension 'colcon_pkg'
[1.202s] Level 1:colcon.colcon_core.package_identification:_identify(src/vision) by extensions ['colcon_meta']
[1.202s] Level 1:colcon.colcon_core.package_identification:_identify(src/vision) by extension 'colcon_meta'
[1.202s] Level 1:colcon.colcon_core.package_identification:_identify(src/vision) by extensions ['ros']
[1.202s] Level 1:colcon.colcon_core.package_identification:_identify(src/vision) by extension 'ros'
[1.205s] DEBUG:colcon.colcon_core.package_identification:Package 'src/vision' with type 'ros.ament_python' and name 'vision'
[1.205s] Level 1:colcon.colcon_core.package_discovery:discover_packages(recursive) using defaults
[1.206s] Level 1:colcon.colcon_core.package_discovery:discover_packages(ignore) discover
[1.206s] Level 1:colcon.colcon_core.package_discovery:discover_packages(ignore) using defaults
[1.206s] Level 1:colcon.colcon_core.package_discovery:discover_packages(path) discover
[1.206s] Level 1:colcon.colcon_core.package_discovery:discover_packages(path) using defaults
[1.315s] INFO:colcon.colcon_core.package_selection:Skipping not selected package 'controller' in 'src/controller'
[1.316s] INFO:colcon.colcon_core.package_selection:Skipping not selected package 'joysticker' in 'src/joysticker'
[1.316s] INFO:colcon.colcon_core.package_selection:Skipping not selected package 'load_cell' in 'src/load_cell'
[1.316s] INFO:colcon.colcon_core.package_selection:Skipping not selected package 'motor_driver' in 'src/motor_driver'
[1.316s] INFO:colcon.colcon_core.package_selection:Skipping not selected package 'robot_gui' in 'src/robot_gui'
[1.316s] INFO:colcon.colcon_core.package_selection:Skipping not selected package 'vision' in 'src/vision'
[1.321s] Level 1:colcon.colcon_core.package_discovery:discover_packages(prefix_path) check parameters
[1.321s] Level 1:colcon.colcon_core.package_discovery:discover_packages(prefix_path) discover
[1.339s] DEBUG:colcon.colcon_installed_package_information.package_discovery:Found 9 installed packages in /home/mgazzola/ros2_spirob_ws/install
[1.348s] DEBUG:colcon.colcon_installed_package_information.package_discovery:Found 197 installed packages in /opt/ros/kilted
[1.351s] Level 1:colcon.colcon_core.package_discovery:discover_packages(prefix_path) using defaults
[1.501s] Level 5:colcon.colcon_core.verb:set package 'spirob_bringup' build argument 'cmake_args' from command line to 'None'
[1.501s] Level 5:colcon.colcon_core.verb:set package 'spirob_bringup' build argument 'cmake_target' from command line to 'None'
[1.501s] Level 5:colcon.colcon_core.verb:set package 'spirob_bringup' build argument 'cmake_target_skip_unavailable' from command line to 'False'
[1.501s] Level 5:colcon.colcon_core.verb:set package 'spirob_bringup' build argument 'cmake_clean_cache' from command line to 'False'
[1.501s] Level 5:colcon.colcon_core.verb:set package 'spirob_bringup' build argument 'cmake_clean_first' from command line to 'False'
[1.501s] Level 5:colcon.colcon_core.verb:set package 'spirob_bringup' build argument 'cmake_force_configure' from command line to 'False'
[1.501s] Level 5:colcon.colcon_core.verb:set package 'spirob_bringup' build argument 'ament_cmake_args' from command line to 'None'
[1.502s] Level 5:colcon.colcon_core.verb:set package 'spirob_bringup' build argument 'catkin_cmake_args' from command line to 'None'
[1.502s] Level 5:colcon.colcon_core.verb:set package 'spirob_bringup' build argument 'catkin_skip_building_tests' from command line to 'False'
[1.502s] DEBUG:colcon.colcon_core.verb:Building package 'spirob_bringup' with the following arguments: {'ament_cmake_args': None, 'build_base': '/home/mgazzola/ros2_spirob_ws/build/spirob_bringup', 'catkin_cmake_args': None, 'catkin_skip_building_tests': False, 'cmake_args': None, 'cmake_clean_cache': False, 'cmake_clean_first': False, 'cmake_force_configure': False, 'cmake_target': None, 'cmake_target_skip_unavailable': False, 'install_base': '/home/mgazzola/ros2_spirob_ws/install/spirob_bringup', 'merge_install': False, 'path': '/home/mgazzola/ros2_spirob_ws/src/spirob_bringup', 'symlink_install': False, 'test_result_base': None}
[1.502s] INFO:colcon.colcon_core.executor:Executing jobs using 'parallel' executor
[1.506s] DEBUG:colcon.colcon_parallel_executor.executor.parallel:run_until_complete
[1.507s] INFO:colcon.colcon_ros.task.ament_python.build:Building ROS package in '/home/mgazzola/ros2_spirob_ws/src/spirob_bringup' with build type 'ament_python'
[1.507s] Level 1:colcon.colcon_core.shell:create_environment_hook('spirob_bringup', 'ament_prefix_path')
[1.526s] INFO:colcon.colcon_core.plugin_system:Skipping extension 'colcon_core.shell.bat': Not used on non-Windows systems
[1.527s] INFO:colcon.colcon_core.shell:Creating environment hook '/home/mgazzola/ros2_spirob_ws/install/spirob_bringup/share/spirob_bringup/hook/ament_prefix_path.ps1'
[1.531s] INFO:colcon.colcon_core.shell:Creating environment descriptor '/home/mgazzola/ros2_spirob_ws/install/spirob_bringup/share/spirob_bringup/hook/ament_prefix_path.dsv'
[1.535s] INFO:colcon.colcon_core.shell:Creating environment hook '/home/mgazzola/ros2_spirob_ws/install/spirob_bringup/share/spirob_bringup/hook/ament_prefix_path.sh'
[1.538s] INFO:colcon.colcon_core.shell:Skip shell extension 'powershell' for command environment: Not usable outside of PowerShell
[1.539s] DEBUG:colcon.colcon_core.shell:Skip shell extension 'dsv' for command environment
[2.589s] INFO:colcon.colcon_core.task.python.build:Building Python package in '/home/mgazzola/ros2_spirob_ws/src/spirob_bringup'
[2.590s] INFO:colcon.colcon_core.shell:Skip shell extension 'powershell' for command environment: Not usable outside of PowerShell
[2.590s] DEBUG:colcon.colcon_core.shell:Skip shell extension 'dsv' for command environment
[6.041s] DEBUG:colcon.colcon_core.event_handler.log_command:Invoking command in '/home/mgazzola/ros2_spirob_ws/src/spirob_bringup': DEBUGINFOD_URLS=https://debuginfod.ubuntu.com PS1=(.venv) \[\e]0;\u@\h: \w\a\]${debian_chroot:+($debian_chroot)}\[\033[01;32m\]\u@\h\[\033[00m\]:\[\033[01;34m\]\w\[\033[00m\]\$ PYTHONPATH=/home/mgazzola/ros2_spirob_ws/build/spirob_bringup/prefix_override:/usr/lib/python3/dist-packages/colcon_core/task/python/colcon_distutils_commands:/home/mgazzola/ros2_spirob_ws/install/spirob_bringup/lib/python3.12/site-packages:${PYTHONPATH} VIRTUAL_ENV_PROMPT=(.venv) /usr/bin/python3 -W ignore:setup.py install is deprecated -W ignore:easy_install command is deprecated setup.py egg_info --egg-base ../../build/spirob_bringup build --build-base /home/mgazzola/ros2_spirob_ws/build/spirob_bringup/build install --record /home/mgazzola/ros2_spirob_ws/build/spirob_bringup/install.log --single-version-externally-managed install_data
[8.545s] DEBUG:colcon.colcon_core.event_handler.log_command:Invoked command in '/home/mgazzola/ros2_spirob_ws/src/spirob_bringup' returned '0': DEBUGINFOD_URLS=https://debuginfod.ubuntu.com PS1=(.venv) \[\e]0;\u@\h: \w\a\]${debian_chroot:+($debian_chroot)}\[\033[01;32m\]\u@\h\[\033[00m\]:\[\033[01;34m\]\w\[\033[00m\]\$ PYTHONPATH=/home/mgazzola/ros2_spirob_ws/build/spirob_bringup/prefix_override:/usr/lib/python3/dist-packages/colcon_core/task/python/colcon_distutils_commands:/home/mgazzola/ros2_spirob_ws/install/spirob_bringup/lib/python3.12/site-packages:${PYTHONPATH} VIRTUAL_ENV_PROMPT=(.venv) /usr/bin/python3 -W ignore:setup.py install is deprecated -W ignore:easy_install command is deprecated setup.py egg_info --egg-base ../../build/spirob_bringup build --build-base /home/mgazzola/ros2_spirob_ws/build/spirob_bringup/build install --record /home/mgazzola/ros2_spirob_ws/build/spirob_bringup/install.log --single-version-externally-managed install_data
[8.571s] Level 1:colcon.colcon_core.environment:checking '/home/mgazzola/ros2_spirob_ws/install/spirob_bringup' for CMake module files
[8.574s] Level 1:colcon.colcon_core.environment:checking '/home/mgazzola/ros2_spirob_ws/install/spirob_bringup' for CMake config files
[8.578s] Level 1:colcon.colcon_core.environment:checking '/home/mgazzola/ros2_spirob_ws/install/spirob_bringup/lib'
[8.579s] Level 1:colcon.colcon_core.environment:checking '/home/mgazzola/ros2_spirob_ws/install/spirob_bringup/bin'
[8.580s] Level 1:colcon.colcon_core.environment:checking '/home/mgazzola/ros2_spirob_ws/install/spirob_bringup/lib/pkgconfig/spirob_bringup.pc'
[8.581s] Level 1:colcon.colcon_core.environment:checking '/home/mgazzola/ros2_spirob_ws/install/spirob_bringup/lib/python3.12/site-packages'
[8.581s] Level 1:colcon.colcon_core.shell:create_environment_hook('spirob_bringup', 'pythonpath')
[8.582s] INFO:colcon.colcon_core.shell:Creating environment hook '/home/mgazzola/ros2_spirob_ws/install/spirob_bringup/share/spirob_bringup/hook/pythonpath.ps1'
[8.584s] INFO:colcon.colcon_core.shell:Creating environment descriptor '/home/mgazzola/ros2_spirob_ws/install/spirob_bringup/share/spirob_bringup/hook/pythonpath.dsv'
[8.591s] INFO:colcon.colcon_core.shell:Creating environment hook '/home/mgazzola/ros2_spirob_ws/install/spirob_bringup/share/spirob_bringup/hook/pythonpath.sh'
[8.594s] Level 1:colcon.colcon_core.environment:checking '/home/mgazzola/ros2_spirob_ws/install/spirob_bringup/bin'
[8.595s] Level 1:colcon.colcon_core.environment:create_environment_scripts_only(spirob_bringup)
[8.596s] INFO:colcon.colcon_core.shell:Creating package script '/home/mgazzola/ros2_spirob_ws/install/spirob_bringup/share/spirob_bringup/package.ps1'
[8.600s] INFO:colcon.colcon_core.shell:Creating package descriptor '/home/mgazzola/ros2_spirob_ws/install/spirob_bringup/share/spirob_bringup/package.dsv'
[8.604s] INFO:colcon.colcon_core.shell:Creating package script '/home/mgazzola/ros2_spirob_ws/install/spirob_bringup/share/spirob_bringup/package.sh'
[8.608s] INFO:colcon.colcon_core.shell:Creating package script '/home/mgazzola/ros2_spirob_ws/install/spirob_bringup/share/spirob_bringup/package.bash'
[8.613s] INFO:colcon.colcon_core.shell:Creating package script '/home/mgazzola/ros2_spirob_ws/install/spirob_bringup/share/spirob_bringup/package.zsh'
[8.616s] Level 1:colcon.colcon_core.environment:create_file_with_runtime_dependencies(/home/mgazzola/ros2_spirob_ws/install/spirob_bringup/share/colcon-core/packages/spirob_bringup)
[8.618s] DEBUG:colcon.colcon_parallel_executor.executor.parallel:closing loop
[8.620s] DEBUG:colcon.colcon_parallel_executor.executor.parallel:loop closed
[8.620s] DEBUG:colcon.colcon_parallel_executor.executor.parallel:run_until_complete finished with '0'
[8.621s] DEBUG:colcon.colcon_core.event_reactor:joining thread
[8.649s] INFO:colcon.colcon_core.plugin_system:Skipping extension 'colcon_notification.desktop_notification.terminal_notifier': Not used on non-Darwin systems
[8.650s] INFO:colcon.colcon_core.plugin_system:Skipping extension 'colcon_notification.desktop_notification.win32': Not used on non-Windows systems
[8.650s] INFO:colcon.colcon_notification.desktop_notification:Sending desktop notification using 'notify2'
[8.780s] DEBUG:colcon.colcon_core.event_reactor:joined thread
[8.781s] INFO:colcon.colcon_core.shell:Creating prefix script '/home/mgazzola/ros2_spirob_ws/install/local_setup.ps1'
[8.790s] INFO:colcon.colcon_core.shell:Creating prefix util module '/home/mgazzola/ros2_spirob_ws/install/_local_setup_util_ps1.py'
[8.804s] INFO:colcon.colcon_core.shell:Creating prefix chain script '/home/mgazzola/ros2_spirob_ws/install/setup.ps1'
[8.819s] INFO:colcon.colcon_core.shell:Creating prefix script '/home/mgazzola/ros2_spirob_ws/install/local_setup.sh'
[8.825s] INFO:colcon.colcon_core.shell:Creating prefix util module '/home/mgazzola/ros2_spirob_ws/install/_local_setup_util_sh.py'
[8.833s] INFO:colcon.colcon_core.shell:Creating prefix chain script '/home/mgazzola/ros2_spirob_ws/install/setup.sh'
[8.847s] INFO:colcon.colcon_core.shell:Creating prefix script '/home/mgazzola/ros2_spirob_ws/install/local_setup.bash'
[8.852s] INFO:colcon.colcon_core.shell:Creating prefix chain script '/home/mgazzola/ros2_spirob_ws/install/setup.bash'
[8.867s] INFO:colcon.colcon_core.shell:Creating prefix script '/home/mgazzola/ros2_spirob_ws/install/local_setup.zsh'
[8.873s] INFO:colcon.colcon_core.shell:Creating prefix chain script '/home/mgazzola/ros2_spirob_ws/install/setup.zsh'
