running egg_info
creating ../../build/robot_GUI/robot_GUI.egg-info
writing ../../build/robot_GUI/robot_GUI.egg-info/PKG-INFO
writing dependency_links to ../../build/robot_GUI/robot_GUI.egg-info/dependency_links.txt
writing entry points to ../../build/robot_GUI/robot_GUI.egg-info/entry_points.txt
writing requirements to ../../build/robot_GUI/robot_GUI.egg-info/requires.txt
writing top-level names to ../../build/robot_GUI/robot_GUI.egg-info/top_level.txt
writing manifest file '../../build/robot_GUI/robot_GUI.egg-info/SOURCES.txt'
reading manifest file '../../build/robot_GUI/robot_GUI.egg-info/SOURCES.txt'
writing manifest file '../../build/robot_GUI/robot_GUI.egg-info/SOURCES.txt'
running build
running build_py
creating /home/mgazzola/ros2_spirob_ws/build/robot_GUI/build
creating /home/mgazzola/ros2_spirob_ws/build/robot_GUI/build/lib
creating /home/mgazzola/ros2_spirob_ws/build/robot_GUI/build/lib/robot_GUI
copying robot_GUI/robot_GUI_node.py -> /home/mgazzola/ros2_spirob_ws/build/robot_GUI/build/lib/robot_GUI
copying robot_GUI/__init__.py -> /home/mgazzola/ros2_spirob_ws/build/robot_GUI/build/lib/robot_GUI
copying robot_GUI/robot_GUI_display.py -> /home/mgazzola/ros2_spirob_ws/build/robot_GUI/build/lib/robot_GUI
running install
running install_lib
creating /home/mgazzola/ros2_spirob_ws/install/robot_GUI/lib/python3.12/site-packages/robot_GUI
copying /home/mgazzola/ros2_spirob_ws/build/robot_GUI/build/lib/robot_GUI/robot_GUI_node.py -> /home/mgazzola/ros2_spirob_ws/install/robot_GUI/lib/python3.12/site-packages/robot_GUI
copying /home/mgazzola/ros2_spirob_ws/build/robot_GUI/build/lib/robot_GUI/__init__.py -> /home/mgazzola/ros2_spirob_ws/install/robot_GUI/lib/python3.12/site-packages/robot_GUI
copying /home/mgazzola/ros2_spirob_ws/build/robot_GUI/build/lib/robot_GUI/robot_GUI_display.py -> /home/mgazzola/ros2_spirob_ws/install/robot_GUI/lib/python3.12/site-packages/robot_GUI
byte-compiling /home/mgazzola/ros2_spirob_ws/install/robot_GUI/lib/python3.12/site-packages/robot_GUI/robot_GUI_node.py to robot_GUI_node.cpython-312.pyc
byte-compiling /home/mgazzola/ros2_spirob_ws/install/robot_GUI/lib/python3.12/site-packages/robot_GUI/__init__.py to __init__.cpython-312.pyc
byte-compiling /home/mgazzola/ros2_spirob_ws/install/robot_GUI/lib/python3.12/site-packages/robot_GUI/robot_GUI_display.py to robot_GUI_display.cpython-312.pyc
running install_data
creating /home/mgazzola/ros2_spirob_ws/install/robot_GUI/share/ament_index
creating /home/mgazzola/ros2_spirob_ws/install/robot_GUI/share/ament_index/resource_index
creating /home/mgazzola/ros2_spirob_ws/install/robot_GUI/share/ament_index/resource_index/packages
copying resource/robot_GUI -> /home/mgazzola/ros2_spirob_ws/install/robot_GUI/share/ament_index/resource_index/packages
copying package.xml -> /home/mgazzola/ros2_spirob_ws/install/robot_GUI/share/robot_GUI
running install_egg_info
Copying ../../build/robot_GUI/robot_GUI.egg-info to /home/mgazzola/ros2_spirob_ws/install/robot_GUI/lib/python3.12/site-packages/robot_GUI-0.0.0-py3.12.egg-info
running install_scripts
Installing robot_GUI_node script to /home/mgazzola/ros2_spirob_ws/install/robot_GUI/lib/robot_GUI
writing list of installed files to '/home/mgazzola/ros2_spirob_ws/build/robot_GUI/install.log'
