[8.109s] Invoking command in '/home/mgazzola/ros2_spirob_ws/src/robot_GUI': DEBUGINFOD_URLS=https://debuginfod.ubuntu.com PYTHONPATH=/home/mgazzola/ros2_spirob_ws/build/robot_GUI/prefix_override:/usr/lib/python3/dist-packages/colcon_core/task/python/colcon_distutils_commands:/home/mgazzola/ros2_spirob_ws/install/robot_GUI/lib/python3.12/site-packages:${PYTHONPATH} /usr/bin/python3 -W ignore:setup.py install is deprecated -W ignore:easy_install command is deprecated setup.py egg_info --egg-base ../../build/robot_GUI build --build-base /home/mgazzola/ros2_spirob_ws/build/robot_GUI/build install --record /home/mgazzola/ros2_spirob_ws/build/robot_GUI/install.log --single-version-externally-managed install_data
[10.466s] running egg_info
[10.467s] creating ../../build/robot_GUI/robot_GUI.egg-info
[10.587s] writing ../../build/robot_GUI/robot_GUI.egg-info/PKG-INFO
[10.589s] writing dependency_links to ../../build/robot_GUI/robot_GUI.egg-info/dependency_links.txt
[10.592s] writing entry points to ../../build/robot_GUI/robot_GUI.egg-info/entry_points.txt
[10.593s] writing requirements to ../../build/robot_GUI/robot_GUI.egg-info/requires.txt
[10.596s] writing top-level names to ../../build/robot_GUI/robot_GUI.egg-info/top_level.txt
[10.598s] writing manifest file '../../build/robot_GUI/robot_GUI.egg-info/SOURCES.txt'
[10.850s] reading manifest file '../../build/robot_GUI/robot_GUI.egg-info/SOURCES.txt'
[10.855s] writing manifest file '../../build/robot_GUI/robot_GUI.egg-info/SOURCES.txt'
[10.857s] running build
[10.858s] running build_py
[10.859s] creating /home/mgazzola/ros2_spirob_ws/build/robot_GUI/build
[10.861s] creating /home/mgazzola/ros2_spirob_ws/build/robot_GUI/build/lib
[10.862s] creating /home/mgazzola/ros2_spirob_ws/build/robot_GUI/build/lib/robot_GUI
[10.862s] copying robot_GUI/robot_GUI_node.py -> /home/mgazzola/ros2_spirob_ws/build/robot_GUI/build/lib/robot_GUI
[10.864s] copying robot_GUI/__init__.py -> /home/mgazzola/ros2_spirob_ws/build/robot_GUI/build/lib/robot_GUI
[10.864s] copying robot_GUI/robot_GUI_display.py -> /home/mgazzola/ros2_spirob_ws/build/robot_GUI/build/lib/robot_GUI
[10.867s] running install
[10.900s] running install_lib
[11.027s] creating /home/mgazzola/ros2_spirob_ws/install/robot_GUI/lib/python3.12/site-packages/robot_GUI
[11.028s] copying /home/mgazzola/ros2_spirob_ws/build/robot_GUI/build/lib/robot_GUI/robot_GUI_node.py -> /home/mgazzola/ros2_spirob_ws/install/robot_GUI/lib/python3.12/site-packages/robot_GUI
[11.029s] copying /home/mgazzola/ros2_spirob_ws/build/robot_GUI/build/lib/robot_GUI/__init__.py -> /home/mgazzola/ros2_spirob_ws/install/robot_GUI/lib/python3.12/site-packages/robot_GUI
[11.030s] copying /home/mgazzola/ros2_spirob_ws/build/robot_GUI/build/lib/robot_GUI/robot_GUI_display.py -> /home/mgazzola/ros2_spirob_ws/install/robot_GUI/lib/python3.12/site-packages/robot_GUI
[11.034s] byte-compiling /home/mgazzola/ros2_spirob_ws/install/robot_GUI/lib/python3.12/site-packages/robot_GUI/robot_GUI_node.py to robot_GUI_node.cpython-312.pyc
[11.038s] byte-compiling /home/mgazzola/ros2_spirob_ws/install/robot_GUI/lib/python3.12/site-packages/robot_GUI/__init__.py to __init__.cpython-312.pyc
[11.041s] byte-compiling /home/mgazzola/ros2_spirob_ws/install/robot_GUI/lib/python3.12/site-packages/robot_GUI/robot_GUI_display.py to robot_GUI_display.cpython-312.pyc
[11.043s] running install_data
[11.045s] creating /home/mgazzola/ros2_spirob_ws/install/robot_GUI/share/ament_index
[11.048s] creating /home/mgazzola/ros2_spirob_ws/install/robot_GUI/share/ament_index/resource_index
[11.049s] creating /home/mgazzola/ros2_spirob_ws/install/robot_GUI/share/ament_index/resource_index/packages
[11.051s] copying resource/robot_GUI -> /home/mgazzola/ros2_spirob_ws/install/robot_GUI/share/ament_index/resource_index/packages
[11.053s] copying package.xml -> /home/mgazzola/ros2_spirob_ws/install/robot_GUI/share/robot_GUI
[11.054s] running install_egg_info
[11.182s] Copying ../../build/robot_GUI/robot_GUI.egg-info to /home/mgazzola/ros2_spirob_ws/install/robot_GUI/lib/python3.12/site-packages/robot_GUI-0.0.0-py3.12.egg-info
[11.191s] running install_scripts
[12.091s] Installing robot_GUI_node script to /home/mgazzola/ros2_spirob_ws/install/robot_GUI/lib/robot_GUI
[12.095s] writing list of installed files to '/home/mgazzola/ros2_spirob_ws/build/robot_GUI/install.log'
[12.331s] Invoked command in '/home/mgazzola/ros2_spirob_ws/src/robot_GUI' returned '0': DEBUGINFOD_URLS=https://debuginfod.ubuntu.com PYTHONPATH=/home/mgazzola/ros2_spirob_ws/build/robot_GUI/prefix_override:/usr/lib/python3/dist-packages/colcon_core/task/python/colcon_distutils_commands:/home/mgazzola/ros2_spirob_ws/install/robot_GUI/lib/python3.12/site-packages:${PYTHONPATH} /usr/bin/python3 -W ignore:setup.py install is deprecated -W ignore:easy_install command is deprecated setup.py egg_info --egg-base ../../build/robot_GUI build --build-base /home/mgazzola/ros2_spirob_ws/build/robot_GUI/build install --record /home/mgazzola/ros2_spirob_ws/build/robot_GUI/install.log --single-version-externally-managed install_data
