[5.973s] Invoking command in '/home/mgazzola/ros2_spirob_ws/src/vision': DEBUGINFOD_URLS=https://debuginfod.ubuntu.com PS1=(.venv) \[\e]0;\u@\h: \w\a\]${debian_chroot:+($debian_chroot)}\[\033[01;32m\]\u@\h\[\033[00m\]:\[\033[01;34m\]\w\[\033[00m\]\$ PYTHONPATH=/home/mgazzola/ros2_spirob_ws/build/vision/prefix_override:/usr/lib/python3/dist-packages/colcon_core/task/python/colcon_distutils_commands:/home/mgazzola/ros2_spirob_ws/install/vision/lib/python3.12/site-packages:${PYTHONPATH} VIRTUAL_ENV_PROMPT=(.venv) /usr/bin/python3 -W ignore:setup.py install is deprecated -W ignore:easy_install command is deprecated setup.py egg_info --egg-base ../../build/vision build --build-base /home/mgazzola/ros2_spirob_ws/build/vision/build install --record /home/mgazzola/ros2_spirob_ws/build/vision/install.log --single-version-externally-managed install_data
[7.560s] running egg_info
[7.651s] writing ../../build/vision/vision.egg-info/PKG-INFO
[7.652s] writing dependency_links to ../../build/vision/vision.egg-info/dependency_links.txt
[7.653s] writing entry points to ../../build/vision/vision.egg-info/entry_points.txt
[7.655s] writing requirements to ../../build/vision/vision.egg-info/requires.txt
[7.657s] writing top-level names to ../../build/vision/vision.egg-info/top_level.txt
[7.854s] reading manifest file '../../build/vision/vision.egg-info/SOURCES.txt'
[7.860s] writing manifest file '../../build/vision/vision.egg-info/SOURCES.txt'
[7.861s] running build
[7.863s] running build_py
[7.864s] running install
[7.894s] running install_lib
[7.988s] running install_data
[7.988s] running install_egg_info
[8.083s] removing '/home/mgazzola/ros2_spirob_ws/install/vision/lib/python3.12/site-packages/vision-0.0.0-py3.12.egg-info' (and everything under it)
[8.085s] Copying ../../build/vision/vision.egg-info to /home/mgazzola/ros2_spirob_ws/install/vision/lib/python3.12/site-packages/vision-0.0.0-py3.12.egg-info
[8.093s] running install_scripts
[8.967s] Installing record_video_node script to /home/mgazzola/ros2_spirob_ws/install/vision/lib/vision
[8.970s] writing list of installed files to '/home/mgazzola/ros2_spirob_ws/build/vision/install.log'
[9.203s] Invoked command in '/home/mgazzola/ros2_spirob_ws/src/vision' returned '0': DEBUGINFOD_URLS=https://debuginfod.ubuntu.com PS1=(.venv) \[\e]0;\u@\h: \w\a\]${debian_chroot:+($debian_chroot)}\[\033[01;32m\]\u@\h\[\033[00m\]:\[\033[01;34m\]\w\[\033[00m\]\$ PYTHONPATH=/home/mgazzola/ros2_spirob_ws/build/vision/prefix_override:/usr/lib/python3/dist-packages/colcon_core/task/python/colcon_distutils_commands:/home/mgazzola/ros2_spirob_ws/install/vision/lib/python3.12/site-packages:${PYTHONPATH} VIRTUAL_ENV_PROMPT=(.venv) /usr/bin/python3 -W ignore:setup.py install is deprecated -W ignore:easy_install command is deprecated setup.py egg_info --egg-base ../../build/vision build --build-base /home/mgazzola/ros2_spirob_ws/build/vision/build install --record /home/mgazzola/ros2_spirob_ws/build/vision/install.log --single-version-externally-managed install_data
