[10.192s] Invoking command in '/home/mgazzola/ros2_spirob_ws/src/joysticker': DEBUGINFOD_URLS=https://debuginfod.ubuntu.com PYTHONPATH=/home/mgazzola/ros2_spirob_ws/build/joysticker/prefix_override:/usr/lib/python3/dist-packages/colcon_core/task/python/colcon_distutils_commands:/home/mgazzola/ros2_spirob_ws/install/joysticker/lib/python3.12/site-packages:${PYTHONPATH} /usr/bin/python3 -W ignore:setup.py install is deprecated -W ignore:easy_install command is deprecated setup.py egg_info --egg-base ../../build/joysticker build --build-base /home/mgazzola/ros2_spirob_ws/build/joysticker/build install --record /home/mgazzola/ros2_spirob_ws/build/joysticker/install.log --single-version-externally-managed install_data
[14.124s] running egg_info
[14.353s] writing ../../build/joysticker/joysticker.egg-info/PKG-INFO
[14.358s] writing dependency_links to ../../build/joysticker/joysticker.egg-info/dependency_links.txt
[14.367s] writing entry points to ../../build/joysticker/joysticker.egg-info/entry_points.txt
[14.372s] writing requirements to ../../build/joysticker/joysticker.egg-info/requires.txt
[14.375s] writing top-level names to ../../build/joysticker/joysticker.egg-info/top_level.txt
[15.290s] reading manifest file '../../build/joysticker/joysticker.egg-info/SOURCES.txt'
[15.318s] writing manifest file '../../build/joysticker/joysticker.egg-info/SOURCES.txt'
[15.327s] running build
[15.329s] running build_py
[15.330s] running install
[15.471s] running install_lib
[15.889s] running install_data
[15.901s] running install_egg_info
[16.173s] removing '/home/mgazzola/ros2_spirob_ws/install/joysticker/lib/python3.12/site-packages/joysticker-0.0.0-py3.12.egg-info' (and everything under it)
[16.184s] Copying ../../build/joysticker/joysticker.egg-info to /home/mgazzola/ros2_spirob_ws/install/joysticker/lib/python3.12/site-packages/joysticker-0.0.0-py3.12.egg-info
[16.212s] running install_scripts
[17.666s] Installing joysticker_publisher_node script to /home/mgazzola/ros2_spirob_ws/install/joysticker/lib/joysticker
[17.669s] writing list of installed files to '/home/mgazzola/ros2_spirob_ws/build/joysticker/install.log'
[18.311s] Invoked command in '/home/mgazzola/ros2_spirob_ws/src/joysticker' returned '0': DEBUGINFOD_URLS=https://debuginfod.ubuntu.com PYTHONPATH=/home/mgazzola/ros2_spirob_ws/build/joysticker/prefix_override:/usr/lib/python3/dist-packages/colcon_core/task/python/colcon_distutils_commands:/home/mgazzola/ros2_spirob_ws/install/joysticker/lib/python3.12/site-packages:${PYTHONPATH} /usr/bin/python3 -W ignore:setup.py install is deprecated -W ignore:easy_install command is deprecated setup.py egg_info --egg-base ../../build/joysticker build --build-base /home/mgazzola/ros2_spirob_ws/build/joysticker/build install --record /home/mgazzola/ros2_spirob_ws/build/joysticker/install.log --single-version-externally-managed install_data
