[6.984s] Invoking command in '/home/mgazzola/ros2_spirob_ws/src/robot_GUI': DEBUGINFOD_URLS=https://debuginfod.ubuntu.com PYTHONPATH=/home/mgazzola/ros2_spirob_ws/build/robot_GUI/prefix_override:/usr/lib/python3/dist-packages/colcon_core/task/python/colcon_distutils_commands:/home/mgazzola/ros2_spirob_ws/install/robot_GUI/lib/python3.12/site-packages:${PYTHONPATH} /usr/bin/python3 -W ignore:setup.py install is deprecated -W ignore:easy_install command is deprecated setup.py egg_info --egg-base ../../build/robot_GUI build --build-base /home/mgazzola/ros2_spirob_ws/build/robot_GUI/build install --record /home/mgazzola/ros2_spirob_ws/build/robot_GUI/install.log --single-version-externally-managed install_data
[8.823s] running egg_info
[9.034s] writing ../../build/robot_GUI/robot_GUI.egg-info/PKG-INFO
[9.035s] writing dependency_links to ../../build/robot_GUI/robot_GUI.egg-info/dependency_links.txt
[9.046s] writing entry points to ../../build/robot_GUI/robot_GUI.egg-info/entry_points.txt
[9.048s] writing requirements to ../../build/robot_GUI/robot_GUI.egg-info/requires.txt
[9.051s] writing top-level names to ../../build/robot_GUI/robot_GUI.egg-info/top_level.txt
[9.281s] reading manifest file '../../build/robot_GUI/robot_GUI.egg-info/SOURCES.txt'
[9.289s] writing manifest file '../../build/robot_GUI/robot_GUI.egg-info/SOURCES.txt'
[9.290s] running build
[9.291s] running build_py
[9.292s] running install
[9.327s] running install_lib
[9.428s] running install_data
[9.429s] running install_egg_info
[9.532s] removing '/home/mgazzola/ros2_spirob_ws/install/robot_GUI/lib/python3.12/site-packages/robot_GUI-0.0.0-py3.12.egg-info' (and everything under it)
[9.535s] Copying ../../build/robot_GUI/robot_GUI.egg-info to /home/mgazzola/ros2_spirob_ws/install/robot_GUI/lib/python3.12/site-packages/robot_GUI-0.0.0-py3.12.egg-info
[9.546s] running install_scripts
[10.303s] Installing robot_GUI_node script to /home/mgazzola/ros2_spirob_ws/install/robot_GUI/lib/robot_GUI
[10.305s] writing list of installed files to '/home/mgazzola/ros2_spirob_ws/build/robot_GUI/install.log'
