[0.682s] DEBUG:colcon:Command line arguments: ['/usr/bin/colcon', 'build']
[0.684s] DEBUG:colcon:Parsed command line arguments: Namespace(log_base=None, log_level=None, verb_name='build', build_base='build', install_base='install', merge_install=False, symlink_install=False, test_result_base=None, continue_on_error=False, executor='parallel', parallel_workers=4, event_handlers=None, ignore_user_meta=False, metas=['./colcon.meta'], base_paths=['.'], packages_ignore=None, packages_ignore_regex=None, paths=None, packages_up_to=None, packages_up_to_regex=None, packages_above=None, packages_above_and_dependencies=None, packages_above_depth=None, packages_select_by_dep=None, packages_skip_by_dep=None, packages_skip_up_to=None, packages_select_build_failed=False, packages_skip_build_finished=False, packages_select_test_failures=False, packages_skip_test_passed=False, packages_select=None, packages_skip=None, packages_select_regex=None, packages_skip_regex=None, packages_start=None, packages_end=None, allow_overriding=[], cmake_args=None, cmake_target=None, cmake_target_skip_unavailable=False, cmake_clean_cache=False, cmake_clean_first=False, cmake_force_configure=False, ament_cmake_args=None, catkin_cmake_args=None, catkin_skip_building_tests=False, mixin_files=None, mixin=None, verb_parser=<colcon_mixin.mixin.mixin_argument.MixinArgumentDecorator object at 0xffffad36aa20>, verb_extension=<colcon_core.verb.build.BuildVerb object at 0xffffad52aab0>, main=<bound method BuildVerb.main of <colcon_core.verb.build.BuildVerb object at 0xffffad52aab0>>, mixin_verb=('build',))
[0.920s] Level 1:colcon.colcon_core.package_discovery:discover_packages(colcon_meta) check parameters
[0.921s] Level 1:colcon.colcon_core.package_discovery:discover_packages(recursive) check parameters
[0.921s] Level 1:colcon.colcon_core.package_discovery:discover_packages(ignore) check parameters
[0.921s] Level 1:colcon.colcon_core.package_discovery:discover_packages(path) check parameters
[0.921s] Level 1:colcon.colcon_core.package_discovery:discover_packages(colcon_meta) discover
[0.922s] Level 1:colcon.colcon_core.package_discovery:discover_packages(recursive) discover
[0.922s] INFO:colcon.colcon_core.package_discovery:Crawling recursively for packages in '/home/mgazzola/ros2_spirob_ws'
[0.922s] Level 1:colcon.colcon_core.package_identification:_identify(.) by extensions ['ignore', 'ignore_ament_install']
[0.923s] Level 1:colcon.colcon_core.package_identification:_identify(.) by extension 'ignore'
[0.923s] Level 1:colcon.colcon_core.package_identification:_identify(.) by extension 'ignore_ament_install'
[0.923s] Level 1:colcon.colcon_core.package_identification:_identify(.) by extensions ['colcon_pkg']
[0.924s] Level 1:colcon.colcon_core.package_identification:_identify(.) by extension 'colcon_pkg'
[0.924s] Level 1:colcon.colcon_core.package_identification:_identify(.) by extensions ['colcon_meta']
[0.924s] Level 1:colcon.colcon_core.package_identification:_identify(.) by extension 'colcon_meta'
[0.925s] Level 1:colcon.colcon_core.package_identification:_identify(.) by extensions ['ros']
[0.925s] Level 1:colcon.colcon_core.package_identification:_identify(.) by extension 'ros'
[1.069s] Level 1:colcon.colcon_core.package_identification:_identify(.) by extensions ['cmake', 'python']
[1.070s] Level 1:colcon.colcon_core.package_identification:_identify(.) by extension 'cmake'
[1.070s] Level 1:colcon.colcon_core.package_identification:_identify(.) by extension 'python'
[1.070s] Level 1:colcon.colcon_core.package_identification:_identify(.) by extensions ['python_setup_py']
[1.070s] Level 1:colcon.colcon_core.package_identification:_identify(.) by extension 'python_setup_py'
[1.071s] Level 1:colcon.colcon_core.package_identification:_identify(build) by extensions ['ignore', 'ignore_ament_install']
[1.071s] Level 1:colcon.colcon_core.package_identification:_identify(build) by extension 'ignore'
[1.071s] Level 1:colcon.colcon_core.package_identification:_identify(build) ignored
[1.072s] Level 1:colcon.colcon_core.package_identification:_identify(install) by extensions ['ignore', 'ignore_ament_install']
[1.073s] Level 1:colcon.colcon_core.package_identification:_identify(install) by extension 'ignore'
[1.073s] Level 1:colcon.colcon_core.package_identification:_identify(install) ignored
[1.074s] Level 1:colcon.colcon_core.package_identification:_identify(log) by extensions ['ignore', 'ignore_ament_install']
[1.074s] Level 1:colcon.colcon_core.package_identification:_identify(log) by extension 'ignore'
[1.075s] Level 1:colcon.colcon_core.package_identification:_identify(log) ignored
[1.076s] Level 1:colcon.colcon_core.package_identification:_identify(src) by extensions ['ignore', 'ignore_ament_install']
[1.076s] Level 1:colcon.colcon_core.package_identification:_identify(src) by extension 'ignore'
[1.077s] Level 1:colcon.colcon_core.package_identification:_identify(src) by extension 'ignore_ament_install'
[1.077s] Level 1:colcon.colcon_core.package_identification:_identify(src) by extensions ['colcon_pkg']
[1.077s] Level 1:colcon.colcon_core.package_identification:_identify(src) by extension 'colcon_pkg'
[1.077s] Level 1:colcon.colcon_core.package_identification:_identify(src) by extensions ['colcon_meta']
[1.078s] Level 1:colcon.colcon_core.package_identification:_identify(src) by extension 'colcon_meta'
[1.078s] Level 1:colcon.colcon_core.package_identification:_identify(src) by extensions ['ros']
[1.078s] Level 1:colcon.colcon_core.package_identification:_identify(src) by extension 'ros'
[1.079s] Level 1:colcon.colcon_core.package_identification:_identify(src) by extensions ['cmake', 'python']
[1.079s] Level 1:colcon.colcon_core.package_identification:_identify(src) by extension 'cmake'
[1.079s] Level 1:colcon.colcon_core.package_identification:_identify(src) by extension 'python'
[1.080s] Level 1:colcon.colcon_core.package_identification:_identify(src) by extensions ['python_setup_py']
[1.080s] Level 1:colcon.colcon_core.package_identification:_identify(src) by extension 'python_setup_py'
[1.080s] Level 1:colcon.colcon_core.package_identification:_identify(src/build) by extensions ['ignore', 'ignore_ament_install']
[1.081s] Level 1:colcon.colcon_core.package_identification:_identify(src/build) by extension 'ignore'
[1.081s] Level 1:colcon.colcon_core.package_identification:_identify(src/build) ignored
[1.082s] Level 1:colcon.colcon_core.package_identification:_identify(src/controller) by extensions ['ignore', 'ignore_ament_install']
[1.083s] Level 1:colcon.colcon_core.package_identification:_identify(src/controller) by extension 'ignore'
[1.083s] Level 1:colcon.colcon_core.package_identification:_identify(src/controller) by extension 'ignore_ament_install'
[1.086s] Level 1:colcon.colcon_core.package_identification:_identify(src/controller) by extensions ['colcon_pkg']
[1.087s] Level 1:colcon.colcon_core.package_identification:_identify(src/controller) by extension 'colcon_pkg'
[1.088s] Level 1:colcon.colcon_core.package_identification:_identify(src/controller) by extensions ['colcon_meta']
[1.089s] Level 1:colcon.colcon_core.package_identification:_identify(src/controller) by extension 'colcon_meta'
[1.090s] Level 1:colcon.colcon_core.package_identification:_identify(src/controller) by extensions ['ros']
[1.091s] Level 1:colcon.colcon_core.package_identification:_identify(src/controller) by extension 'ros'
[1.109s] DEBUG:colcon.colcon_core.package_identification:Package 'src/controller' with type 'ros.ament_python' and name 'controller'
[1.110s] Level 1:colcon.colcon_core.package_identification:_identify(src/install) by extensions ['ignore', 'ignore_ament_install']
[1.110s] Level 1:colcon.colcon_core.package_identification:_identify(src/install) by extension 'ignore'
[1.111s] Level 1:colcon.colcon_core.package_identification:_identify(src/install) ignored
[1.111s] Level 1:colcon.colcon_core.package_identification:_identify(src/joysticker) by extensions ['ignore', 'ignore_ament_install']
[1.112s] Level 1:colcon.colcon_core.package_identification:_identify(src/joysticker) by extension 'ignore'
[1.112s] Level 1:colcon.colcon_core.package_identification:_identify(src/joysticker) by extension 'ignore_ament_install'
[1.112s] Level 1:colcon.colcon_core.package_identification:_identify(src/joysticker) by extensions ['colcon_pkg']
[1.112s] Level 1:colcon.colcon_core.package_identification:_identify(src/joysticker) by extension 'colcon_pkg'
[1.113s] Level 1:colcon.colcon_core.package_identification:_identify(src/joysticker) by extensions ['colcon_meta']
[1.113s] Level 1:colcon.colcon_core.package_identification:_identify(src/joysticker) by extension 'colcon_meta'
[1.113s] Level 1:colcon.colcon_core.package_identification:_identify(src/joysticker) by extensions ['ros']
[1.113s] Level 1:colcon.colcon_core.package_identification:_identify(src/joysticker) by extension 'ros'
[1.115s] DEBUG:colcon.colcon_core.package_identification:Package 'src/joysticker' with type 'ros.ament_python' and name 'joysticker'
[1.116s] Level 1:colcon.colcon_core.package_identification:_identify(src/load_cell) by extensions ['ignore', 'ignore_ament_install']
[1.116s] Level 1:colcon.colcon_core.package_identification:_identify(src/load_cell) by extension 'ignore'
[1.117s] Level 1:colcon.colcon_core.package_identification:_identify(src/load_cell) by extension 'ignore_ament_install'
[1.117s] Level 1:colcon.colcon_core.package_identification:_identify(src/load_cell) by extensions ['colcon_pkg']
[1.117s] Level 1:colcon.colcon_core.package_identification:_identify(src/load_cell) by extension 'colcon_pkg'
[1.118s] Level 1:colcon.colcon_core.package_identification:_identify(src/load_cell) by extensions ['colcon_meta']
[1.118s] Level 1:colcon.colcon_core.package_identification:_identify(src/load_cell) by extension 'colcon_meta'
[1.118s] Level 1:colcon.colcon_core.package_identification:_identify(src/load_cell) by extensions ['ros']
[1.118s] Level 1:colcon.colcon_core.package_identification:_identify(src/load_cell) by extension 'ros'
[1.121s] DEBUG:colcon.colcon_core.package_identification:Package 'src/load_cell' with type 'ros.ament_python' and name 'load_cell'
[1.121s] Level 1:colcon.colcon_core.package_identification:_identify(src/log) by extensions ['ignore', 'ignore_ament_install']
[1.122s] Level 1:colcon.colcon_core.package_identification:_identify(src/log) by extension 'ignore'
[1.122s] Level 1:colcon.colcon_core.package_identification:_identify(src/log) ignored
[1.122s] Level 1:colcon.colcon_core.package_identification:_identify(src/motor_driver) by extensions ['ignore', 'ignore_ament_install']
[1.123s] Level 1:colcon.colcon_core.package_identification:_identify(src/motor_driver) by extension 'ignore'
[1.123s] Level 1:colcon.colcon_core.package_identification:_identify(src/motor_driver) by extension 'ignore_ament_install'
[1.124s] Level 1:colcon.colcon_core.package_identification:_identify(src/motor_driver) by extensions ['colcon_pkg']
[1.124s] Level 1:colcon.colcon_core.package_identification:_identify(src/motor_driver) by extension 'colcon_pkg'
[1.124s] Level 1:colcon.colcon_core.package_identification:_identify(src/motor_driver) by extensions ['colcon_meta']
[1.124s] Level 1:colcon.colcon_core.package_identification:_identify(src/motor_driver) by extension 'colcon_meta'
[1.125s] Level 1:colcon.colcon_core.package_identification:_identify(src/motor_driver) by extensions ['ros']
[1.125s] Level 1:colcon.colcon_core.package_identification:_identify(src/motor_driver) by extension 'ros'
[1.127s] DEBUG:colcon.colcon_core.package_identification:Package 'src/motor_driver' with type 'ros.ament_python' and name 'motor_driver'
[1.128s] Level 1:colcon.colcon_core.package_identification:_identify(src/robot_GUI) by extensions ['ignore', 'ignore_ament_install']
[1.128s] Level 1:colcon.colcon_core.package_identification:_identify(src/robot_GUI) by extension 'ignore'
[1.129s] Level 1:colcon.colcon_core.package_identification:_identify(src/robot_GUI) by extension 'ignore_ament_install'
[1.129s] Level 1:colcon.colcon_core.package_identification:_identify(src/robot_GUI) by extensions ['colcon_pkg']
[1.129s] Level 1:colcon.colcon_core.package_identification:_identify(src/robot_GUI) by extension 'colcon_pkg'
[1.129s] Level 1:colcon.colcon_core.package_identification:_identify(src/robot_GUI) by extensions ['colcon_meta']
[1.130s] Level 1:colcon.colcon_core.package_identification:_identify(src/robot_GUI) by extension 'colcon_meta'
[1.130s] Level 1:colcon.colcon_core.package_identification:_identify(src/robot_GUI) by extensions ['ros']
[1.130s] Level 1:colcon.colcon_core.package_identification:_identify(src/robot_GUI) by extension 'ros'
[1.133s] DEBUG:colcon.colcon_core.package_identification:Package 'src/robot_GUI' with type 'ros.ament_python' and name 'robot_GUI'
[1.133s] Level 1:colcon.colcon_core.package_discovery:discover_packages(recursive) using defaults
[1.134s] Level 1:colcon.colcon_core.package_discovery:discover_packages(ignore) discover
[1.134s] Level 1:colcon.colcon_core.package_discovery:discover_packages(ignore) using defaults
[1.134s] Level 1:colcon.colcon_core.package_discovery:discover_packages(path) discover
[1.134s] Level 1:colcon.colcon_core.package_discovery:discover_packages(path) using defaults
[1.230s] Level 1:colcon.colcon_core.package_discovery:discover_packages(prefix_path) check parameters
[1.231s] Level 1:colcon.colcon_core.package_discovery:discover_packages(prefix_path) discover
[1.252s] DEBUG:colcon.colcon_installed_package_information.package_discovery:Found 197 installed packages in /opt/ros/kilted
[1.255s] Level 1:colcon.colcon_core.package_discovery:discover_packages(prefix_path) using defaults
[1.471s] Level 5:colcon.colcon_core.verb:set package 'controller' build argument 'cmake_args' from command line to 'None'
[1.471s] Level 5:colcon.colcon_core.verb:set package 'controller' build argument 'cmake_target' from command line to 'None'
[1.472s] Level 5:colcon.colcon_core.verb:set package 'controller' build argument 'cmake_target_skip_unavailable' from command line to 'False'
[1.472s] Level 5:colcon.colcon_core.verb:set package 'controller' build argument 'cmake_clean_cache' from command line to 'False'
[1.472s] Level 5:colcon.colcon_core.verb:set package 'controller' build argument 'cmake_clean_first' from command line to 'False'
[1.472s] Level 5:colcon.colcon_core.verb:set package 'controller' build argument 'cmake_force_configure' from command line to 'False'
[1.473s] Level 5:colcon.colcon_core.verb:set package 'controller' build argument 'ament_cmake_args' from command line to 'None'
[1.473s] Level 5:colcon.colcon_core.verb:set package 'controller' build argument 'catkin_cmake_args' from command line to 'None'
[1.473s] Level 5:colcon.colcon_core.verb:set package 'controller' build argument 'catkin_skip_building_tests' from command line to 'False'
[1.473s] DEBUG:colcon.colcon_core.verb:Building package 'controller' with the following arguments: {'ament_cmake_args': None, 'build_base': '/home/mgazzola/ros2_spirob_ws/build/controller', 'catkin_cmake_args': None, 'catkin_skip_building_tests': False, 'cmake_args': None, 'cmake_clean_cache': False, 'cmake_clean_first': False, 'cmake_force_configure': False, 'cmake_target': None, 'cmake_target_skip_unavailable': False, 'install_base': '/home/mgazzola/ros2_spirob_ws/install/controller', 'merge_install': False, 'path': '/home/mgazzola/ros2_spirob_ws/src/controller', 'symlink_install': False, 'test_result_base': None}
[1.475s] Level 5:colcon.colcon_core.verb:set package 'joysticker' build argument 'cmake_args' from command line to 'None'
[1.475s] Level 5:colcon.colcon_core.verb:set package 'joysticker' build argument 'cmake_target' from command line to 'None'
[1.476s] Level 5:colcon.colcon_core.verb:set package 'joysticker' build argument 'cmake_target_skip_unavailable' from command line to 'False'
[1.476s] Level 5:colcon.colcon_core.verb:set package 'joysticker' build argument 'cmake_clean_cache' from command line to 'False'
[1.476s] Level 5:colcon.colcon_core.verb:set package 'joysticker' build argument 'cmake_clean_first' from command line to 'False'
[1.476s] Level 5:colcon.colcon_core.verb:set package 'joysticker' build argument 'cmake_force_configure' from command line to 'False'
[1.476s] Level 5:colcon.colcon_core.verb:set package 'joysticker' build argument 'ament_cmake_args' from command line to 'None'
[1.476s] Level 5:colcon.colcon_core.verb:set package 'joysticker' build argument 'catkin_cmake_args' from command line to 'None'
[1.477s] Level 5:colcon.colcon_core.verb:set package 'joysticker' build argument 'catkin_skip_building_tests' from command line to 'False'
[1.477s] DEBUG:colcon.colcon_core.verb:Building package 'joysticker' with the following arguments: {'ament_cmake_args': None, 'build_base': '/home/mgazzola/ros2_spirob_ws/build/joysticker', 'catkin_cmake_args': None, 'catkin_skip_building_tests': False, 'cmake_args': None, 'cmake_clean_cache': False, 'cmake_clean_first': False, 'cmake_force_configure': False, 'cmake_target': None, 'cmake_target_skip_unavailable': False, 'install_base': '/home/mgazzola/ros2_spirob_ws/install/joysticker', 'merge_install': False, 'path': '/home/mgazzola/ros2_spirob_ws/src/joysticker', 'symlink_install': False, 'test_result_base': None}
[1.478s] Level 5:colcon.colcon_core.verb:set package 'load_cell' build argument 'cmake_args' from command line to 'None'
[1.479s] Level 5:colcon.colcon_core.verb:set package 'load_cell' build argument 'cmake_target' from command line to 'None'
[1.479s] Level 5:colcon.colcon_core.verb:set package 'load_cell' build argument 'cmake_target_skip_unavailable' from command line to 'False'
[1.479s] Level 5:colcon.colcon_core.verb:set package 'load_cell' build argument 'cmake_clean_cache' from command line to 'False'
[1.479s] Level 5:colcon.colcon_core.verb:set package 'load_cell' build argument 'cmake_clean_first' from command line to 'False'
[1.479s] Level 5:colcon.colcon_core.verb:set package 'load_cell' build argument 'cmake_force_configure' from command line to 'False'
[1.479s] Level 5:colcon.colcon_core.verb:set package 'load_cell' build argument 'ament_cmake_args' from command line to 'None'
[1.479s] Level 5:colcon.colcon_core.verb:set package 'load_cell' build argument 'catkin_cmake_args' from command line to 'None'
[1.479s] Level 5:colcon.colcon_core.verb:set package 'load_cell' build argument 'catkin_skip_building_tests' from command line to 'False'
[1.479s] DEBUG:colcon.colcon_core.verb:Building package 'load_cell' with the following arguments: {'ament_cmake_args': None, 'build_base': '/home/mgazzola/ros2_spirob_ws/build/load_cell', 'catkin_cmake_args': None, 'catkin_skip_building_tests': False, 'cmake_args': None, 'cmake_clean_cache': False, 'cmake_clean_first': False, 'cmake_force_configure': False, 'cmake_target': None, 'cmake_target_skip_unavailable': False, 'install_base': '/home/mgazzola/ros2_spirob_ws/install/load_cell', 'merge_install': False, 'path': '/home/mgazzola/ros2_spirob_ws/src/load_cell', 'symlink_install': False, 'test_result_base': None}
[1.481s] Level 5:colcon.colcon_core.verb:set package 'motor_driver' build argument 'cmake_args' from command line to 'None'
[1.481s] Level 5:colcon.colcon_core.verb:set package 'motor_driver' build argument 'cmake_target' from command line to 'None'
[1.481s] Level 5:colcon.colcon_core.verb:set package 'motor_driver' build argument 'cmake_target_skip_unavailable' from command line to 'False'
[1.481s] Level 5:colcon.colcon_core.verb:set package 'motor_driver' build argument 'cmake_clean_cache' from command line to 'False'
[1.481s] Level 5:colcon.colcon_core.verb:set package 'motor_driver' build argument 'cmake_clean_first' from command line to 'False'
[1.481s] Level 5:colcon.colcon_core.verb:set package 'motor_driver' build argument 'cmake_force_configure' from command line to 'False'
[1.481s] Level 5:colcon.colcon_core.verb:set package 'motor_driver' build argument 'ament_cmake_args' from command line to 'None'
[1.482s] Level 5:colcon.colcon_core.verb:set package 'motor_driver' build argument 'catkin_cmake_args' from command line to 'None'
[1.482s] Level 5:colcon.colcon_core.verb:set package 'motor_driver' build argument 'catkin_skip_building_tests' from command line to 'False'
[1.482s] DEBUG:colcon.colcon_core.verb:Building package 'motor_driver' with the following arguments: {'ament_cmake_args': None, 'build_base': '/home/mgazzola/ros2_spirob_ws/build/motor_driver', 'catkin_cmake_args': None, 'catkin_skip_building_tests': False, 'cmake_args': None, 'cmake_clean_cache': False, 'cmake_clean_first': False, 'cmake_force_configure': False, 'cmake_target': None, 'cmake_target_skip_unavailable': False, 'install_base': '/home/mgazzola/ros2_spirob_ws/install/motor_driver', 'merge_install': False, 'path': '/home/mgazzola/ros2_spirob_ws/src/motor_driver', 'symlink_install': False, 'test_result_base': None}
[1.484s] Level 5:colcon.colcon_core.verb:set package 'robot_GUI' build argument 'cmake_args' from command line to 'None'
[1.484s] Level 5:colcon.colcon_core.verb:set package 'robot_GUI' build argument 'cmake_target' from command line to 'None'
[1.484s] Level 5:colcon.colcon_core.verb:set package 'robot_GUI' build argument 'cmake_target_skip_unavailable' from command line to 'False'
[1.484s] Level 5:colcon.colcon_core.verb:set package 'robot_GUI' build argument 'cmake_clean_cache' from command line to 'False'
[1.485s] Level 5:colcon.colcon_core.verb:set package 'robot_GUI' build argument 'cmake_clean_first' from command line to 'False'
[1.485s] Level 5:colcon.colcon_core.verb:set package 'robot_GUI' build argument 'cmake_force_configure' from command line to 'False'
[1.485s] Level 5:colcon.colcon_core.verb:set package 'robot_GUI' build argument 'ament_cmake_args' from command line to 'None'
[1.485s] Level 5:colcon.colcon_core.verb:set package 'robot_GUI' build argument 'catkin_cmake_args' from command line to 'None'
[1.485s] Level 5:colcon.colcon_core.verb:set package 'robot_GUI' build argument 'catkin_skip_building_tests' from command line to 'False'
[1.485s] DEBUG:colcon.colcon_core.verb:Building package 'robot_GUI' with the following arguments: {'ament_cmake_args': None, 'build_base': '/home/mgazzola/ros2_spirob_ws/build/robot_GUI', 'catkin_cmake_args': None, 'catkin_skip_building_tests': False, 'cmake_args': None, 'cmake_clean_cache': False, 'cmake_clean_first': False, 'cmake_force_configure': False, 'cmake_target': None, 'cmake_target_skip_unavailable': False, 'install_base': '/home/mgazzola/ros2_spirob_ws/install/robot_GUI', 'merge_install': False, 'path': '/home/mgazzola/ros2_spirob_ws/src/robot_GUI', 'symlink_install': False, 'test_result_base': None}
[1.486s] INFO:colcon.colcon_core.executor:Executing jobs using 'parallel' executor
[1.490s] DEBUG:colcon.colcon_parallel_executor.executor.parallel:run_until_complete
[1.491s] INFO:colcon.colcon_ros.task.ament_python.build:Building ROS package in '/home/mgazzola/ros2_spirob_ws/src/controller' with build type 'ament_python'
[1.493s] Level 1:colcon.colcon_core.shell:create_environment_hook('controller', 'ament_prefix_path')
[1.514s] INFO:colcon.colcon_core.plugin_system:Skipping extension 'colcon_core.shell.bat': Not used on non-Windows systems
[1.516s] INFO:colcon.colcon_core.shell:Creating environment hook '/home/mgazzola/ros2_spirob_ws/install/controller/share/controller/hook/ament_prefix_path.ps1'
[1.518s] INFO:colcon.colcon_core.shell:Creating environment descriptor '/home/mgazzola/ros2_spirob_ws/install/controller/share/controller/hook/ament_prefix_path.dsv'
[1.521s] INFO:colcon.colcon_core.shell:Creating environment hook '/home/mgazzola/ros2_spirob_ws/install/controller/share/controller/hook/ament_prefix_path.sh'
[1.524s] INFO:colcon.colcon_core.shell:Skip shell extension 'powershell' for command environment: Not usable outside of PowerShell
[1.525s] DEBUG:colcon.colcon_core.shell:Skip shell extension 'dsv' for command environment
[1.547s] INFO:colcon.colcon_ros.task.ament_python.build:Building ROS package in '/home/mgazzola/ros2_spirob_ws/src/joysticker' with build type 'ament_python'
[1.548s] Level 1:colcon.colcon_core.shell:create_environment_hook('joysticker', 'ament_prefix_path')
[1.549s] INFO:colcon.colcon_core.shell:Creating environment hook '/home/mgazzola/ros2_spirob_ws/install/joysticker/share/joysticker/hook/ament_prefix_path.ps1'
[1.552s] INFO:colcon.colcon_core.shell:Creating environment descriptor '/home/mgazzola/ros2_spirob_ws/install/joysticker/share/joysticker/hook/ament_prefix_path.dsv'
[1.555s] INFO:colcon.colcon_core.shell:Creating environment hook '/home/mgazzola/ros2_spirob_ws/install/joysticker/share/joysticker/hook/ament_prefix_path.sh'
[1.559s] INFO:colcon.colcon_core.shell:Skip shell extension 'powershell' for command environment: Not usable outside of PowerShell
[1.559s] DEBUG:colcon.colcon_core.shell:Skip shell extension 'dsv' for command environment
[1.573s] INFO:colcon.colcon_ros.task.ament_python.build:Building ROS package in '/home/mgazzola/ros2_spirob_ws/src/load_cell' with build type 'ament_python'
[1.574s] Level 1:colcon.colcon_core.shell:create_environment_hook('load_cell', 'ament_prefix_path')
[1.575s] INFO:colcon.colcon_core.shell:Creating environment hook '/home/mgazzola/ros2_spirob_ws/install/load_cell/share/load_cell/hook/ament_prefix_path.ps1'
[1.579s] INFO:colcon.colcon_core.shell:Creating environment descriptor '/home/mgazzola/ros2_spirob_ws/install/load_cell/share/load_cell/hook/ament_prefix_path.dsv'
[1.583s] INFO:colcon.colcon_core.shell:Creating environment hook '/home/mgazzola/ros2_spirob_ws/install/load_cell/share/load_cell/hook/ament_prefix_path.sh'
[1.595s] INFO:colcon.colcon_core.shell:Skip shell extension 'powershell' for command environment: Not usable outside of PowerShell
[1.595s] DEBUG:colcon.colcon_core.shell:Skip shell extension 'dsv' for command environment
[1.610s] INFO:colcon.colcon_ros.task.ament_python.build:Building ROS package in '/home/mgazzola/ros2_spirob_ws/src/motor_driver' with build type 'ament_python'
[1.611s] Level 1:colcon.colcon_core.shell:create_environment_hook('motor_driver', 'ament_prefix_path')
[1.612s] INFO:colcon.colcon_core.shell:Creating environment hook '/home/mgazzola/ros2_spirob_ws/install/motor_driver/share/motor_driver/hook/ament_prefix_path.ps1'
[1.615s] INFO:colcon.colcon_core.shell:Creating environment descriptor '/home/mgazzola/ros2_spirob_ws/install/motor_driver/share/motor_driver/hook/ament_prefix_path.dsv'
[1.617s] INFO:colcon.colcon_core.shell:Creating environment hook '/home/mgazzola/ros2_spirob_ws/install/motor_driver/share/motor_driver/hook/ament_prefix_path.sh'
[1.620s] INFO:colcon.colcon_core.shell:Skip shell extension 'powershell' for command environment: Not usable outside of PowerShell
[1.620s] DEBUG:colcon.colcon_core.shell:Skip shell extension 'dsv' for command environment
[2.993s] INFO:colcon.colcon_core.task.python.build:Building Python package in '/home/mgazzola/ros2_spirob_ws/src/controller'
[2.996s] INFO:colcon.colcon_core.shell:Skip shell extension 'powershell' for command environment: Not usable outside of PowerShell
[2.996s] DEBUG:colcon.colcon_core.shell:Skip shell extension 'dsv' for command environment
[4.521s] INFO:colcon.colcon_core.task.python.build:Building Python package in '/home/mgazzola/ros2_spirob_ws/src/joysticker'
[4.522s] INFO:colcon.colcon_core.shell:Skip shell extension 'powershell' for command environment: Not usable outside of PowerShell
[4.522s] DEBUG:colcon.colcon_core.shell:Skip shell extension 'dsv' for command environment
[6.200s] INFO:colcon.colcon_core.task.python.build:Building Python package in '/home/mgazzola/ros2_spirob_ws/src/load_cell'
[6.201s] INFO:colcon.colcon_core.shell:Skip shell extension 'powershell' for command environment: Not usable outside of PowerShell
[6.202s] DEBUG:colcon.colcon_core.shell:Skip shell extension 'dsv' for command environment
[7.713s] INFO:colcon.colcon_core.task.python.build:Building Python package in '/home/mgazzola/ros2_spirob_ws/src/motor_driver'
[7.714s] INFO:colcon.colcon_core.shell:Skip shell extension 'powershell' for command environment: Not usable outside of PowerShell
[7.714s] DEBUG:colcon.colcon_core.shell:Skip shell extension 'dsv' for command environment
[13.693s] DEBUG:colcon.colcon_core.event_handler.log_command:Invoking command in '/home/mgazzola/ros2_spirob_ws/src/joysticker': DEBUGINFOD_URLS=https://debuginfod.ubuntu.com PS1=(.venv) \[\e]0;\u@\h: \w\a\]${debian_chroot:+($debian_chroot)}\[\033[01;32m\]\u@\h\[\033[00m\]:\[\033[01;34m\]\w\[\033[00m\]\$ PYTHONPATH=/home/mgazzola/ros2_spirob_ws/build/joysticker/prefix_override:/usr/lib/python3/dist-packages/colcon_core/task/python/colcon_distutils_commands:/home/mgazzola/ros2_spirob_ws/install/joysticker/lib/python3.12/site-packages:${PYTHONPATH} VIRTUAL_ENV_PROMPT=(.venv) /usr/bin/python3 -W ignore:setup.py install is deprecated -W ignore:easy_install command is deprecated setup.py egg_info --egg-base ../../build/joysticker build --build-base /home/mgazzola/ros2_spirob_ws/build/joysticker/build install --record /home/mgazzola/ros2_spirob_ws/build/joysticker/install.log --single-version-externally-managed install_data
[16.047s] DEBUG:colcon.colcon_core.event_handler.log_command:Invoking command in '/home/mgazzola/ros2_spirob_ws/src/controller': DEBUGINFOD_URLS=https://debuginfod.ubuntu.com PS1=(.venv) \[\e]0;\u@\h: \w\a\]${debian_chroot:+($debian_chroot)}\[\033[01;32m\]\u@\h\[\033[00m\]:\[\033[01;34m\]\w\[\033[00m\]\$ PYTHONPATH=/home/mgazzola/ros2_spirob_ws/build/controller/prefix_override:/usr/lib/python3/dist-packages/colcon_core/task/python/colcon_distutils_commands:/home/mgazzola/ros2_spirob_ws/install/controller/lib/python3.12/site-packages:${PYTHONPATH} VIRTUAL_ENV_PROMPT=(.venv) /usr/bin/python3 -W ignore:setup.py install is deprecated -W ignore:easy_install command is deprecated setup.py egg_info --egg-base ../../build/controller build --build-base /home/mgazzola/ros2_spirob_ws/build/controller/build install --record /home/mgazzola/ros2_spirob_ws/build/controller/install.log --single-version-externally-managed install_data
[16.938s] DEBUG:colcon.colcon_core.event_handler.log_command:Invoking command in '/home/mgazzola/ros2_spirob_ws/src/load_cell': DEBUGINFOD_URLS=https://debuginfod.ubuntu.com PS1=(.venv) \[\e]0;\u@\h: \w\a\]${debian_chroot:+($debian_chroot)}\[\033[01;32m\]\u@\h\[\033[00m\]:\[\033[01;34m\]\w\[\033[00m\]\$ PYTHONPATH=/home/mgazzola/ros2_spirob_ws/build/load_cell/prefix_override:/usr/lib/python3/dist-packages/colcon_core/task/python/colcon_distutils_commands:/home/mgazzola/ros2_spirob_ws/install/load_cell/lib/python3.12/site-packages:${PYTHONPATH} VIRTUAL_ENV_PROMPT=(.venv) /usr/bin/python3 -W ignore:setup.py install is deprecated -W ignore:easy_install command is deprecated setup.py egg_info --egg-base ../../build/load_cell build --build-base /home/mgazzola/ros2_spirob_ws/build/load_cell/build install --record /home/mgazzola/ros2_spirob_ws/build/load_cell/install.log --single-version-externally-managed install_data
[18.596s] DEBUG:colcon.colcon_core.event_handler.log_command:Invoking command in '/home/mgazzola/ros2_spirob_ws/src/motor_driver': DEBUGINFOD_URLS=https://debuginfod.ubuntu.com PS1=(.venv) \[\e]0;\u@\h: \w\a\]${debian_chroot:+($debian_chroot)}\[\033[01;32m\]\u@\h\[\033[00m\]:\[\033[01;34m\]\w\[\033[00m\]\$ PYTHONPATH=/home/mgazzola/ros2_spirob_ws/build/motor_driver/prefix_override:/usr/lib/python3/dist-packages/colcon_core/task/python/colcon_distutils_commands:/home/mgazzola/ros2_spirob_ws/install/motor_driver/lib/python3.12/site-packages:${PYTHONPATH} VIRTUAL_ENV_PROMPT=(.venv) /usr/bin/python3 -W ignore:setup.py install is deprecated -W ignore:easy_install command is deprecated setup.py egg_info --egg-base ../../build/motor_driver build --build-base /home/mgazzola/ros2_spirob_ws/build/motor_driver/build install --record /home/mgazzola/ros2_spirob_ws/build/motor_driver/install.log --single-version-externally-managed install_data
[23.031s] DEBUG:colcon.colcon_core.event_handler.log_command:Invoked command in '/home/mgazzola/ros2_spirob_ws/src/joysticker' returned '0': DEBUGINFOD_URLS=https://debuginfod.ubuntu.com PS1=(.venv) \[\e]0;\u@\h: \w\a\]${debian_chroot:+($debian_chroot)}\[\033[01;32m\]\u@\h\[\033[00m\]:\[\033[01;34m\]\w\[\033[00m\]\$ PYTHONPATH=/home/mgazzola/ros2_spirob_ws/build/joysticker/prefix_override:/usr/lib/python3/dist-packages/colcon_core/task/python/colcon_distutils_commands:/home/mgazzola/ros2_spirob_ws/install/joysticker/lib/python3.12/site-packages:${PYTHONPATH} VIRTUAL_ENV_PROMPT=(.venv) /usr/bin/python3 -W ignore:setup.py install is deprecated -W ignore:easy_install command is deprecated setup.py egg_info --egg-base ../../build/joysticker build --build-base /home/mgazzola/ros2_spirob_ws/build/joysticker/build install --record /home/mgazzola/ros2_spirob_ws/build/joysticker/install.log --single-version-externally-managed install_data
[23.184s] Level 1:colcon.colcon_core.environment:checking '/home/mgazzola/ros2_spirob_ws/install/joysticker' for CMake module files
[23.191s] Level 1:colcon.colcon_core.environment:checking '/home/mgazzola/ros2_spirob_ws/install/joysticker' for CMake config files
[23.200s] Level 1:colcon.colcon_core.environment:checking '/home/mgazzola/ros2_spirob_ws/install/joysticker/lib'
[23.202s] Level 1:colcon.colcon_core.environment:checking '/home/mgazzola/ros2_spirob_ws/install/joysticker/bin'
[23.203s] Level 1:colcon.colcon_core.environment:checking '/home/mgazzola/ros2_spirob_ws/install/joysticker/lib/pkgconfig/joysticker.pc'
[23.205s] Level 1:colcon.colcon_core.environment:checking '/home/mgazzola/ros2_spirob_ws/install/joysticker/lib/python3.12/site-packages'
[23.206s] Level 1:colcon.colcon_core.shell:create_environment_hook('joysticker', 'pythonpath')
[23.219s] INFO:colcon.colcon_core.shell:Creating environment hook '/home/mgazzola/ros2_spirob_ws/install/joysticker/share/joysticker/hook/pythonpath.ps1'
[23.234s] INFO:colcon.colcon_core.shell:Creating environment descriptor '/home/mgazzola/ros2_spirob_ws/install/joysticker/share/joysticker/hook/pythonpath.dsv'
[23.238s] INFO:colcon.colcon_core.shell:Creating environment hook '/home/mgazzola/ros2_spirob_ws/install/joysticker/share/joysticker/hook/pythonpath.sh'
[23.245s] Level 1:colcon.colcon_core.environment:checking '/home/mgazzola/ros2_spirob_ws/install/joysticker/bin'
[23.246s] Level 1:colcon.colcon_core.environment:create_environment_scripts_only(joysticker)
[23.249s] INFO:colcon.colcon_core.shell:Creating package script '/home/mgazzola/ros2_spirob_ws/install/joysticker/share/joysticker/package.ps1'
[23.263s] INFO:colcon.colcon_core.shell:Creating package descriptor '/home/mgazzola/ros2_spirob_ws/install/joysticker/share/joysticker/package.dsv'
[23.273s] INFO:colcon.colcon_core.shell:Creating package script '/home/mgazzola/ros2_spirob_ws/install/joysticker/share/joysticker/package.sh'
[23.293s] INFO:colcon.colcon_core.shell:Creating package script '/home/mgazzola/ros2_spirob_ws/install/joysticker/share/joysticker/package.bash'
[23.326s] INFO:colcon.colcon_core.shell:Creating package script '/home/mgazzola/ros2_spirob_ws/install/joysticker/share/joysticker/package.zsh'
[23.342s] Level 1:colcon.colcon_core.environment:create_file_with_runtime_dependencies(/home/mgazzola/ros2_spirob_ws/install/joysticker/share/colcon-core/packages/joysticker)
[23.366s] INFO:colcon.colcon_ros.task.ament_python.build:Building ROS package in '/home/mgazzola/ros2_spirob_ws/src/robot_GUI' with build type 'ament_python'
[23.369s] Level 1:colcon.colcon_core.shell:create_environment_hook('robot_GUI', 'ament_prefix_path')
[23.370s] INFO:colcon.colcon_core.shell:Creating environment hook '/home/mgazzola/ros2_spirob_ws/install/robot_GUI/share/robot_GUI/hook/ament_prefix_path.ps1'
[23.426s] INFO:colcon.colcon_core.shell:Creating environment descriptor '/home/mgazzola/ros2_spirob_ws/install/robot_GUI/share/robot_GUI/hook/ament_prefix_path.dsv'
[23.443s] INFO:colcon.colcon_core.shell:Creating environment hook '/home/mgazzola/ros2_spirob_ws/install/robot_GUI/share/robot_GUI/hook/ament_prefix_path.sh'
[23.451s] INFO:colcon.colcon_core.shell:Skip shell extension 'powershell' for command environment: Not usable outside of PowerShell
[23.475s] DEBUG:colcon.colcon_core.shell:Skip shell extension 'dsv' for command environment
[26.205s] INFO:colcon.colcon_core.task.python.build:Building Python package in '/home/mgazzola/ros2_spirob_ws/src/robot_GUI'
[26.207s] INFO:colcon.colcon_core.shell:Skip shell extension 'powershell' for command environment: Not usable outside of PowerShell
[26.207s] DEBUG:colcon.colcon_core.shell:Skip shell extension 'dsv' for command environment
[26.244s] Level 1:colcon.colcon_core.environment:checking '/home/mgazzola/ros2_spirob_ws/install/controller' for CMake module files
[26.246s] DEBUG:colcon.colcon_core.event_handler.log_command:Invoked command in '/home/mgazzola/ros2_spirob_ws/src/controller' returned '0': DEBUGINFOD_URLS=https://debuginfod.ubuntu.com PS1=(.venv) \[\e]0;\u@\h: \w\a\]${debian_chroot:+($debian_chroot)}\[\033[01;32m\]\u@\h\[\033[00m\]:\[\033[01;34m\]\w\[\033[00m\]\$ PYTHONPATH=/home/mgazzola/ros2_spirob_ws/build/controller/prefix_override:/usr/lib/python3/dist-packages/colcon_core/task/python/colcon_distutils_commands:/home/mgazzola/ros2_spirob_ws/install/controller/lib/python3.12/site-packages:${PYTHONPATH} VIRTUAL_ENV_PROMPT=(.venv) /usr/bin/python3 -W ignore:setup.py install is deprecated -W ignore:easy_install command is deprecated setup.py egg_info --egg-base ../../build/controller build --build-base /home/mgazzola/ros2_spirob_ws/build/controller/build install --record /home/mgazzola/ros2_spirob_ws/build/controller/install.log --single-version-externally-managed install_data
[26.250s] Level 1:colcon.colcon_core.environment:checking '/home/mgazzola/ros2_spirob_ws/install/controller' for CMake config files
[26.259s] Level 1:colcon.colcon_core.environment:checking '/home/mgazzola/ros2_spirob_ws/install/controller/lib'
[26.263s] Level 1:colcon.colcon_core.environment:checking '/home/mgazzola/ros2_spirob_ws/install/controller/bin'
[26.264s] Level 1:colcon.colcon_core.environment:checking '/home/mgazzola/ros2_spirob_ws/install/controller/lib/pkgconfig/controller.pc'
[26.267s] Level 1:colcon.colcon_core.environment:checking '/home/mgazzola/ros2_spirob_ws/install/controller/lib/python3.12/site-packages'
[26.269s] Level 1:colcon.colcon_core.shell:create_environment_hook('controller', 'pythonpath')
[26.270s] INFO:colcon.colcon_core.shell:Creating environment hook '/home/mgazzola/ros2_spirob_ws/install/controller/share/controller/hook/pythonpath.ps1'
[26.273s] INFO:colcon.colcon_core.shell:Creating environment descriptor '/home/mgazzola/ros2_spirob_ws/install/controller/share/controller/hook/pythonpath.dsv'
[26.276s] INFO:colcon.colcon_core.shell:Creating environment hook '/home/mgazzola/ros2_spirob_ws/install/controller/share/controller/hook/pythonpath.sh'
[26.280s] Level 1:colcon.colcon_core.environment:checking '/home/mgazzola/ros2_spirob_ws/install/controller/bin'
[26.281s] Level 1:colcon.colcon_core.environment:create_environment_scripts_only(controller)
[26.282s] INFO:colcon.colcon_core.shell:Creating package script '/home/mgazzola/ros2_spirob_ws/install/controller/share/controller/package.ps1'
[26.285s] INFO:colcon.colcon_core.shell:Creating package descriptor '/home/mgazzola/ros2_spirob_ws/install/controller/share/controller/package.dsv'
[26.288s] INFO:colcon.colcon_core.shell:Creating package script '/home/mgazzola/ros2_spirob_ws/install/controller/share/controller/package.sh'
[26.290s] INFO:colcon.colcon_core.shell:Creating package script '/home/mgazzola/ros2_spirob_ws/install/controller/share/controller/package.bash'
[26.297s] INFO:colcon.colcon_core.shell:Creating package script '/home/mgazzola/ros2_spirob_ws/install/controller/share/controller/package.zsh'
[26.302s] Level 1:colcon.colcon_core.environment:create_file_with_runtime_dependencies(/home/mgazzola/ros2_spirob_ws/install/controller/share/colcon-core/packages/controller)
[26.305s] Level 1:colcon.colcon_core.environment:checking '/home/mgazzola/ros2_spirob_ws/install/load_cell' for CMake module files
[26.311s] Level 1:colcon.colcon_core.environment:checking '/home/mgazzola/ros2_spirob_ws/install/load_cell' for CMake config files
[26.313s] DEBUG:colcon.colcon_core.event_handler.log_command:Invoked command in '/home/mgazzola/ros2_spirob_ws/src/load_cell' returned '0': DEBUGINFOD_URLS=https://debuginfod.ubuntu.com PS1=(.venv) \[\e]0;\u@\h: \w\a\]${debian_chroot:+($debian_chroot)}\[\033[01;32m\]\u@\h\[\033[00m\]:\[\033[01;34m\]\w\[\033[00m\]\$ PYTHONPATH=/home/mgazzola/ros2_spirob_ws/build/load_cell/prefix_override:/usr/lib/python3/dist-packages/colcon_core/task/python/colcon_distutils_commands:/home/mgazzola/ros2_spirob_ws/install/load_cell/lib/python3.12/site-packages:${PYTHONPATH} VIRTUAL_ENV_PROMPT=(.venv) /usr/bin/python3 -W ignore:setup.py install is deprecated -W ignore:easy_install command is deprecated setup.py egg_info --egg-base ../../build/load_cell build --build-base /home/mgazzola/ros2_spirob_ws/build/load_cell/build install --record /home/mgazzola/ros2_spirob_ws/build/load_cell/install.log --single-version-externally-managed install_data
[26.317s] Level 1:colcon.colcon_core.environment:checking '/home/mgazzola/ros2_spirob_ws/install/load_cell/lib'
[26.317s] Level 1:colcon.colcon_core.environment:checking '/home/mgazzola/ros2_spirob_ws/install/load_cell/bin'
[26.318s] Level 1:colcon.colcon_core.environment:checking '/home/mgazzola/ros2_spirob_ws/install/load_cell/lib/pkgconfig/load_cell.pc'
[26.318s] Level 1:colcon.colcon_core.environment:checking '/home/mgazzola/ros2_spirob_ws/install/load_cell/lib/python3.12/site-packages'
[26.319s] Level 1:colcon.colcon_core.shell:create_environment_hook('load_cell', 'pythonpath')
[26.320s] INFO:colcon.colcon_core.shell:Creating environment hook '/home/mgazzola/ros2_spirob_ws/install/load_cell/share/load_cell/hook/pythonpath.ps1'
[26.323s] INFO:colcon.colcon_core.shell:Creating environment descriptor '/home/mgazzola/ros2_spirob_ws/install/load_cell/share/load_cell/hook/pythonpath.dsv'
[26.326s] INFO:colcon.colcon_core.shell:Creating environment hook '/home/mgazzola/ros2_spirob_ws/install/load_cell/share/load_cell/hook/pythonpath.sh'
[26.332s] Level 1:colcon.colcon_core.environment:checking '/home/mgazzola/ros2_spirob_ws/install/load_cell/bin'
[26.332s] Level 1:colcon.colcon_core.environment:create_environment_scripts_only(load_cell)
[26.334s] INFO:colcon.colcon_core.shell:Creating package script '/home/mgazzola/ros2_spirob_ws/install/load_cell/share/load_cell/package.ps1'
[26.341s] INFO:colcon.colcon_core.shell:Creating package descriptor '/home/mgazzola/ros2_spirob_ws/install/load_cell/share/load_cell/package.dsv'
[26.346s] INFO:colcon.colcon_core.shell:Creating package script '/home/mgazzola/ros2_spirob_ws/install/load_cell/share/load_cell/package.sh'
[26.350s] INFO:colcon.colcon_core.shell:Creating package script '/home/mgazzola/ros2_spirob_ws/install/load_cell/share/load_cell/package.bash'
[26.352s] INFO:colcon.colcon_core.shell:Creating package script '/home/mgazzola/ros2_spirob_ws/install/load_cell/share/load_cell/package.zsh'
[26.354s] Level 1:colcon.colcon_core.environment:create_file_with_runtime_dependencies(/home/mgazzola/ros2_spirob_ws/install/load_cell/share/colcon-core/packages/load_cell)
[26.359s] Level 1:colcon.colcon_core.environment:checking '/home/mgazzola/ros2_spirob_ws/install/motor_driver' for CMake module files
[26.362s] DEBUG:colcon.colcon_core.event_handler.log_command:Invoked command in '/home/mgazzola/ros2_spirob_ws/src/motor_driver' returned '0': DEBUGINFOD_URLS=https://debuginfod.ubuntu.com PS1=(.venv) \[\e]0;\u@\h: \w\a\]${debian_chroot:+($debian_chroot)}\[\033[01;32m\]\u@\h\[\033[00m\]:\[\033[01;34m\]\w\[\033[00m\]\$ PYTHONPATH=/home/mgazzola/ros2_spirob_ws/build/motor_driver/prefix_override:/usr/lib/python3/dist-packages/colcon_core/task/python/colcon_distutils_commands:/home/mgazzola/ros2_spirob_ws/install/motor_driver/lib/python3.12/site-packages:${PYTHONPATH} VIRTUAL_ENV_PROMPT=(.venv) /usr/bin/python3 -W ignore:setup.py install is deprecated -W ignore:easy_install command is deprecated setup.py egg_info --egg-base ../../build/motor_driver build --build-base /home/mgazzola/ros2_spirob_ws/build/motor_driver/build install --record /home/mgazzola/ros2_spirob_ws/build/motor_driver/install.log --single-version-externally-managed install_data
[26.364s] Level 1:colcon.colcon_core.environment:checking '/home/mgazzola/ros2_spirob_ws/install/motor_driver' for CMake config files
[26.368s] Level 1:colcon.colcon_core.environment:checking '/home/mgazzola/ros2_spirob_ws/install/motor_driver/lib'
[26.368s] Level 1:colcon.colcon_core.environment:checking '/home/mgazzola/ros2_spirob_ws/install/motor_driver/bin'
[26.369s] Level 1:colcon.colcon_core.environment:checking '/home/mgazzola/ros2_spirob_ws/install/motor_driver/lib/pkgconfig/motor_driver.pc'
[26.370s] Level 1:colcon.colcon_core.environment:checking '/home/mgazzola/ros2_spirob_ws/install/motor_driver/lib/python3.12/site-packages'
[26.370s] Level 1:colcon.colcon_core.shell:create_environment_hook('motor_driver', 'pythonpath')
[26.371s] INFO:colcon.colcon_core.shell:Creating environment hook '/home/mgazzola/ros2_spirob_ws/install/motor_driver/share/motor_driver/hook/pythonpath.ps1'
[26.373s] INFO:colcon.colcon_core.shell:Creating environment descriptor '/home/mgazzola/ros2_spirob_ws/install/motor_driver/share/motor_driver/hook/pythonpath.dsv'
[26.376s] INFO:colcon.colcon_core.shell:Creating environment hook '/home/mgazzola/ros2_spirob_ws/install/motor_driver/share/motor_driver/hook/pythonpath.sh'
[26.382s] Level 1:colcon.colcon_core.environment:checking '/home/mgazzola/ros2_spirob_ws/install/motor_driver/bin'
[26.382s] Level 1:colcon.colcon_core.environment:create_environment_scripts_only(motor_driver)
[26.385s] INFO:colcon.colcon_core.shell:Creating package script '/home/mgazzola/ros2_spirob_ws/install/motor_driver/share/motor_driver/package.ps1'
[26.391s] INFO:colcon.colcon_core.shell:Creating package descriptor '/home/mgazzola/ros2_spirob_ws/install/motor_driver/share/motor_driver/package.dsv'
[26.396s] INFO:colcon.colcon_core.shell:Creating package script '/home/mgazzola/ros2_spirob_ws/install/motor_driver/share/motor_driver/package.sh'
[26.399s] INFO:colcon.colcon_core.shell:Creating package script '/home/mgazzola/ros2_spirob_ws/install/motor_driver/share/motor_driver/package.bash'
[26.402s] INFO:colcon.colcon_core.shell:Creating package script '/home/mgazzola/ros2_spirob_ws/install/motor_driver/share/motor_driver/package.zsh'
[26.403s] Level 1:colcon.colcon_core.environment:create_file_with_runtime_dependencies(/home/mgazzola/ros2_spirob_ws/install/motor_driver/share/colcon-core/packages/motor_driver)
[30.279s] DEBUG:colcon.colcon_core.event_handler.log_command:Invoking command in '/home/mgazzola/ros2_spirob_ws/src/robot_GUI': DEBUGINFOD_URLS=https://debuginfod.ubuntu.com PS1=(.venv) \[\e]0;\u@\h: \w\a\]${debian_chroot:+($debian_chroot)}\[\033[01;32m\]\u@\h\[\033[00m\]:\[\033[01;34m\]\w\[\033[00m\]\$ PYTHONPATH=/home/mgazzola/ros2_spirob_ws/build/robot_GUI/prefix_override:/usr/lib/python3/dist-packages/colcon_core/task/python/colcon_distutils_commands:/home/mgazzola/ros2_spirob_ws/install/robot_GUI/lib/python3.12/site-packages:${PYTHONPATH} VIRTUAL_ENV_PROMPT=(.venv) /usr/bin/python3 -W ignore:setup.py install is deprecated -W ignore:easy_install command is deprecated setup.py egg_info --egg-base ../../build/robot_GUI build --build-base /home/mgazzola/ros2_spirob_ws/build/robot_GUI/build install --record /home/mgazzola/ros2_spirob_ws/build/robot_GUI/install.log --single-version-externally-managed install_data
[34.124s] Level 1:colcon.colcon_core.environment:checking '/home/mgazzola/ros2_spirob_ws/install/robot_GUI' for CMake module files
[34.133s] DEBUG:colcon.colcon_core.event_handler.log_command:Invoked command in '/home/mgazzola/ros2_spirob_ws/src/robot_GUI' returned '0': DEBUGINFOD_URLS=https://debuginfod.ubuntu.com PS1=(.venv) \[\e]0;\u@\h: \w\a\]${debian_chroot:+($debian_chroot)}\[\033[01;32m\]\u@\h\[\033[00m\]:\[\033[01;34m\]\w\[\033[00m\]\$ PYTHONPATH=/home/mgazzola/ros2_spirob_ws/build/robot_GUI/prefix_override:/usr/lib/python3/dist-packages/colcon_core/task/python/colcon_distutils_commands:/home/mgazzola/ros2_spirob_ws/install/robot_GUI/lib/python3.12/site-packages:${PYTHONPATH} VIRTUAL_ENV_PROMPT=(.venv) /usr/bin/python3 -W ignore:setup.py install is deprecated -W ignore:easy_install command is deprecated setup.py egg_info --egg-base ../../build/robot_GUI build --build-base /home/mgazzola/ros2_spirob_ws/build/robot_GUI/build install --record /home/mgazzola/ros2_spirob_ws/build/robot_GUI/install.log --single-version-externally-managed install_data
[34.140s] Level 1:colcon.colcon_core.environment:checking '/home/mgazzola/ros2_spirob_ws/install/robot_GUI' for CMake config files
[34.159s] Level 1:colcon.colcon_core.environment:checking '/home/mgazzola/ros2_spirob_ws/install/robot_GUI/lib'
[34.161s] Level 1:colcon.colcon_core.environment:checking '/home/mgazzola/ros2_spirob_ws/install/robot_GUI/bin'
[34.162s] Level 1:colcon.colcon_core.environment:checking '/home/mgazzola/ros2_spirob_ws/install/robot_GUI/lib/pkgconfig/robot_GUI.pc'
[34.164s] Level 1:colcon.colcon_core.environment:checking '/home/mgazzola/ros2_spirob_ws/install/robot_GUI/lib/python3.12/site-packages'
[34.165s] Level 1:colcon.colcon_core.shell:create_environment_hook('robot_GUI', 'pythonpath')
[34.167s] INFO:colcon.colcon_core.shell:Creating environment hook '/home/mgazzola/ros2_spirob_ws/install/robot_GUI/share/robot_GUI/hook/pythonpath.ps1'
[34.179s] INFO:colcon.colcon_core.shell:Creating environment descriptor '/home/mgazzola/ros2_spirob_ws/install/robot_GUI/share/robot_GUI/hook/pythonpath.dsv'
[34.184s] INFO:colcon.colcon_core.shell:Creating environment hook '/home/mgazzola/ros2_spirob_ws/install/robot_GUI/share/robot_GUI/hook/pythonpath.sh'
[34.193s] Level 1:colcon.colcon_core.environment:checking '/home/mgazzola/ros2_spirob_ws/install/robot_GUI/bin'
[34.194s] Level 1:colcon.colcon_core.environment:create_environment_scripts_only(robot_GUI)
[34.197s] INFO:colcon.colcon_core.shell:Creating package script '/home/mgazzola/ros2_spirob_ws/install/robot_GUI/share/robot_GUI/package.ps1'
[34.203s] INFO:colcon.colcon_core.shell:Creating package descriptor '/home/mgazzola/ros2_spirob_ws/install/robot_GUI/share/robot_GUI/package.dsv'
[34.209s] INFO:colcon.colcon_core.shell:Creating package script '/home/mgazzola/ros2_spirob_ws/install/robot_GUI/share/robot_GUI/package.sh'
[34.214s] INFO:colcon.colcon_core.shell:Creating package script '/home/mgazzola/ros2_spirob_ws/install/robot_GUI/share/robot_GUI/package.bash'
[34.219s] INFO:colcon.colcon_core.shell:Creating package script '/home/mgazzola/ros2_spirob_ws/install/robot_GUI/share/robot_GUI/package.zsh'
[34.235s] Level 1:colcon.colcon_core.environment:create_file_with_runtime_dependencies(/home/mgazzola/ros2_spirob_ws/install/robot_GUI/share/colcon-core/packages/robot_GUI)
[34.243s] DEBUG:colcon.colcon_parallel_executor.executor.parallel:closing loop
[34.250s] DEBUG:colcon.colcon_parallel_executor.executor.parallel:loop closed
[34.251s] DEBUG:colcon.colcon_parallel_executor.executor.parallel:run_until_complete finished with '0'
[34.254s] DEBUG:colcon.colcon_core.event_reactor:joining thread
[34.342s] INFO:colcon.colcon_core.plugin_system:Skipping extension 'colcon_notification.desktop_notification.terminal_notifier': Not used on non-Darwin systems
[34.342s] INFO:colcon.colcon_core.plugin_system:Skipping extension 'colcon_notification.desktop_notification.win32': Not used on non-Windows systems
[34.342s] INFO:colcon.colcon_notification.desktop_notification:Sending desktop notification using 'notify2'
[34.458s] DEBUG:colcon.colcon_core.event_reactor:joined thread
[34.463s] INFO:colcon.colcon_core.shell:Creating prefix script '/home/mgazzola/ros2_spirob_ws/install/local_setup.ps1'
[34.470s] INFO:colcon.colcon_core.shell:Creating prefix util module '/home/mgazzola/ros2_spirob_ws/install/_local_setup_util_ps1.py'
[34.484s] INFO:colcon.colcon_core.shell:Creating prefix chain script '/home/mgazzola/ros2_spirob_ws/install/setup.ps1'
[34.494s] INFO:colcon.colcon_core.shell:Creating prefix script '/home/mgazzola/ros2_spirob_ws/install/local_setup.sh'
[34.498s] INFO:colcon.colcon_core.shell:Creating prefix util module '/home/mgazzola/ros2_spirob_ws/install/_local_setup_util_sh.py'
[34.502s] INFO:colcon.colcon_core.shell:Creating prefix chain script '/home/mgazzola/ros2_spirob_ws/install/setup.sh'
[34.508s] INFO:colcon.colcon_core.shell:Creating prefix script '/home/mgazzola/ros2_spirob_ws/install/local_setup.bash'
[34.511s] INFO:colcon.colcon_core.shell:Creating prefix chain script '/home/mgazzola/ros2_spirob_ws/install/setup.bash'
[34.517s] INFO:colcon.colcon_core.shell:Creating prefix script '/home/mgazzola/ros2_spirob_ws/install/local_setup.zsh'
[34.521s] INFO:colcon.colcon_core.shell:Creating prefix chain script '/home/mgazzola/ros2_spirob_ws/install/setup.zsh'
