running develop
running egg_info
creating load_cell.egg-info
writing load_cell.egg-info/PKG-INFO
writing dependency_links to load_cell.egg-info/dependency_links.txt
writing entry points to load_cell.egg-info/entry_points.txt
writing requirements to load_cell.egg-info/requires.txt
writing top-level names to load_cell.egg-info/top_level.txt
writing manifest file 'load_cell.egg-info/SOURCES.txt'
reading manifest file 'load_cell.egg-info/SOURCES.txt'
writing manifest file 'load_cell.egg-info/SOURCES.txt'
running build_ext
Creating /home/mgazzola/ros2_spirob_ws/install/load_cell/lib/python3.12/site-packages/load-cell.egg-link (link to .)
Installing load_publisher_node script to /home/mgazzola/ros2_spirob_ws/install/load_cell/lib/load_cell

Installed /home/mgazzola/ros2_spirob_ws/build/load_cell
running symlink_data
creating /home/mgazzola/ros2_spirob_ws/install/load_cell/share/ament_index
creating /home/mgazzola/ros2_spirob_ws/install/load_cell/share/ament_index/resource_index
creating /home/mgazzola/ros2_spirob_ws/install/load_cell/share/ament_index/resource_index/packages
symbolically linking /home/mgazzola/ros2_spirob_ws/build/load_cell/resource/load_cell -> /home/mgazzola/ros2_spirob_ws/install/load_cell/share/ament_index/resource_index/packages
symbolically linking /home/mgazzola/ros2_spirob_ws/build/load_cell/package.xml -> /home/mgazzola/ros2_spirob_ws/install/load_cell/share/load_cell
