[10.793s] Invoking command in '/home/mgazzola/ros2_spirob_ws/build/load_cell': DEBUGINFOD_URLS=https://debuginfod.ubuntu.com PS1=(.venv) \[\e]0;\u@\h: \w\a\]${debian_chroot:+($debian_chroot)}\[\033[01;32m\]\u@\h\[\033[00m\]:\[\033[01;34m\]\w\[\033[00m\]\$ PYTHONPATH=/home/mgazzola/ros2_spirob_ws/build/load_cell/prefix_override:/usr/lib/python3/dist-packages/colcon_core/task/python/colcon_distutils_commands:/home/mgazzola/ros2_spirob_ws/install/load_cell/lib/python3.12/site-packages:${PYTHONPATH} VIRTUAL_ENV_PROMPT=(.venv) /usr/bin/python3 -W ignore:setup.py install is deprecated -W ignore:easy_install command is deprecated setup.py develop --editable --build-directory /home/mgazzola/ros2_spirob_ws/build/load_cell/build --no-deps symlink_data
[13.778s] running develop
[16.456s] running egg_info
[16.460s] creating load_cell.egg-info
[16.666s] writing load_cell.egg-info/PKG-INFO
[16.669s] writing dependency_links to load_cell.egg-info/dependency_links.txt
[16.673s] writing entry points to load_cell.egg-info/entry_points.txt
[16.678s] writing requirements to load_cell.egg-info/requires.txt
[16.679s] writing top-level names to load_cell.egg-info/top_level.txt
[16.685s] writing manifest file 'load_cell.egg-info/SOURCES.txt'
[17.055s] reading manifest file 'load_cell.egg-info/SOURCES.txt'
[17.056s] writing manifest file 'load_cell.egg-info/SOURCES.txt'
[17.234s] running build_ext
[17.240s] Creating /home/mgazzola/ros2_spirob_ws/install/load_cell/lib/python3.12/site-packages/load-cell.egg-link (link to .)
[17.246s] Installing load_publisher_node script to /home/mgazzola/ros2_spirob_ws/install/load_cell/lib/load_cell
[17.251s] 
[17.257s] Installed /home/mgazzola/ros2_spirob_ws/build/load_cell
[17.260s] running symlink_data
[17.261s] creating /home/mgazzola/ros2_spirob_ws/install/load_cell/share/ament_index
[17.262s] creating /home/mgazzola/ros2_spirob_ws/install/load_cell/share/ament_index/resource_index
[17.269s] creating /home/mgazzola/ros2_spirob_ws/install/load_cell/share/ament_index/resource_index/packages
[17.270s] symbolically linking /home/mgazzola/ros2_spirob_ws/build/load_cell/resource/load_cell -> /home/mgazzola/ros2_spirob_ws/install/load_cell/share/ament_index/resource_index/packages
[17.275s] symbolically linking /home/mgazzola/ros2_spirob_ws/build/load_cell/package.xml -> /home/mgazzola/ros2_spirob_ws/install/load_cell/share/load_cell
[18.036s] Invoked command in '/home/mgazzola/ros2_spirob_ws/build/load_cell' returned '0': DEBUGINFOD_URLS=https://debuginfod.ubuntu.com PS1=(.venv) \[\e]0;\u@\h: \w\a\]${debian_chroot:+($debian_chroot)}\[\033[01;32m\]\u@\h\[\033[00m\]:\[\033[01;34m\]\w\[\033[00m\]\$ PYTHONPATH=/home/mgazzola/ros2_spirob_ws/build/load_cell/prefix_override:/usr/lib/python3/dist-packages/colcon_core/task/python/colcon_distutils_commands:/home/mgazzola/ros2_spirob_ws/install/load_cell/lib/python3.12/site-packages:${PYTHONPATH} VIRTUAL_ENV_PROMPT=(.venv) /usr/bin/python3 -W ignore:setup.py install is deprecated -W ignore:easy_install command is deprecated setup.py develop --editable --build-directory /home/mgazzola/ros2_spirob_ws/build/load_cell/build --no-deps symlink_data
