[16.980s] Invoking command in '/home/mgazzola/ros2_spirob_ws/src/motor_driver': DEBUGINFOD_URLS=https://debuginfod.ubuntu.com PS1=(.venv) \[\e]0;\u@\h: \w\a\]${debian_chroot:+($debian_chroot)}\[\033[01;32m\]\u@\h\[\033[00m\]:\[\033[01;34m\]\w\[\033[00m\]\$ PYTHONPATH=/home/mgazzola/ros2_spirob_ws/build/motor_driver/prefix_override:/usr/lib/python3/dist-packages/colcon_core/task/python/colcon_distutils_commands:/home/mgazzola/ros2_spirob_ws/install/motor_driver/lib/python3.12/site-packages:${PYTHONPATH} VIRTUAL_ENV_PROMPT=(.venv) /usr/bin/python3 -W ignore:setup.py install is deprecated -W ignore:easy_install command is deprecated setup.py egg_info --egg-base ../../build/motor_driver build --build-base /home/mgazzola/ros2_spirob_ws/build/motor_driver/build install --record /home/mgazzola/ros2_spirob_ws/build/motor_driver/install.log --single-version-externally-managed install_data
[20.070s] running egg_info
[20.284s] writing ../../build/motor_driver/motor_driver.egg-info/PKG-INFO
[20.292s] writing dependency_links to ../../build/motor_driver/motor_driver.egg-info/dependency_links.txt
[20.293s] writing entry points to ../../build/motor_driver/motor_driver.egg-info/entry_points.txt
[20.341s] writing requirements to ../../build/motor_driver/motor_driver.egg-info/requires.txt
[20.346s] writing top-level names to ../../build/motor_driver/motor_driver.egg-info/top_level.txt
[20.788s] reading manifest file '../../build/motor_driver/motor_driver.egg-info/SOURCES.txt'
[20.815s] writing manifest file '../../build/motor_driver/motor_driver.egg-info/SOURCES.txt'
[20.825s] running build
[20.829s] running build_py
[20.835s] running install
[20.866s] running install_lib
[21.122s] running install_data
[21.130s] running install_egg_info
[21.382s] removing '/home/mgazzola/ros2_spirob_ws/install/motor_driver/lib/python3.12/site-packages/motor_driver-0.0.0-py3.12.egg-info' (and everything under it)
[21.383s] Copying ../../build/motor_driver/motor_driver.egg-info to /home/mgazzola/ros2_spirob_ws/install/motor_driver/lib/python3.12/site-packages/motor_driver-0.0.0-py3.12.egg-info
[21.395s] running install_scripts
[24.211s] Installing motor_driver_node script to /home/mgazzola/ros2_spirob_ws/install/motor_driver/lib/motor_driver
[24.213s] Installing motor_publisher_node script to /home/mgazzola/ros2_spirob_ws/install/motor_driver/lib/motor_driver
[24.229s] writing list of installed files to '/home/mgazzola/ros2_spirob_ws/build/motor_driver/install.log'
[24.751s] Invoked command in '/home/mgazzola/ros2_spirob_ws/src/motor_driver' returned '0': DEBUGINFOD_URLS=https://debuginfod.ubuntu.com PS1=(.venv) \[\e]0;\u@\h: \w\a\]${debian_chroot:+($debian_chroot)}\[\033[01;32m\]\u@\h\[\033[00m\]:\[\033[01;34m\]\w\[\033[00m\]\$ PYTHONPATH=/home/mgazzola/ros2_spirob_ws/build/motor_driver/prefix_override:/usr/lib/python3/dist-packages/colcon_core/task/python/colcon_distutils_commands:/home/mgazzola/ros2_spirob_ws/install/motor_driver/lib/python3.12/site-packages:${PYTHONPATH} VIRTUAL_ENV_PROMPT=(.venv) /usr/bin/python3 -W ignore:setup.py install is deprecated -W ignore:easy_install command is deprecated setup.py egg_info --egg-base ../../build/motor_driver build --build-base /home/mgazzola/ros2_spirob_ws/build/motor_driver/build install --record /home/mgazzola/ros2_spirob_ws/build/motor_driver/install.log --single-version-externally-managed install_data
