[8.379s] Invoking command in '/home/mgazzola/ros2_spirob_ws/src/vision': DEBUGINFOD_URLS=https://debuginfod.ubuntu.com PS1=(.venv) \[\e]0;\u@\h: \w\a\]${debian_chroot:+($debian_chroot)}\[\033[01;32m\]\u@\h\[\033[00m\]:\[\033[01;34m\]\w\[\033[00m\]\$ PYTHONPATH=/home/mgazzola/ros2_spirob_ws/build/vision/prefix_override:/usr/lib/python3/dist-packages/colcon_core/task/python/colcon_distutils_commands:/home/mgazzola/ros2_spirob_ws/install/vision/lib/python3.12/site-packages:${PYTHONPATH} VIRTUAL_ENV_PROMPT=(.venv) /usr/bin/python3 -W ignore:setup.py install is deprecated -W ignore:easy_install command is deprecated setup.py egg_info --egg-base ../../build/vision build --build-base /home/mgazzola/ros2_spirob_ws/build/vision/build install --record /home/mgazzola/ros2_spirob_ws/build/vision/install.log --single-version-externally-managed install_data
[10.584s] running egg_info
[10.798s] writing ../../build/vision/vision.egg-info/PKG-INFO
[10.800s] writing dependency_links to ../../build/vision/vision.egg-info/dependency_links.txt
[10.806s] writing entry points to ../../build/vision/vision.egg-info/entry_points.txt
[10.809s] writing requirements to ../../build/vision/vision.egg-info/requires.txt
[10.812s] writing top-level names to ../../build/vision/vision.egg-info/top_level.txt
[11.058s] reading manifest file '../../build/vision/vision.egg-info/SOURCES.txt'
[11.062s] writing manifest file '../../build/vision/vision.egg-info/SOURCES.txt'
[11.062s] running build
[11.063s] running build_py
[11.070s] running install
[11.096s] running install_lib
[11.226s] running install_data
[11.226s] running install_egg_info
[11.434s] removing '/home/mgazzola/ros2_spirob_ws/install/vision/lib/python3.12/site-packages/vision-0.0.0-py3.12.egg-info' (and everything under it)
[11.441s] Copying ../../build/vision/vision.egg-info to /home/mgazzola/ros2_spirob_ws/install/vision/lib/python3.12/site-packages/vision-0.0.0-py3.12.egg-info
[11.463s] running install_scripts
[12.853s] Installing record_video_node script to /home/mgazzola/ros2_spirob_ws/install/vision/lib/vision
[12.857s] writing list of installed files to '/home/mgazzola/ros2_spirob_ws/build/vision/install.log'
[13.068s] Invoked command in '/home/mgazzola/ros2_spirob_ws/src/vision' returned '0': DEBUGINFOD_URLS=https://debuginfod.ubuntu.com PS1=(.venv) \[\e]0;\u@\h: \w\a\]${debian_chroot:+($debian_chroot)}\[\033[01;32m\]\u@\h\[\033[00m\]:\[\033[01;34m\]\w\[\033[00m\]\$ PYTHONPATH=/home/mgazzola/ros2_spirob_ws/build/vision/prefix_override:/usr/lib/python3/dist-packages/colcon_core/task/python/colcon_distutils_commands:/home/mgazzola/ros2_spirob_ws/install/vision/lib/python3.12/site-packages:${PYTHONPATH} VIRTUAL_ENV_PROMPT=(.venv) /usr/bin/python3 -W ignore:setup.py install is deprecated -W ignore:easy_install command is deprecated setup.py egg_info --egg-base ../../build/vision build --build-base /home/mgazzola/ros2_spirob_ws/build/vision/build install --record /home/mgazzola/ros2_spirob_ws/build/vision/install.log --single-version-externally-managed install_data
