[8.970s] Invoking command in '/home/mgazzola/ros2_spirob_ws/src/load_cell': DEBUGINFOD_URLS=https://debuginfod.ubuntu.com PS1=(.venv) \[\e]0;\u@\h: \w\a\]${debian_chroot:+($debian_chroot)}\[\033[01;32m\]\u@\h\[\033[00m\]:\[\033[01;34m\]\w\[\033[00m\]\$ PYTHONPATH=/home/mgazzola/ros2_spirob_ws/build/load_cell/prefix_override:/usr/lib/python3/dist-packages/colcon_core/task/python/colcon_distutils_commands:/home/mgazzola/ros2_spirob_ws/install/load_cell/lib/python3.12/site-packages:${PYTHONPATH} VIRTUAL_ENV_PROMPT=(.venv) /usr/bin/python3 -W ignore:setup.py install is deprecated -W ignore:easy_install command is deprecated setup.py egg_info --egg-base ../../build/load_cell build --build-base /home/mgazzola/ros2_spirob_ws/build/load_cell/build install --record /home/mgazzola/ros2_spirob_ws/build/load_cell/install.log --single-version-externally-managed install_data
[10.780s] running egg_info
[10.919s] writing ../../build/load_cell/load_cell.egg-info/PKG-INFO
[10.921s] writing dependency_links to ../../build/load_cell/load_cell.egg-info/dependency_links.txt
[10.925s] writing entry points to ../../build/load_cell/load_cell.egg-info/entry_points.txt
[10.928s] writing requirements to ../../build/load_cell/load_cell.egg-info/requires.txt
[10.931s] writing top-level names to ../../build/load_cell/load_cell.egg-info/top_level.txt
[11.262s] reading manifest file '../../build/load_cell/load_cell.egg-info/SOURCES.txt'
[11.272s] writing manifest file '../../build/load_cell/load_cell.egg-info/SOURCES.txt'
[11.276s] running build
[11.280s] running build_py
[11.283s] running install
[11.314s] running install_lib
[11.693s] running install_data
[11.699s] running install_egg_info
[11.837s] removing '/home/mgazzola/ros2_spirob_ws/install/load_cell/lib/python3.12/site-packages/load_cell-0.0.0-py3.12.egg-info' (and everything under it)
[11.847s] Copying ../../build/load_cell/load_cell.egg-info to /home/mgazzola/ros2_spirob_ws/install/load_cell/lib/python3.12/site-packages/load_cell-0.0.0-py3.12.egg-info
[11.855s] running install_scripts
[12.952s] Installing load_publisher_node script to /home/mgazzola/ros2_spirob_ws/install/load_cell/lib/load_cell
[12.955s] writing list of installed files to '/home/mgazzola/ros2_spirob_ws/build/load_cell/install.log'
[14.140s] Invoked command in '/home/mgazzola/ros2_spirob_ws/src/load_cell' returned '0': DEBUGINFOD_URLS=https://debuginfod.ubuntu.com PS1=(.venv) \[\e]0;\u@\h: \w\a\]${debian_chroot:+($debian_chroot)}\[\033[01;32m\]\u@\h\[\033[00m\]:\[\033[01;34m\]\w\[\033[00m\]\$ PYTHONPATH=/home/mgazzola/ros2_spirob_ws/build/load_cell/prefix_override:/usr/lib/python3/dist-packages/colcon_core/task/python/colcon_distutils_commands:/home/mgazzola/ros2_spirob_ws/install/load_cell/lib/python3.12/site-packages:${PYTHONPATH} VIRTUAL_ENV_PROMPT=(.venv) /usr/bin/python3 -W ignore:setup.py install is deprecated -W ignore:easy_install command is deprecated setup.py egg_info --egg-base ../../build/load_cell build --build-base /home/mgazzola/ros2_spirob_ws/build/load_cell/build install --record /home/mgazzola/ros2_spirob_ws/build/load_cell/install.log --single-version-externally-managed install_data
