[8.342s] Invoking command in '/home/mgazzola/ros2_spirob_ws/src/data_transfer': DEBUGINFOD_URLS=https://debuginfod.ubuntu.com PS1=(.venv) \[\e]0;\u@\h: \w\a\]${debian_chroot:+($debian_chroot)}\[\033[01;32m\]\u@\h\[\033[00m\]:\[\033[01;34m\]\w\[\033[00m\]\$ PYTHONPATH=/home/mgazzola/ros2_spirob_ws/build/data_transfer/prefix_override:/usr/lib/python3/dist-packages/colcon_core/task/python/colcon_distutils_commands:/home/mgazzola/ros2_spirob_ws/install/data_transfer/lib/python3.12/site-packages:${PYTHONPATH} VIRTUAL_ENV_PROMPT=(.venv) /usr/bin/python3 -W ignore:setup.py install is deprecated -W ignore:easy_install command is deprecated setup.py egg_info --egg-base ../../build/data_transfer build --build-base /home/mgazzola/ros2_spirob_ws/build/data_transfer/build install --record /home/mgazzola/ros2_spirob_ws/build/data_transfer/install.log --single-version-externally-managed install_data
[10.436s] running egg_info
[10.572s] writing ../../build/data_transfer/data_transfer.egg-info/PKG-INFO
[10.576s] writing dependency_links to ../../build/data_transfer/data_transfer.egg-info/dependency_links.txt
[10.581s] writing entry points to ../../build/data_transfer/data_transfer.egg-info/entry_points.txt
[10.587s] writing requirements to ../../build/data_transfer/data_transfer.egg-info/requires.txt
[10.591s] writing top-level names to ../../build/data_transfer/data_transfer.egg-info/top_level.txt
[10.876s] reading manifest file '../../build/data_transfer/data_transfer.egg-info/SOURCES.txt'
[10.880s] writing manifest file '../../build/data_transfer/data_transfer.egg-info/SOURCES.txt'
[10.886s] running build
[10.887s] running build_py
[10.890s] running install
[10.919s] running install_lib
[11.055s] running install_data
[11.058s] running install_egg_info
[11.193s] removing '/home/mgazzola/ros2_spirob_ws/install/data_transfer/lib/python3.12/site-packages/data_transfer-0.0.0-py3.12.egg-info' (and everything under it)
[11.195s] Copying ../../build/data_transfer/data_transfer.egg-info to /home/mgazzola/ros2_spirob_ws/install/data_transfer/lib/python3.12/site-packages/data_transfer-0.0.0-py3.12.egg-info
[11.204s] running install_scripts
[12.668s] Installing rsync_trigger script to /home/mgazzola/ros2_spirob_ws/install/data_transfer/lib/data_transfer
[12.671s] writing list of installed files to '/home/mgazzola/ros2_spirob_ws/build/data_transfer/install.log'
[12.945s] Invoked command in '/home/mgazzola/ros2_spirob_ws/src/data_transfer' returned '0': DEBUGINFOD_URLS=https://debuginfod.ubuntu.com PS1=(.venv) \[\e]0;\u@\h: \w\a\]${debian_chroot:+($debian_chroot)}\[\033[01;32m\]\u@\h\[\033[00m\]:\[\033[01;34m\]\w\[\033[00m\]\$ PYTHONPATH=/home/mgazzola/ros2_spirob_ws/build/data_transfer/prefix_override:/usr/lib/python3/dist-packages/colcon_core/task/python/colcon_distutils_commands:/home/mgazzola/ros2_spirob_ws/install/data_transfer/lib/python3.12/site-packages:${PYTHONPATH} VIRTUAL_ENV_PROMPT=(.venv) /usr/bin/python3 -W ignore:setup.py install is deprecated -W ignore:easy_install command is deprecated setup.py egg_info --egg-base ../../build/data_transfer build --build-base /home/mgazzola/ros2_spirob_ws/build/data_transfer/build install --record /home/mgazzola/ros2_spirob_ws/build/data_transfer/install.log --single-version-externally-managed install_data
