[4.106s] Invoking command in '/home/mgazzola/ros2_spirob_ws/src/motor_driver': DEBUGINFOD_URLS=https://debuginfod.ubuntu.com PYTHONPATH=/home/mgazzola/ros2_spirob_ws/build/motor_driver/prefix_override:/usr/lib/python3/dist-packages/colcon_core/task/python/colcon_distutils_commands:/home/mgazzola/ros2_spirob_ws/install/motor_driver/lib/python3.12/site-packages:${PYTHONPATH} /usr/bin/python3 -W ignore:setup.py install is deprecated -W ignore:easy_install command is deprecated setup.py egg_info --egg-base ../../build/motor_driver build --build-base /home/mgazzola/ros2_spirob_ws/build/motor_driver/build install --record /home/mgazzola/ros2_spirob_ws/build/motor_driver/install.log --single-version-externally-managed install_data
[5.689s] running egg_info
[5.782s] writing ../../build/motor_driver/motor_driver.egg-info/PKG-INFO
[5.783s] writing dependency_links to ../../build/motor_driver/motor_driver.egg-info/dependency_links.txt
[5.787s] writing entry points to ../../build/motor_driver/motor_driver.egg-info/entry_points.txt
[5.788s] writing requirements to ../../build/motor_driver/motor_driver.egg-info/requires.txt
[5.789s] writing top-level names to ../../build/motor_driver/motor_driver.egg-info/top_level.txt
[5.992s] reading manifest file '../../build/motor_driver/motor_driver.egg-info/SOURCES.txt'
[5.996s] writing manifest file '../../build/motor_driver/motor_driver.egg-info/SOURCES.txt'
[5.996s] running build
[5.997s] running build_py
[6.001s] copying motor_driver/motor_publisher_node.py -> /home/mgazzola/ros2_spirob_ws/build/motor_driver/build/lib/motor_driver
[6.001s] running install
[6.028s] running install_lib
[6.122s] copying /home/mgazzola/ros2_spirob_ws/build/motor_driver/build/lib/motor_driver/motor_publisher_node.py -> /home/mgazzola/ros2_spirob_ws/install/motor_driver/lib/python3.12/site-packages/motor_driver
[6.127s] byte-compiling /home/mgazzola/ros2_spirob_ws/install/motor_driver/lib/python3.12/site-packages/motor_driver/motor_publisher_node.py to motor_publisher_node.cpython-312.pyc
[6.132s] running install_data
[6.134s] running install_egg_info
[6.259s] removing '/home/mgazzola/ros2_spirob_ws/install/motor_driver/lib/python3.12/site-packages/motor_driver-0.0.0-py3.12.egg-info' (and everything under it)
[6.268s] Copying ../../build/motor_driver/motor_driver.egg-info to /home/mgazzola/ros2_spirob_ws/install/motor_driver/lib/python3.12/site-packages/motor_driver-0.0.0-py3.12.egg-info
[6.273s] running install_scripts
[7.069s] Installing motor_driver_node script to /home/mgazzola/ros2_spirob_ws/install/motor_driver/lib/motor_driver
[7.070s] Installing motor_publisher_node script to /home/mgazzola/ros2_spirob_ws/install/motor_driver/lib/motor_driver
[7.073s] writing list of installed files to '/home/mgazzola/ros2_spirob_ws/build/motor_driver/install.log'
[7.237s] Invoked command in '/home/mgazzola/ros2_spirob_ws/src/motor_driver' returned '0': DEBUGINFOD_URLS=https://debuginfod.ubuntu.com PYTHONPATH=/home/mgazzola/ros2_spirob_ws/build/motor_driver/prefix_override:/usr/lib/python3/dist-packages/colcon_core/task/python/colcon_distutils_commands:/home/mgazzola/ros2_spirob_ws/install/motor_driver/lib/python3.12/site-packages:${PYTHONPATH} /usr/bin/python3 -W ignore:setup.py install is deprecated -W ignore:easy_install command is deprecated setup.py egg_info --egg-base ../../build/motor_driver build --build-base /home/mgazzola/ros2_spirob_ws/build/motor_driver/build install --record /home/mgazzola/ros2_spirob_ws/build/motor_driver/install.log --single-version-externally-managed install_data
