[0.000000] (-) TimerEvent: {}
[0.000980] (controller) JobQueued: {'identifier': 'controller', 'dependencies': OrderedDict()}
[0.001938] (joysticker) JobQueued: {'identifier': 'joysticker', 'dependencies': OrderedDict()}
[0.002555] (load_cell) JobQueued: {'identifier': 'load_cell', 'dependencies': OrderedDict()}
[0.003225] (motor_driver) JobQueued: {'identifier': 'motor_driver', 'dependencies': OrderedDict()}
[0.003778] (robot_gui) JobQueued: {'identifier': 'robot_gui', 'dependencies': OrderedDict()}
[0.003960] (spirob_bringup) JobQueued: {'identifier': 'spirob_bringup', 'dependencies': OrderedDict()}
[0.004042] (vision) JobQueued: {'identifier': 'vision', 'dependencies': OrderedDict()}
[0.004116] (controller) JobStarted: {'identifier': 'controller'}
[0.042417] (joysticker) JobStarted: {'identifier': 'joysticker'}
[0.070949] (load_cell) JobStarted: {'identifier': 'load_cell'}
[0.099153] (-) TimerEvent: {}
[0.100564] (motor_driver) JobStarted: {'identifier': 'motor_driver'}
[0.199332] (-) TimerEvent: {}
[0.300051] (-) TimerEvent: {}
[0.400746] (-) TimerEvent: {}
[0.501412] (-) TimerEvent: {}
[0.602080] (-) TimerEvent: {}
[0.702749] (-) TimerEvent: {}
[0.803429] (-) TimerEvent: {}
[0.904058] (-) TimerEvent: {}
[1.004884] (-) TimerEvent: {}
[1.106150] (-) TimerEvent: {}
[1.206953] (-) TimerEvent: {}
[1.307698] (-) TimerEvent: {}
[1.408473] (-) TimerEvent: {}
[1.509153] (-) TimerEvent: {}
[1.609834] (-) TimerEvent: {}
[1.701282] (joysticker) JobEnded: {'identifier': 'joysticker', 'rc': 0}
[1.710065] (-) TimerEvent: {}
[1.810881] (-) TimerEvent: {}
[1.911513] (-) TimerEvent: {}
[2.012148] (-) TimerEvent: {}
[2.112853] (-) TimerEvent: {}
[2.213485] (-) TimerEvent: {}
[2.314093] (-) TimerEvent: {}
[2.414749] (-) TimerEvent: {}
[2.515356] (-) TimerEvent: {}
[2.616115] (-) TimerEvent: {}
[2.659793] (controller) JobEnded: {'identifier': 'controller', 'rc': 'SIGINT'}
[2.663059] (motor_driver) JobEnded: {'identifier': 'motor_driver', 'rc': 'SIGINT'}
[2.664747] (load_cell) JobEnded: {'identifier': 'load_cell', 'rc': 'SIGINT'}
[2.674455] (robot_gui) JobSkipped: {'identifier': 'robot_gui'}
[2.674651] (spirob_bringup) JobSkipped: {'identifier': 'spirob_bringup'}
[2.674724] (vision) JobSkipped: {'identifier': 'vision'}
[2.674791] (-) EventReactorShutdown: {}
