running egg_info
writing ../../build/action/action.egg-info/PKG-INFO
writing dependency_links to ../../build/action/action.egg-info/dependency_links.txt
writing entry points to ../../build/action/action.egg-info/entry_points.txt
writing requirements to ../../build/action/action.egg-info/requires.txt
writing top-level names to ../../build/action/action.egg-info/top_level.txt
reading manifest file '../../build/action/action.egg-info/SOURCES.txt'
writing manifest file '../../build/action/action.egg-info/SOURCES.txt'
running build
running build_py
copying action/motor_cmd_action.py -> /home/mgazzola/ros2_spirob_ws/build/action/build/lib/action
running install
running install_lib
copying /home/mgazzola/ros2_spirob_ws/build/action/build/lib/action/motor_cmd_action.py -> /home/mgazzola/ros2_spirob_ws/install/action/lib/python3.12/site-packages/action
byte-compiling /home/mgazzola/ros2_spirob_ws/install/action/lib/python3.12/site-packages/action/motor_cmd_action.py to motor_cmd_action.cpython-312.pyc
running install_data
running install_egg_info
removing '/home/mgazzola/ros2_spirob_ws/install/action/lib/python3.12/site-packages/action-0.0.0-py3.12.egg-info' (and everything under it)
Copying ../../build/action/action.egg-info to /home/mgazzola/ros2_spirob_ws/install/action/lib/python3.12/site-packages/action-0.0.0-py3.12.egg-info
running install_scripts
Installing motor_cmd_action script to /home/mgazzola/ros2_spirob_ws/install/action/lib/action
writing list of installed files to '/home/mgazzola/ros2_spirob_ws/build/action/install.log'
