[4.077s] Invoking command in '/home/mgazzola/ros2_spirob_ws/src/action': DEBUGINFOD_URLS=https://debuginfod.ubuntu.com PYTHONPATH=/home/mgazzola/ros2_spirob_ws/build/action/prefix_override:/usr/lib/python3/dist-packages/colcon_core/task/python/colcon_distutils_commands:/home/mgazzola/ros2_spirob_ws/install/action/lib/python3.12/site-packages:${PYTHONPATH} /usr/bin/python3 -W ignore:setup.py install is deprecated -W ignore:easy_install command is deprecated setup.py egg_info --egg-base ../../build/action build --build-base /home/mgazzola/ros2_spirob_ws/build/action/build install --record /home/mgazzola/ros2_spirob_ws/build/action/install.log --single-version-externally-managed install_data
[5.385s] running egg_info
[5.475s] writing ../../build/action/action.egg-info/PKG-INFO
[5.476s] writing dependency_links to ../../build/action/action.egg-info/dependency_links.txt
[5.480s] writing entry points to ../../build/action/action.egg-info/entry_points.txt
[5.481s] writing requirements to ../../build/action/action.egg-info/requires.txt
[5.482s] writing top-level names to ../../build/action/action.egg-info/top_level.txt
[5.669s] reading manifest file '../../build/action/action.egg-info/SOURCES.txt'
[5.672s] writing manifest file '../../build/action/action.egg-info/SOURCES.txt'
[5.673s] running build
[5.673s] running build_py
[5.674s] copying action/motor_cmd_action.py -> /home/mgazzola/ros2_spirob_ws/build/action/build/lib/action
[5.675s] running install
[5.700s] running install_lib
[5.791s] copying /home/mgazzola/ros2_spirob_ws/build/action/build/lib/action/motor_cmd_action.py -> /home/mgazzola/ros2_spirob_ws/install/action/lib/python3.12/site-packages/action
[5.794s] byte-compiling /home/mgazzola/ros2_spirob_ws/install/action/lib/python3.12/site-packages/action/motor_cmd_action.py to motor_cmd_action.cpython-312.pyc
[5.797s] running install_data
[5.797s] running install_egg_info
[5.903s] removing '/home/mgazzola/ros2_spirob_ws/install/action/lib/python3.12/site-packages/action-0.0.0-py3.12.egg-info' (and everything under it)
[5.905s] Copying ../../build/action/action.egg-info to /home/mgazzola/ros2_spirob_ws/install/action/lib/python3.12/site-packages/action-0.0.0-py3.12.egg-info
[5.911s] running install_scripts
[6.609s] Installing motor_cmd_action script to /home/mgazzola/ros2_spirob_ws/install/action/lib/action
[6.610s] writing list of installed files to '/home/mgazzola/ros2_spirob_ws/build/action/install.log'
[6.759s] Invoked command in '/home/mgazzola/ros2_spirob_ws/src/action' returned '0': DEBUGINFOD_URLS=https://debuginfod.ubuntu.com PYTHONPATH=/home/mgazzola/ros2_spirob_ws/build/action/prefix_override:/usr/lib/python3/dist-packages/colcon_core/task/python/colcon_distutils_commands:/home/mgazzola/ros2_spirob_ws/install/action/lib/python3.12/site-packages:${PYTHONPATH} /usr/bin/python3 -W ignore:setup.py install is deprecated -W ignore:easy_install command is deprecated setup.py egg_info --egg-base ../../build/action build --build-base /home/mgazzola/ros2_spirob_ws/build/action/build install --record /home/mgazzola/ros2_spirob_ws/build/action/install.log --single-version-externally-managed install_data
