[8.227s] Invoking command in '/home/mgazzola/ros2_spirob_ws/build/joysticker': DEBUGINFOD_URLS=https://debuginfod.ubuntu.com PS1=(.venv) \[\e]0;\u@\h: \w\a\]${debian_chroot:+($debian_chroot)}\[\033[01;32m\]\u@\h\[\033[00m\]:\[\033[01;34m\]\w\[\033[00m\]\$ PYTHONPATH=/home/mgazzola/ros2_spirob_ws/build/joysticker/prefix_override:/usr/lib/python3/dist-packages/colcon_core/task/python/colcon_distutils_commands:/home/mgazzola/ros2_spirob_ws/install/joysticker/lib/python3.12/site-packages:${PYTHONPATH} VIRTUAL_ENV_PROMPT=(.venv) /usr/bin/python3 -W ignore:setup.py install is deprecated -W ignore:easy_install command is deprecated setup.py develop --editable --build-directory /home/mgazzola/ros2_spirob_ws/build/joysticker/build --no-deps symlink_data
[13.149s] running develop
[14.930s] running egg_info
[14.930s] creating joysticker.egg-info
[15.121s] writing joysticker.egg-info/PKG-INFO
[15.122s] writing dependency_links to joysticker.egg-info/dependency_links.txt
[15.133s] writing entry points to joysticker.egg-info/entry_points.txt
[15.134s] writing requirements to joysticker.egg-info/requires.txt
[15.142s] writing top-level names to joysticker.egg-info/top_level.txt
[15.147s] writing manifest file 'joysticker.egg-info/SOURCES.txt'
[15.759s] reading manifest file 'joysticker.egg-info/SOURCES.txt'
[15.762s] writing manifest file 'joysticker.egg-info/SOURCES.txt'
[16.325s] running build_ext
[16.334s] Creating /home/mgazzola/ros2_spirob_ws/install/joysticker/lib/python3.12/site-packages/joysticker.egg-link (link to .)
[16.350s] Installing joysticker_publisher_node script to /home/mgazzola/ros2_spirob_ws/install/joysticker/lib/joysticker
[16.358s] 
[16.359s] Installed /home/mgazzola/ros2_spirob_ws/build/joysticker
[16.361s] running symlink_data
[16.365s] creating /home/mgazzola/ros2_spirob_ws/install/joysticker/share/ament_index
[16.374s] creating /home/mgazzola/ros2_spirob_ws/install/joysticker/share/ament_index/resource_index
[16.375s] creating /home/mgazzola/ros2_spirob_ws/install/joysticker/share/ament_index/resource_index/packages
[16.382s] symbolically linking /home/mgazzola/ros2_spirob_ws/build/joysticker/resource/joysticker -> /home/mgazzola/ros2_spirob_ws/install/joysticker/share/ament_index/resource_index/packages
[16.387s] symbolically linking /home/mgazzola/ros2_spirob_ws/build/joysticker/package.xml -> /home/mgazzola/ros2_spirob_ws/install/joysticker/share/joysticker
[18.113s] Invoked command in '/home/mgazzola/ros2_spirob_ws/build/joysticker' returned '0': DEBUGINFOD_URLS=https://debuginfod.ubuntu.com PS1=(.venv) \[\e]0;\u@\h: \w\a\]${debian_chroot:+($debian_chroot)}\[\033[01;32m\]\u@\h\[\033[00m\]:\[\033[01;34m\]\w\[\033[00m\]\$ PYTHONPATH=/home/mgazzola/ros2_spirob_ws/build/joysticker/prefix_override:/usr/lib/python3/dist-packages/colcon_core/task/python/colcon_distutils_commands:/home/mgazzola/ros2_spirob_ws/install/joysticker/lib/python3.12/site-packages:${PYTHONPATH} VIRTUAL_ENV_PROMPT=(.venv) /usr/bin/python3 -W ignore:setup.py install is deprecated -W ignore:easy_install command is deprecated setup.py develop --editable --build-directory /home/mgazzola/ros2_spirob_ws/build/joysticker/build --no-deps symlink_data
