[3.679s] Invoking command in '/home/mgazzola/ros2_spirob_ws/src/motor_driver': DEBUGINFOD_URLS=https://debuginfod.ubuntu.com PS1=(.venv) \[\e]0;\u@\h: \w\a\]${debian_chroot:+($debian_chroot)}\[\033[01;32m\]\u@\h\[\033[00m\]:\[\033[01;34m\]\w\[\033[00m\]\$ PYTHONPATH=/home/mgazzola/ros2_spirob_ws/build/motor_driver/prefix_override:/usr/lib/python3/dist-packages/colcon_core/task/python/colcon_distutils_commands:/home/mgazzola/ros2_spirob_ws/install/motor_driver/lib/python3.12/site-packages:${PYTHONPATH} VIRTUAL_ENV_PROMPT=(.venv) /usr/bin/python3 -W ignore:setup.py install is deprecated -W ignore:easy_install command is deprecated setup.py egg_info --egg-base ../../build/motor_driver build --build-base /home/mgazzola/ros2_spirob_ws/build/motor_driver/build install --record /home/mgazzola/ros2_spirob_ws/build/motor_driver/install.log --single-version-externally-managed install_data
[4.853s] running egg_info
[4.931s] writing ../../build/motor_driver/motor_driver.egg-info/PKG-INFO
[4.932s] writing dependency_links to ../../build/motor_driver/motor_driver.egg-info/dependency_links.txt
[4.936s] writing entry points to ../../build/motor_driver/motor_driver.egg-info/entry_points.txt
[4.937s] writing requirements to ../../build/motor_driver/motor_driver.egg-info/requires.txt
[4.938s] writing top-level names to ../../build/motor_driver/motor_driver.egg-info/top_level.txt
[5.105s] reading manifest file '../../build/motor_driver/motor_driver.egg-info/SOURCES.txt'
[5.109s] writing manifest file '../../build/motor_driver/motor_driver.egg-info/SOURCES.txt'
[5.109s] running build
[5.110s] running build_py
[5.111s] copying motor_driver/motor_publisher_node.py -> /home/mgazzola/ros2_spirob_ws/build/motor_driver/build/lib/motor_driver
[5.113s] running install
[5.139s] running install_lib
[5.220s] copying /home/mgazzola/ros2_spirob_ws/build/motor_driver/build/lib/motor_driver/motor_publisher_node.py -> /home/mgazzola/ros2_spirob_ws/install/motor_driver/lib/python3.12/site-packages/motor_driver
[5.224s] byte-compiling /home/mgazzola/ros2_spirob_ws/install/motor_driver/lib/python3.12/site-packages/motor_driver/motor_publisher_node.py to motor_publisher_node.cpython-312.pyc
[5.227s] running install_data
[5.229s] running install_egg_info
[5.315s] removing '/home/mgazzola/ros2_spirob_ws/install/motor_driver/lib/python3.12/site-packages/motor_driver-0.0.0-py3.12.egg-info' (and everything under it)
[5.317s] Copying ../../build/motor_driver/motor_driver.egg-info to /home/mgazzola/ros2_spirob_ws/install/motor_driver/lib/python3.12/site-packages/motor_driver-0.0.0-py3.12.egg-info
[5.324s] running install_scripts
[5.948s] Installing motor_driver_node script to /home/mgazzola/ros2_spirob_ws/install/motor_driver/lib/motor_driver
[5.949s] Installing motor_publisher_node script to /home/mgazzola/ros2_spirob_ws/install/motor_driver/lib/motor_driver
[5.953s] writing list of installed files to '/home/mgazzola/ros2_spirob_ws/build/motor_driver/install.log'
[6.109s] Invoked command in '/home/mgazzola/ros2_spirob_ws/src/motor_driver' returned '0': DEBUGINFOD_URLS=https://debuginfod.ubuntu.com PS1=(.venv) \[\e]0;\u@\h: \w\a\]${debian_chroot:+($debian_chroot)}\[\033[01;32m\]\u@\h\[\033[00m\]:\[\033[01;34m\]\w\[\033[00m\]\$ PYTHONPATH=/home/mgazzola/ros2_spirob_ws/build/motor_driver/prefix_override:/usr/lib/python3/dist-packages/colcon_core/task/python/colcon_distutils_commands:/home/mgazzola/ros2_spirob_ws/install/motor_driver/lib/python3.12/site-packages:${PYTHONPATH} VIRTUAL_ENV_PROMPT=(.venv) /usr/bin/python3 -W ignore:setup.py install is deprecated -W ignore:easy_install command is deprecated setup.py egg_info --egg-base ../../build/motor_driver build --build-base /home/mgazzola/ros2_spirob_ws/build/motor_driver/build install --record /home/mgazzola/ros2_spirob_ws/build/motor_driver/install.log --single-version-externally-managed install_data
