[7.648s] Invoking command in '/home/mgazzola/ros2_spirob_ws/build/joysticker': DEBUGINFOD_URLS=https://debuginfod.ubuntu.com PS1=(.venv) \[\e]0;\u@\h: \w\a\]${debian_chroot:+($debian_chroot)}\[\033[01;32m\]\u@\h\[\033[00m\]:\[\033[01;34m\]\w\[\033[00m\]\$ PYTHONPATH=/home/mgazzola/ros2_spirob_ws/build/joysticker/prefix_override:/usr/lib/python3/dist-packages/colcon_core/task/python/colcon_distutils_commands:/home/mgazzola/ros2_spirob_ws/install/joysticker/lib/python3.12/site-packages:${PYTHONPATH} VIRTUAL_ENV_PROMPT=(.venv) /usr/bin/python3 -W ignore:setup.py install is deprecated -W ignore:easy_install command is deprecated setup.py develop --uninstall --editable --build-directory /home/mgazzola/ros2_spirob_ws/build/joysticker/build
[9.714s] running develop
[11.108s] Removing /home/mgazzola/ros2_spirob_ws/install/joysticker/lib/python3.12/site-packages/joysticker.egg-link (link to .)
[11.379s] Invoked command in '/home/mgazzola/ros2_spirob_ws/build/joysticker' returned '0': DEBUGINFOD_URLS=https://debuginfod.ubuntu.com PS1=(.venv) \[\e]0;\u@\h: \w\a\]${debian_chroot:+($debian_chroot)}\[\033[01;32m\]\u@\h\[\033[00m\]:\[\033[01;34m\]\w\[\033[00m\]\$ PYTHONPATH=/home/mgazzola/ros2_spirob_ws/build/joysticker/prefix_override:/usr/lib/python3/dist-packages/colcon_core/task/python/colcon_distutils_commands:/home/mgazzola/ros2_spirob_ws/install/joysticker/lib/python3.12/site-packages:${PYTHONPATH} VIRTUAL_ENV_PROMPT=(.venv) /usr/bin/python3 -W ignore:setup.py install is deprecated -W ignore:easy_install command is deprecated setup.py develop --uninstall --editable --build-directory /home/mgazzola/ros2_spirob_ws/build/joysticker/build
[11.393s] Invoking command in '/home/mgazzola/ros2_spirob_ws/src/joysticker': DEBUGINFOD_URLS=https://debuginfod.ubuntu.com PS1=(.venv) \[\e]0;\u@\h: \w\a\]${debian_chroot:+($debian_chroot)}\[\033[01;32m\]\u@\h\[\033[00m\]:\[\033[01;34m\]\w\[\033[00m\]\$ PYTHONPATH=/home/mgazzola/ros2_spirob_ws/build/joysticker/prefix_override:/usr/lib/python3/dist-packages/colcon_core/task/python/colcon_distutils_commands:/home/mgazzola/ros2_spirob_ws/install/joysticker/lib/python3.12/site-packages:${PYTHONPATH} VIRTUAL_ENV_PROMPT=(.venv) /usr/bin/python3 -W ignore:setup.py install is deprecated -W ignore:easy_install command is deprecated setup.py egg_info --egg-base ../../build/joysticker build --build-base /home/mgazzola/ros2_spirob_ws/build/joysticker/build install --record /home/mgazzola/ros2_spirob_ws/build/joysticker/install.log --single-version-externally-managed install_data --force
[13.227s] running egg_info
[13.348s] writing ../../build/joysticker/joysticker.egg-info/PKG-INFO
[13.350s] writing dependency_links to ../../build/joysticker/joysticker.egg-info/dependency_links.txt
[13.353s] writing entry points to ../../build/joysticker/joysticker.egg-info/entry_points.txt
[13.359s] writing requirements to ../../build/joysticker/joysticker.egg-info/requires.txt
[13.360s] writing top-level names to ../../build/joysticker/joysticker.egg-info/top_level.txt
[13.613s] reading manifest file '../../build/joysticker/joysticker.egg-info/SOURCES.txt'
[13.617s] writing manifest file '../../build/joysticker/joysticker.egg-info/SOURCES.txt'
[13.618s] running build
[13.619s] running build_py
[13.622s] running install
[13.652s] running install_lib
[13.780s] creating /home/mgazzola/ros2_spirob_ws/install/joysticker/lib/python3.12/site-packages/joysticker
[13.801s] copying /home/mgazzola/ros2_spirob_ws/build/joysticker/build/lib/joysticker/__init__.py -> /home/mgazzola/ros2_spirob_ws/install/joysticker/lib/python3.12/site-packages/joysticker
[13.802s] copying /home/mgazzola/ros2_spirob_ws/build/joysticker/build/lib/joysticker/joysticker_publisher_node.py -> /home/mgazzola/ros2_spirob_ws/install/joysticker/lib/python3.12/site-packages/joysticker
[13.802s] byte-compiling /home/mgazzola/ros2_spirob_ws/install/joysticker/lib/python3.12/site-packages/joysticker/__init__.py to __init__.cpython-312.pyc
[13.803s] byte-compiling /home/mgazzola/ros2_spirob_ws/install/joysticker/lib/python3.12/site-packages/joysticker/joysticker_publisher_node.py to joysticker_publisher_node.cpython-312.pyc
[13.804s] running install_data
[13.804s] copying resource/joysticker -> /home/mgazzola/ros2_spirob_ws/install/joysticker/share/ament_index/resource_index/packages
[13.808s] copying package.xml -> /home/mgazzola/ros2_spirob_ws/install/joysticker/share/joysticker
[13.809s] running install_egg_info
[13.939s] Copying ../../build/joysticker/joysticker.egg-info to /home/mgazzola/ros2_spirob_ws/install/joysticker/lib/python3.12/site-packages/joysticker-0.0.0-py3.12.egg-info
[13.950s] running install_scripts
[15.984s] Installing joysticker_publisher_node script to /home/mgazzola/ros2_spirob_ws/install/joysticker/lib/joysticker
[15.994s] writing list of installed files to '/home/mgazzola/ros2_spirob_ws/build/joysticker/install.log'
[17.420s] Invoked command in '/home/mgazzola/ros2_spirob_ws/src/joysticker' returned '0': DEBUGINFOD_URLS=https://debuginfod.ubuntu.com PS1=(.venv) \[\e]0;\u@\h: \w\a\]${debian_chroot:+($debian_chroot)}\[\033[01;32m\]\u@\h\[\033[00m\]:\[\033[01;34m\]\w\[\033[00m\]\$ PYTHONPATH=/home/mgazzola/ros2_spirob_ws/build/joysticker/prefix_override:/usr/lib/python3/dist-packages/colcon_core/task/python/colcon_distutils_commands:/home/mgazzola/ros2_spirob_ws/install/joysticker/lib/python3.12/site-packages:${PYTHONPATH} VIRTUAL_ENV_PROMPT=(.venv) /usr/bin/python3 -W ignore:setup.py install is deprecated -W ignore:easy_install command is deprecated setup.py egg_info --egg-base ../../build/joysticker build --build-base /home/mgazzola/ros2_spirob_ws/build/joysticker/build install --record /home/mgazzola/ros2_spirob_ws/build/joysticker/install.log --single-version-externally-managed install_data --force
