[5.769s] Invoking command in '/home/mgazzola/ros2_spirob_ws/src/vision': DEBUGINFOD_URLS=https://debuginfod.ubuntu.com PYTHONPATH=/home/mgazzola/ros2_spirob_ws/build/vision/prefix_override:/usr/lib/python3/dist-packages/colcon_core/task/python/colcon_distutils_commands:/home/mgazzola/ros2_spirob_ws/install/vision/lib/python3.12/site-packages:${PYTHONPATH} /usr/bin/python3 -W ignore:setup.py install is deprecated -W ignore:easy_install command is deprecated setup.py egg_info --egg-base ../../build/vision build --build-base /home/mgazzola/ros2_spirob_ws/build/vision/build install --record /home/mgazzola/ros2_spirob_ws/build/vision/install.log --single-version-externally-managed install_data
[7.288s] running egg_info
[7.390s] writing ../../build/vision/vision.egg-info/PKG-INFO
[7.394s] writing dependency_links to ../../build/vision/vision.egg-info/dependency_links.txt
[7.406s] writing entry points to ../../build/vision/vision.egg-info/entry_points.txt
[7.411s] writing requirements to ../../build/vision/vision.egg-info/requires.txt
[7.414s] writing top-level names to ../../build/vision/vision.egg-info/top_level.txt
[7.704s] reading manifest file '../../build/vision/vision.egg-info/SOURCES.txt'
[7.720s] writing manifest file '../../build/vision/vision.egg-info/SOURCES.txt'
[7.723s] running build
[7.725s] running build_py
[7.728s] running install
[7.763s] running install_lib
[7.872s] running install_data
[7.873s] running install_egg_info
[7.967s] removing '/home/mgazzola/ros2_spirob_ws/install/vision/lib/python3.12/site-packages/vision-0.0.0-py3.12.egg-info' (and everything under it)
[7.970s] Copying ../../build/vision/vision.egg-info to /home/mgazzola/ros2_spirob_ws/install/vision/lib/python3.12/site-packages/vision-0.0.0-py3.12.egg-info
[7.979s] running install_scripts
[8.633s] Installing record_video_node script to /home/mgazzola/ros2_spirob_ws/install/vision/lib/vision
[8.635s] writing list of installed files to '/home/mgazzola/ros2_spirob_ws/build/vision/install.log'
