[4.967s] Invoking command in '/home/mgazzola/ros2_spirob_ws/src/vision': DEBUGINFOD_URLS=https://debuginfod.ubuntu.com PS1=(.venv) \[\e]0;\u@\h: \w\a\]${debian_chroot:+($debian_chroot)}\[\033[01;32m\]\u@\h\[\033[00m\]:\[\033[01;34m\]\w\[\033[00m\]\$ PYTHONPATH=/home/mgazzola/ros2_spirob_ws/build/vision/prefix_override:/usr/lib/python3/dist-packages/colcon_core/task/python/colcon_distutils_commands:/home/mgazzola/ros2_spirob_ws/install/vision/lib/python3.12/site-packages:${PYTHONPATH} VIRTUAL_ENV_PROMPT=(.venv) /usr/bin/python3 -W ignore:setup.py install is deprecated -W ignore:easy_install command is deprecated setup.py egg_info --egg-base ../../build/vision build --build-base /home/mgazzola/ros2_spirob_ws/build/vision/build install --record /home/mgazzola/ros2_spirob_ws/build/vision/install.log --single-version-externally-managed install_data
[6.825s] running egg_info
[6.995s] writing ../../build/vision/vision.egg-info/PKG-INFO
[6.996s] writing dependency_links to ../../build/vision/vision.egg-info/dependency_links.txt
[7.002s] writing entry points to ../../build/vision/vision.egg-info/entry_points.txt
[7.005s] writing requirements to ../../build/vision/vision.egg-info/requires.txt
[7.009s] writing top-level names to ../../build/vision/vision.egg-info/top_level.txt
[7.513s] reading manifest file '../../build/vision/vision.egg-info/SOURCES.txt'
[7.517s] writing manifest file '../../build/vision/vision.egg-info/SOURCES.txt'
[7.519s] running build
[7.519s] running build_py
[7.522s] running install
[7.550s] running install_lib
[7.681s] running install_data
[7.683s] running install_egg_info
[7.889s] removing '/home/mgazzola/ros2_spirob_ws/install/vision/lib/python3.12/site-packages/vision-0.0.0-py3.12.egg-info' (and everything under it)
[7.891s] Copying ../../build/vision/vision.egg-info to /home/mgazzola/ros2_spirob_ws/install/vision/lib/python3.12/site-packages/vision-0.0.0-py3.12.egg-info
[7.900s] running install_scripts
[9.174s] Installing record_video_node script to /home/mgazzola/ros2_spirob_ws/install/vision/lib/vision
[9.178s] writing list of installed files to '/home/mgazzola/ros2_spirob_ws/build/vision/install.log'
