[9.864s] Invoking command in '/home/mgazzola/ros2_spirob_ws/src/load_cell': DEBUGINFOD_URLS=https://debuginfod.ubuntu.com PYTHONPATH=/home/mgazzola/ros2_spirob_ws/build/load_cell/prefix_override:/usr/lib/python3/dist-packages/colcon_core/task/python/colcon_distutils_commands:/home/mgazzola/ros2_spirob_ws/install/load_cell/lib/python3.12/site-packages:${PYTHONPATH} /usr/bin/python3 -W ignore:setup.py install is deprecated -W ignore:easy_install command is deprecated setup.py egg_info --egg-base ../../build/load_cell build --build-base /home/mgazzola/ros2_spirob_ws/build/load_cell/build install --record /home/mgazzola/ros2_spirob_ws/build/load_cell/install.log --single-version-externally-managed install_data
[12.499s] running egg_info
[12.627s] writing ../../build/load_cell/load_cell.egg-info/PKG-INFO
[12.628s] writing dependency_links to ../../build/load_cell/load_cell.egg-info/dependency_links.txt
[12.635s] writing entry points to ../../build/load_cell/load_cell.egg-info/entry_points.txt
[12.637s] writing requirements to ../../build/load_cell/load_cell.egg-info/requires.txt
[12.640s] writing top-level names to ../../build/load_cell/load_cell.egg-info/top_level.txt
[12.934s] reading manifest file '../../build/load_cell/load_cell.egg-info/SOURCES.txt'
[12.946s] writing manifest file '../../build/load_cell/load_cell.egg-info/SOURCES.txt'
[12.949s] running build
[12.950s] running build_py
[12.956s] running install
[13.027s] running install_lib
[13.314s] running install_data
[13.318s] running install_egg_info
[13.554s] removing '/home/mgazzola/ros2_spirob_ws/install/load_cell/lib/python3.12/site-packages/load_cell-0.0.0-py3.12.egg-info' (and everything under it)
[13.564s] Copying ../../build/load_cell/load_cell.egg-info to /home/mgazzola/ros2_spirob_ws/install/load_cell/lib/python3.12/site-packages/load_cell-0.0.0-py3.12.egg-info
[13.598s] running install_scripts
[16.175s] Installing load_publisher_node script to /home/mgazzola/ros2_spirob_ws/install/load_cell/lib/load_cell
[16.177s] writing list of installed files to '/home/mgazzola/ros2_spirob_ws/build/load_cell/install.log'
[16.545s] Invoked command in '/home/mgazzola/ros2_spirob_ws/src/load_cell' returned '0': DEBUGINFOD_URLS=https://debuginfod.ubuntu.com PYTHONPATH=/home/mgazzola/ros2_spirob_ws/build/load_cell/prefix_override:/usr/lib/python3/dist-packages/colcon_core/task/python/colcon_distutils_commands:/home/mgazzola/ros2_spirob_ws/install/load_cell/lib/python3.12/site-packages:${PYTHONPATH} /usr/bin/python3 -W ignore:setup.py install is deprecated -W ignore:easy_install command is deprecated setup.py egg_info --egg-base ../../build/load_cell build --build-base /home/mgazzola/ros2_spirob_ws/build/load_cell/build install --record /home/mgazzola/ros2_spirob_ws/build/load_cell/install.log --single-version-externally-managed install_data
