[0.467s] DEBUG:colcon:Command line arguments: ['/usr/bin/colcon', 'build']
[0.467s] DEBUG:colcon:Parsed command line arguments: Namespace(log_base=None, log_level=None, verb_name='build', build_base='build', install_base='install', merge_install=False, symlink_install=False, test_result_base=None, continue_on_error=False, executor='parallel', parallel_workers=4, event_handlers=None, ignore_user_meta=False, metas=['./colcon.meta'], base_paths=['.'], packages_ignore=None, packages_ignore_regex=None, paths=None, packages_up_to=None, packages_up_to_regex=None, packages_above=None, packages_above_and_dependencies=None, packages_above_depth=None, packages_select_by_dep=None, packages_skip_by_dep=None, packages_skip_up_to=None, packages_select_build_failed=False, packages_skip_build_finished=False, packages_select_test_failures=False, packages_skip_test_passed=False, packages_select=None, packages_skip=None, packages_select_regex=None, packages_skip_regex=None, packages_start=None, packages_end=None, allow_overriding=[], cmake_args=None, cmake_target=None, cmake_target_skip_unavailable=False, cmake_clean_cache=False, cmake_clean_first=False, cmake_force_configure=False, ament_cmake_args=None, catkin_cmake_args=None, catkin_skip_building_tests=False, mixin_files=None, mixin=None, verb_parser=<colcon_mixin.mixin.mixin_argument.MixinArgumentDecorator object at 0xffff96747c20>, verb_extension=<colcon_core.verb.build.BuildVerb object at 0xffff96929100>, main=<bound method BuildVerb.main of <colcon_core.verb.build.BuildVerb object at 0xffff96929100>>, mixin_verb=('build',))
[0.640s] Level 1:colcon.colcon_core.package_discovery:discover_packages(colcon_meta) check parameters
[0.640s] Level 1:colcon.colcon_core.package_discovery:discover_packages(recursive) check parameters
[0.641s] Level 1:colcon.colcon_core.package_discovery:discover_packages(ignore) check parameters
[0.641s] Level 1:colcon.colcon_core.package_discovery:discover_packages(path) check parameters
[0.641s] Level 1:colcon.colcon_core.package_discovery:discover_packages(colcon_meta) discover
[0.641s] Level 1:colcon.colcon_core.package_discovery:discover_packages(recursive) discover
[0.641s] INFO:colcon.colcon_core.package_discovery:Crawling recursively for packages in '/home/mgazzola/ros2_spirob_ws'
[0.642s] Level 1:colcon.colcon_core.package_identification:_identify(.) by extensions ['ignore', 'ignore_ament_install']
[0.642s] Level 1:colcon.colcon_core.package_identification:_identify(.) by extension 'ignore'
[0.643s] Level 1:colcon.colcon_core.package_identification:_identify(.) by extension 'ignore_ament_install'
[0.643s] Level 1:colcon.colcon_core.package_identification:_identify(.) by extensions ['colcon_pkg']
[0.643s] Level 1:colcon.colcon_core.package_identification:_identify(.) by extension 'colcon_pkg'
[0.643s] Level 1:colcon.colcon_core.package_identification:_identify(.) by extensions ['colcon_meta']
[0.643s] Level 1:colcon.colcon_core.package_identification:_identify(.) by extension 'colcon_meta'
[0.643s] Level 1:colcon.colcon_core.package_identification:_identify(.) by extensions ['ros']
[0.643s] Level 1:colcon.colcon_core.package_identification:_identify(.) by extension 'ros'
[0.747s] Level 1:colcon.colcon_core.package_identification:_identify(.) by extensions ['cmake', 'python']
[0.747s] Level 1:colcon.colcon_core.package_identification:_identify(.) by extension 'cmake'
[0.747s] Level 1:colcon.colcon_core.package_identification:_identify(.) by extension 'python'
[0.748s] Level 1:colcon.colcon_core.package_identification:_identify(.) by extensions ['python_setup_py']
[0.748s] Level 1:colcon.colcon_core.package_identification:_identify(.) by extension 'python_setup_py'
[0.748s] Level 1:colcon.colcon_core.package_identification:_identify(build) by extensions ['ignore', 'ignore_ament_install']
[0.749s] Level 1:colcon.colcon_core.package_identification:_identify(build) by extension 'ignore'
[0.749s] Level 1:colcon.colcon_core.package_identification:_identify(build) ignored
[0.750s] Level 1:colcon.colcon_core.package_identification:_identify(install) by extensions ['ignore', 'ignore_ament_install']
[0.750s] Level 1:colcon.colcon_core.package_identification:_identify(install) by extension 'ignore'
[0.750s] Level 1:colcon.colcon_core.package_identification:_identify(install) ignored
[0.751s] Level 1:colcon.colcon_core.package_identification:_identify(load_only) by extensions ['ignore', 'ignore_ament_install']
[0.751s] Level 1:colcon.colcon_core.package_identification:_identify(load_only) by extension 'ignore'
[0.751s] Level 1:colcon.colcon_core.package_identification:_identify(load_only) by extension 'ignore_ament_install'
[0.752s] Level 1:colcon.colcon_core.package_identification:_identify(load_only) by extensions ['colcon_pkg']
[0.752s] Level 1:colcon.colcon_core.package_identification:_identify(load_only) by extension 'colcon_pkg'
[0.752s] Level 1:colcon.colcon_core.package_identification:_identify(load_only) by extensions ['colcon_meta']
[0.752s] Level 1:colcon.colcon_core.package_identification:_identify(load_only) by extension 'colcon_meta'
[0.752s] Level 1:colcon.colcon_core.package_identification:_identify(load_only) by extensions ['ros']
[0.752s] Level 1:colcon.colcon_core.package_identification:_identify(load_only) by extension 'ros'
[0.753s] Level 1:colcon.colcon_core.package_identification:_identify(load_only) by extensions ['cmake', 'python']
[0.753s] Level 1:colcon.colcon_core.package_identification:_identify(load_only) by extension 'cmake'
[0.753s] Level 1:colcon.colcon_core.package_identification:_identify(load_only) by extension 'python'
[0.753s] Level 1:colcon.colcon_core.package_identification:_identify(load_only) by extensions ['python_setup_py']
[0.753s] Level 1:colcon.colcon_core.package_identification:_identify(load_only) by extension 'python_setup_py'
[0.754s] Level 1:colcon.colcon_core.package_identification:_identify(log) by extensions ['ignore', 'ignore_ament_install']
[0.754s] Level 1:colcon.colcon_core.package_identification:_identify(log) by extension 'ignore'
[0.755s] Level 1:colcon.colcon_core.package_identification:_identify(log) ignored
[0.755s] Level 1:colcon.colcon_core.package_identification:_identify(recorded_frames) by extensions ['ignore', 'ignore_ament_install']
[0.755s] Level 1:colcon.colcon_core.package_identification:_identify(recorded_frames) by extension 'ignore'
[0.756s] Level 1:colcon.colcon_core.package_identification:_identify(recorded_frames) by extension 'ignore_ament_install'
[0.756s] Level 1:colcon.colcon_core.package_identification:_identify(recorded_frames) by extensions ['colcon_pkg']
[0.756s] Level 1:colcon.colcon_core.package_identification:_identify(recorded_frames) by extension 'colcon_pkg'
[0.756s] Level 1:colcon.colcon_core.package_identification:_identify(recorded_frames) by extensions ['colcon_meta']
[0.756s] Level 1:colcon.colcon_core.package_identification:_identify(recorded_frames) by extension 'colcon_meta'
[0.756s] Level 1:colcon.colcon_core.package_identification:_identify(recorded_frames) by extensions ['ros']
[0.757s] Level 1:colcon.colcon_core.package_identification:_identify(recorded_frames) by extension 'ros'
[0.757s] Level 1:colcon.colcon_core.package_identification:_identify(recorded_frames) by extensions ['cmake', 'python']
[0.757s] Level 1:colcon.colcon_core.package_identification:_identify(recorded_frames) by extension 'cmake'
[0.757s] Level 1:colcon.colcon_core.package_identification:_identify(recorded_frames) by extension 'python'
[0.757s] Level 1:colcon.colcon_core.package_identification:_identify(recorded_frames) by extensions ['python_setup_py']
[0.757s] Level 1:colcon.colcon_core.package_identification:_identify(recorded_frames) by extension 'python_setup_py'
[0.758s] Level 1:colcon.colcon_core.package_identification:_identify(rosbag2_2025_12_31-16_29_08) by extensions ['ignore', 'ignore_ament_install']
[0.758s] Level 1:colcon.colcon_core.package_identification:_identify(rosbag2_2025_12_31-16_29_08) by extension 'ignore'
[0.758s] Level 1:colcon.colcon_core.package_identification:_identify(rosbag2_2025_12_31-16_29_08) by extension 'ignore_ament_install'
[0.759s] Level 1:colcon.colcon_core.package_identification:_identify(rosbag2_2025_12_31-16_29_08) by extensions ['colcon_pkg']
[0.759s] Level 1:colcon.colcon_core.package_identification:_identify(rosbag2_2025_12_31-16_29_08) by extension 'colcon_pkg'
[0.759s] Level 1:colcon.colcon_core.package_identification:_identify(rosbag2_2025_12_31-16_29_08) by extensions ['colcon_meta']
[0.759s] Level 1:colcon.colcon_core.package_identification:_identify(rosbag2_2025_12_31-16_29_08) by extension 'colcon_meta'
[0.759s] Level 1:colcon.colcon_core.package_identification:_identify(rosbag2_2025_12_31-16_29_08) by extensions ['ros']
[0.759s] Level 1:colcon.colcon_core.package_identification:_identify(rosbag2_2025_12_31-16_29_08) by extension 'ros'
[0.760s] Level 1:colcon.colcon_core.package_identification:_identify(rosbag2_2025_12_31-16_29_08) by extensions ['cmake', 'python']
[0.760s] Level 1:colcon.colcon_core.package_identification:_identify(rosbag2_2025_12_31-16_29_08) by extension 'cmake'
[0.760s] Level 1:colcon.colcon_core.package_identification:_identify(rosbag2_2025_12_31-16_29_08) by extension 'python'
[0.760s] Level 1:colcon.colcon_core.package_identification:_identify(rosbag2_2025_12_31-16_29_08) by extensions ['python_setup_py']
[0.760s] Level 1:colcon.colcon_core.package_identification:_identify(rosbag2_2025_12_31-16_29_08) by extension 'python_setup_py'
[0.761s] Level 1:colcon.colcon_core.package_identification:_identify(src) by extensions ['ignore', 'ignore_ament_install']
[0.761s] Level 1:colcon.colcon_core.package_identification:_identify(src) by extension 'ignore'
[0.761s] Level 1:colcon.colcon_core.package_identification:_identify(src) by extension 'ignore_ament_install'
[0.762s] Level 1:colcon.colcon_core.package_identification:_identify(src) by extensions ['colcon_pkg']
[0.762s] Level 1:colcon.colcon_core.package_identification:_identify(src) by extension 'colcon_pkg'
[0.762s] Level 1:colcon.colcon_core.package_identification:_identify(src) by extensions ['colcon_meta']
[0.762s] Level 1:colcon.colcon_core.package_identification:_identify(src) by extension 'colcon_meta'
[0.762s] Level 1:colcon.colcon_core.package_identification:_identify(src) by extensions ['ros']
[0.762s] Level 1:colcon.colcon_core.package_identification:_identify(src) by extension 'ros'
[0.763s] Level 1:colcon.colcon_core.package_identification:_identify(src) by extensions ['cmake', 'python']
[0.763s] Level 1:colcon.colcon_core.package_identification:_identify(src) by extension 'cmake'
[0.763s] Level 1:colcon.colcon_core.package_identification:_identify(src) by extension 'python'
[0.763s] Level 1:colcon.colcon_core.package_identification:_identify(src) by extensions ['python_setup_py']
[0.763s] Level 1:colcon.colcon_core.package_identification:_identify(src) by extension 'python_setup_py'
[0.764s] Level 1:colcon.colcon_core.package_identification:_identify(src/build) by extensions ['ignore', 'ignore_ament_install']
[0.764s] Level 1:colcon.colcon_core.package_identification:_identify(src/build) by extension 'ignore'
[0.764s] Level 1:colcon.colcon_core.package_identification:_identify(src/build) ignored
[0.765s] Level 1:colcon.colcon_core.package_identification:_identify(src/controller) by extensions ['ignore', 'ignore_ament_install']
[0.765s] Level 1:colcon.colcon_core.package_identification:_identify(src/controller) by extension 'ignore'
[0.765s] Level 1:colcon.colcon_core.package_identification:_identify(src/controller) by extension 'ignore_ament_install'
[0.766s] Level 1:colcon.colcon_core.package_identification:_identify(src/controller) by extensions ['colcon_pkg']
[0.766s] Level 1:colcon.colcon_core.package_identification:_identify(src/controller) by extension 'colcon_pkg'
[0.766s] Level 1:colcon.colcon_core.package_identification:_identify(src/controller) by extensions ['colcon_meta']
[0.766s] Level 1:colcon.colcon_core.package_identification:_identify(src/controller) by extension 'colcon_meta'
[0.766s] Level 1:colcon.colcon_core.package_identification:_identify(src/controller) by extensions ['ros']
[0.766s] Level 1:colcon.colcon_core.package_identification:_identify(src/controller) by extension 'ros'
[0.781s] DEBUG:colcon.colcon_core.package_identification:Package 'src/controller' with type 'ros.ament_python' and name 'controller'
[0.781s] Level 1:colcon.colcon_core.package_identification:_identify(src/install) by extensions ['ignore', 'ignore_ament_install']
[0.782s] Level 1:colcon.colcon_core.package_identification:_identify(src/install) by extension 'ignore'
[0.782s] Level 1:colcon.colcon_core.package_identification:_identify(src/install) ignored
[0.782s] Level 1:colcon.colcon_core.package_identification:_identify(src/joysticker) by extensions ['ignore', 'ignore_ament_install']
[0.783s] Level 1:colcon.colcon_core.package_identification:_identify(src/joysticker) by extension 'ignore'
[0.783s] Level 1:colcon.colcon_core.package_identification:_identify(src/joysticker) by extension 'ignore_ament_install'
[0.783s] Level 1:colcon.colcon_core.package_identification:_identify(src/joysticker) by extensions ['colcon_pkg']
[0.783s] Level 1:colcon.colcon_core.package_identification:_identify(src/joysticker) by extension 'colcon_pkg'
[0.784s] Level 1:colcon.colcon_core.package_identification:_identify(src/joysticker) by extensions ['colcon_meta']
[0.784s] Level 1:colcon.colcon_core.package_identification:_identify(src/joysticker) by extension 'colcon_meta'
[0.784s] Level 1:colcon.colcon_core.package_identification:_identify(src/joysticker) by extensions ['ros']
[0.784s] Level 1:colcon.colcon_core.package_identification:_identify(src/joysticker) by extension 'ros'
[0.786s] DEBUG:colcon.colcon_core.package_identification:Package 'src/joysticker' with type 'ros.ament_python' and name 'joysticker'
[0.787s] Level 1:colcon.colcon_core.package_identification:_identify(src/load_cell) by extensions ['ignore', 'ignore_ament_install']
[0.787s] Level 1:colcon.colcon_core.package_identification:_identify(src/load_cell) by extension 'ignore'
[0.787s] Level 1:colcon.colcon_core.package_identification:_identify(src/load_cell) by extension 'ignore_ament_install'
[0.788s] Level 1:colcon.colcon_core.package_identification:_identify(src/load_cell) by extensions ['colcon_pkg']
[0.788s] Level 1:colcon.colcon_core.package_identification:_identify(src/load_cell) by extension 'colcon_pkg'
[0.788s] Level 1:colcon.colcon_core.package_identification:_identify(src/load_cell) by extensions ['colcon_meta']
[0.788s] Level 1:colcon.colcon_core.package_identification:_identify(src/load_cell) by extension 'colcon_meta'
[0.789s] Level 1:colcon.colcon_core.package_identification:_identify(src/load_cell) by extensions ['ros']
[0.789s] Level 1:colcon.colcon_core.package_identification:_identify(src/load_cell) by extension 'ros'
[0.791s] DEBUG:colcon.colcon_core.package_identification:Package 'src/load_cell' with type 'ros.ament_python' and name 'load_cell'
[0.792s] Level 1:colcon.colcon_core.package_identification:_identify(src/log) by extensions ['ignore', 'ignore_ament_install']
[0.792s] Level 1:colcon.colcon_core.package_identification:_identify(src/log) by extension 'ignore'
[0.792s] Level 1:colcon.colcon_core.package_identification:_identify(src/log) ignored
[0.793s] Level 1:colcon.colcon_core.package_identification:_identify(src/motor_driver) by extensions ['ignore', 'ignore_ament_install']
[0.793s] Level 1:colcon.colcon_core.package_identification:_identify(src/motor_driver) by extension 'ignore'
[0.793s] Level 1:colcon.colcon_core.package_identification:_identify(src/motor_driver) by extension 'ignore_ament_install'
[0.794s] Level 1:colcon.colcon_core.package_identification:_identify(src/motor_driver) by extensions ['colcon_pkg']
[0.794s] Level 1:colcon.colcon_core.package_identification:_identify(src/motor_driver) by extension 'colcon_pkg'
[0.794s] Level 1:colcon.colcon_core.package_identification:_identify(src/motor_driver) by extensions ['colcon_meta']
[0.794s] Level 1:colcon.colcon_core.package_identification:_identify(src/motor_driver) by extension 'colcon_meta'
[0.794s] Level 1:colcon.colcon_core.package_identification:_identify(src/motor_driver) by extensions ['ros']
[0.795s] Level 1:colcon.colcon_core.package_identification:_identify(src/motor_driver) by extension 'ros'
[0.796s] DEBUG:colcon.colcon_core.package_identification:Package 'src/motor_driver' with type 'ros.ament_python' and name 'motor_driver'
[0.797s] Level 1:colcon.colcon_core.package_identification:_identify(src/robot_GUI) by extensions ['ignore', 'ignore_ament_install']
[0.797s] Level 1:colcon.colcon_core.package_identification:_identify(src/robot_GUI) by extension 'ignore'
[0.798s] Level 1:colcon.colcon_core.package_identification:_identify(src/robot_GUI) by extension 'ignore_ament_install'
[0.798s] Level 1:colcon.colcon_core.package_identification:_identify(src/robot_GUI) by extensions ['colcon_pkg']
[0.798s] Level 1:colcon.colcon_core.package_identification:_identify(src/robot_GUI) by extension 'colcon_pkg'
[0.798s] Level 1:colcon.colcon_core.package_identification:_identify(src/robot_GUI) by extensions ['colcon_meta']
[0.798s] Level 1:colcon.colcon_core.package_identification:_identify(src/robot_GUI) by extension 'colcon_meta'
[0.798s] Level 1:colcon.colcon_core.package_identification:_identify(src/robot_GUI) by extensions ['ros']
[0.799s] Level 1:colcon.colcon_core.package_identification:_identify(src/robot_GUI) by extension 'ros'
[0.801s] DEBUG:colcon.colcon_core.package_identification:Package 'src/robot_GUI' with type 'ros.ament_python' and name 'robot_GUI'
[0.802s] Level 1:colcon.colcon_core.package_identification:_identify(src/spirob_bringup) by extensions ['ignore', 'ignore_ament_install']
[0.802s] Level 1:colcon.colcon_core.package_identification:_identify(src/spirob_bringup) by extension 'ignore'
[0.802s] Level 1:colcon.colcon_core.package_identification:_identify(src/spirob_bringup) by extension 'ignore_ament_install'
[0.802s] Level 1:colcon.colcon_core.package_identification:_identify(src/spirob_bringup) by extensions ['colcon_pkg']
[0.803s] Level 1:colcon.colcon_core.package_identification:_identify(src/spirob_bringup) by extension 'colcon_pkg'
[0.803s] Level 1:colcon.colcon_core.package_identification:_identify(src/spirob_bringup) by extensions ['colcon_meta']
[0.803s] Level 1:colcon.colcon_core.package_identification:_identify(src/spirob_bringup) by extension 'colcon_meta'
[0.803s] Level 1:colcon.colcon_core.package_identification:_identify(src/spirob_bringup) by extensions ['ros']
[0.803s] Level 1:colcon.colcon_core.package_identification:_identify(src/spirob_bringup) by extension 'ros'
[0.805s] DEBUG:colcon.colcon_core.package_identification:Package 'src/spirob_bringup' with type 'ros.ament_python' and name 'spirob_bringup'
[0.805s] Level 1:colcon.colcon_core.package_identification:_identify(src/vision) by extensions ['ignore', 'ignore_ament_install']
[0.806s] Level 1:colcon.colcon_core.package_identification:_identify(src/vision) by extension 'ignore'
[0.806s] Level 1:colcon.colcon_core.package_identification:_identify(src/vision) by extension 'ignore_ament_install'
[0.806s] Level 1:colcon.colcon_core.package_identification:_identify(src/vision) by extensions ['colcon_pkg']
[0.806s] Level 1:colcon.colcon_core.package_identification:_identify(src/vision) by extension 'colcon_pkg'
[0.807s] Level 1:colcon.colcon_core.package_identification:_identify(src/vision) by extensions ['colcon_meta']
[0.807s] Level 1:colcon.colcon_core.package_identification:_identify(src/vision) by extension 'colcon_meta'
[0.807s] Level 1:colcon.colcon_core.package_identification:_identify(src/vision) by extensions ['ros']
[0.807s] Level 1:colcon.colcon_core.package_identification:_identify(src/vision) by extension 'ros'
[0.809s] DEBUG:colcon.colcon_core.package_identification:Package 'src/vision' with type 'ros.ament_python' and name 'vision'
[0.809s] Level 1:colcon.colcon_core.package_identification:_identify(test_01) by extensions ['ignore', 'ignore_ament_install']
[0.810s] Level 1:colcon.colcon_core.package_identification:_identify(test_01) by extension 'ignore'
[0.810s] Level 1:colcon.colcon_core.package_identification:_identify(test_01) by extension 'ignore_ament_install'
[0.810s] Level 1:colcon.colcon_core.package_identification:_identify(test_01) by extensions ['colcon_pkg']
[0.810s] Level 1:colcon.colcon_core.package_identification:_identify(test_01) by extension 'colcon_pkg'
[0.811s] Level 1:colcon.colcon_core.package_identification:_identify(test_01) by extensions ['colcon_meta']
[0.811s] Level 1:colcon.colcon_core.package_identification:_identify(test_01) by extension 'colcon_meta'
[0.811s] Level 1:colcon.colcon_core.package_identification:_identify(test_01) by extensions ['ros']
[0.811s] Level 1:colcon.colcon_core.package_identification:_identify(test_01) by extension 'ros'
[0.811s] Level 1:colcon.colcon_core.package_identification:_identify(test_01) by extensions ['cmake', 'python']
[0.811s] Level 1:colcon.colcon_core.package_identification:_identify(test_01) by extension 'cmake'
[0.812s] Level 1:colcon.colcon_core.package_identification:_identify(test_01) by extension 'python'
[0.812s] Level 1:colcon.colcon_core.package_identification:_identify(test_01) by extensions ['python_setup_py']
[0.812s] Level 1:colcon.colcon_core.package_identification:_identify(test_01) by extension 'python_setup_py'
[0.812s] Level 1:colcon.colcon_core.package_discovery:discover_packages(recursive) using defaults
[0.812s] Level 1:colcon.colcon_core.package_discovery:discover_packages(ignore) discover
[0.812s] Level 1:colcon.colcon_core.package_discovery:discover_packages(ignore) using defaults
[0.812s] Level 1:colcon.colcon_core.package_discovery:discover_packages(path) discover
[0.813s] Level 1:colcon.colcon_core.package_discovery:discover_packages(path) using defaults
[0.888s] Level 1:colcon.colcon_core.package_discovery:discover_packages(prefix_path) check parameters
[0.888s] Level 1:colcon.colcon_core.package_discovery:discover_packages(prefix_path) discover
[0.898s] DEBUG:colcon.colcon_installed_package_information.package_discovery:Found 7 installed packages in /home/mgazzola/ros2_spirob_ws/install
[0.906s] DEBUG:colcon.colcon_installed_package_information.package_discovery:Found 197 installed packages in /opt/ros/kilted
[0.908s] Level 1:colcon.colcon_core.package_discovery:discover_packages(prefix_path) using defaults
[1.046s] Level 5:colcon.colcon_core.verb:set package 'controller' build argument 'cmake_args' from command line to 'None'
[1.047s] Level 5:colcon.colcon_core.verb:set package 'controller' build argument 'cmake_target' from command line to 'None'
[1.047s] Level 5:colcon.colcon_core.verb:set package 'controller' build argument 'cmake_target_skip_unavailable' from command line to 'False'
[1.047s] Level 5:colcon.colcon_core.verb:set package 'controller' build argument 'cmake_clean_cache' from command line to 'False'
[1.047s] Level 5:colcon.colcon_core.verb:set package 'controller' build argument 'cmake_clean_first' from command line to 'False'
[1.047s] Level 5:colcon.colcon_core.verb:set package 'controller' build argument 'cmake_force_configure' from command line to 'False'
[1.047s] Level 5:colcon.colcon_core.verb:set package 'controller' build argument 'ament_cmake_args' from command line to 'None'
[1.047s] Level 5:colcon.colcon_core.verb:set package 'controller' build argument 'catkin_cmake_args' from command line to 'None'
[1.048s] Level 5:colcon.colcon_core.verb:set package 'controller' build argument 'catkin_skip_building_tests' from command line to 'False'
[1.048s] DEBUG:colcon.colcon_core.verb:Building package 'controller' with the following arguments: {'ament_cmake_args': None, 'build_base': '/home/mgazzola/ros2_spirob_ws/build/controller', 'catkin_cmake_args': None, 'catkin_skip_building_tests': False, 'cmake_args': None, 'cmake_clean_cache': False, 'cmake_clean_first': False, 'cmake_force_configure': False, 'cmake_target': None, 'cmake_target_skip_unavailable': False, 'install_base': '/home/mgazzola/ros2_spirob_ws/install/controller', 'merge_install': False, 'path': '/home/mgazzola/ros2_spirob_ws/src/controller', 'symlink_install': False, 'test_result_base': None}
[1.049s] Level 5:colcon.colcon_core.verb:set package 'joysticker' build argument 'cmake_args' from command line to 'None'
[1.049s] Level 5:colcon.colcon_core.verb:set package 'joysticker' build argument 'cmake_target' from command line to 'None'
[1.050s] Level 5:colcon.colcon_core.verb:set package 'joysticker' build argument 'cmake_target_skip_unavailable' from command line to 'False'
[1.050s] Level 5:colcon.colcon_core.verb:set package 'joysticker' build argument 'cmake_clean_cache' from command line to 'False'
[1.050s] Level 5:colcon.colcon_core.verb:set package 'joysticker' build argument 'cmake_clean_first' from command line to 'False'
[1.050s] Level 5:colcon.colcon_core.verb:set package 'joysticker' build argument 'cmake_force_configure' from command line to 'False'
[1.050s] Level 5:colcon.colcon_core.verb:set package 'joysticker' build argument 'ament_cmake_args' from command line to 'None'
[1.050s] Level 5:colcon.colcon_core.verb:set package 'joysticker' build argument 'catkin_cmake_args' from command line to 'None'
[1.050s] Level 5:colcon.colcon_core.verb:set package 'joysticker' build argument 'catkin_skip_building_tests' from command line to 'False'
[1.051s] DEBUG:colcon.colcon_core.verb:Building package 'joysticker' with the following arguments: {'ament_cmake_args': None, 'build_base': '/home/mgazzola/ros2_spirob_ws/build/joysticker', 'catkin_cmake_args': None, 'catkin_skip_building_tests': False, 'cmake_args': None, 'cmake_clean_cache': False, 'cmake_clean_first': False, 'cmake_force_configure': False, 'cmake_target': None, 'cmake_target_skip_unavailable': False, 'install_base': '/home/mgazzola/ros2_spirob_ws/install/joysticker', 'merge_install': False, 'path': '/home/mgazzola/ros2_spirob_ws/src/joysticker', 'symlink_install': False, 'test_result_base': None}
[1.052s] Level 5:colcon.colcon_core.verb:set package 'load_cell' build argument 'cmake_args' from command line to 'None'
[1.052s] Level 5:colcon.colcon_core.verb:set package 'load_cell' build argument 'cmake_target' from command line to 'None'
[1.052s] Level 5:colcon.colcon_core.verb:set package 'load_cell' build argument 'cmake_target_skip_unavailable' from command line to 'False'
[1.053s] Level 5:colcon.colcon_core.verb:set package 'load_cell' build argument 'cmake_clean_cache' from command line to 'False'
[1.053s] Level 5:colcon.colcon_core.verb:set package 'load_cell' build argument 'cmake_clean_first' from command line to 'False'
[1.053s] Level 5:colcon.colcon_core.verb:set package 'load_cell' build argument 'cmake_force_configure' from command line to 'False'
[1.053s] Level 5:colcon.colcon_core.verb:set package 'load_cell' build argument 'ament_cmake_args' from command line to 'None'
[1.053s] Level 5:colcon.colcon_core.verb:set package 'load_cell' build argument 'catkin_cmake_args' from command line to 'None'
[1.053s] Level 5:colcon.colcon_core.verb:set package 'load_cell' build argument 'catkin_skip_building_tests' from command line to 'False'
[1.053s] DEBUG:colcon.colcon_core.verb:Building package 'load_cell' with the following arguments: {'ament_cmake_args': None, 'build_base': '/home/mgazzola/ros2_spirob_ws/build/load_cell', 'catkin_cmake_args': None, 'catkin_skip_building_tests': False, 'cmake_args': None, 'cmake_clean_cache': False, 'cmake_clean_first': False, 'cmake_force_configure': False, 'cmake_target': None, 'cmake_target_skip_unavailable': False, 'install_base': '/home/mgazzola/ros2_spirob_ws/install/load_cell', 'merge_install': False, 'path': '/home/mgazzola/ros2_spirob_ws/src/load_cell', 'symlink_install': False, 'test_result_base': None}
[1.054s] Level 5:colcon.colcon_core.verb:set package 'motor_driver' build argument 'cmake_args' from command line to 'None'
[1.055s] Level 5:colcon.colcon_core.verb:set package 'motor_driver' build argument 'cmake_target' from command line to 'None'
[1.055s] Level 5:colcon.colcon_core.verb:set package 'motor_driver' build argument 'cmake_target_skip_unavailable' from command line to 'False'
[1.055s] Level 5:colcon.colcon_core.verb:set package 'motor_driver' build argument 'cmake_clean_cache' from command line to 'False'
[1.055s] Level 5:colcon.colcon_core.verb:set package 'motor_driver' build argument 'cmake_clean_first' from command line to 'False'
[1.055s] Level 5:colcon.colcon_core.verb:set package 'motor_driver' build argument 'cmake_force_configure' from command line to 'False'
[1.055s] Level 5:colcon.colcon_core.verb:set package 'motor_driver' build argument 'ament_cmake_args' from command line to 'None'
[1.055s] Level 5:colcon.colcon_core.verb:set package 'motor_driver' build argument 'catkin_cmake_args' from command line to 'None'
[1.055s] Level 5:colcon.colcon_core.verb:set package 'motor_driver' build argument 'catkin_skip_building_tests' from command line to 'False'
[1.055s] DEBUG:colcon.colcon_core.verb:Building package 'motor_driver' with the following arguments: {'ament_cmake_args': None, 'build_base': '/home/mgazzola/ros2_spirob_ws/build/motor_driver', 'catkin_cmake_args': None, 'catkin_skip_building_tests': False, 'cmake_args': None, 'cmake_clean_cache': False, 'cmake_clean_first': False, 'cmake_force_configure': False, 'cmake_target': None, 'cmake_target_skip_unavailable': False, 'install_base': '/home/mgazzola/ros2_spirob_ws/install/motor_driver', 'merge_install': False, 'path': '/home/mgazzola/ros2_spirob_ws/src/motor_driver', 'symlink_install': False, 'test_result_base': None}
[1.057s] Level 5:colcon.colcon_core.verb:set package 'robot_GUI' build argument 'cmake_args' from command line to 'None'
[1.057s] Level 5:colcon.colcon_core.verb:set package 'robot_GUI' build argument 'cmake_target' from command line to 'None'
[1.057s] Level 5:colcon.colcon_core.verb:set package 'robot_GUI' build argument 'cmake_target_skip_unavailable' from command line to 'False'
[1.057s] Level 5:colcon.colcon_core.verb:set package 'robot_GUI' build argument 'cmake_clean_cache' from command line to 'False'
[1.057s] Level 5:colcon.colcon_core.verb:set package 'robot_GUI' build argument 'cmake_clean_first' from command line to 'False'
[1.057s] Level 5:colcon.colcon_core.verb:set package 'robot_GUI' build argument 'cmake_force_configure' from command line to 'False'
[1.057s] Level 5:colcon.colcon_core.verb:set package 'robot_GUI' build argument 'ament_cmake_args' from command line to 'None'
[1.057s] Level 5:colcon.colcon_core.verb:set package 'robot_GUI' build argument 'catkin_cmake_args' from command line to 'None'
[1.058s] Level 5:colcon.colcon_core.verb:set package 'robot_GUI' build argument 'catkin_skip_building_tests' from command line to 'False'
[1.058s] DEBUG:colcon.colcon_core.verb:Building package 'robot_GUI' with the following arguments: {'ament_cmake_args': None, 'build_base': '/home/mgazzola/ros2_spirob_ws/build/robot_GUI', 'catkin_cmake_args': None, 'catkin_skip_building_tests': False, 'cmake_args': None, 'cmake_clean_cache': False, 'cmake_clean_first': False, 'cmake_force_configure': False, 'cmake_target': None, 'cmake_target_skip_unavailable': False, 'install_base': '/home/mgazzola/ros2_spirob_ws/install/robot_GUI', 'merge_install': False, 'path': '/home/mgazzola/ros2_spirob_ws/src/robot_GUI', 'symlink_install': False, 'test_result_base': None}
[1.059s] Level 5:colcon.colcon_core.verb:set package 'spirob_bringup' build argument 'cmake_args' from command line to 'None'
[1.059s] Level 5:colcon.colcon_core.verb:set package 'spirob_bringup' build argument 'cmake_target' from command line to 'None'
[1.059s] Level 5:colcon.colcon_core.verb:set package 'spirob_bringup' build argument 'cmake_target_skip_unavailable' from command line to 'False'
[1.059s] Level 5:colcon.colcon_core.verb:set package 'spirob_bringup' build argument 'cmake_clean_cache' from command line to 'False'
[1.060s] Level 5:colcon.colcon_core.verb:set package 'spirob_bringup' build argument 'cmake_clean_first' from command line to 'False'
[1.060s] Level 5:colcon.colcon_core.verb:set package 'spirob_bringup' build argument 'cmake_force_configure' from command line to 'False'
[1.060s] Level 5:colcon.colcon_core.verb:set package 'spirob_bringup' build argument 'ament_cmake_args' from command line to 'None'
[1.060s] Level 5:colcon.colcon_core.verb:set package 'spirob_bringup' build argument 'catkin_cmake_args' from command line to 'None'
[1.060s] Level 5:colcon.colcon_core.verb:set package 'spirob_bringup' build argument 'catkin_skip_building_tests' from command line to 'False'
[1.060s] DEBUG:colcon.colcon_core.verb:Building package 'spirob_bringup' with the following arguments: {'ament_cmake_args': None, 'build_base': '/home/mgazzola/ros2_spirob_ws/build/spirob_bringup', 'catkin_cmake_args': None, 'catkin_skip_building_tests': False, 'cmake_args': None, 'cmake_clean_cache': False, 'cmake_clean_first': False, 'cmake_force_configure': False, 'cmake_target': None, 'cmake_target_skip_unavailable': False, 'install_base': '/home/mgazzola/ros2_spirob_ws/install/spirob_bringup', 'merge_install': False, 'path': '/home/mgazzola/ros2_spirob_ws/src/spirob_bringup', 'symlink_install': False, 'test_result_base': None}
[1.061s] Level 5:colcon.colcon_core.verb:set package 'vision' build argument 'cmake_args' from command line to 'None'
[1.062s] Level 5:colcon.colcon_core.verb:set package 'vision' build argument 'cmake_target' from command line to 'None'
[1.062s] Level 5:colcon.colcon_core.verb:set package 'vision' build argument 'cmake_target_skip_unavailable' from command line to 'False'
[1.062s] Level 5:colcon.colcon_core.verb:set package 'vision' build argument 'cmake_clean_cache' from command line to 'False'
[1.062s] Level 5:colcon.colcon_core.verb:set package 'vision' build argument 'cmake_clean_first' from command line to 'False'
[1.062s] Level 5:colcon.colcon_core.verb:set package 'vision' build argument 'cmake_force_configure' from command line to 'False'
[1.062s] Level 5:colcon.colcon_core.verb:set package 'vision' build argument 'ament_cmake_args' from command line to 'None'
[1.062s] Level 5:colcon.colcon_core.verb:set package 'vision' build argument 'catkin_cmake_args' from command line to 'None'
[1.062s] Level 5:colcon.colcon_core.verb:set package 'vision' build argument 'catkin_skip_building_tests' from command line to 'False'
[1.062s] DEBUG:colcon.colcon_core.verb:Building package 'vision' with the following arguments: {'ament_cmake_args': None, 'build_base': '/home/mgazzola/ros2_spirob_ws/build/vision', 'catkin_cmake_args': None, 'catkin_skip_building_tests': False, 'cmake_args': None, 'cmake_clean_cache': False, 'cmake_clean_first': False, 'cmake_force_configure': False, 'cmake_target': None, 'cmake_target_skip_unavailable': False, 'install_base': '/home/mgazzola/ros2_spirob_ws/install/vision', 'merge_install': False, 'path': '/home/mgazzola/ros2_spirob_ws/src/vision', 'symlink_install': False, 'test_result_base': None}
[1.063s] INFO:colcon.colcon_core.executor:Executing jobs using 'parallel' executor
[1.066s] DEBUG:colcon.colcon_parallel_executor.executor.parallel:run_until_complete
[1.067s] INFO:colcon.colcon_ros.task.ament_python.build:Building ROS package in '/home/mgazzola/ros2_spirob_ws/src/controller' with build type 'ament_python'
[1.068s] Level 1:colcon.colcon_core.shell:create_environment_hook('controller', 'ament_prefix_path')
[1.077s] INFO:colcon.colcon_core.plugin_system:Skipping extension 'colcon_core.shell.bat': Not used on non-Windows systems
[1.078s] INFO:colcon.colcon_core.shell:Creating environment hook '/home/mgazzola/ros2_spirob_ws/install/controller/share/controller/hook/ament_prefix_path.ps1'
[1.081s] INFO:colcon.colcon_core.shell:Creating environment descriptor '/home/mgazzola/ros2_spirob_ws/install/controller/share/controller/hook/ament_prefix_path.dsv'
[1.086s] INFO:colcon.colcon_core.shell:Creating environment hook '/home/mgazzola/ros2_spirob_ws/install/controller/share/controller/hook/ament_prefix_path.sh'
[1.089s] INFO:colcon.colcon_core.shell:Skip shell extension 'powershell' for command environment: Not usable outside of PowerShell
[1.089s] DEBUG:colcon.colcon_core.shell:Skip shell extension 'dsv' for command environment
[1.110s] INFO:colcon.colcon_ros.task.ament_python.build:Building ROS package in '/home/mgazzola/ros2_spirob_ws/src/joysticker' with build type 'ament_python'
[1.110s] Level 1:colcon.colcon_core.shell:create_environment_hook('joysticker', 'ament_prefix_path')
[1.111s] INFO:colcon.colcon_core.shell:Creating environment hook '/home/mgazzola/ros2_spirob_ws/install/joysticker/share/joysticker/hook/ament_prefix_path.ps1'
[1.114s] INFO:colcon.colcon_core.shell:Creating environment descriptor '/home/mgazzola/ros2_spirob_ws/install/joysticker/share/joysticker/hook/ament_prefix_path.dsv'
[1.117s] INFO:colcon.colcon_core.shell:Creating environment hook '/home/mgazzola/ros2_spirob_ws/install/joysticker/share/joysticker/hook/ament_prefix_path.sh'
[1.120s] INFO:colcon.colcon_core.shell:Skip shell extension 'powershell' for command environment: Not usable outside of PowerShell
[1.120s] DEBUG:colcon.colcon_core.shell:Skip shell extension 'dsv' for command environment
[1.138s] INFO:colcon.colcon_ros.task.ament_python.build:Building ROS package in '/home/mgazzola/ros2_spirob_ws/src/load_cell' with build type 'ament_python'
[1.139s] Level 1:colcon.colcon_core.shell:create_environment_hook('load_cell', 'ament_prefix_path')
[1.141s] INFO:colcon.colcon_core.shell:Creating environment hook '/home/mgazzola/ros2_spirob_ws/install/load_cell/share/load_cell/hook/ament_prefix_path.ps1'
[1.143s] INFO:colcon.colcon_core.shell:Creating environment descriptor '/home/mgazzola/ros2_spirob_ws/install/load_cell/share/load_cell/hook/ament_prefix_path.dsv'
[1.146s] INFO:colcon.colcon_core.shell:Creating environment hook '/home/mgazzola/ros2_spirob_ws/install/load_cell/share/load_cell/hook/ament_prefix_path.sh'
[1.149s] INFO:colcon.colcon_core.shell:Skip shell extension 'powershell' for command environment: Not usable outside of PowerShell
[1.149s] DEBUG:colcon.colcon_core.shell:Skip shell extension 'dsv' for command environment
[1.168s] INFO:colcon.colcon_ros.task.ament_python.build:Building ROS package in '/home/mgazzola/ros2_spirob_ws/src/motor_driver' with build type 'ament_python'
[1.168s] Level 1:colcon.colcon_core.shell:create_environment_hook('motor_driver', 'ament_prefix_path')
[1.169s] INFO:colcon.colcon_core.shell:Creating environment hook '/home/mgazzola/ros2_spirob_ws/install/motor_driver/share/motor_driver/hook/ament_prefix_path.ps1'
[1.172s] INFO:colcon.colcon_core.shell:Creating environment descriptor '/home/mgazzola/ros2_spirob_ws/install/motor_driver/share/motor_driver/hook/ament_prefix_path.dsv'
[1.175s] INFO:colcon.colcon_core.shell:Creating environment hook '/home/mgazzola/ros2_spirob_ws/install/motor_driver/share/motor_driver/hook/ament_prefix_path.sh'
[1.178s] INFO:colcon.colcon_core.shell:Skip shell extension 'powershell' for command environment: Not usable outside of PowerShell
[1.178s] DEBUG:colcon.colcon_core.shell:Skip shell extension 'dsv' for command environment
[2.142s] INFO:colcon.colcon_core.task.python.build:Building Python package in '/home/mgazzola/ros2_spirob_ws/src/controller'
[2.143s] INFO:colcon.colcon_core.shell:Skip shell extension 'powershell' for command environment: Not usable outside of PowerShell
[2.143s] DEBUG:colcon.colcon_core.shell:Skip shell extension 'dsv' for command environment
[3.111s] INFO:colcon.colcon_core.task.python.build:Building Python package in '/home/mgazzola/ros2_spirob_ws/src/joysticker'
[3.112s] INFO:colcon.colcon_core.shell:Skip shell extension 'powershell' for command environment: Not usable outside of PowerShell
[3.112s] DEBUG:colcon.colcon_core.shell:Skip shell extension 'dsv' for command environment
[4.063s] INFO:colcon.colcon_core.task.python.build:Building Python package in '/home/mgazzola/ros2_spirob_ws/src/load_cell'
[4.064s] INFO:colcon.colcon_core.shell:Skip shell extension 'powershell' for command environment: Not usable outside of PowerShell
[4.064s] DEBUG:colcon.colcon_core.shell:Skip shell extension 'dsv' for command environment
[5.020s] INFO:colcon.colcon_core.task.python.build:Building Python package in '/home/mgazzola/ros2_spirob_ws/src/motor_driver'
[5.021s] INFO:colcon.colcon_core.shell:Skip shell extension 'powershell' for command environment: Not usable outside of PowerShell
[5.021s] DEBUG:colcon.colcon_core.shell:Skip shell extension 'dsv' for command environment
[9.044s] DEBUG:colcon.colcon_core.event_handler.log_command:Invoking command in '/home/mgazzola/ros2_spirob_ws/src/load_cell': DEBUGINFOD_URLS=https://debuginfod.ubuntu.com PS1=(.venv) \[\e]0;\u@\h: \w\a\]${debian_chroot:+($debian_chroot)}\[\033[01;32m\]\u@\h\[\033[00m\]:\[\033[01;34m\]\w\[\033[00m\]\$ PYTHONPATH=/home/mgazzola/ros2_spirob_ws/build/load_cell/prefix_override:/usr/lib/python3/dist-packages/colcon_core/task/python/colcon_distutils_commands:/home/mgazzola/ros2_spirob_ws/install/load_cell/lib/python3.12/site-packages:${PYTHONPATH} VIRTUAL_ENV_PROMPT=(.venv) /usr/bin/python3 -W ignore:setup.py install is deprecated -W ignore:easy_install command is deprecated setup.py egg_info --egg-base ../../build/load_cell build --build-base /home/mgazzola/ros2_spirob_ws/build/load_cell/build install --record /home/mgazzola/ros2_spirob_ws/build/load_cell/install.log --single-version-externally-managed install_data
[9.129s] DEBUG:colcon.colcon_core.event_handler.log_command:Invoking command in '/home/mgazzola/ros2_spirob_ws/src/motor_driver': DEBUGINFOD_URLS=https://debuginfod.ubuntu.com PS1=(.venv) \[\e]0;\u@\h: \w\a\]${debian_chroot:+($debian_chroot)}\[\033[01;32m\]\u@\h\[\033[00m\]:\[\033[01;34m\]\w\[\033[00m\]\$ PYTHONPATH=/home/mgazzola/ros2_spirob_ws/build/motor_driver/prefix_override:/usr/lib/python3/dist-packages/colcon_core/task/python/colcon_distutils_commands:/home/mgazzola/ros2_spirob_ws/install/motor_driver/lib/python3.12/site-packages:${PYTHONPATH} VIRTUAL_ENV_PROMPT=(.venv) /usr/bin/python3 -W ignore:setup.py install is deprecated -W ignore:easy_install command is deprecated setup.py egg_info --egg-base ../../build/motor_driver build --build-base /home/mgazzola/ros2_spirob_ws/build/motor_driver/build install --record /home/mgazzola/ros2_spirob_ws/build/motor_driver/install.log --single-version-externally-managed install_data
[9.350s] DEBUG:colcon.colcon_core.event_handler.log_command:Invoking command in '/home/mgazzola/ros2_spirob_ws/src/controller': DEBUGINFOD_URLS=https://debuginfod.ubuntu.com PS1=(.venv) \[\e]0;\u@\h: \w\a\]${debian_chroot:+($debian_chroot)}\[\033[01;32m\]\u@\h\[\033[00m\]:\[\033[01;34m\]\w\[\033[00m\]\$ PYTHONPATH=/home/mgazzola/ros2_spirob_ws/build/controller/prefix_override:/usr/lib/python3/dist-packages/colcon_core/task/python/colcon_distutils_commands:/home/mgazzola/ros2_spirob_ws/install/controller/lib/python3.12/site-packages:${PYTHONPATH} VIRTUAL_ENV_PROMPT=(.venv) /usr/bin/python3 -W ignore:setup.py install is deprecated -W ignore:easy_install command is deprecated setup.py egg_info --egg-base ../../build/controller build --build-base /home/mgazzola/ros2_spirob_ws/build/controller/build install --record /home/mgazzola/ros2_spirob_ws/build/controller/install.log --single-version-externally-managed install_data
[9.729s] DEBUG:colcon.colcon_core.event_handler.log_command:Invoking command in '/home/mgazzola/ros2_spirob_ws/src/joysticker': DEBUGINFOD_URLS=https://debuginfod.ubuntu.com PS1=(.venv) \[\e]0;\u@\h: \w\a\]${debian_chroot:+($debian_chroot)}\[\033[01;32m\]\u@\h\[\033[00m\]:\[\033[01;34m\]\w\[\033[00m\]\$ PYTHONPATH=/home/mgazzola/ros2_spirob_ws/build/joysticker/prefix_override:/usr/lib/python3/dist-packages/colcon_core/task/python/colcon_distutils_commands:/home/mgazzola/ros2_spirob_ws/install/joysticker/lib/python3.12/site-packages:${PYTHONPATH} VIRTUAL_ENV_PROMPT=(.venv) /usr/bin/python3 -W ignore:setup.py install is deprecated -W ignore:easy_install command is deprecated setup.py egg_info --egg-base ../../build/joysticker build --build-base /home/mgazzola/ros2_spirob_ws/build/joysticker/build install --record /home/mgazzola/ros2_spirob_ws/build/joysticker/install.log --single-version-externally-managed install_data
[12.650s] DEBUG:colcon.colcon_parallel_executor.executor.parallel:run_until_complete was interrupted
[12.652s] DEBUG:colcon.colcon_parallel_executor.executor.parallel:run_until_complete again
[13.002s] DEBUG:colcon.colcon_core.event_handler.log_command:Invoked command in '/home/mgazzola/ros2_spirob_ws/src/load_cell' returned '1': DEBUGINFOD_URLS=https://debuginfod.ubuntu.com PS1=(.venv) \[\e]0;\u@\h: \w\a\]${debian_chroot:+($debian_chroot)}\[\033[01;32m\]\u@\h\[\033[00m\]:\[\033[01;34m\]\w\[\033[00m\]\$ PYTHONPATH=/home/mgazzola/ros2_spirob_ws/build/load_cell/prefix_override:/usr/lib/python3/dist-packages/colcon_core/task/python/colcon_distutils_commands:/home/mgazzola/ros2_spirob_ws/install/load_cell/lib/python3.12/site-packages:${PYTHONPATH} VIRTUAL_ENV_PROMPT=(.venv) /usr/bin/python3 -W ignore:setup.py install is deprecated -W ignore:easy_install command is deprecated setup.py egg_info --egg-base ../../build/load_cell build --build-base /home/mgazzola/ros2_spirob_ws/build/load_cell/build install --record /home/mgazzola/ros2_spirob_ws/build/load_cell/install.log --single-version-externally-managed install_data
[13.047s] DEBUG:colcon.colcon_parallel_executor.executor.parallel:run_until_complete finished
[13.047s] DEBUG:colcon.colcon_parallel_executor.executor.parallel:closing loop
[13.048s] DEBUG:colcon.colcon_parallel_executor.executor.parallel:loop closed
[13.048s] DEBUG:colcon.colcon_core.event_reactor:joining thread
[13.076s] INFO:colcon.colcon_core.plugin_system:Skipping extension 'colcon_notification.desktop_notification.terminal_notifier': Not used on non-Darwin systems
[13.077s] INFO:colcon.colcon_core.plugin_system:Skipping extension 'colcon_notification.desktop_notification.win32': Not used on non-Windows systems
[13.077s] INFO:colcon.colcon_notification.desktop_notification:Sending desktop notification using 'notify2'
[13.139s] DEBUG:colcon.colcon_core.event_reactor:joined thread
[13.140s] INFO:colcon.colcon_core.shell:Creating prefix script '/home/mgazzola/ros2_spirob_ws/install/local_setup.ps1'
[13.144s] INFO:colcon.colcon_core.shell:Creating prefix util module '/home/mgazzola/ros2_spirob_ws/install/_local_setup_util_ps1.py'
[13.150s] INFO:colcon.colcon_core.shell:Creating prefix chain script '/home/mgazzola/ros2_spirob_ws/install/setup.ps1'
[13.158s] INFO:colcon.colcon_core.shell:Creating prefix script '/home/mgazzola/ros2_spirob_ws/install/local_setup.sh'
[13.162s] INFO:colcon.colcon_core.shell:Creating prefix util module '/home/mgazzola/ros2_spirob_ws/install/_local_setup_util_sh.py'
[13.167s] INFO:colcon.colcon_core.shell:Creating prefix chain script '/home/mgazzola/ros2_spirob_ws/install/setup.sh'
[13.175s] INFO:colcon.colcon_core.shell:Creating prefix script '/home/mgazzola/ros2_spirob_ws/install/local_setup.bash'
[13.178s] INFO:colcon.colcon_core.shell:Creating prefix chain script '/home/mgazzola/ros2_spirob_ws/install/setup.bash'
[13.183s] INFO:colcon.colcon_core.shell:Creating prefix script '/home/mgazzola/ros2_spirob_ws/install/local_setup.zsh'
[13.186s] INFO:colcon.colcon_core.shell:Creating prefix chain script '/home/mgazzola/ros2_spirob_ws/install/setup.zsh'
