running develop
Removing /home/mgazzola/ros2_spirob_ws/install/controller/lib/python3.12/site-packages/controller.egg-link (link to .)
running egg_info
writing ../../build/controller/controller.egg-info/PKG-INFO
writing dependency_links to ../../build/controller/controller.egg-info/dependency_links.txt
writing entry points to ../../build/controller/controller.egg-info/entry_points.txt
writing requirements to ../../build/controller/controller.egg-info/requires.txt
writing top-level names to ../../build/controller/controller.egg-info/top_level.txt
reading manifest file '../../build/controller/controller.egg-info/SOURCES.txt'
writing manifest file '../../build/controller/controller.egg-info/SOURCES.txt'
running build
running build_py
creating /home/mgazzola/ros2_spirob_ws/build/controller/build
creating /home/mgazzola/ros2_spirob_ws/build/controller/build/lib
creating /home/mgazzola/ros2_spirob_ws/build/controller/build/lib/controller
copying controller/pid_controller.py -> /home/mgazzola/ros2_spirob_ws/build/controller/build/lib/controller
copying controller/norm_to_three_motors.py -> /home/mgazzola/ros2_spirob_ws/build/controller/build/lib/controller
copying controller/setup_controller.py -> /home/mgazzola/ros2_spirob_ws/build/controller/build/lib/controller
copying controller/pid_controller_node.py -> /home/mgazzola/ros2_spirob_ws/build/controller/build/lib/controller
copying controller/__init__.py -> /home/mgazzola/ros2_spirob_ws/build/controller/build/lib/controller
running install
running install_lib
creating /home/mgazzola/ros2_spirob_ws/install/controller/lib/python3.12/site-packages/controller
copying /home/mgazzola/ros2_spirob_ws/build/controller/build/lib/controller/pid_controller.py -> /home/mgazzola/ros2_spirob_ws/install/controller/lib/python3.12/site-packages/controller
copying /home/mgazzola/ros2_spirob_ws/build/controller/build/lib/controller/norm_to_three_motors.py -> /home/mgazzola/ros2_spirob_ws/install/controller/lib/python3.12/site-packages/controller
copying /home/mgazzola/ros2_spirob_ws/build/controller/build/lib/controller/setup_controller.py -> /home/mgazzola/ros2_spirob_ws/install/controller/lib/python3.12/site-packages/controller
copying /home/mgazzola/ros2_spirob_ws/build/controller/build/lib/controller/pid_controller_node.py -> /home/mgazzola/ros2_spirob_ws/install/controller/lib/python3.12/site-packages/controller
copying /home/mgazzola/ros2_spirob_ws/build/controller/build/lib/controller/__init__.py -> /home/mgazzola/ros2_spirob_ws/install/controller/lib/python3.12/site-packages/controller
byte-compiling /home/mgazzola/ros2_spirob_ws/install/controller/lib/python3.12/site-packages/controller/pid_controller.py to pid_controller.cpython-312.pyc
byte-compiling /home/mgazzola/ros2_spirob_ws/install/controller/lib/python3.12/site-packages/controller/norm_to_three_motors.py to norm_to_three_motors.cpython-312.pyc
byte-compiling /home/mgazzola/ros2_spirob_ws/install/controller/lib/python3.12/site-packages/controller/setup_controller.py to setup_controller.cpython-312.pyc
byte-compiling /home/mgazzola/ros2_spirob_ws/install/controller/lib/python3.12/site-packages/controller/pid_controller_node.py to pid_controller_node.cpython-312.pyc
byte-compiling /home/mgazzola/ros2_spirob_ws/install/controller/lib/python3.12/site-packages/controller/__init__.py to __init__.cpython-312.pyc
running install_data
copying resource/controller -> /home/mgazzola/ros2_spirob_ws/install/controller/share/ament_index/resource_index/packages
copying package.xml -> /home/mgazzola/ros2_spirob_ws/install/controller/share/controller
running install_egg_info
Copying ../../build/controller/controller.egg-info to /home/mgazzola/ros2_spirob_ws/install/controller/lib/python3.12/site-packages/controller-0.0.0-py3.12.egg-info
running install_scripts
Installing pid_controller_node script to /home/mgazzola/ros2_spirob_ws/install/controller/lib/controller
Installing setup_node script to /home/mgazzola/ros2_spirob_ws/install/controller/lib/controller
writing list of installed files to '/home/mgazzola/ros2_spirob_ws/build/controller/install.log'
