[0.492s] DEBUG:colcon:Command line arguments: ['/usr/bin/colcon', 'build', '--packages-select', 'motor_driver']
[0.492s] DEBUG:colcon:Parsed command line arguments: Namespace(log_base=None, log_level=None, verb_name='build', build_base='build', install_base='install', merge_install=False, symlink_install=False, test_result_base=None, continue_on_error=False, executor='parallel', parallel_workers=4, event_handlers=None, ignore_user_meta=False, metas=['./colcon.meta'], base_paths=['.'], packages_ignore=None, packages_ignore_regex=None, paths=None, packages_up_to=None, packages_up_to_regex=None, packages_above=None, packages_above_and_dependencies=None, packages_above_depth=None, packages_select_by_dep=None, packages_skip_by_dep=None, packages_skip_up_to=None, packages_select_build_failed=False, packages_skip_build_finished=False, packages_select_test_failures=False, packages_skip_test_passed=False, packages_select=['motor_driver'], packages_skip=None, packages_select_regex=None, packages_skip_regex=None, packages_start=None, packages_end=None, allow_overriding=[], cmake_args=None, cmake_target=None, cmake_target_skip_unavailable=False, cmake_clean_cache=False, cmake_clean_first=False, cmake_force_configure=False, ament_cmake_args=None, catkin_cmake_args=None, catkin_skip_building_tests=False, mixin_files=None, mixin=None, verb_parser=<colcon_mixin.mixin.mixin_argument.MixinArgumentDecorator object at 0xffff9e377e60>, verb_extension=<colcon_core.verb.build.BuildVerb object at 0xffff9e31dee0>, main=<bound method BuildVerb.main of <colcon_core.verb.build.BuildVerb object at 0xffff9e31dee0>>, mixin_verb=('build',))
[0.674s] Level 1:colcon.colcon_core.package_discovery:discover_packages(colcon_meta) check parameters
[0.674s] Level 1:colcon.colcon_core.package_discovery:discover_packages(recursive) check parameters
[0.674s] Level 1:colcon.colcon_core.package_discovery:discover_packages(ignore) check parameters
[0.674s] Level 1:colcon.colcon_core.package_discovery:discover_packages(path) check parameters
[0.674s] Level 1:colcon.colcon_core.package_discovery:discover_packages(colcon_meta) discover
[0.675s] Level 1:colcon.colcon_core.package_discovery:discover_packages(recursive) discover
[0.675s] INFO:colcon.colcon_core.package_discovery:Crawling recursively for packages in '/home/mgazzola/ros2_spirob_ws'
[0.675s] Level 1:colcon.colcon_core.package_identification:_identify(.) by extensions ['ignore', 'ignore_ament_install']
[0.676s] Level 1:colcon.colcon_core.package_identification:_identify(.) by extension 'ignore'
[0.676s] Level 1:colcon.colcon_core.package_identification:_identify(.) by extension 'ignore_ament_install'
[0.676s] Level 1:colcon.colcon_core.package_identification:_identify(.) by extensions ['colcon_pkg']
[0.676s] Level 1:colcon.colcon_core.package_identification:_identify(.) by extension 'colcon_pkg'
[0.677s] Level 1:colcon.colcon_core.package_identification:_identify(.) by extensions ['colcon_meta']
[0.677s] Level 1:colcon.colcon_core.package_identification:_identify(.) by extension 'colcon_meta'
[0.677s] Level 1:colcon.colcon_core.package_identification:_identify(.) by extensions ['ros']
[0.677s] Level 1:colcon.colcon_core.package_identification:_identify(.) by extension 'ros'
[0.784s] Level 1:colcon.colcon_core.package_identification:_identify(.) by extensions ['cmake', 'python']
[0.784s] Level 1:colcon.colcon_core.package_identification:_identify(.) by extension 'cmake'
[0.784s] Level 1:colcon.colcon_core.package_identification:_identify(.) by extension 'python'
[0.785s] Level 1:colcon.colcon_core.package_identification:_identify(.) by extensions ['python_setup_py']
[0.785s] Level 1:colcon.colcon_core.package_identification:_identify(.) by extension 'python_setup_py'
[0.785s] Level 1:colcon.colcon_core.package_identification:_identify(build) by extensions ['ignore', 'ignore_ament_install']
[0.786s] Level 1:colcon.colcon_core.package_identification:_identify(build) by extension 'ignore'
[0.786s] Level 1:colcon.colcon_core.package_identification:_identify(build) ignored
[0.787s] Level 1:colcon.colcon_core.package_identification:_identify(exp_ws) by extensions ['ignore', 'ignore_ament_install']
[0.787s] Level 1:colcon.colcon_core.package_identification:_identify(exp_ws) by extension 'ignore'
[0.787s] Level 1:colcon.colcon_core.package_identification:_identify(exp_ws) by extension 'ignore_ament_install'
[0.788s] Level 1:colcon.colcon_core.package_identification:_identify(exp_ws) by extensions ['colcon_pkg']
[0.788s] Level 1:colcon.colcon_core.package_identification:_identify(exp_ws) by extension 'colcon_pkg'
[0.788s] Level 1:colcon.colcon_core.package_identification:_identify(exp_ws) by extensions ['colcon_meta']
[0.788s] Level 1:colcon.colcon_core.package_identification:_identify(exp_ws) by extension 'colcon_meta'
[0.788s] Level 1:colcon.colcon_core.package_identification:_identify(exp_ws) by extensions ['ros']
[0.788s] Level 1:colcon.colcon_core.package_identification:_identify(exp_ws) by extension 'ros'
[0.789s] Level 1:colcon.colcon_core.package_identification:_identify(exp_ws) by extensions ['cmake', 'python']
[0.789s] Level 1:colcon.colcon_core.package_identification:_identify(exp_ws) by extension 'cmake'
[0.789s] Level 1:colcon.colcon_core.package_identification:_identify(exp_ws) by extension 'python'
[0.789s] Level 1:colcon.colcon_core.package_identification:_identify(exp_ws) by extensions ['python_setup_py']
[0.789s] Level 1:colcon.colcon_core.package_identification:_identify(exp_ws) by extension 'python_setup_py'
[0.790s] Level 1:colcon.colcon_core.package_identification:_identify(exp_ws/bags) by extensions ['ignore', 'ignore_ament_install']
[0.790s] Level 1:colcon.colcon_core.package_identification:_identify(exp_ws/bags) by extension 'ignore'
[0.790s] Level 1:colcon.colcon_core.package_identification:_identify(exp_ws/bags) by extension 'ignore_ament_install'
[0.791s] Level 1:colcon.colcon_core.package_identification:_identify(exp_ws/bags) by extensions ['colcon_pkg']
[0.791s] Level 1:colcon.colcon_core.package_identification:_identify(exp_ws/bags) by extension 'colcon_pkg'
[0.791s] Level 1:colcon.colcon_core.package_identification:_identify(exp_ws/bags) by extensions ['colcon_meta']
[0.791s] Level 1:colcon.colcon_core.package_identification:_identify(exp_ws/bags) by extension 'colcon_meta'
[0.791s] Level 1:colcon.colcon_core.package_identification:_identify(exp_ws/bags) by extensions ['ros']
[0.791s] Level 1:colcon.colcon_core.package_identification:_identify(exp_ws/bags) by extension 'ros'
[0.792s] Level 1:colcon.colcon_core.package_identification:_identify(exp_ws/bags) by extensions ['cmake', 'python']
[0.792s] Level 1:colcon.colcon_core.package_identification:_identify(exp_ws/bags) by extension 'cmake'
[0.792s] Level 1:colcon.colcon_core.package_identification:_identify(exp_ws/bags) by extension 'python'
[0.792s] Level 1:colcon.colcon_core.package_identification:_identify(exp_ws/bags) by extensions ['python_setup_py']
[0.792s] Level 1:colcon.colcon_core.package_identification:_identify(exp_ws/bags) by extension 'python_setup_py'
[0.793s] Level 1:colcon.colcon_core.package_identification:_identify(exp_ws/bags/system_test_01_2026-01-05_17-30-47) by extensions ['ignore', 'ignore_ament_install']
[0.793s] Level 1:colcon.colcon_core.package_identification:_identify(exp_ws/bags/system_test_01_2026-01-05_17-30-47) by extension 'ignore'
[0.794s] Level 1:colcon.colcon_core.package_identification:_identify(exp_ws/bags/system_test_01_2026-01-05_17-30-47) by extension 'ignore_ament_install'
[0.794s] Level 1:colcon.colcon_core.package_identification:_identify(exp_ws/bags/system_test_01_2026-01-05_17-30-47) by extensions ['colcon_pkg']
[0.794s] Level 1:colcon.colcon_core.package_identification:_identify(exp_ws/bags/system_test_01_2026-01-05_17-30-47) by extension 'colcon_pkg'
[0.794s] Level 1:colcon.colcon_core.package_identification:_identify(exp_ws/bags/system_test_01_2026-01-05_17-30-47) by extensions ['colcon_meta']
[0.794s] Level 1:colcon.colcon_core.package_identification:_identify(exp_ws/bags/system_test_01_2026-01-05_17-30-47) by extension 'colcon_meta'
[0.795s] Level 1:colcon.colcon_core.package_identification:_identify(exp_ws/bags/system_test_01_2026-01-05_17-30-47) by extensions ['ros']
[0.795s] Level 1:colcon.colcon_core.package_identification:_identify(exp_ws/bags/system_test_01_2026-01-05_17-30-47) by extension 'ros'
[0.795s] Level 1:colcon.colcon_core.package_identification:_identify(exp_ws/bags/system_test_01_2026-01-05_17-30-47) by extensions ['cmake', 'python']
[0.795s] Level 1:colcon.colcon_core.package_identification:_identify(exp_ws/bags/system_test_01_2026-01-05_17-30-47) by extension 'cmake'
[0.796s] Level 1:colcon.colcon_core.package_identification:_identify(exp_ws/bags/system_test_01_2026-01-05_17-30-47) by extension 'python'
[0.796s] Level 1:colcon.colcon_core.package_identification:_identify(exp_ws/bags/system_test_01_2026-01-05_17-30-47) by extensions ['python_setup_py']
[0.796s] Level 1:colcon.colcon_core.package_identification:_identify(exp_ws/bags/system_test_01_2026-01-05_17-30-47) by extension 'python_setup_py'
[0.796s] Level 1:colcon.colcon_core.package_identification:_identify(exp_ws/bags/system_test_01_2026-01-05_17-32-01) by extensions ['ignore', 'ignore_ament_install']
[0.797s] Level 1:colcon.colcon_core.package_identification:_identify(exp_ws/bags/system_test_01_2026-01-05_17-32-01) by extension 'ignore'
[0.797s] Level 1:colcon.colcon_core.package_identification:_identify(exp_ws/bags/system_test_01_2026-01-05_17-32-01) by extension 'ignore_ament_install'
[0.797s] Level 1:colcon.colcon_core.package_identification:_identify(exp_ws/bags/system_test_01_2026-01-05_17-32-01) by extensions ['colcon_pkg']
[0.797s] Level 1:colcon.colcon_core.package_identification:_identify(exp_ws/bags/system_test_01_2026-01-05_17-32-01) by extension 'colcon_pkg'
[0.798s] Level 1:colcon.colcon_core.package_identification:_identify(exp_ws/bags/system_test_01_2026-01-05_17-32-01) by extensions ['colcon_meta']
[0.798s] Level 1:colcon.colcon_core.package_identification:_identify(exp_ws/bags/system_test_01_2026-01-05_17-32-01) by extension 'colcon_meta'
[0.798s] Level 1:colcon.colcon_core.package_identification:_identify(exp_ws/bags/system_test_01_2026-01-05_17-32-01) by extensions ['ros']
[0.798s] Level 1:colcon.colcon_core.package_identification:_identify(exp_ws/bags/system_test_01_2026-01-05_17-32-01) by extension 'ros'
[0.798s] Level 1:colcon.colcon_core.package_identification:_identify(exp_ws/bags/system_test_01_2026-01-05_17-32-01) by extensions ['cmake', 'python']
[0.798s] Level 1:colcon.colcon_core.package_identification:_identify(exp_ws/bags/system_test_01_2026-01-05_17-32-01) by extension 'cmake'
[0.799s] Level 1:colcon.colcon_core.package_identification:_identify(exp_ws/bags/system_test_01_2026-01-05_17-32-01) by extension 'python'
[0.799s] Level 1:colcon.colcon_core.package_identification:_identify(exp_ws/bags/system_test_01_2026-01-05_17-32-01) by extensions ['python_setup_py']
[0.799s] Level 1:colcon.colcon_core.package_identification:_identify(exp_ws/bags/system_test_01_2026-01-05_17-32-01) by extension 'python_setup_py'
[0.800s] Level 1:colcon.colcon_core.package_identification:_identify(exp_ws/bags/system_test_01_2026-01-05_17-32-33) by extensions ['ignore', 'ignore_ament_install']
[0.800s] Level 1:colcon.colcon_core.package_identification:_identify(exp_ws/bags/system_test_01_2026-01-05_17-32-33) by extension 'ignore'
[0.800s] Level 1:colcon.colcon_core.package_identification:_identify(exp_ws/bags/system_test_01_2026-01-05_17-32-33) by extension 'ignore_ament_install'
[0.800s] Level 1:colcon.colcon_core.package_identification:_identify(exp_ws/bags/system_test_01_2026-01-05_17-32-33) by extensions ['colcon_pkg']
[0.801s] Level 1:colcon.colcon_core.package_identification:_identify(exp_ws/bags/system_test_01_2026-01-05_17-32-33) by extension 'colcon_pkg'
[0.801s] Level 1:colcon.colcon_core.package_identification:_identify(exp_ws/bags/system_test_01_2026-01-05_17-32-33) by extensions ['colcon_meta']
[0.801s] Level 1:colcon.colcon_core.package_identification:_identify(exp_ws/bags/system_test_01_2026-01-05_17-32-33) by extension 'colcon_meta'
[0.801s] Level 1:colcon.colcon_core.package_identification:_identify(exp_ws/bags/system_test_01_2026-01-05_17-32-33) by extensions ['ros']
[0.801s] Level 1:colcon.colcon_core.package_identification:_identify(exp_ws/bags/system_test_01_2026-01-05_17-32-33) by extension 'ros'
[0.802s] Level 1:colcon.colcon_core.package_identification:_identify(exp_ws/bags/system_test_01_2026-01-05_17-32-33) by extensions ['cmake', 'python']
[0.802s] Level 1:colcon.colcon_core.package_identification:_identify(exp_ws/bags/system_test_01_2026-01-05_17-32-33) by extension 'cmake'
[0.802s] Level 1:colcon.colcon_core.package_identification:_identify(exp_ws/bags/system_test_01_2026-01-05_17-32-33) by extension 'python'
[0.802s] Level 1:colcon.colcon_core.package_identification:_identify(exp_ws/bags/system_test_01_2026-01-05_17-32-33) by extensions ['python_setup_py']
[0.802s] Level 1:colcon.colcon_core.package_identification:_identify(exp_ws/bags/system_test_01_2026-01-05_17-32-33) by extension 'python_setup_py'
[0.803s] Level 1:colcon.colcon_core.package_identification:_identify(exp_ws/bags/system_test_01_2026-01-05_17-33-00) by extensions ['ignore', 'ignore_ament_install']
[0.804s] Level 1:colcon.colcon_core.package_identification:_identify(exp_ws/bags/system_test_01_2026-01-05_17-33-00) by extension 'ignore'
[0.804s] Level 1:colcon.colcon_core.package_identification:_identify(exp_ws/bags/system_test_01_2026-01-05_17-33-00) by extension 'ignore_ament_install'
[0.804s] Level 1:colcon.colcon_core.package_identification:_identify(exp_ws/bags/system_test_01_2026-01-05_17-33-00) by extensions ['colcon_pkg']
[0.805s] Level 1:colcon.colcon_core.package_identification:_identify(exp_ws/bags/system_test_01_2026-01-05_17-33-00) by extension 'colcon_pkg'
[0.805s] Level 1:colcon.colcon_core.package_identification:_identify(exp_ws/bags/system_test_01_2026-01-05_17-33-00) by extensions ['colcon_meta']
[0.805s] Level 1:colcon.colcon_core.package_identification:_identify(exp_ws/bags/system_test_01_2026-01-05_17-33-00) by extension 'colcon_meta'
[0.805s] Level 1:colcon.colcon_core.package_identification:_identify(exp_ws/bags/system_test_01_2026-01-05_17-33-00) by extensions ['ros']
[0.806s] Level 1:colcon.colcon_core.package_identification:_identify(exp_ws/bags/system_test_01_2026-01-05_17-33-00) by extension 'ros'
[0.806s] Level 1:colcon.colcon_core.package_identification:_identify(exp_ws/bags/system_test_01_2026-01-05_17-33-00) by extensions ['cmake', 'python']
[0.806s] Level 1:colcon.colcon_core.package_identification:_identify(exp_ws/bags/system_test_01_2026-01-05_17-33-00) by extension 'cmake'
[0.806s] Level 1:colcon.colcon_core.package_identification:_identify(exp_ws/bags/system_test_01_2026-01-05_17-33-00) by extension 'python'
[0.806s] Level 1:colcon.colcon_core.package_identification:_identify(exp_ws/bags/system_test_01_2026-01-05_17-33-00) by extensions ['python_setup_py']
[0.807s] Level 1:colcon.colcon_core.package_identification:_identify(exp_ws/bags/system_test_01_2026-01-05_17-33-00) by extension 'python_setup_py'
[0.807s] Level 1:colcon.colcon_core.package_identification:_identify(exp_ws/bags/system_test_01_2026-01-05_17-34-09) by extensions ['ignore', 'ignore_ament_install']
[0.807s] Level 1:colcon.colcon_core.package_identification:_identify(exp_ws/bags/system_test_01_2026-01-05_17-34-09) by extension 'ignore'
[0.808s] Level 1:colcon.colcon_core.package_identification:_identify(exp_ws/bags/system_test_01_2026-01-05_17-34-09) by extension 'ignore_ament_install'
[0.808s] Level 1:colcon.colcon_core.package_identification:_identify(exp_ws/bags/system_test_01_2026-01-05_17-34-09) by extensions ['colcon_pkg']
[0.808s] Level 1:colcon.colcon_core.package_identification:_identify(exp_ws/bags/system_test_01_2026-01-05_17-34-09) by extension 'colcon_pkg'
[0.808s] Level 1:colcon.colcon_core.package_identification:_identify(exp_ws/bags/system_test_01_2026-01-05_17-34-09) by extensions ['colcon_meta']
[0.809s] Level 1:colcon.colcon_core.package_identification:_identify(exp_ws/bags/system_test_01_2026-01-05_17-34-09) by extension 'colcon_meta'
[0.809s] Level 1:colcon.colcon_core.package_identification:_identify(exp_ws/bags/system_test_01_2026-01-05_17-34-09) by extensions ['ros']
[0.809s] Level 1:colcon.colcon_core.package_identification:_identify(exp_ws/bags/system_test_01_2026-01-05_17-34-09) by extension 'ros'
[0.809s] Level 1:colcon.colcon_core.package_identification:_identify(exp_ws/bags/system_test_01_2026-01-05_17-34-09) by extensions ['cmake', 'python']
[0.810s] Level 1:colcon.colcon_core.package_identification:_identify(exp_ws/bags/system_test_01_2026-01-05_17-34-09) by extension 'cmake'
[0.810s] Level 1:colcon.colcon_core.package_identification:_identify(exp_ws/bags/system_test_01_2026-01-05_17-34-09) by extension 'python'
[0.810s] Level 1:colcon.colcon_core.package_identification:_identify(exp_ws/bags/system_test_01_2026-01-05_17-34-09) by extensions ['python_setup_py']
[0.810s] Level 1:colcon.colcon_core.package_identification:_identify(exp_ws/bags/system_test_01_2026-01-05_17-34-09) by extension 'python_setup_py'
[0.811s] Level 1:colcon.colcon_core.package_identification:_identify(exp_ws/bags/system_test_01_2026-01-05_17-34-47) by extensions ['ignore', 'ignore_ament_install']
[0.811s] Level 1:colcon.colcon_core.package_identification:_identify(exp_ws/bags/system_test_01_2026-01-05_17-34-47) by extension 'ignore'
[0.811s] Level 1:colcon.colcon_core.package_identification:_identify(exp_ws/bags/system_test_01_2026-01-05_17-34-47) by extension 'ignore_ament_install'
[0.812s] Level 1:colcon.colcon_core.package_identification:_identify(exp_ws/bags/system_test_01_2026-01-05_17-34-47) by extensions ['colcon_pkg']
[0.812s] Level 1:colcon.colcon_core.package_identification:_identify(exp_ws/bags/system_test_01_2026-01-05_17-34-47) by extension 'colcon_pkg'
[0.812s] Level 1:colcon.colcon_core.package_identification:_identify(exp_ws/bags/system_test_01_2026-01-05_17-34-47) by extensions ['colcon_meta']
[0.812s] Level 1:colcon.colcon_core.package_identification:_identify(exp_ws/bags/system_test_01_2026-01-05_17-34-47) by extension 'colcon_meta'
[0.812s] Level 1:colcon.colcon_core.package_identification:_identify(exp_ws/bags/system_test_01_2026-01-05_17-34-47) by extensions ['ros']
[0.812s] Level 1:colcon.colcon_core.package_identification:_identify(exp_ws/bags/system_test_01_2026-01-05_17-34-47) by extension 'ros'
[0.813s] Level 1:colcon.colcon_core.package_identification:_identify(exp_ws/bags/system_test_01_2026-01-05_17-34-47) by extensions ['cmake', 'python']
[0.813s] Level 1:colcon.colcon_core.package_identification:_identify(exp_ws/bags/system_test_01_2026-01-05_17-34-47) by extension 'cmake'
[0.813s] Level 1:colcon.colcon_core.package_identification:_identify(exp_ws/bags/system_test_01_2026-01-05_17-34-47) by extension 'python'
[0.813s] Level 1:colcon.colcon_core.package_identification:_identify(exp_ws/bags/system_test_01_2026-01-05_17-34-47) by extensions ['python_setup_py']
[0.813s] Level 1:colcon.colcon_core.package_identification:_identify(exp_ws/bags/system_test_01_2026-01-05_17-34-47) by extension 'python_setup_py'
[0.814s] Level 1:colcon.colcon_core.package_identification:_identify(exp_ws/bags/system_test_01_2026-01-05_17-36-14) by extensions ['ignore', 'ignore_ament_install']
[0.814s] Level 1:colcon.colcon_core.package_identification:_identify(exp_ws/bags/system_test_01_2026-01-05_17-36-14) by extension 'ignore'
[0.814s] Level 1:colcon.colcon_core.package_identification:_identify(exp_ws/bags/system_test_01_2026-01-05_17-36-14) by extension 'ignore_ament_install'
[0.815s] Level 1:colcon.colcon_core.package_identification:_identify(exp_ws/bags/system_test_01_2026-01-05_17-36-14) by extensions ['colcon_pkg']
[0.815s] Level 1:colcon.colcon_core.package_identification:_identify(exp_ws/bags/system_test_01_2026-01-05_17-36-14) by extension 'colcon_pkg'
[0.815s] Level 1:colcon.colcon_core.package_identification:_identify(exp_ws/bags/system_test_01_2026-01-05_17-36-14) by extensions ['colcon_meta']
[0.815s] Level 1:colcon.colcon_core.package_identification:_identify(exp_ws/bags/system_test_01_2026-01-05_17-36-14) by extension 'colcon_meta'
[0.815s] Level 1:colcon.colcon_core.package_identification:_identify(exp_ws/bags/system_test_01_2026-01-05_17-36-14) by extensions ['ros']
[0.816s] Level 1:colcon.colcon_core.package_identification:_identify(exp_ws/bags/system_test_01_2026-01-05_17-36-14) by extension 'ros'
[0.816s] Level 1:colcon.colcon_core.package_identification:_identify(exp_ws/bags/system_test_01_2026-01-05_17-36-14) by extensions ['cmake', 'python']
[0.816s] Level 1:colcon.colcon_core.package_identification:_identify(exp_ws/bags/system_test_01_2026-01-05_17-36-14) by extension 'cmake'
[0.816s] Level 1:colcon.colcon_core.package_identification:_identify(exp_ws/bags/system_test_01_2026-01-05_17-36-14) by extension 'python'
[0.817s] Level 1:colcon.colcon_core.package_identification:_identify(exp_ws/bags/system_test_01_2026-01-05_17-36-14) by extensions ['python_setup_py']
[0.817s] Level 1:colcon.colcon_core.package_identification:_identify(exp_ws/bags/system_test_01_2026-01-05_17-36-14) by extension 'python_setup_py'
[0.817s] Level 1:colcon.colcon_core.package_identification:_identify(exp_ws/results) by extensions ['ignore', 'ignore_ament_install']
[0.818s] Level 1:colcon.colcon_core.package_identification:_identify(exp_ws/results) by extension 'ignore'
[0.818s] Level 1:colcon.colcon_core.package_identification:_identify(exp_ws/results) by extension 'ignore_ament_install'
[0.818s] Level 1:colcon.colcon_core.package_identification:_identify(exp_ws/results) by extensions ['colcon_pkg']
[0.818s] Level 1:colcon.colcon_core.package_identification:_identify(exp_ws/results) by extension 'colcon_pkg'
[0.818s] Level 1:colcon.colcon_core.package_identification:_identify(exp_ws/results) by extensions ['colcon_meta']
[0.818s] Level 1:colcon.colcon_core.package_identification:_identify(exp_ws/results) by extension 'colcon_meta'
[0.819s] Level 1:colcon.colcon_core.package_identification:_identify(exp_ws/results) by extensions ['ros']
[0.819s] Level 1:colcon.colcon_core.package_identification:_identify(exp_ws/results) by extension 'ros'
[0.819s] Level 1:colcon.colcon_core.package_identification:_identify(exp_ws/results) by extensions ['cmake', 'python']
[0.819s] Level 1:colcon.colcon_core.package_identification:_identify(exp_ws/results) by extension 'cmake'
[0.820s] Level 1:colcon.colcon_core.package_identification:_identify(exp_ws/results) by extension 'python'
[0.820s] Level 1:colcon.colcon_core.package_identification:_identify(exp_ws/results) by extensions ['python_setup_py']
[0.820s] Level 1:colcon.colcon_core.package_identification:_identify(exp_ws/results) by extension 'python_setup_py'
[0.820s] Level 1:colcon.colcon_core.package_identification:_identify(exp_ws/results/system_test_01_2026-01-05_17-30-47) by extensions ['ignore', 'ignore_ament_install']
[0.821s] Level 1:colcon.colcon_core.package_identification:_identify(exp_ws/results/system_test_01_2026-01-05_17-30-47) by extension 'ignore'
[0.821s] Level 1:colcon.colcon_core.package_identification:_identify(exp_ws/results/system_test_01_2026-01-05_17-30-47) by extension 'ignore_ament_install'
[0.821s] Level 1:colcon.colcon_core.package_identification:_identify(exp_ws/results/system_test_01_2026-01-05_17-30-47) by extensions ['colcon_pkg']
[0.821s] Level 1:colcon.colcon_core.package_identification:_identify(exp_ws/results/system_test_01_2026-01-05_17-30-47) by extension 'colcon_pkg'
[0.822s] Level 1:colcon.colcon_core.package_identification:_identify(exp_ws/results/system_test_01_2026-01-05_17-30-47) by extensions ['colcon_meta']
[0.822s] Level 1:colcon.colcon_core.package_identification:_identify(exp_ws/results/system_test_01_2026-01-05_17-30-47) by extension 'colcon_meta'
[0.822s] Level 1:colcon.colcon_core.package_identification:_identify(exp_ws/results/system_test_01_2026-01-05_17-30-47) by extensions ['ros']
[0.822s] Level 1:colcon.colcon_core.package_identification:_identify(exp_ws/results/system_test_01_2026-01-05_17-30-47) by extension 'ros'
[0.822s] Level 1:colcon.colcon_core.package_identification:_identify(exp_ws/results/system_test_01_2026-01-05_17-30-47) by extensions ['cmake', 'python']
[0.823s] Level 1:colcon.colcon_core.package_identification:_identify(exp_ws/results/system_test_01_2026-01-05_17-30-47) by extension 'cmake'
[0.823s] Level 1:colcon.colcon_core.package_identification:_identify(exp_ws/results/system_test_01_2026-01-05_17-30-47) by extension 'python'
[0.823s] Level 1:colcon.colcon_core.package_identification:_identify(exp_ws/results/system_test_01_2026-01-05_17-30-47) by extensions ['python_setup_py']
[0.823s] Level 1:colcon.colcon_core.package_identification:_identify(exp_ws/results/system_test_01_2026-01-05_17-30-47) by extension 'python_setup_py'
[0.825s] Level 1:colcon.colcon_core.package_identification:_identify(exp_ws/results/system_test_01_2026-01-05_17-30-47/frames) by extensions ['ignore', 'ignore_ament_install']
[0.825s] Level 1:colcon.colcon_core.package_identification:_identify(exp_ws/results/system_test_01_2026-01-05_17-30-47/frames) by extension 'ignore'
[0.826s] Level 1:colcon.colcon_core.package_identification:_identify(exp_ws/results/system_test_01_2026-01-05_17-30-47/frames) by extension 'ignore_ament_install'
[0.826s] Level 1:colcon.colcon_core.package_identification:_identify(exp_ws/results/system_test_01_2026-01-05_17-30-47/frames) by extensions ['colcon_pkg']
[0.826s] Level 1:colcon.colcon_core.package_identification:_identify(exp_ws/results/system_test_01_2026-01-05_17-30-47/frames) by extension 'colcon_pkg'
[0.826s] Level 1:colcon.colcon_core.package_identification:_identify(exp_ws/results/system_test_01_2026-01-05_17-30-47/frames) by extensions ['colcon_meta']
[0.826s] Level 1:colcon.colcon_core.package_identification:_identify(exp_ws/results/system_test_01_2026-01-05_17-30-47/frames) by extension 'colcon_meta'
[0.826s] Level 1:colcon.colcon_core.package_identification:_identify(exp_ws/results/system_test_01_2026-01-05_17-30-47/frames) by extensions ['ros']
[0.827s] Level 1:colcon.colcon_core.package_identification:_identify(exp_ws/results/system_test_01_2026-01-05_17-30-47/frames) by extension 'ros'
[0.827s] Level 1:colcon.colcon_core.package_identification:_identify(exp_ws/results/system_test_01_2026-01-05_17-30-47/frames) by extensions ['cmake', 'python']
[0.827s] Level 1:colcon.colcon_core.package_identification:_identify(exp_ws/results/system_test_01_2026-01-05_17-30-47/frames) by extension 'cmake'
[0.827s] Level 1:colcon.colcon_core.package_identification:_identify(exp_ws/results/system_test_01_2026-01-05_17-30-47/frames) by extension 'python'
[0.828s] Level 1:colcon.colcon_core.package_identification:_identify(exp_ws/results/system_test_01_2026-01-05_17-30-47/frames) by extensions ['python_setup_py']
[0.828s] Level 1:colcon.colcon_core.package_identification:_identify(exp_ws/results/system_test_01_2026-01-05_17-30-47/frames) by extension 'python_setup_py'
[0.828s] Level 1:colcon.colcon_core.package_identification:_identify(exp_ws/results/system_test_01_2026-01-05_17-32-01) by extensions ['ignore', 'ignore_ament_install']
[0.829s] Level 1:colcon.colcon_core.package_identification:_identify(exp_ws/results/system_test_01_2026-01-05_17-32-01) by extension 'ignore'
[0.829s] Level 1:colcon.colcon_core.package_identification:_identify(exp_ws/results/system_test_01_2026-01-05_17-32-01) by extension 'ignore_ament_install'
[0.829s] Level 1:colcon.colcon_core.package_identification:_identify(exp_ws/results/system_test_01_2026-01-05_17-32-01) by extensions ['colcon_pkg']
[0.829s] Level 1:colcon.colcon_core.package_identification:_identify(exp_ws/results/system_test_01_2026-01-05_17-32-01) by extension 'colcon_pkg'
[0.829s] Level 1:colcon.colcon_core.package_identification:_identify(exp_ws/results/system_test_01_2026-01-05_17-32-01) by extensions ['colcon_meta']
[0.829s] Level 1:colcon.colcon_core.package_identification:_identify(exp_ws/results/system_test_01_2026-01-05_17-32-01) by extension 'colcon_meta'
[0.830s] Level 1:colcon.colcon_core.package_identification:_identify(exp_ws/results/system_test_01_2026-01-05_17-32-01) by extensions ['ros']
[0.830s] Level 1:colcon.colcon_core.package_identification:_identify(exp_ws/results/system_test_01_2026-01-05_17-32-01) by extension 'ros'
[0.830s] Level 1:colcon.colcon_core.package_identification:_identify(exp_ws/results/system_test_01_2026-01-05_17-32-01) by extensions ['cmake', 'python']
[0.830s] Level 1:colcon.colcon_core.package_identification:_identify(exp_ws/results/system_test_01_2026-01-05_17-32-01) by extension 'cmake'
[0.831s] Level 1:colcon.colcon_core.package_identification:_identify(exp_ws/results/system_test_01_2026-01-05_17-32-01) by extension 'python'
[0.831s] Level 1:colcon.colcon_core.package_identification:_identify(exp_ws/results/system_test_01_2026-01-05_17-32-01) by extensions ['python_setup_py']
[0.831s] Level 1:colcon.colcon_core.package_identification:_identify(exp_ws/results/system_test_01_2026-01-05_17-32-01) by extension 'python_setup_py'
[0.831s] Level 1:colcon.colcon_core.package_identification:_identify(exp_ws/results/system_test_01_2026-01-05_17-32-01/frames) by extensions ['ignore', 'ignore_ament_install']
[0.832s] Level 1:colcon.colcon_core.package_identification:_identify(exp_ws/results/system_test_01_2026-01-05_17-32-01/frames) by extension 'ignore'
[0.832s] Level 1:colcon.colcon_core.package_identification:_identify(exp_ws/results/system_test_01_2026-01-05_17-32-01/frames) by extension 'ignore_ament_install'
[0.833s] Level 1:colcon.colcon_core.package_identification:_identify(exp_ws/results/system_test_01_2026-01-05_17-32-01/frames) by extensions ['colcon_pkg']
[0.833s] Level 1:colcon.colcon_core.package_identification:_identify(exp_ws/results/system_test_01_2026-01-05_17-32-01/frames) by extension 'colcon_pkg'
[0.833s] Level 1:colcon.colcon_core.package_identification:_identify(exp_ws/results/system_test_01_2026-01-05_17-32-01/frames) by extensions ['colcon_meta']
[0.834s] Level 1:colcon.colcon_core.package_identification:_identify(exp_ws/results/system_test_01_2026-01-05_17-32-01/frames) by extension 'colcon_meta'
[0.834s] Level 1:colcon.colcon_core.package_identification:_identify(exp_ws/results/system_test_01_2026-01-05_17-32-01/frames) by extensions ['ros']
[0.835s] Level 1:colcon.colcon_core.package_identification:_identify(exp_ws/results/system_test_01_2026-01-05_17-32-01/frames) by extension 'ros'
[0.835s] Level 1:colcon.colcon_core.package_identification:_identify(exp_ws/results/system_test_01_2026-01-05_17-32-01/frames) by extensions ['cmake', 'python']
[0.836s] Level 1:colcon.colcon_core.package_identification:_identify(exp_ws/results/system_test_01_2026-01-05_17-32-01/frames) by extension 'cmake'
[0.836s] Level 1:colcon.colcon_core.package_identification:_identify(exp_ws/results/system_test_01_2026-01-05_17-32-01/frames) by extension 'python'
[0.836s] Level 1:colcon.colcon_core.package_identification:_identify(exp_ws/results/system_test_01_2026-01-05_17-32-01/frames) by extensions ['python_setup_py']
[0.837s] Level 1:colcon.colcon_core.package_identification:_identify(exp_ws/results/system_test_01_2026-01-05_17-32-01/frames) by extension 'python_setup_py'
[0.837s] Level 1:colcon.colcon_core.package_identification:_identify(exp_ws/results/system_test_01_2026-01-05_17-32-33) by extensions ['ignore', 'ignore_ament_install']
[0.838s] Level 1:colcon.colcon_core.package_identification:_identify(exp_ws/results/system_test_01_2026-01-05_17-32-33) by extension 'ignore'
[0.838s] Level 1:colcon.colcon_core.package_identification:_identify(exp_ws/results/system_test_01_2026-01-05_17-32-33) by extension 'ignore_ament_install'
[0.839s] Level 1:colcon.colcon_core.package_identification:_identify(exp_ws/results/system_test_01_2026-01-05_17-32-33) by extensions ['colcon_pkg']
[0.839s] Level 1:colcon.colcon_core.package_identification:_identify(exp_ws/results/system_test_01_2026-01-05_17-32-33) by extension 'colcon_pkg'
[0.839s] Level 1:colcon.colcon_core.package_identification:_identify(exp_ws/results/system_test_01_2026-01-05_17-32-33) by extensions ['colcon_meta']
[0.840s] Level 1:colcon.colcon_core.package_identification:_identify(exp_ws/results/system_test_01_2026-01-05_17-32-33) by extension 'colcon_meta'
[0.840s] Level 1:colcon.colcon_core.package_identification:_identify(exp_ws/results/system_test_01_2026-01-05_17-32-33) by extensions ['ros']
[0.840s] Level 1:colcon.colcon_core.package_identification:_identify(exp_ws/results/system_test_01_2026-01-05_17-32-33) by extension 'ros'
[0.841s] Level 1:colcon.colcon_core.package_identification:_identify(exp_ws/results/system_test_01_2026-01-05_17-32-33) by extensions ['cmake', 'python']
[0.841s] Level 1:colcon.colcon_core.package_identification:_identify(exp_ws/results/system_test_01_2026-01-05_17-32-33) by extension 'cmake'
[0.841s] Level 1:colcon.colcon_core.package_identification:_identify(exp_ws/results/system_test_01_2026-01-05_17-32-33) by extension 'python'
[0.841s] Level 1:colcon.colcon_core.package_identification:_identify(exp_ws/results/system_test_01_2026-01-05_17-32-33) by extensions ['python_setup_py']
[0.841s] Level 1:colcon.colcon_core.package_identification:_identify(exp_ws/results/system_test_01_2026-01-05_17-32-33) by extension 'python_setup_py'
[0.843s] Level 1:colcon.colcon_core.package_identification:_identify(exp_ws/results/system_test_01_2026-01-05_17-32-33/frames) by extensions ['ignore', 'ignore_ament_install']
[0.843s] Level 1:colcon.colcon_core.package_identification:_identify(exp_ws/results/system_test_01_2026-01-05_17-32-33/frames) by extension 'ignore'
[0.844s] Level 1:colcon.colcon_core.package_identification:_identify(exp_ws/results/system_test_01_2026-01-05_17-32-33/frames) by extension 'ignore_ament_install'
[0.844s] Level 1:colcon.colcon_core.package_identification:_identify(exp_ws/results/system_test_01_2026-01-05_17-32-33/frames) by extensions ['colcon_pkg']
[0.844s] Level 1:colcon.colcon_core.package_identification:_identify(exp_ws/results/system_test_01_2026-01-05_17-32-33/frames) by extension 'colcon_pkg'
[0.844s] Level 1:colcon.colcon_core.package_identification:_identify(exp_ws/results/system_test_01_2026-01-05_17-32-33/frames) by extensions ['colcon_meta']
[0.844s] Level 1:colcon.colcon_core.package_identification:_identify(exp_ws/results/system_test_01_2026-01-05_17-32-33/frames) by extension 'colcon_meta'
[0.845s] Level 1:colcon.colcon_core.package_identification:_identify(exp_ws/results/system_test_01_2026-01-05_17-32-33/frames) by extensions ['ros']
[0.845s] Level 1:colcon.colcon_core.package_identification:_identify(exp_ws/results/system_test_01_2026-01-05_17-32-33/frames) by extension 'ros'
[0.845s] Level 1:colcon.colcon_core.package_identification:_identify(exp_ws/results/system_test_01_2026-01-05_17-32-33/frames) by extensions ['cmake', 'python']
[0.845s] Level 1:colcon.colcon_core.package_identification:_identify(exp_ws/results/system_test_01_2026-01-05_17-32-33/frames) by extension 'cmake'
[0.845s] Level 1:colcon.colcon_core.package_identification:_identify(exp_ws/results/system_test_01_2026-01-05_17-32-33/frames) by extension 'python'
[0.846s] Level 1:colcon.colcon_core.package_identification:_identify(exp_ws/results/system_test_01_2026-01-05_17-32-33/frames) by extensions ['python_setup_py']
[0.846s] Level 1:colcon.colcon_core.package_identification:_identify(exp_ws/results/system_test_01_2026-01-05_17-32-33/frames) by extension 'python_setup_py'
[0.846s] Level 1:colcon.colcon_core.package_identification:_identify(exp_ws/results/system_test_01_2026-01-05_17-33-00) by extensions ['ignore', 'ignore_ament_install']
[0.847s] Level 1:colcon.colcon_core.package_identification:_identify(exp_ws/results/system_test_01_2026-01-05_17-33-00) by extension 'ignore'
[0.847s] Level 1:colcon.colcon_core.package_identification:_identify(exp_ws/results/system_test_01_2026-01-05_17-33-00) by extension 'ignore_ament_install'
[0.847s] Level 1:colcon.colcon_core.package_identification:_identify(exp_ws/results/system_test_01_2026-01-05_17-33-00) by extensions ['colcon_pkg']
[0.847s] Level 1:colcon.colcon_core.package_identification:_identify(exp_ws/results/system_test_01_2026-01-05_17-33-00) by extension 'colcon_pkg'
[0.847s] Level 1:colcon.colcon_core.package_identification:_identify(exp_ws/results/system_test_01_2026-01-05_17-33-00) by extensions ['colcon_meta']
[0.848s] Level 1:colcon.colcon_core.package_identification:_identify(exp_ws/results/system_test_01_2026-01-05_17-33-00) by extension 'colcon_meta'
[0.848s] Level 1:colcon.colcon_core.package_identification:_identify(exp_ws/results/system_test_01_2026-01-05_17-33-00) by extensions ['ros']
[0.848s] Level 1:colcon.colcon_core.package_identification:_identify(exp_ws/results/system_test_01_2026-01-05_17-33-00) by extension 'ros'
[0.848s] Level 1:colcon.colcon_core.package_identification:_identify(exp_ws/results/system_test_01_2026-01-05_17-33-00) by extensions ['cmake', 'python']
[0.849s] Level 1:colcon.colcon_core.package_identification:_identify(exp_ws/results/system_test_01_2026-01-05_17-33-00) by extension 'cmake'
[0.849s] Level 1:colcon.colcon_core.package_identification:_identify(exp_ws/results/system_test_01_2026-01-05_17-33-00) by extension 'python'
[0.849s] Level 1:colcon.colcon_core.package_identification:_identify(exp_ws/results/system_test_01_2026-01-05_17-33-00) by extensions ['python_setup_py']
[0.849s] Level 1:colcon.colcon_core.package_identification:_identify(exp_ws/results/system_test_01_2026-01-05_17-33-00) by extension 'python_setup_py'
[0.850s] Level 1:colcon.colcon_core.package_identification:_identify(exp_ws/results/system_test_01_2026-01-05_17-33-00/frames) by extensions ['ignore', 'ignore_ament_install']
[0.850s] Level 1:colcon.colcon_core.package_identification:_identify(exp_ws/results/system_test_01_2026-01-05_17-33-00/frames) by extension 'ignore'
[0.850s] Level 1:colcon.colcon_core.package_identification:_identify(exp_ws/results/system_test_01_2026-01-05_17-33-00/frames) by extension 'ignore_ament_install'
[0.851s] Level 1:colcon.colcon_core.package_identification:_identify(exp_ws/results/system_test_01_2026-01-05_17-33-00/frames) by extensions ['colcon_pkg']
[0.851s] Level 1:colcon.colcon_core.package_identification:_identify(exp_ws/results/system_test_01_2026-01-05_17-33-00/frames) by extension 'colcon_pkg'
[0.851s] Level 1:colcon.colcon_core.package_identification:_identify(exp_ws/results/system_test_01_2026-01-05_17-33-00/frames) by extensions ['colcon_meta']
[0.851s] Level 1:colcon.colcon_core.package_identification:_identify(exp_ws/results/system_test_01_2026-01-05_17-33-00/frames) by extension 'colcon_meta'
[0.851s] Level 1:colcon.colcon_core.package_identification:_identify(exp_ws/results/system_test_01_2026-01-05_17-33-00/frames) by extensions ['ros']
[0.851s] Level 1:colcon.colcon_core.package_identification:_identify(exp_ws/results/system_test_01_2026-01-05_17-33-00/frames) by extension 'ros'
[0.852s] Level 1:colcon.colcon_core.package_identification:_identify(exp_ws/results/system_test_01_2026-01-05_17-33-00/frames) by extensions ['cmake', 'python']
[0.852s] Level 1:colcon.colcon_core.package_identification:_identify(exp_ws/results/system_test_01_2026-01-05_17-33-00/frames) by extension 'cmake'
[0.852s] Level 1:colcon.colcon_core.package_identification:_identify(exp_ws/results/system_test_01_2026-01-05_17-33-00/frames) by extension 'python'
[0.852s] Level 1:colcon.colcon_core.package_identification:_identify(exp_ws/results/system_test_01_2026-01-05_17-33-00/frames) by extensions ['python_setup_py']
[0.852s] Level 1:colcon.colcon_core.package_identification:_identify(exp_ws/results/system_test_01_2026-01-05_17-33-00/frames) by extension 'python_setup_py'
[0.853s] Level 1:colcon.colcon_core.package_identification:_identify(exp_ws/results/system_test_01_2026-01-05_17-34-09) by extensions ['ignore', 'ignore_ament_install']
[0.853s] Level 1:colcon.colcon_core.package_identification:_identify(exp_ws/results/system_test_01_2026-01-05_17-34-09) by extension 'ignore'
[0.854s] Level 1:colcon.colcon_core.package_identification:_identify(exp_ws/results/system_test_01_2026-01-05_17-34-09) by extension 'ignore_ament_install'
[0.854s] Level 1:colcon.colcon_core.package_identification:_identify(exp_ws/results/system_test_01_2026-01-05_17-34-09) by extensions ['colcon_pkg']
[0.854s] Level 1:colcon.colcon_core.package_identification:_identify(exp_ws/results/system_test_01_2026-01-05_17-34-09) by extension 'colcon_pkg'
[0.854s] Level 1:colcon.colcon_core.package_identification:_identify(exp_ws/results/system_test_01_2026-01-05_17-34-09) by extensions ['colcon_meta']
[0.854s] Level 1:colcon.colcon_core.package_identification:_identify(exp_ws/results/system_test_01_2026-01-05_17-34-09) by extension 'colcon_meta'
[0.855s] Level 1:colcon.colcon_core.package_identification:_identify(exp_ws/results/system_test_01_2026-01-05_17-34-09) by extensions ['ros']
[0.855s] Level 1:colcon.colcon_core.package_identification:_identify(exp_ws/results/system_test_01_2026-01-05_17-34-09) by extension 'ros'
[0.855s] Level 1:colcon.colcon_core.package_identification:_identify(exp_ws/results/system_test_01_2026-01-05_17-34-09) by extensions ['cmake', 'python']
[0.855s] Level 1:colcon.colcon_core.package_identification:_identify(exp_ws/results/system_test_01_2026-01-05_17-34-09) by extension 'cmake'
[0.855s] Level 1:colcon.colcon_core.package_identification:_identify(exp_ws/results/system_test_01_2026-01-05_17-34-09) by extension 'python'
[0.856s] Level 1:colcon.colcon_core.package_identification:_identify(exp_ws/results/system_test_01_2026-01-05_17-34-09) by extensions ['python_setup_py']
[0.856s] Level 1:colcon.colcon_core.package_identification:_identify(exp_ws/results/system_test_01_2026-01-05_17-34-09) by extension 'python_setup_py'
[0.857s] Level 1:colcon.colcon_core.package_identification:_identify(exp_ws/results/system_test_01_2026-01-05_17-34-09/frames) by extensions ['ignore', 'ignore_ament_install']
[0.858s] Level 1:colcon.colcon_core.package_identification:_identify(exp_ws/results/system_test_01_2026-01-05_17-34-09/frames) by extension 'ignore'
[0.858s] Level 1:colcon.colcon_core.package_identification:_identify(exp_ws/results/system_test_01_2026-01-05_17-34-09/frames) by extension 'ignore_ament_install'
[0.859s] Level 1:colcon.colcon_core.package_identification:_identify(exp_ws/results/system_test_01_2026-01-05_17-34-09/frames) by extensions ['colcon_pkg']
[0.859s] Level 1:colcon.colcon_core.package_identification:_identify(exp_ws/results/system_test_01_2026-01-05_17-34-09/frames) by extension 'colcon_pkg'
[0.859s] Level 1:colcon.colcon_core.package_identification:_identify(exp_ws/results/system_test_01_2026-01-05_17-34-09/frames) by extensions ['colcon_meta']
[0.859s] Level 1:colcon.colcon_core.package_identification:_identify(exp_ws/results/system_test_01_2026-01-05_17-34-09/frames) by extension 'colcon_meta'
[0.859s] Level 1:colcon.colcon_core.package_identification:_identify(exp_ws/results/system_test_01_2026-01-05_17-34-09/frames) by extensions ['ros']
[0.859s] Level 1:colcon.colcon_core.package_identification:_identify(exp_ws/results/system_test_01_2026-01-05_17-34-09/frames) by extension 'ros'
[0.860s] Level 1:colcon.colcon_core.package_identification:_identify(exp_ws/results/system_test_01_2026-01-05_17-34-09/frames) by extensions ['cmake', 'python']
[0.860s] Level 1:colcon.colcon_core.package_identification:_identify(exp_ws/results/system_test_01_2026-01-05_17-34-09/frames) by extension 'cmake'
[0.860s] Level 1:colcon.colcon_core.package_identification:_identify(exp_ws/results/system_test_01_2026-01-05_17-34-09/frames) by extension 'python'
[0.861s] Level 1:colcon.colcon_core.package_identification:_identify(exp_ws/results/system_test_01_2026-01-05_17-34-09/frames) by extensions ['python_setup_py']
[0.861s] Level 1:colcon.colcon_core.package_identification:_identify(exp_ws/results/system_test_01_2026-01-05_17-34-09/frames) by extension 'python_setup_py'
[0.861s] Level 1:colcon.colcon_core.package_identification:_identify(exp_ws/results/system_test_01_2026-01-05_17-34-47) by extensions ['ignore', 'ignore_ament_install']
[0.862s] Level 1:colcon.colcon_core.package_identification:_identify(exp_ws/results/system_test_01_2026-01-05_17-34-47) by extension 'ignore'
[0.862s] Level 1:colcon.colcon_core.package_identification:_identify(exp_ws/results/system_test_01_2026-01-05_17-34-47) by extension 'ignore_ament_install'
[0.862s] Level 1:colcon.colcon_core.package_identification:_identify(exp_ws/results/system_test_01_2026-01-05_17-34-47) by extensions ['colcon_pkg']
[0.862s] Level 1:colcon.colcon_core.package_identification:_identify(exp_ws/results/system_test_01_2026-01-05_17-34-47) by extension 'colcon_pkg'
[0.862s] Level 1:colcon.colcon_core.package_identification:_identify(exp_ws/results/system_test_01_2026-01-05_17-34-47) by extensions ['colcon_meta']
[0.863s] Level 1:colcon.colcon_core.package_identification:_identify(exp_ws/results/system_test_01_2026-01-05_17-34-47) by extension 'colcon_meta'
[0.863s] Level 1:colcon.colcon_core.package_identification:_identify(exp_ws/results/system_test_01_2026-01-05_17-34-47) by extensions ['ros']
[0.863s] Level 1:colcon.colcon_core.package_identification:_identify(exp_ws/results/system_test_01_2026-01-05_17-34-47) by extension 'ros'
[0.863s] Level 1:colcon.colcon_core.package_identification:_identify(exp_ws/results/system_test_01_2026-01-05_17-34-47) by extensions ['cmake', 'python']
[0.863s] Level 1:colcon.colcon_core.package_identification:_identify(exp_ws/results/system_test_01_2026-01-05_17-34-47) by extension 'cmake'
[0.864s] Level 1:colcon.colcon_core.package_identification:_identify(exp_ws/results/system_test_01_2026-01-05_17-34-47) by extension 'python'
[0.864s] Level 1:colcon.colcon_core.package_identification:_identify(exp_ws/results/system_test_01_2026-01-05_17-34-47) by extensions ['python_setup_py']
[0.864s] Level 1:colcon.colcon_core.package_identification:_identify(exp_ws/results/system_test_01_2026-01-05_17-34-47) by extension 'python_setup_py'
[0.866s] Level 1:colcon.colcon_core.package_identification:_identify(exp_ws/results/system_test_01_2026-01-05_17-34-47/frames) by extensions ['ignore', 'ignore_ament_install']
[0.866s] Level 1:colcon.colcon_core.package_identification:_identify(exp_ws/results/system_test_01_2026-01-05_17-34-47/frames) by extension 'ignore'
[0.866s] Level 1:colcon.colcon_core.package_identification:_identify(exp_ws/results/system_test_01_2026-01-05_17-34-47/frames) by extension 'ignore_ament_install'
[0.867s] Level 1:colcon.colcon_core.package_identification:_identify(exp_ws/results/system_test_01_2026-01-05_17-34-47/frames) by extensions ['colcon_pkg']
[0.867s] Level 1:colcon.colcon_core.package_identification:_identify(exp_ws/results/system_test_01_2026-01-05_17-34-47/frames) by extension 'colcon_pkg'
[0.867s] Level 1:colcon.colcon_core.package_identification:_identify(exp_ws/results/system_test_01_2026-01-05_17-34-47/frames) by extensions ['colcon_meta']
[0.867s] Level 1:colcon.colcon_core.package_identification:_identify(exp_ws/results/system_test_01_2026-01-05_17-34-47/frames) by extension 'colcon_meta'
[0.867s] Level 1:colcon.colcon_core.package_identification:_identify(exp_ws/results/system_test_01_2026-01-05_17-34-47/frames) by extensions ['ros']
[0.867s] Level 1:colcon.colcon_core.package_identification:_identify(exp_ws/results/system_test_01_2026-01-05_17-34-47/frames) by extension 'ros'
[0.868s] Level 1:colcon.colcon_core.package_identification:_identify(exp_ws/results/system_test_01_2026-01-05_17-34-47/frames) by extensions ['cmake', 'python']
[0.868s] Level 1:colcon.colcon_core.package_identification:_identify(exp_ws/results/system_test_01_2026-01-05_17-34-47/frames) by extension 'cmake'
[0.868s] Level 1:colcon.colcon_core.package_identification:_identify(exp_ws/results/system_test_01_2026-01-05_17-34-47/frames) by extension 'python'
[0.868s] Level 1:colcon.colcon_core.package_identification:_identify(exp_ws/results/system_test_01_2026-01-05_17-34-47/frames) by extensions ['python_setup_py']
[0.868s] Level 1:colcon.colcon_core.package_identification:_identify(exp_ws/results/system_test_01_2026-01-05_17-34-47/frames) by extension 'python_setup_py'
[0.869s] Level 1:colcon.colcon_core.package_identification:_identify(exp_ws/results/system_test_01_2026-01-05_17-36-14) by extensions ['ignore', 'ignore_ament_install']
[0.869s] Level 1:colcon.colcon_core.package_identification:_identify(exp_ws/results/system_test_01_2026-01-05_17-36-14) by extension 'ignore'
[0.870s] Level 1:colcon.colcon_core.package_identification:_identify(exp_ws/results/system_test_01_2026-01-05_17-36-14) by extension 'ignore_ament_install'
[0.870s] Level 1:colcon.colcon_core.package_identification:_identify(exp_ws/results/system_test_01_2026-01-05_17-36-14) by extensions ['colcon_pkg']
[0.870s] Level 1:colcon.colcon_core.package_identification:_identify(exp_ws/results/system_test_01_2026-01-05_17-36-14) by extension 'colcon_pkg'
[0.870s] Level 1:colcon.colcon_core.package_identification:_identify(exp_ws/results/system_test_01_2026-01-05_17-36-14) by extensions ['colcon_meta']
[0.870s] Level 1:colcon.colcon_core.package_identification:_identify(exp_ws/results/system_test_01_2026-01-05_17-36-14) by extension 'colcon_meta'
[0.871s] Level 1:colcon.colcon_core.package_identification:_identify(exp_ws/results/system_test_01_2026-01-05_17-36-14) by extensions ['ros']
[0.871s] Level 1:colcon.colcon_core.package_identification:_identify(exp_ws/results/system_test_01_2026-01-05_17-36-14) by extension 'ros'
[0.871s] Level 1:colcon.colcon_core.package_identification:_identify(exp_ws/results/system_test_01_2026-01-05_17-36-14) by extensions ['cmake', 'python']
[0.871s] Level 1:colcon.colcon_core.package_identification:_identify(exp_ws/results/system_test_01_2026-01-05_17-36-14) by extension 'cmake'
[0.871s] Level 1:colcon.colcon_core.package_identification:_identify(exp_ws/results/system_test_01_2026-01-05_17-36-14) by extension 'python'
[0.872s] Level 1:colcon.colcon_core.package_identification:_identify(exp_ws/results/system_test_01_2026-01-05_17-36-14) by extensions ['python_setup_py']
[0.872s] Level 1:colcon.colcon_core.package_identification:_identify(exp_ws/results/system_test_01_2026-01-05_17-36-14) by extension 'python_setup_py'
[0.873s] Level 1:colcon.colcon_core.package_identification:_identify(exp_ws/results/system_test_01_2026-01-05_17-36-14/frames) by extensions ['ignore', 'ignore_ament_install']
[0.874s] Level 1:colcon.colcon_core.package_identification:_identify(exp_ws/results/system_test_01_2026-01-05_17-36-14/frames) by extension 'ignore'
[0.874s] Level 1:colcon.colcon_core.package_identification:_identify(exp_ws/results/system_test_01_2026-01-05_17-36-14/frames) by extension 'ignore_ament_install'
[0.875s] Level 1:colcon.colcon_core.package_identification:_identify(exp_ws/results/system_test_01_2026-01-05_17-36-14/frames) by extensions ['colcon_pkg']
[0.875s] Level 1:colcon.colcon_core.package_identification:_identify(exp_ws/results/system_test_01_2026-01-05_17-36-14/frames) by extension 'colcon_pkg'
[0.875s] Level 1:colcon.colcon_core.package_identification:_identify(exp_ws/results/system_test_01_2026-01-05_17-36-14/frames) by extensions ['colcon_meta']
[0.875s] Level 1:colcon.colcon_core.package_identification:_identify(exp_ws/results/system_test_01_2026-01-05_17-36-14/frames) by extension 'colcon_meta'
[0.876s] Level 1:colcon.colcon_core.package_identification:_identify(exp_ws/results/system_test_01_2026-01-05_17-36-14/frames) by extensions ['ros']
[0.876s] Level 1:colcon.colcon_core.package_identification:_identify(exp_ws/results/system_test_01_2026-01-05_17-36-14/frames) by extension 'ros'
[0.876s] Level 1:colcon.colcon_core.package_identification:_identify(exp_ws/results/system_test_01_2026-01-05_17-36-14/frames) by extensions ['cmake', 'python']
[0.877s] Level 1:colcon.colcon_core.package_identification:_identify(exp_ws/results/system_test_01_2026-01-05_17-36-14/frames) by extension 'cmake'
[0.877s] Level 1:colcon.colcon_core.package_identification:_identify(exp_ws/results/system_test_01_2026-01-05_17-36-14/frames) by extension 'python'
[0.877s] Level 1:colcon.colcon_core.package_identification:_identify(exp_ws/results/system_test_01_2026-01-05_17-36-14/frames) by extensions ['python_setup_py']
[0.877s] Level 1:colcon.colcon_core.package_identification:_identify(exp_ws/results/system_test_01_2026-01-05_17-36-14/frames) by extension 'python_setup_py'
[0.878s] Level 1:colcon.colcon_core.package_identification:_identify(exp_ws/src) by extensions ['ignore', 'ignore_ament_install']
[0.879s] Level 1:colcon.colcon_core.package_identification:_identify(exp_ws/src) by extension 'ignore'
[0.879s] Level 1:colcon.colcon_core.package_identification:_identify(exp_ws/src) by extension 'ignore_ament_install'
[0.880s] Level 1:colcon.colcon_core.package_identification:_identify(exp_ws/src) by extensions ['colcon_pkg']
[0.880s] Level 1:colcon.colcon_core.package_identification:_identify(exp_ws/src) by extension 'colcon_pkg'
[0.880s] Level 1:colcon.colcon_core.package_identification:_identify(exp_ws/src) by extensions ['colcon_meta']
[0.880s] Level 1:colcon.colcon_core.package_identification:_identify(exp_ws/src) by extension 'colcon_meta'
[0.881s] Level 1:colcon.colcon_core.package_identification:_identify(exp_ws/src) by extensions ['ros']
[0.881s] Level 1:colcon.colcon_core.package_identification:_identify(exp_ws/src) by extension 'ros'
[0.881s] Level 1:colcon.colcon_core.package_identification:_identify(exp_ws/src) by extensions ['cmake', 'python']
[0.882s] Level 1:colcon.colcon_core.package_identification:_identify(exp_ws/src) by extension 'cmake'
[0.882s] Level 1:colcon.colcon_core.package_identification:_identify(exp_ws/src) by extension 'python'
[0.882s] Level 1:colcon.colcon_core.package_identification:_identify(exp_ws/src) by extensions ['python_setup_py']
[0.883s] Level 1:colcon.colcon_core.package_identification:_identify(exp_ws/src) by extension 'python_setup_py'
[0.883s] Level 1:colcon.colcon_core.package_identification:_identify(exp_ws/src/__pycache__) by extensions ['ignore', 'ignore_ament_install']
[0.883s] Level 1:colcon.colcon_core.package_identification:_identify(exp_ws/src/__pycache__) by extension 'ignore'
[0.884s] Level 1:colcon.colcon_core.package_identification:_identify(exp_ws/src/__pycache__) by extension 'ignore_ament_install'
[0.884s] Level 1:colcon.colcon_core.package_identification:_identify(exp_ws/src/__pycache__) by extensions ['colcon_pkg']
[0.885s] Level 1:colcon.colcon_core.package_identification:_identify(exp_ws/src/__pycache__) by extension 'colcon_pkg'
[0.885s] Level 1:colcon.colcon_core.package_identification:_identify(exp_ws/src/__pycache__) by extensions ['colcon_meta']
[0.885s] Level 1:colcon.colcon_core.package_identification:_identify(exp_ws/src/__pycache__) by extension 'colcon_meta'
[0.885s] Level 1:colcon.colcon_core.package_identification:_identify(exp_ws/src/__pycache__) by extensions ['ros']
[0.885s] Level 1:colcon.colcon_core.package_identification:_identify(exp_ws/src/__pycache__) by extension 'ros'
[0.886s] Level 1:colcon.colcon_core.package_identification:_identify(exp_ws/src/__pycache__) by extensions ['cmake', 'python']
[0.886s] Level 1:colcon.colcon_core.package_identification:_identify(exp_ws/src/__pycache__) by extension 'cmake'
[0.886s] Level 1:colcon.colcon_core.package_identification:_identify(exp_ws/src/__pycache__) by extension 'python'
[0.886s] Level 1:colcon.colcon_core.package_identification:_identify(exp_ws/src/__pycache__) by extensions ['python_setup_py']
[0.886s] Level 1:colcon.colcon_core.package_identification:_identify(exp_ws/src/__pycache__) by extension 'python_setup_py'
[0.887s] Level 1:colcon.colcon_core.package_identification:_identify(install) by extensions ['ignore', 'ignore_ament_install']
[0.887s] Level 1:colcon.colcon_core.package_identification:_identify(install) by extension 'ignore'
[0.888s] Level 1:colcon.colcon_core.package_identification:_identify(install) ignored
[0.889s] Level 1:colcon.colcon_core.package_identification:_identify(log) by extensions ['ignore', 'ignore_ament_install']
[0.890s] Level 1:colcon.colcon_core.package_identification:_identify(log) by extension 'ignore'
[0.890s] Level 1:colcon.colcon_core.package_identification:_identify(log) ignored
[0.890s] Level 1:colcon.colcon_core.package_identification:_identify(recorded_frames) by extensions ['ignore', 'ignore_ament_install']
[0.890s] Level 1:colcon.colcon_core.package_identification:_identify(recorded_frames) by extension 'ignore'
[0.891s] Level 1:colcon.colcon_core.package_identification:_identify(recorded_frames) by extension 'ignore_ament_install'
[0.891s] Level 1:colcon.colcon_core.package_identification:_identify(recorded_frames) by extensions ['colcon_pkg']
[0.891s] Level 1:colcon.colcon_core.package_identification:_identify(recorded_frames) by extension 'colcon_pkg'
[0.892s] Level 1:colcon.colcon_core.package_identification:_identify(recorded_frames) by extensions ['colcon_meta']
[0.892s] Level 1:colcon.colcon_core.package_identification:_identify(recorded_frames) by extension 'colcon_meta'
[0.892s] Level 1:colcon.colcon_core.package_identification:_identify(recorded_frames) by extensions ['ros']
[0.892s] Level 1:colcon.colcon_core.package_identification:_identify(recorded_frames) by extension 'ros'
[0.892s] Level 1:colcon.colcon_core.package_identification:_identify(recorded_frames) by extensions ['cmake', 'python']
[0.893s] Level 1:colcon.colcon_core.package_identification:_identify(recorded_frames) by extension 'cmake'
[0.893s] Level 1:colcon.colcon_core.package_identification:_identify(recorded_frames) by extension 'python'
[0.893s] Level 1:colcon.colcon_core.package_identification:_identify(recorded_frames) by extensions ['python_setup_py']
[0.893s] Level 1:colcon.colcon_core.package_identification:_identify(recorded_frames) by extension 'python_setup_py'
[0.894s] Level 1:colcon.colcon_core.package_identification:_identify(src) by extensions ['ignore', 'ignore_ament_install']
[0.894s] Level 1:colcon.colcon_core.package_identification:_identify(src) by extension 'ignore'
[0.894s] Level 1:colcon.colcon_core.package_identification:_identify(src) by extension 'ignore_ament_install'
[0.894s] Level 1:colcon.colcon_core.package_identification:_identify(src) by extensions ['colcon_pkg']
[0.895s] Level 1:colcon.colcon_core.package_identification:_identify(src) by extension 'colcon_pkg'
[0.895s] Level 1:colcon.colcon_core.package_identification:_identify(src) by extensions ['colcon_meta']
[0.895s] Level 1:colcon.colcon_core.package_identification:_identify(src) by extension 'colcon_meta'
[0.895s] Level 1:colcon.colcon_core.package_identification:_identify(src) by extensions ['ros']
[0.895s] Level 1:colcon.colcon_core.package_identification:_identify(src) by extension 'ros'
[0.895s] Level 1:colcon.colcon_core.package_identification:_identify(src) by extensions ['cmake', 'python']
[0.896s] Level 1:colcon.colcon_core.package_identification:_identify(src) by extension 'cmake'
[0.896s] Level 1:colcon.colcon_core.package_identification:_identify(src) by extension 'python'
[0.896s] Level 1:colcon.colcon_core.package_identification:_identify(src) by extensions ['python_setup_py']
[0.896s] Level 1:colcon.colcon_core.package_identification:_identify(src) by extension 'python_setup_py'
[0.897s] Level 1:colcon.colcon_core.package_identification:_identify(src/controller) by extensions ['ignore', 'ignore_ament_install']
[0.897s] Level 1:colcon.colcon_core.package_identification:_identify(src/controller) by extension 'ignore'
[0.897s] Level 1:colcon.colcon_core.package_identification:_identify(src/controller) by extension 'ignore_ament_install'
[0.897s] Level 1:colcon.colcon_core.package_identification:_identify(src/controller) by extensions ['colcon_pkg']
[0.898s] Level 1:colcon.colcon_core.package_identification:_identify(src/controller) by extension 'colcon_pkg'
[0.898s] Level 1:colcon.colcon_core.package_identification:_identify(src/controller) by extensions ['colcon_meta']
[0.898s] Level 1:colcon.colcon_core.package_identification:_identify(src/controller) by extension 'colcon_meta'
[0.898s] Level 1:colcon.colcon_core.package_identification:_identify(src/controller) by extensions ['ros']
[0.898s] Level 1:colcon.colcon_core.package_identification:_identify(src/controller) by extension 'ros'
[0.911s] DEBUG:colcon.colcon_core.package_identification:Package 'src/controller' with type 'ros.ament_python' and name 'controller'
[0.911s] Level 1:colcon.colcon_core.package_identification:_identify(src/data_transfer) by extensions ['ignore', 'ignore_ament_install']
[0.912s] Level 1:colcon.colcon_core.package_identification:_identify(src/data_transfer) by extension 'ignore'
[0.912s] Level 1:colcon.colcon_core.package_identification:_identify(src/data_transfer) by extension 'ignore_ament_install'
[0.912s] Level 1:colcon.colcon_core.package_identification:_identify(src/data_transfer) by extensions ['colcon_pkg']
[0.912s] Level 1:colcon.colcon_core.package_identification:_identify(src/data_transfer) by extension 'colcon_pkg'
[0.913s] Level 1:colcon.colcon_core.package_identification:_identify(src/data_transfer) by extensions ['colcon_meta']
[0.913s] Level 1:colcon.colcon_core.package_identification:_identify(src/data_transfer) by extension 'colcon_meta'
[0.913s] Level 1:colcon.colcon_core.package_identification:_identify(src/data_transfer) by extensions ['ros']
[0.913s] Level 1:colcon.colcon_core.package_identification:_identify(src/data_transfer) by extension 'ros'
[0.915s] DEBUG:colcon.colcon_core.package_identification:Package 'src/data_transfer' with type 'ros.ament_python' and name 'data_transfer'
[0.916s] Level 1:colcon.colcon_core.package_identification:_identify(src/joysticker) by extensions ['ignore', 'ignore_ament_install']
[0.916s] Level 1:colcon.colcon_core.package_identification:_identify(src/joysticker) by extension 'ignore'
[0.916s] Level 1:colcon.colcon_core.package_identification:_identify(src/joysticker) by extension 'ignore_ament_install'
[0.916s] Level 1:colcon.colcon_core.package_identification:_identify(src/joysticker) by extensions ['colcon_pkg']
[0.917s] Level 1:colcon.colcon_core.package_identification:_identify(src/joysticker) by extension 'colcon_pkg'
[0.917s] Level 1:colcon.colcon_core.package_identification:_identify(src/joysticker) by extensions ['colcon_meta']
[0.917s] Level 1:colcon.colcon_core.package_identification:_identify(src/joysticker) by extension 'colcon_meta'
[0.917s] Level 1:colcon.colcon_core.package_identification:_identify(src/joysticker) by extensions ['ros']
[0.917s] Level 1:colcon.colcon_core.package_identification:_identify(src/joysticker) by extension 'ros'
[0.919s] DEBUG:colcon.colcon_core.package_identification:Package 'src/joysticker' with type 'ros.ament_python' and name 'joysticker'
[0.919s] Level 1:colcon.colcon_core.package_identification:_identify(src/load_cell) by extensions ['ignore', 'ignore_ament_install']
[0.920s] Level 1:colcon.colcon_core.package_identification:_identify(src/load_cell) by extension 'ignore'
[0.920s] Level 1:colcon.colcon_core.package_identification:_identify(src/load_cell) by extension 'ignore_ament_install'
[0.920s] Level 1:colcon.colcon_core.package_identification:_identify(src/load_cell) by extensions ['colcon_pkg']
[0.921s] Level 1:colcon.colcon_core.package_identification:_identify(src/load_cell) by extension 'colcon_pkg'
[0.921s] Level 1:colcon.colcon_core.package_identification:_identify(src/load_cell) by extensions ['colcon_meta']
[0.921s] Level 1:colcon.colcon_core.package_identification:_identify(src/load_cell) by extension 'colcon_meta'
[0.921s] Level 1:colcon.colcon_core.package_identification:_identify(src/load_cell) by extensions ['ros']
[0.921s] Level 1:colcon.colcon_core.package_identification:_identify(src/load_cell) by extension 'ros'
[0.923s] DEBUG:colcon.colcon_core.package_identification:Package 'src/load_cell' with type 'ros.ament_python' and name 'load_cell'
[0.923s] Level 1:colcon.colcon_core.package_identification:_identify(src/motor_driver) by extensions ['ignore', 'ignore_ament_install']
[0.924s] Level 1:colcon.colcon_core.package_identification:_identify(src/motor_driver) by extension 'ignore'
[0.924s] Level 1:colcon.colcon_core.package_identification:_identify(src/motor_driver) by extension 'ignore_ament_install'
[0.925s] Level 1:colcon.colcon_core.package_identification:_identify(src/motor_driver) by extensions ['colcon_pkg']
[0.925s] Level 1:colcon.colcon_core.package_identification:_identify(src/motor_driver) by extension 'colcon_pkg'
[0.925s] Level 1:colcon.colcon_core.package_identification:_identify(src/motor_driver) by extensions ['colcon_meta']
[0.925s] Level 1:colcon.colcon_core.package_identification:_identify(src/motor_driver) by extension 'colcon_meta'
[0.925s] Level 1:colcon.colcon_core.package_identification:_identify(src/motor_driver) by extensions ['ros']
[0.925s] Level 1:colcon.colcon_core.package_identification:_identify(src/motor_driver) by extension 'ros'
[0.927s] DEBUG:colcon.colcon_core.package_identification:Package 'src/motor_driver' with type 'ros.ament_python' and name 'motor_driver'
[0.928s] Level 1:colcon.colcon_core.package_identification:_identify(src/robot_gui) by extensions ['ignore', 'ignore_ament_install']
[0.928s] Level 1:colcon.colcon_core.package_identification:_identify(src/robot_gui) by extension 'ignore'
[0.928s] Level 1:colcon.colcon_core.package_identification:_identify(src/robot_gui) by extension 'ignore_ament_install'
[0.929s] Level 1:colcon.colcon_core.package_identification:_identify(src/robot_gui) by extensions ['colcon_pkg']
[0.929s] Level 1:colcon.colcon_core.package_identification:_identify(src/robot_gui) by extension 'colcon_pkg'
[0.929s] Level 1:colcon.colcon_core.package_identification:_identify(src/robot_gui) by extensions ['colcon_meta']
[0.929s] Level 1:colcon.colcon_core.package_identification:_identify(src/robot_gui) by extension 'colcon_meta'
[0.929s] Level 1:colcon.colcon_core.package_identification:_identify(src/robot_gui) by extensions ['ros']
[0.930s] Level 1:colcon.colcon_core.package_identification:_identify(src/robot_gui) by extension 'ros'
[0.931s] DEBUG:colcon.colcon_core.package_identification:Package 'src/robot_gui' with type 'ros.ament_python' and name 'robot_gui'
[0.932s] Level 1:colcon.colcon_core.package_identification:_identify(src/spirob_bringup) by extensions ['ignore', 'ignore_ament_install']
[0.932s] Level 1:colcon.colcon_core.package_identification:_identify(src/spirob_bringup) by extension 'ignore'
[0.933s] Level 1:colcon.colcon_core.package_identification:_identify(src/spirob_bringup) by extension 'ignore_ament_install'
[0.933s] Level 1:colcon.colcon_core.package_identification:_identify(src/spirob_bringup) by extensions ['colcon_pkg']
[0.933s] Level 1:colcon.colcon_core.package_identification:_identify(src/spirob_bringup) by extension 'colcon_pkg'
[0.933s] Level 1:colcon.colcon_core.package_identification:_identify(src/spirob_bringup) by extensions ['colcon_meta']
[0.933s] Level 1:colcon.colcon_core.package_identification:_identify(src/spirob_bringup) by extension 'colcon_meta'
[0.933s] Level 1:colcon.colcon_core.package_identification:_identify(src/spirob_bringup) by extensions ['ros']
[0.934s] Level 1:colcon.colcon_core.package_identification:_identify(src/spirob_bringup) by extension 'ros'
[0.935s] DEBUG:colcon.colcon_core.package_identification:Package 'src/spirob_bringup' with type 'ros.ament_python' and name 'spirob_bringup'
[0.936s] Level 1:colcon.colcon_core.package_identification:_identify(src/vision) by extensions ['ignore', 'ignore_ament_install']
[0.936s] Level 1:colcon.colcon_core.package_identification:_identify(src/vision) by extension 'ignore'
[0.936s] Level 1:colcon.colcon_core.package_identification:_identify(src/vision) by extension 'ignore_ament_install'
[0.937s] Level 1:colcon.colcon_core.package_identification:_identify(src/vision) by extensions ['colcon_pkg']
[0.937s] Level 1:colcon.colcon_core.package_identification:_identify(src/vision) by extension 'colcon_pkg'
[0.937s] Level 1:colcon.colcon_core.package_identification:_identify(src/vision) by extensions ['colcon_meta']
[0.937s] Level 1:colcon.colcon_core.package_identification:_identify(src/vision) by extension 'colcon_meta'
[0.937s] Level 1:colcon.colcon_core.package_identification:_identify(src/vision) by extensions ['ros']
[0.937s] Level 1:colcon.colcon_core.package_identification:_identify(src/vision) by extension 'ros'
[0.939s] DEBUG:colcon.colcon_core.package_identification:Package 'src/vision' with type 'ros.ament_python' and name 'vision'
[0.939s] Level 1:colcon.colcon_core.package_discovery:discover_packages(recursive) using defaults
[0.940s] Level 1:colcon.colcon_core.package_discovery:discover_packages(ignore) discover
[0.940s] Level 1:colcon.colcon_core.package_discovery:discover_packages(ignore) using defaults
[0.940s] Level 1:colcon.colcon_core.package_discovery:discover_packages(path) discover
[0.940s] Level 1:colcon.colcon_core.package_discovery:discover_packages(path) using defaults
[1.017s] INFO:colcon.colcon_core.package_selection:Skipping not selected package 'controller' in 'src/controller'
[1.017s] INFO:colcon.colcon_core.package_selection:Skipping not selected package 'data_transfer' in 'src/data_transfer'
[1.018s] INFO:colcon.colcon_core.package_selection:Skipping not selected package 'joysticker' in 'src/joysticker'
[1.018s] INFO:colcon.colcon_core.package_selection:Skipping not selected package 'load_cell' in 'src/load_cell'
[1.018s] INFO:colcon.colcon_core.package_selection:Skipping not selected package 'robot_gui' in 'src/robot_gui'
[1.018s] INFO:colcon.colcon_core.package_selection:Skipping not selected package 'spirob_bringup' in 'src/spirob_bringup'
[1.018s] INFO:colcon.colcon_core.package_selection:Skipping not selected package 'vision' in 'src/vision'
[1.020s] Level 1:colcon.colcon_core.package_discovery:discover_packages(prefix_path) check parameters
[1.020s] Level 1:colcon.colcon_core.package_discovery:discover_packages(prefix_path) discover
[1.031s] DEBUG:colcon.colcon_installed_package_information.package_discovery:Found 10 installed packages in /home/mgazzola/ros2_spirob_ws/install
[1.039s] DEBUG:colcon.colcon_installed_package_information.package_discovery:Found 197 installed packages in /opt/ros/kilted
[1.042s] Level 1:colcon.colcon_core.package_discovery:discover_packages(prefix_path) using defaults
[1.187s] Level 5:colcon.colcon_core.verb:set package 'motor_driver' build argument 'cmake_args' from command line to 'None'
[1.188s] Level 5:colcon.colcon_core.verb:set package 'motor_driver' build argument 'cmake_target' from command line to 'None'
[1.188s] Level 5:colcon.colcon_core.verb:set package 'motor_driver' build argument 'cmake_target_skip_unavailable' from command line to 'False'
[1.188s] Level 5:colcon.colcon_core.verb:set package 'motor_driver' build argument 'cmake_clean_cache' from command line to 'False'
[1.188s] Level 5:colcon.colcon_core.verb:set package 'motor_driver' build argument 'cmake_clean_first' from command line to 'False'
[1.188s] Level 5:colcon.colcon_core.verb:set package 'motor_driver' build argument 'cmake_force_configure' from command line to 'False'
[1.188s] Level 5:colcon.colcon_core.verb:set package 'motor_driver' build argument 'ament_cmake_args' from command line to 'None'
[1.188s] Level 5:colcon.colcon_core.verb:set package 'motor_driver' build argument 'catkin_cmake_args' from command line to 'None'
[1.188s] Level 5:colcon.colcon_core.verb:set package 'motor_driver' build argument 'catkin_skip_building_tests' from command line to 'False'
[1.189s] DEBUG:colcon.colcon_core.verb:Building package 'motor_driver' with the following arguments: {'ament_cmake_args': None, 'build_base': '/home/mgazzola/ros2_spirob_ws/build/motor_driver', 'catkin_cmake_args': None, 'catkin_skip_building_tests': False, 'cmake_args': None, 'cmake_clean_cache': False, 'cmake_clean_first': False, 'cmake_force_configure': False, 'cmake_target': None, 'cmake_target_skip_unavailable': False, 'install_base': '/home/mgazzola/ros2_spirob_ws/install/motor_driver', 'merge_install': False, 'path': '/home/mgazzola/ros2_spirob_ws/src/motor_driver', 'symlink_install': False, 'test_result_base': None}
[1.189s] INFO:colcon.colcon_core.executor:Executing jobs using 'parallel' executor
[1.192s] DEBUG:colcon.colcon_parallel_executor.executor.parallel:run_until_complete
[1.194s] INFO:colcon.colcon_ros.task.ament_python.build:Building ROS package in '/home/mgazzola/ros2_spirob_ws/src/motor_driver' with build type 'ament_python'
[1.194s] Level 1:colcon.colcon_core.shell:create_environment_hook('motor_driver', 'ament_prefix_path')
[1.206s] INFO:colcon.colcon_core.plugin_system:Skipping extension 'colcon_core.shell.bat': Not used on non-Windows systems
[1.207s] INFO:colcon.colcon_core.shell:Creating environment hook '/home/mgazzola/ros2_spirob_ws/install/motor_driver/share/motor_driver/hook/ament_prefix_path.ps1'
[1.209s] INFO:colcon.colcon_core.shell:Creating environment descriptor '/home/mgazzola/ros2_spirob_ws/install/motor_driver/share/motor_driver/hook/ament_prefix_path.dsv'
[1.212s] INFO:colcon.colcon_core.shell:Creating environment hook '/home/mgazzola/ros2_spirob_ws/install/motor_driver/share/motor_driver/hook/ament_prefix_path.sh'
[1.215s] INFO:colcon.colcon_core.shell:Skip shell extension 'powershell' for command environment: Not usable outside of PowerShell
[1.216s] DEBUG:colcon.colcon_core.shell:Skip shell extension 'dsv' for command environment
[2.238s] INFO:colcon.colcon_core.task.python.build:Building Python package in '/home/mgazzola/ros2_spirob_ws/src/motor_driver'
[2.239s] INFO:colcon.colcon_core.shell:Skip shell extension 'powershell' for command environment: Not usable outside of PowerShell
[2.239s] DEBUG:colcon.colcon_core.shell:Skip shell extension 'dsv' for command environment
[4.963s] DEBUG:colcon.colcon_core.event_handler.log_command:Invoking command in '/home/mgazzola/ros2_spirob_ws/src/motor_driver': DEBUGINFOD_URLS=https://debuginfod.ubuntu.com PS1=(.venv) \[\e]0;\u@\h: \w\a\]${debian_chroot:+($debian_chroot)}\[\033[01;32m\]\u@\h\[\033[00m\]:\[\033[01;34m\]\w\[\033[00m\]\$ PYTHONPATH=/home/mgazzola/ros2_spirob_ws/build/motor_driver/prefix_override:/usr/lib/python3/dist-packages/colcon_core/task/python/colcon_distutils_commands:/home/mgazzola/ros2_spirob_ws/install/motor_driver/lib/python3.12/site-packages:${PYTHONPATH} VIRTUAL_ENV_PROMPT=(.venv) /usr/bin/python3 -W ignore:setup.py install is deprecated -W ignore:easy_install command is deprecated setup.py egg_info --egg-base ../../build/motor_driver build --build-base /home/mgazzola/ros2_spirob_ws/build/motor_driver/build install --record /home/mgazzola/ros2_spirob_ws/build/motor_driver/install.log --single-version-externally-managed install_data
[7.448s] DEBUG:colcon.colcon_core.event_handler.log_command:Invoked command in '/home/mgazzola/ros2_spirob_ws/src/motor_driver' returned '0': DEBUGINFOD_URLS=https://debuginfod.ubuntu.com PS1=(.venv) \[\e]0;\u@\h: \w\a\]${debian_chroot:+($debian_chroot)}\[\033[01;32m\]\u@\h\[\033[00m\]:\[\033[01;34m\]\w\[\033[00m\]\$ PYTHONPATH=/home/mgazzola/ros2_spirob_ws/build/motor_driver/prefix_override:/usr/lib/python3/dist-packages/colcon_core/task/python/colcon_distutils_commands:/home/mgazzola/ros2_spirob_ws/install/motor_driver/lib/python3.12/site-packages:${PYTHONPATH} VIRTUAL_ENV_PROMPT=(.venv) /usr/bin/python3 -W ignore:setup.py install is deprecated -W ignore:easy_install command is deprecated setup.py egg_info --egg-base ../../build/motor_driver build --build-base /home/mgazzola/ros2_spirob_ws/build/motor_driver/build install --record /home/mgazzola/ros2_spirob_ws/build/motor_driver/install.log --single-version-externally-managed install_data
[7.460s] Level 1:colcon.colcon_core.environment:checking '/home/mgazzola/ros2_spirob_ws/install/motor_driver' for CMake module files
[7.463s] Level 1:colcon.colcon_core.environment:checking '/home/mgazzola/ros2_spirob_ws/install/motor_driver' for CMake config files
[7.467s] Level 1:colcon.colcon_core.environment:checking '/home/mgazzola/ros2_spirob_ws/install/motor_driver/lib'
[7.468s] Level 1:colcon.colcon_core.environment:checking '/home/mgazzola/ros2_spirob_ws/install/motor_driver/bin'
[7.468s] Level 1:colcon.colcon_core.environment:checking '/home/mgazzola/ros2_spirob_ws/install/motor_driver/lib/pkgconfig/motor_driver.pc'
[7.469s] Level 1:colcon.colcon_core.environment:checking '/home/mgazzola/ros2_spirob_ws/install/motor_driver/lib/python3.12/site-packages'
[7.470s] Level 1:colcon.colcon_core.shell:create_environment_hook('motor_driver', 'pythonpath')
[7.471s] INFO:colcon.colcon_core.shell:Creating environment hook '/home/mgazzola/ros2_spirob_ws/install/motor_driver/share/motor_driver/hook/pythonpath.ps1'
[7.474s] INFO:colcon.colcon_core.shell:Creating environment descriptor '/home/mgazzola/ros2_spirob_ws/install/motor_driver/share/motor_driver/hook/pythonpath.dsv'
[7.477s] INFO:colcon.colcon_core.shell:Creating environment hook '/home/mgazzola/ros2_spirob_ws/install/motor_driver/share/motor_driver/hook/pythonpath.sh'
[7.480s] Level 1:colcon.colcon_core.environment:checking '/home/mgazzola/ros2_spirob_ws/install/motor_driver/bin'
[7.481s] Level 1:colcon.colcon_core.environment:create_environment_scripts_only(motor_driver)
[7.482s] INFO:colcon.colcon_core.shell:Creating package script '/home/mgazzola/ros2_spirob_ws/install/motor_driver/share/motor_driver/package.ps1'
[7.485s] INFO:colcon.colcon_core.shell:Creating package descriptor '/home/mgazzola/ros2_spirob_ws/install/motor_driver/share/motor_driver/package.dsv'
[7.488s] INFO:colcon.colcon_core.shell:Creating package script '/home/mgazzola/ros2_spirob_ws/install/motor_driver/share/motor_driver/package.sh'
[7.491s] INFO:colcon.colcon_core.shell:Creating package script '/home/mgazzola/ros2_spirob_ws/install/motor_driver/share/motor_driver/package.bash'
[7.494s] INFO:colcon.colcon_core.shell:Creating package script '/home/mgazzola/ros2_spirob_ws/install/motor_driver/share/motor_driver/package.zsh'
[7.497s] Level 1:colcon.colcon_core.environment:create_file_with_runtime_dependencies(/home/mgazzola/ros2_spirob_ws/install/motor_driver/share/colcon-core/packages/motor_driver)
[7.499s] DEBUG:colcon.colcon_parallel_executor.executor.parallel:closing loop
[7.500s] DEBUG:colcon.colcon_parallel_executor.executor.parallel:loop closed
[7.501s] DEBUG:colcon.colcon_parallel_executor.executor.parallel:run_until_complete finished with '0'
[7.501s] DEBUG:colcon.colcon_core.event_reactor:joining thread
[7.525s] INFO:colcon.colcon_core.plugin_system:Skipping extension 'colcon_notification.desktop_notification.terminal_notifier': Not used on non-Darwin systems
[7.525s] INFO:colcon.colcon_core.plugin_system:Skipping extension 'colcon_notification.desktop_notification.win32': Not used on non-Windows systems
[7.526s] INFO:colcon.colcon_notification.desktop_notification:Sending desktop notification using 'notify2'
[7.578s] DEBUG:colcon.colcon_core.event_reactor:joined thread
[7.580s] INFO:colcon.colcon_core.shell:Creating prefix script '/home/mgazzola/ros2_spirob_ws/install/local_setup.ps1'
[7.584s] INFO:colcon.colcon_core.shell:Creating prefix util module '/home/mgazzola/ros2_spirob_ws/install/_local_setup_util_ps1.py'
[7.589s] INFO:colcon.colcon_core.shell:Creating prefix chain script '/home/mgazzola/ros2_spirob_ws/install/setup.ps1'
[7.595s] INFO:colcon.colcon_core.shell:Creating prefix script '/home/mgazzola/ros2_spirob_ws/install/local_setup.sh'
[7.598s] INFO:colcon.colcon_core.shell:Creating prefix util module '/home/mgazzola/ros2_spirob_ws/install/_local_setup_util_sh.py'
[7.601s] INFO:colcon.colcon_core.shell:Creating prefix chain script '/home/mgazzola/ros2_spirob_ws/install/setup.sh'
[7.607s] INFO:colcon.colcon_core.shell:Creating prefix script '/home/mgazzola/ros2_spirob_ws/install/local_setup.bash'
[7.609s] INFO:colcon.colcon_core.shell:Creating prefix chain script '/home/mgazzola/ros2_spirob_ws/install/setup.bash'
[7.615s] INFO:colcon.colcon_core.shell:Creating prefix script '/home/mgazzola/ros2_spirob_ws/install/local_setup.zsh'
[7.617s] INFO:colcon.colcon_core.shell:Creating prefix chain script '/home/mgazzola/ros2_spirob_ws/install/setup.zsh'
