[15.865s] Invoking command in '/home/mgazzola/ros2_spirob_ws/build/joysticker': DEBUGINFOD_URLS=https://debuginfod.ubuntu.com PYTHONPATH=/home/mgazzola/ros2_spirob_ws/build/joysticker/prefix_override:/usr/lib/python3/dist-packages/colcon_core/task/python/colcon_distutils_commands:/home/mgazzola/ros2_spirob_ws/install/joysticker/lib/python3.12/site-packages:${PYTHONPATH} /usr/bin/python3 -W ignore:setup.py install is deprecated -W ignore:easy_install command is deprecated setup.py develop --uninstall --editable --build-directory /home/mgazzola/ros2_spirob_ws/build/joysticker/build
[20.359s] running develop
[24.299s] Removing /home/mgazzola/ros2_spirob_ws/install/joysticker/lib/python3.12/site-packages/joysticker.egg-link (link to .)
[25.001s] Invoked command in '/home/mgazzola/ros2_spirob_ws/build/joysticker' returned '0': DEBUGINFOD_URLS=https://debuginfod.ubuntu.com PYTHONPATH=/home/mgazzola/ros2_spirob_ws/build/joysticker/prefix_override:/usr/lib/python3/dist-packages/colcon_core/task/python/colcon_distutils_commands:/home/mgazzola/ros2_spirob_ws/install/joysticker/lib/python3.12/site-packages:${PYTHONPATH} /usr/bin/python3 -W ignore:setup.py install is deprecated -W ignore:easy_install command is deprecated setup.py develop --uninstall --editable --build-directory /home/mgazzola/ros2_spirob_ws/build/joysticker/build
[25.003s] Invoking command in '/home/mgazzola/ros2_spirob_ws/src/joysticker': DEBUGINFOD_URLS=https://debuginfod.ubuntu.com PYTHONPATH=/home/mgazzola/ros2_spirob_ws/build/joysticker/prefix_override:/usr/lib/python3/dist-packages/colcon_core/task/python/colcon_distutils_commands:/home/mgazzola/ros2_spirob_ws/install/joysticker/lib/python3.12/site-packages:${PYTHONPATH} /usr/bin/python3 -W ignore:setup.py install is deprecated -W ignore:easy_install command is deprecated setup.py egg_info --egg-base ../../build/joysticker build --build-base /home/mgazzola/ros2_spirob_ws/build/joysticker/build install --record /home/mgazzola/ros2_spirob_ws/build/joysticker/install.log --single-version-externally-managed install_data --force
[27.809s] running egg_info
[27.994s] writing ../../build/joysticker/joysticker.egg-info/PKG-INFO
[28.001s] writing dependency_links to ../../build/joysticker/joysticker.egg-info/dependency_links.txt
[28.008s] writing entry points to ../../build/joysticker/joysticker.egg-info/entry_points.txt
[28.012s] writing requirements to ../../build/joysticker/joysticker.egg-info/requires.txt
[28.020s] writing top-level names to ../../build/joysticker/joysticker.egg-info/top_level.txt
[28.559s] reading manifest file '../../build/joysticker/joysticker.egg-info/SOURCES.txt'
[28.576s] writing manifest file '../../build/joysticker/joysticker.egg-info/SOURCES.txt'
[28.588s] running build
[28.605s] running build_py
[28.607s] creating /home/mgazzola/ros2_spirob_ws/build/joysticker/build
[28.615s] creating /home/mgazzola/ros2_spirob_ws/build/joysticker/build/lib
[28.622s] creating /home/mgazzola/ros2_spirob_ws/build/joysticker/build/lib/joysticker
[28.625s] copying joysticker/__init__.py -> /home/mgazzola/ros2_spirob_ws/build/joysticker/build/lib/joysticker
[28.627s] copying joysticker/joysticker_publisher_node.py -> /home/mgazzola/ros2_spirob_ws/build/joysticker/build/lib/joysticker
[28.629s] running install
[28.665s] running install_lib
[29.022s] creating /home/mgazzola/ros2_spirob_ws/install/joysticker/lib/python3.12/site-packages/joysticker
[29.027s] copying /home/mgazzola/ros2_spirob_ws/build/joysticker/build/lib/joysticker/__init__.py -> /home/mgazzola/ros2_spirob_ws/install/joysticker/lib/python3.12/site-packages/joysticker
[29.033s] copying /home/mgazzola/ros2_spirob_ws/build/joysticker/build/lib/joysticker/joysticker_publisher_node.py -> /home/mgazzola/ros2_spirob_ws/install/joysticker/lib/python3.12/site-packages/joysticker
[29.038s] byte-compiling /home/mgazzola/ros2_spirob_ws/install/joysticker/lib/python3.12/site-packages/joysticker/__init__.py to __init__.cpython-312.pyc
[29.044s] byte-compiling /home/mgazzola/ros2_spirob_ws/install/joysticker/lib/python3.12/site-packages/joysticker/joysticker_publisher_node.py to joysticker_publisher_node.cpython-312.pyc
[29.048s] running install_data
[29.057s] copying resource/joysticker -> /home/mgazzola/ros2_spirob_ws/install/joysticker/share/ament_index/resource_index/packages
[29.065s] copying package.xml -> /home/mgazzola/ros2_spirob_ws/install/joysticker/share/joysticker
[29.067s] running install_egg_info
[29.337s] Copying ../../build/joysticker/joysticker.egg-info to /home/mgazzola/ros2_spirob_ws/install/joysticker/lib/python3.12/site-packages/joysticker-0.0.0-py3.12.egg-info
[29.373s] running install_scripts
[31.383s] Installing joysticker_publisher_node script to /home/mgazzola/ros2_spirob_ws/install/joysticker/lib/joysticker
[31.402s] writing list of installed files to '/home/mgazzola/ros2_spirob_ws/build/joysticker/install.log'
[31.868s] Invoked command in '/home/mgazzola/ros2_spirob_ws/src/joysticker' returned '0': DEBUGINFOD_URLS=https://debuginfod.ubuntu.com PYTHONPATH=/home/mgazzola/ros2_spirob_ws/build/joysticker/prefix_override:/usr/lib/python3/dist-packages/colcon_core/task/python/colcon_distutils_commands:/home/mgazzola/ros2_spirob_ws/install/joysticker/lib/python3.12/site-packages:${PYTHONPATH} /usr/bin/python3 -W ignore:setup.py install is deprecated -W ignore:easy_install command is deprecated setup.py egg_info --egg-base ../../build/joysticker build --build-base /home/mgazzola/ros2_spirob_ws/build/joysticker/build install --record /home/mgazzola/ros2_spirob_ws/build/joysticker/install.log --single-version-externally-managed install_data --force
