[3.725s] Invoking command in '/home/mgazzola/ros2_spirob_ws/src/action': DEBUGINFOD_URLS=https://debuginfod.ubuntu.com PYTHONPATH=/home/mgazzola/ros2_spirob_ws/build/action/prefix_override:/usr/lib/python3/dist-packages/colcon_core/task/python/colcon_distutils_commands:/home/mgazzola/ros2_spirob_ws/install/action/lib/python3.12/site-packages:${PYTHONPATH} /usr/bin/python3 -W ignore:setup.py install is deprecated -W ignore:easy_install command is deprecated setup.py egg_info --egg-base ../../build/action build --build-base /home/mgazzola/ros2_spirob_ws/build/action/build install --record /home/mgazzola/ros2_spirob_ws/build/action/install.log --single-version-externally-managed install_data
[4.933s] running egg_info
[5.021s] writing ../../build/action/action.egg-info/PKG-INFO
[5.022s] writing dependency_links to ../../build/action/action.egg-info/dependency_links.txt
[5.025s] writing entry points to ../../build/action/action.egg-info/entry_points.txt
[5.026s] writing requirements to ../../build/action/action.egg-info/requires.txt
[5.027s] writing top-level names to ../../build/action/action.egg-info/top_level.txt
[5.228s] reading manifest file '../../build/action/action.egg-info/SOURCES.txt'
[5.231s] writing manifest file '../../build/action/action.egg-info/SOURCES.txt'
[5.232s] running build
[5.232s] running build_py
[5.233s] copying action/motor_cmd_action.py -> /home/mgazzola/ros2_spirob_ws/build/action/build/lib/action
[5.234s] copying action/motor_cmd_client.py -> /home/mgazzola/ros2_spirob_ws/build/action/build/lib/action
[5.235s] running install
[5.260s] running install_lib
[5.352s] copying /home/mgazzola/ros2_spirob_ws/build/action/build/lib/action/motor_cmd_action.py -> /home/mgazzola/ros2_spirob_ws/install/action/lib/python3.12/site-packages/action
[5.353s] copying /home/mgazzola/ros2_spirob_ws/build/action/build/lib/action/motor_cmd_client.py -> /home/mgazzola/ros2_spirob_ws/install/action/lib/python3.12/site-packages/action
[5.356s] byte-compiling /home/mgazzola/ros2_spirob_ws/install/action/lib/python3.12/site-packages/action/motor_cmd_action.py to motor_cmd_action.cpython-312.pyc
[5.359s] byte-compiling /home/mgazzola/ros2_spirob_ws/install/action/lib/python3.12/site-packages/action/motor_cmd_client.py to motor_cmd_client.cpython-312.pyc
[5.361s] running install_data
[5.362s] running install_egg_info
[5.458s] removing '/home/mgazzola/ros2_spirob_ws/install/action/lib/python3.12/site-packages/action-0.0.0-py3.12.egg-info' (and everything under it)
[5.460s] Copying ../../build/action/action.egg-info to /home/mgazzola/ros2_spirob_ws/install/action/lib/python3.12/site-packages/action-0.0.0-py3.12.egg-info
[5.465s] running install_scripts
[6.127s] Installing motor_cmd_action script to /home/mgazzola/ros2_spirob_ws/install/action/lib/action
[6.129s] writing list of installed files to '/home/mgazzola/ros2_spirob_ws/build/action/install.log'
[6.279s] Invoked command in '/home/mgazzola/ros2_spirob_ws/src/action' returned '0': DEBUGINFOD_URLS=https://debuginfod.ubuntu.com PYTHONPATH=/home/mgazzola/ros2_spirob_ws/build/action/prefix_override:/usr/lib/python3/dist-packages/colcon_core/task/python/colcon_distutils_commands:/home/mgazzola/ros2_spirob_ws/install/action/lib/python3.12/site-packages:${PYTHONPATH} /usr/bin/python3 -W ignore:setup.py install is deprecated -W ignore:easy_install command is deprecated setup.py egg_info --egg-base ../../build/action build --build-base /home/mgazzola/ros2_spirob_ws/build/action/build install --record /home/mgazzola/ros2_spirob_ws/build/action/install.log --single-version-externally-managed install_data
