[8.065s] Invoking command in '/home/mgazzola/ros2_spirob_ws/src/joysticker': DEBUGINFOD_URLS=https://debuginfod.ubuntu.com PS1=(.venv) \[\e]0;\u@\h: \w\a\]${debian_chroot:+($debian_chroot)}\[\033[01;32m\]\u@\h\[\033[00m\]:\[\033[01;34m\]\w\[\033[00m\]\$ PYTHONPATH=/home/mgazzola/ros2_spirob_ws/build/joysticker/prefix_override:/usr/lib/python3/dist-packages/colcon_core/task/python/colcon_distutils_commands:/home/mgazzola/ros2_spirob_ws/install/joysticker/lib/python3.12/site-packages:${PYTHONPATH} VIRTUAL_ENV_PROMPT=(.venv) /usr/bin/python3 -W ignore:setup.py install is deprecated -W ignore:easy_install command is deprecated setup.py egg_info --egg-base ../../build/joysticker build --build-base /home/mgazzola/ros2_spirob_ws/build/joysticker/build install --record /home/mgazzola/ros2_spirob_ws/build/joysticker/install.log --single-version-externally-managed install_data
[10.004s] running egg_info
[10.126s] writing ../../build/joysticker/joysticker.egg-info/PKG-INFO
[10.130s] writing dependency_links to ../../build/joysticker/joysticker.egg-info/dependency_links.txt
[10.136s] writing entry points to ../../build/joysticker/joysticker.egg-info/entry_points.txt
[10.140s] writing requirements to ../../build/joysticker/joysticker.egg-info/requires.txt
[10.143s] writing top-level names to ../../build/joysticker/joysticker.egg-info/top_level.txt
[10.448s] reading manifest file '../../build/joysticker/joysticker.egg-info/SOURCES.txt'
[10.453s] writing manifest file '../../build/joysticker/joysticker.egg-info/SOURCES.txt'
[10.456s] running build
[10.461s] running build_py
[10.464s] running install
[10.488s] running install_lib
[10.628s] running install_data
[10.631s] running install_egg_info
[10.764s] removing '/home/mgazzola/ros2_spirob_ws/install/joysticker/lib/python3.12/site-packages/joysticker-0.0.0-py3.12.egg-info' (and everything under it)
[10.765s] Copying ../../build/joysticker/joysticker.egg-info to /home/mgazzola/ros2_spirob_ws/install/joysticker/lib/python3.12/site-packages/joysticker-0.0.0-py3.12.egg-info
[10.773s] running install_scripts
[11.812s] Installing joysticker_publisher_node script to /home/mgazzola/ros2_spirob_ws/install/joysticker/lib/joysticker
[11.812s] writing list of installed files to '/home/mgazzola/ros2_spirob_ws/build/joysticker/install.log'
[12.067s] Invoked command in '/home/mgazzola/ros2_spirob_ws/src/joysticker' returned '0': DEBUGINFOD_URLS=https://debuginfod.ubuntu.com PS1=(.venv) \[\e]0;\u@\h: \w\a\]${debian_chroot:+($debian_chroot)}\[\033[01;32m\]\u@\h\[\033[00m\]:\[\033[01;34m\]\w\[\033[00m\]\$ PYTHONPATH=/home/mgazzola/ros2_spirob_ws/build/joysticker/prefix_override:/usr/lib/python3/dist-packages/colcon_core/task/python/colcon_distutils_commands:/home/mgazzola/ros2_spirob_ws/install/joysticker/lib/python3.12/site-packages:${PYTHONPATH} VIRTUAL_ENV_PROMPT=(.venv) /usr/bin/python3 -W ignore:setup.py install is deprecated -W ignore:easy_install command is deprecated setup.py egg_info --egg-base ../../build/joysticker build --build-base /home/mgazzola/ros2_spirob_ws/build/joysticker/build install --record /home/mgazzola/ros2_spirob_ws/build/joysticker/install.log --single-version-externally-managed install_data
