[7.961s] Invoking command in '/home/mgazzola/ros2_spirob_ws/build/motor_driver': DEBUGINFOD_URLS=https://debuginfod.ubuntu.com PS1=(.venv) \[\e]0;\u@\h: \w\a\]${debian_chroot:+($debian_chroot)}\[\033[01;32m\]\u@\h\[\033[00m\]:\[\033[01;34m\]\w\[\033[00m\]\$ PYTHONPATH=/home/mgazzola/ros2_spirob_ws/build/motor_driver/prefix_override:/usr/lib/python3/dist-packages/colcon_core/task/python/colcon_distutils_commands:/home/mgazzola/ros2_spirob_ws/install/motor_driver/lib/python3.12/site-packages:${PYTHONPATH} VIRTUAL_ENV_PROMPT=(.venv) /usr/bin/python3 -W ignore:setup.py install is deprecated -W ignore:easy_install command is deprecated setup.py develop --editable --build-directory /home/mgazzola/ros2_spirob_ws/build/motor_driver/build --no-deps symlink_data --force
[10.343s] running develop
[11.701s] running egg_info
[11.831s] writing motor_driver.egg-info/PKG-INFO
[11.844s] writing dependency_links to motor_driver.egg-info/dependency_links.txt
[11.844s] writing entry points to motor_driver.egg-info/entry_points.txt
[11.851s] writing requirements to motor_driver.egg-info/requires.txt
[11.853s] writing top-level names to motor_driver.egg-info/top_level.txt
[12.112s] reading manifest file 'motor_driver.egg-info/SOURCES.txt'
[12.116s] writing manifest file 'motor_driver.egg-info/SOURCES.txt'
[12.246s] running build_ext
[12.248s] Creating /home/mgazzola/ros2_spirob_ws/install/motor_driver/lib/python3.12/site-packages/motor-driver.egg-link (link to .)
[12.251s] Installing motor_driver_node script to /home/mgazzola/ros2_spirob_ws/install/motor_driver/lib/motor_driver
[12.252s] Installing motor_publisher_node script to /home/mgazzola/ros2_spirob_ws/install/motor_driver/lib/motor_driver
[12.255s] 
[12.256s] Installed /home/mgazzola/ros2_spirob_ws/build/motor_driver
[12.263s] running symlink_data
[12.264s] symbolically linking /home/mgazzola/ros2_spirob_ws/build/motor_driver/resource/motor_driver -> /home/mgazzola/ros2_spirob_ws/install/motor_driver/share/ament_index/resource_index/packages
[12.269s] symbolically linking /home/mgazzola/ros2_spirob_ws/build/motor_driver/package.xml -> /home/mgazzola/ros2_spirob_ws/install/motor_driver/share/motor_driver
[12.553s] Invoked command in '/home/mgazzola/ros2_spirob_ws/build/motor_driver' returned '0': DEBUGINFOD_URLS=https://debuginfod.ubuntu.com PS1=(.venv) \[\e]0;\u@\h: \w\a\]${debian_chroot:+($debian_chroot)}\[\033[01;32m\]\u@\h\[\033[00m\]:\[\033[01;34m\]\w\[\033[00m\]\$ PYTHONPATH=/home/mgazzola/ros2_spirob_ws/build/motor_driver/prefix_override:/usr/lib/python3/dist-packages/colcon_core/task/python/colcon_distutils_commands:/home/mgazzola/ros2_spirob_ws/install/motor_driver/lib/python3.12/site-packages:${PYTHONPATH} VIRTUAL_ENV_PROMPT=(.venv) /usr/bin/python3 -W ignore:setup.py install is deprecated -W ignore:easy_install command is deprecated setup.py develop --editable --build-directory /home/mgazzola/ros2_spirob_ws/build/motor_driver/build --no-deps symlink_data --force
