[0.048s] Invoking command in '/home/mgazzola/ros2_spirob_ws/build/my_robot_interfaces': CMAKE_PREFIX_PATH=${CMAKE_PREFIX_PATH}:/opt/ros/kilted DEBUGINFOD_URLS=https://debuginfod.ubuntu.com /usr/bin/cmake /home/mgazzola/ros2_spirob_ws/src/my_robot_interfaces -DCMAKE_INSTALL_PREFIX=/home/mgazzola/ros2_spirob_ws/install/my_robot_interfaces
[0.111s] -- Found ament_cmake: 2.7.3 (/opt/ros/kilted/share/ament_cmake/cmake)
[0.231s] -- Found Python3: /usr/bin/python3 (found version "3.12.3") found components: Interpreter 
[0.603s] -- Found rosidl_default_generators: 1.7.1 (/opt/ros/kilted/share/rosidl_default_generators/cmake)
[0.613s] -- Using all available rosidl_typesupport_c: rosidl_typesupport_fastrtps_c;rosidl_typesupport_introspection_c
[0.822s] -- Using all available rosidl_typesupport_cpp: rosidl_typesupport_fastrtps_cpp;rosidl_typesupport_introspection_cpp
[0.945s] -- Found rosidl_adapter: 4.9.5 (/opt/ros/kilted/share/rosidl_adapter/cmake)
[0.952s] -- Found builtin_interfaces: 2.3.0 (/opt/ros/kilted/share/builtin_interfaces/cmake)
[2.327s] -- Found ament_cmake_ros_core: 0.14.3 (/opt/ros/kilted/share/ament_cmake_ros_core/cmake)
[2.781s] -- Using all available rosidl_typesupport_c: rosidl_typesupport_fastrtps_c;rosidl_typesupport_introspection_c
[3.391s] -- Using all available rosidl_typesupport_cpp: rosidl_typesupport_fastrtps_cpp;rosidl_typesupport_introspection_cpp
[4.510s] -- Found Python3: /usr/bin/python3 (found version "3.12.3") found components: Interpreter Development NumPy Development.Module Development.Embed 
[4.563s] -- Found ament_lint_auto: 0.19.2 (/opt/ros/kilted/share/ament_lint_auto/cmake)
[4.678s] -- Added test 'cppcheck' to perform static code analysis on C / C++ code
[4.679s] -- Configured cppcheck include dirs: 
[4.680s] -- Configured cppcheck exclude dirs and/or files: 
[4.694s] -- Added test 'flake8' to check Python code syntax and style conventions
[4.694s] -- Configured 'flake8' exclude dirs and/or files: 
[4.719s] -- Added test 'lint_cmake' to check CMake code style
[4.734s] -- Added test 'pep257' to check Python code against some of the docstring style conventions in PEP 257
[4.809s] -- Added test 'uncrustify' to check C / C++ code style
[4.809s] -- Configured uncrustify additional arguments: 
[4.824s] -- Added test 'xmllint' to check XML markup files
[4.838s] -- Configuring done (4.7s)
[5.085s] -- Generating done (0.2s)
[5.140s] -- Build files have been written to: /home/mgazzola/ros2_spirob_ws/build/my_robot_interfaces
[5.173s] Invoked command in '/home/mgazzola/ros2_spirob_ws/build/my_robot_interfaces' returned '0': CMAKE_PREFIX_PATH=${CMAKE_PREFIX_PATH}:/opt/ros/kilted DEBUGINFOD_URLS=https://debuginfod.ubuntu.com /usr/bin/cmake /home/mgazzola/ros2_spirob_ws/src/my_robot_interfaces -DCMAKE_INSTALL_PREFIX=/home/mgazzola/ros2_spirob_ws/install/my_robot_interfaces
[5.179s] Invoking command in '/home/mgazzola/ros2_spirob_ws/build/my_robot_interfaces': CMAKE_PREFIX_PATH=${CMAKE_PREFIX_PATH}:/opt/ros/kilted DEBUGINFOD_URLS=https://debuginfod.ubuntu.com /usr/bin/cmake --build /home/mgazzola/ros2_spirob_ws/build/my_robot_interfaces -- -j4 -l4
[5.478s] [  2%] [34m[1mGenerating type hashes for ROS interfaces[0m
[5.527s] [  2%] Built target ament_cmake_python_copy_my_robot_interfaces
[6.769s] running egg_info
[6.774s] creating my_robot_interfaces.egg-info
[6.782s] [  2%] Built target my_robot_interfaces__rosidl_generator_type_description
[6.846s] [  5%] [34m[1mGenerating C code for ROS interfaces[0m
[6.909s] [  8%] [34m[1mGenerating C++ code for ROS interfaces[0m
[6.917s] writing my_robot_interfaces.egg-info/PKG-INFO
[6.917s] writing dependency_links to my_robot_interfaces.egg-info/dependency_links.txt
[6.918s] writing top-level names to my_robot_interfaces.egg-info/top_level.txt
[6.918s] writing manifest file 'my_robot_interfaces.egg-info/SOURCES.txt'
[7.363s] reading manifest file 'my_robot_interfaces.egg-info/SOURCES.txt'
[7.374s] writing manifest file 'my_robot_interfaces.egg-info/SOURCES.txt'
[7.549s] [  8%] Built target ament_cmake_python_build_my_robot_interfaces_egg
[9.206s] [  8%] Built target my_robot_interfaces__cpp
[9.353s] [ 11%] [32mBuilding C object CMakeFiles/my_robot_interfaces__rosidl_generator_c.dir/rosidl_generator_c/my_robot_interfaces/action/detail/run_motor_profile__description.c.o[0m
[9.359s] [ 14%] [32mBuilding C object CMakeFiles/my_robot_interfaces__rosidl_generator_c.dir/rosidl_generator_c/my_robot_interfaces/action/detail/run_motor_profile__functions.c.o[0m
[9.359s] [ 17%] [32mBuilding C object CMakeFiles/my_robot_interfaces__rosidl_generator_c.dir/rosidl_generator_c/my_robot_interfaces/action/detail/run_motor_profile__type_support.c.o[0m
[10.519s] [ 20%] [32m[1mLinking C shared library libmy_robot_interfaces__rosidl_generator_c.so[0m
[10.786s] [ 20%] Built target my_robot_interfaces__rosidl_generator_c
[10.856s] [ 23%] [34m[1mGenerating C++ type support dispatch for ROS interfaces[0m
[10.873s] [ 26%] [34m[1mGenerating C type support dispatch for ROS interfaces[0m
[10.880s] [ 29%] [34m[1mGenerating C type support for eProsima Fast-RTPS[0m
[10.892s] [ 32%] [34m[1mGenerating C introspection for ROS interfaces[0m
[12.624s] [ 35%] [32mBuilding CXX object CMakeFiles/my_robot_interfaces__rosidl_typesupport_c.dir/rosidl_typesupport_c/my_robot_interfaces/action/run_motor_profile__type_support.cpp.o[0m
[12.641s] [ 38%] [32mBuilding CXX object CMakeFiles/my_robot_interfaces__rosidl_typesupport_cpp.dir/rosidl_typesupport_cpp/my_robot_interfaces/action/run_motor_profile__type_support.cpp.o[0m
[13.136s] [ 41%] [32m[1mLinking CXX shared library libmy_robot_interfaces__rosidl_typesupport_c.so[0m
[13.191s] [ 44%] [32mBuilding C object CMakeFiles/my_robot_interfaces__rosidl_typesupport_introspection_c.dir/rosidl_typesupport_introspection_c/my_robot_interfaces/action/detail/run_motor_profile__type_support.c.o[0m
[13.417s] [ 44%] Built target my_robot_interfaces__rosidl_typesupport_c
[13.493s] [ 47%] [34m[1mGenerating C++ type support for eProsima Fast-RTPS[0m
[13.796s] [ 50%] [32m[1mLinking C shared library libmy_robot_interfaces__rosidl_typesupport_introspection_c.so[0m
[13.869s] [ 52%] [32mBuilding CXX object CMakeFiles/my_robot_interfaces__rosidl_typesupport_fastrtps_c.dir/rosidl_typesupport_fastrtps_c/my_robot_interfaces/action/detail/run_motor_profile__type_support_c.cpp.o[0m
[14.043s] [ 52%] Built target my_robot_interfaces__rosidl_typesupport_introspection_c
[14.118s] [ 55%] [34m[1mGenerating C++ introspection for ROS interfaces[0m
[16.479s] [ 58%] [32mBuilding CXX object CMakeFiles/my_robot_interfaces__rosidl_typesupport_introspection_cpp.dir/rosidl_typesupport_introspection_cpp/my_robot_interfaces/action/detail/run_motor_profile__type_support.cpp.o[0m
[16.653s] [ 61%] [32mBuilding CXX object CMakeFiles/my_robot_interfaces__rosidl_typesupport_fastrtps_cpp.dir/rosidl_typesupport_fastrtps_cpp/my_robot_interfaces/action/detail/dds_fastrtps/run_motor_profile__type_support.cpp.o[0m
[18.280s] [ 64%] [32m[1mLinking CXX shared library libmy_robot_interfaces__rosidl_typesupport_fastrtps_c.so[0m
[18.298s] [ 67%] [32m[1mLinking CXX shared library libmy_robot_interfaces__rosidl_typesupport_cpp.so[0m
[18.860s] [ 67%] Built target my_robot_interfaces__rosidl_typesupport_fastrtps_c
[18.889s] [ 67%] Built target my_robot_interfaces__rosidl_typesupport_cpp
[21.695s] [ 70%] [32m[1mLinking CXX shared library libmy_robot_interfaces__rosidl_typesupport_introspection_cpp.so[0m
[22.124s] [ 70%] Built target my_robot_interfaces__rosidl_typesupport_introspection_cpp
[23.084s] [ 73%] [32m[1mLinking CXX shared library libmy_robot_interfaces__rosidl_typesupport_fastrtps_cpp.so[0m
[23.500s] [ 73%] Built target my_robot_interfaces__rosidl_typesupport_fastrtps_cpp
[23.616s] [ 73%] Built target my_robot_interfaces
[23.732s] [ 76%] [34m[1mGenerating Python code for ROS interfaces[0m
[27.026s] [ 76%] Built target my_robot_interfaces__py
[27.143s] [ 79%] [32mBuilding C object CMakeFiles/my_robot_interfaces__rosidl_generator_py.dir/rosidl_generator_py/my_robot_interfaces/action/_run_motor_profile_s.c.o[0m
[28.632s] [ 82%] [32m[1mLinking C shared library libmy_robot_interfaces__rosidl_generator_py.so[0m
[28.918s] [ 82%] Built target my_robot_interfaces__rosidl_generator_py
[29.048s] [ 85%] [32mBuilding C object CMakeFiles/my_robot_interfaces_s__rosidl_typesupport_introspection_c.dir/rosidl_generator_py/my_robot_interfaces/_my_robot_interfaces_s.ep.rosidl_typesupport_introspection_c.c.o[0m
[29.049s] [ 88%] [32mBuilding C object CMakeFiles/my_robot_interfaces_s__rosidl_typesupport_fastrtps_c.dir/rosidl_generator_py/my_robot_interfaces/_my_robot_interfaces_s.ep.rosidl_typesupport_fastrtps_c.c.o[0m
[29.055s] [ 91%] [32mBuilding C object CMakeFiles/my_robot_interfaces_s__rosidl_typesupport_c.dir/rosidl_generator_py/my_robot_interfaces/_my_robot_interfaces_s.ep.rosidl_typesupport_c.c.o[0m
[29.779s] [ 94%] [32m[1mLinking C shared module rosidl_generator_py/my_robot_interfaces/my_robot_interfaces_s__rosidl_typesupport_introspection_c.so[0m
[29.784s] [ 97%] [32m[1mLinking C shared module rosidl_generator_py/my_robot_interfaces/my_robot_interfaces_s__rosidl_typesupport_c.so[0m
[29.845s] [100%] [32m[1mLinking C shared module rosidl_generator_py/my_robot_interfaces/my_robot_interfaces_s__rosidl_typesupport_fastrtps_c.so[0m
[29.988s] [100%] Built target my_robot_interfaces_s__rosidl_typesupport_introspection_c
[29.998s] [100%] Built target my_robot_interfaces_s__rosidl_typesupport_c
[30.060s] [100%] Built target my_robot_interfaces_s__rosidl_typesupport_fastrtps_c
[30.127s] Invoked command in '/home/mgazzola/ros2_spirob_ws/build/my_robot_interfaces' returned '0': CMAKE_PREFIX_PATH=${CMAKE_PREFIX_PATH}:/opt/ros/kilted DEBUGINFOD_URLS=https://debuginfod.ubuntu.com /usr/bin/cmake --build /home/mgazzola/ros2_spirob_ws/build/my_robot_interfaces -- -j4 -l4
[30.181s] Invoking command in '/home/mgazzola/ros2_spirob_ws/build/my_robot_interfaces': CMAKE_PREFIX_PATH=${CMAKE_PREFIX_PATH}:/opt/ros/kilted DEBUGINFOD_URLS=https://debuginfod.ubuntu.com /usr/bin/cmake --install /home/mgazzola/ros2_spirob_ws/build/my_robot_interfaces
[30.225s] -- Install configuration: ""
[30.226s] -- Installing: /home/mgazzola/ros2_spirob_ws/install/my_robot_interfaces/share/ament_index/resource_index/rosidl_interfaces/my_robot_interfaces
[30.228s] -- Installing: /home/mgazzola/ros2_spirob_ws/install/my_robot_interfaces/share/my_robot_interfaces/action/RunMotorProfile.json
[30.229s] -- Installing: /home/mgazzola/ros2_spirob_ws/install/my_robot_interfaces/include/my_robot_interfaces/my_robot_interfaces
[30.230s] -- Installing: /home/mgazzola/ros2_spirob_ws/install/my_robot_interfaces/include/my_robot_interfaces/my_robot_interfaces/action
[30.231s] -- Installing: /home/mgazzola/ros2_spirob_ws/install/my_robot_interfaces/include/my_robot_interfaces/my_robot_interfaces/action/run_motor_profile.h
[30.232s] -- Installing: /home/mgazzola/ros2_spirob_ws/install/my_robot_interfaces/include/my_robot_interfaces/my_robot_interfaces/action/detail
[30.233s] -- Installing: /home/mgazzola/ros2_spirob_ws/install/my_robot_interfaces/include/my_robot_interfaces/my_robot_interfaces/action/detail/run_motor_profile__struct.h
[30.234s] -- Installing: /home/mgazzola/ros2_spirob_ws/install/my_robot_interfaces/include/my_robot_interfaces/my_robot_interfaces/action/detail/run_motor_profile__functions.c
[30.236s] -- Installing: /home/mgazzola/ros2_spirob_ws/install/my_robot_interfaces/include/my_robot_interfaces/my_robot_interfaces/action/detail/run_motor_profile__description.c
[30.238s] -- Installing: /home/mgazzola/ros2_spirob_ws/install/my_robot_interfaces/include/my_robot_interfaces/my_robot_interfaces/action/detail/run_motor_profile__functions.h
[30.240s] -- Installing: /home/mgazzola/ros2_spirob_ws/install/my_robot_interfaces/include/my_robot_interfaces/my_robot_interfaces/action/detail/run_motor_profile__type_support.c
[30.241s] -- Installing: /home/mgazzola/ros2_spirob_ws/install/my_robot_interfaces/include/my_robot_interfaces/my_robot_interfaces/action/detail/run_motor_profile__type_support.h
[30.242s] -- Installing: /home/mgazzola/ros2_spirob_ws/install/my_robot_interfaces/include/my_robot_interfaces/my_robot_interfaces/msg
[30.243s] -- Installing: /home/mgazzola/ros2_spirob_ws/install/my_robot_interfaces/include/my_robot_interfaces/my_robot_interfaces/msg/rosidl_generator_c__visibility_control.h
[30.245s] -- Installing: /home/mgazzola/ros2_spirob_ws/install/my_robot_interfaces/share/my_robot_interfaces/environment/library_path.sh
[30.246s] -- Installing: /home/mgazzola/ros2_spirob_ws/install/my_robot_interfaces/share/my_robot_interfaces/environment/library_path.dsv
[30.248s] -- Installing: /home/mgazzola/ros2_spirob_ws/install/my_robot_interfaces/lib/libmy_robot_interfaces__rosidl_generator_c.so
[30.252s] -- Set non-toolchain portion of runtime path of "/home/mgazzola/ros2_spirob_ws/install/my_robot_interfaces/lib/libmy_robot_interfaces__rosidl_generator_c.so" to ""
[30.253s] -- Up-to-date: /home/mgazzola/ros2_spirob_ws/install/my_robot_interfaces/include/my_robot_interfaces/my_robot_interfaces
[30.253s] -- Up-to-date: /home/mgazzola/ros2_spirob_ws/install/my_robot_interfaces/include/my_robot_interfaces/my_robot_interfaces/action
[30.254s] -- Up-to-date: /home/mgazzola/ros2_spirob_ws/install/my_robot_interfaces/include/my_robot_interfaces/my_robot_interfaces/action/detail
[30.254s] -- Installing: /home/mgazzola/ros2_spirob_ws/install/my_robot_interfaces/include/my_robot_interfaces/my_robot_interfaces/action/detail/run_motor_profile__rosidl_typesupport_fastrtps_c.h
[30.255s] -- Up-to-date: /home/mgazzola/ros2_spirob_ws/install/my_robot_interfaces/include/my_robot_interfaces/my_robot_interfaces/msg
[30.256s] -- Installing: /home/mgazzola/ros2_spirob_ws/install/my_robot_interfaces/include/my_robot_interfaces/my_robot_interfaces/msg/rosidl_typesupport_fastrtps_c__visibility_control.h
[30.258s] -- Installing: /home/mgazzola/ros2_spirob_ws/install/my_robot_interfaces/lib/libmy_robot_interfaces__rosidl_typesupport_fastrtps_c.so
[30.262s] -- Set non-toolchain portion of runtime path of "/home/mgazzola/ros2_spirob_ws/install/my_robot_interfaces/lib/libmy_robot_interfaces__rosidl_typesupport_fastrtps_c.so" to ""
[30.263s] -- Up-to-date: /home/mgazzola/ros2_spirob_ws/install/my_robot_interfaces/include/my_robot_interfaces/my_robot_interfaces
[30.263s] -- Up-to-date: /home/mgazzola/ros2_spirob_ws/install/my_robot_interfaces/include/my_robot_interfaces/my_robot_interfaces/action
[30.264s] -- Up-to-date: /home/mgazzola/ros2_spirob_ws/install/my_robot_interfaces/include/my_robot_interfaces/my_robot_interfaces/action/detail
[30.264s] -- Installing: /home/mgazzola/ros2_spirob_ws/install/my_robot_interfaces/include/my_robot_interfaces/my_robot_interfaces/action/detail/run_motor_profile__type_support.c
[30.266s] -- Installing: /home/mgazzola/ros2_spirob_ws/install/my_robot_interfaces/include/my_robot_interfaces/my_robot_interfaces/action/detail/run_motor_profile__rosidl_typesupport_introspection_c.h
[30.267s] -- Up-to-date: /home/mgazzola/ros2_spirob_ws/install/my_robot_interfaces/include/my_robot_interfaces/my_robot_interfaces/msg
[30.268s] -- Installing: /home/mgazzola/ros2_spirob_ws/install/my_robot_interfaces/include/my_robot_interfaces/my_robot_interfaces/msg/rosidl_typesupport_introspection_c__visibility_control.h
[30.270s] -- Installing: /home/mgazzola/ros2_spirob_ws/install/my_robot_interfaces/lib/libmy_robot_interfaces__rosidl_typesupport_introspection_c.so
[30.273s] -- Set non-toolchain portion of runtime path of "/home/mgazzola/ros2_spirob_ws/install/my_robot_interfaces/lib/libmy_robot_interfaces__rosidl_typesupport_introspection_c.so" to ""
[30.274s] -- Installing: /home/mgazzola/ros2_spirob_ws/install/my_robot_interfaces/lib/libmy_robot_interfaces__rosidl_typesupport_c.so
[30.277s] -- Set non-toolchain portion of runtime path of "/home/mgazzola/ros2_spirob_ws/install/my_robot_interfaces/lib/libmy_robot_interfaces__rosidl_typesupport_c.so" to ""
[30.278s] -- Up-to-date: /home/mgazzola/ros2_spirob_ws/install/my_robot_interfaces/include/my_robot_interfaces/my_robot_interfaces
[30.278s] -- Up-to-date: /home/mgazzola/ros2_spirob_ws/install/my_robot_interfaces/include/my_robot_interfaces/my_robot_interfaces/action
[30.278s] -- Installing: /home/mgazzola/ros2_spirob_ws/install/my_robot_interfaces/include/my_robot_interfaces/my_robot_interfaces/action/run_motor_profile.hpp
[30.279s] -- Up-to-date: /home/mgazzola/ros2_spirob_ws/install/my_robot_interfaces/include/my_robot_interfaces/my_robot_interfaces/action/detail
[30.280s] -- Installing: /home/mgazzola/ros2_spirob_ws/install/my_robot_interfaces/include/my_robot_interfaces/my_robot_interfaces/action/detail/run_motor_profile__struct.hpp
[30.282s] -- Installing: /home/mgazzola/ros2_spirob_ws/install/my_robot_interfaces/include/my_robot_interfaces/my_robot_interfaces/action/detail/run_motor_profile__type_support.hpp
[30.283s] -- Installing: /home/mgazzola/ros2_spirob_ws/install/my_robot_interfaces/include/my_robot_interfaces/my_robot_interfaces/action/detail/run_motor_profile__builder.hpp
[30.284s] -- Installing: /home/mgazzola/ros2_spirob_ws/install/my_robot_interfaces/include/my_robot_interfaces/my_robot_interfaces/action/detail/run_motor_profile__traits.hpp
[30.286s] -- Up-to-date: /home/mgazzola/ros2_spirob_ws/install/my_robot_interfaces/include/my_robot_interfaces/my_robot_interfaces/msg
[30.286s] -- Installing: /home/mgazzola/ros2_spirob_ws/install/my_robot_interfaces/include/my_robot_interfaces/my_robot_interfaces/msg/rosidl_generator_cpp__visibility_control.hpp
[30.288s] -- Up-to-date: /home/mgazzola/ros2_spirob_ws/install/my_robot_interfaces/include/my_robot_interfaces/my_robot_interfaces
[30.288s] -- Up-to-date: /home/mgazzola/ros2_spirob_ws/install/my_robot_interfaces/include/my_robot_interfaces/my_robot_interfaces/action
[30.289s] -- Up-to-date: /home/mgazzola/ros2_spirob_ws/install/my_robot_interfaces/include/my_robot_interfaces/my_robot_interfaces/action/detail
[30.289s] -- Installing: /home/mgazzola/ros2_spirob_ws/install/my_robot_interfaces/include/my_robot_interfaces/my_robot_interfaces/action/detail/dds_fastrtps
[30.290s] -- Installing: /home/mgazzola/ros2_spirob_ws/install/my_robot_interfaces/include/my_robot_interfaces/my_robot_interfaces/action/detail/run_motor_profile__rosidl_typesupport_fastrtps_cpp.hpp
[30.292s] -- Up-to-date: /home/mgazzola/ros2_spirob_ws/install/my_robot_interfaces/include/my_robot_interfaces/my_robot_interfaces/msg
[30.292s] -- Installing: /home/mgazzola/ros2_spirob_ws/install/my_robot_interfaces/include/my_robot_interfaces/my_robot_interfaces/msg/rosidl_typesupport_fastrtps_cpp__visibility_control.h
[30.294s] -- Installing: /home/mgazzola/ros2_spirob_ws/install/my_robot_interfaces/lib/libmy_robot_interfaces__rosidl_typesupport_fastrtps_cpp.so
[30.300s] -- Set non-toolchain portion of runtime path of "/home/mgazzola/ros2_spirob_ws/install/my_robot_interfaces/lib/libmy_robot_interfaces__rosidl_typesupport_fastrtps_cpp.so" to ""
[30.300s] -- Up-to-date: /home/mgazzola/ros2_spirob_ws/install/my_robot_interfaces/include/my_robot_interfaces/my_robot_interfaces
[30.301s] -- Up-to-date: /home/mgazzola/ros2_spirob_ws/install/my_robot_interfaces/include/my_robot_interfaces/my_robot_interfaces/action
[30.301s] -- Up-to-date: /home/mgazzola/ros2_spirob_ws/install/my_robot_interfaces/include/my_robot_interfaces/my_robot_interfaces/action/detail
[30.302s] -- Installing: /home/mgazzola/ros2_spirob_ws/install/my_robot_interfaces/include/my_robot_interfaces/my_robot_interfaces/action/detail/run_motor_profile__type_support.cpp
[30.303s] -- Installing: /home/mgazzola/ros2_spirob_ws/install/my_robot_interfaces/include/my_robot_interfaces/my_robot_interfaces/action/detail/run_motor_profile__rosidl_typesupport_introspection_cpp.hpp
[30.305s] -- Installing: /home/mgazzola/ros2_spirob_ws/install/my_robot_interfaces/lib/libmy_robot_interfaces__rosidl_typesupport_introspection_cpp.so
[30.310s] -- Set non-toolchain portion of runtime path of "/home/mgazzola/ros2_spirob_ws/install/my_robot_interfaces/lib/libmy_robot_interfaces__rosidl_typesupport_introspection_cpp.so" to ""
[30.311s] -- Installing: /home/mgazzola/ros2_spirob_ws/install/my_robot_interfaces/lib/libmy_robot_interfaces__rosidl_typesupport_cpp.so
[30.315s] -- Set non-toolchain portion of runtime path of "/home/mgazzola/ros2_spirob_ws/install/my_robot_interfaces/lib/libmy_robot_interfaces__rosidl_typesupport_cpp.so" to ""
[30.316s] -- Installing: /home/mgazzola/ros2_spirob_ws/install/my_robot_interfaces/share/my_robot_interfaces/environment/pythonpath.sh
[30.317s] -- Installing: /home/mgazzola/ros2_spirob_ws/install/my_robot_interfaces/share/my_robot_interfaces/environment/pythonpath.dsv
[30.318s] -- Installing: /home/mgazzola/ros2_spirob_ws/install/my_robot_interfaces/lib/python3.12/site-packages/my_robot_interfaces-0.0.0-py3.12.egg-info
[30.319s] -- Installing: /home/mgazzola/ros2_spirob_ws/install/my_robot_interfaces/lib/python3.12/site-packages/my_robot_interfaces-0.0.0-py3.12.egg-info/dependency_links.txt
[30.321s] -- Installing: /home/mgazzola/ros2_spirob_ws/install/my_robot_interfaces/lib/python3.12/site-packages/my_robot_interfaces-0.0.0-py3.12.egg-info/top_level.txt
[30.322s] -- Installing: /home/mgazzola/ros2_spirob_ws/install/my_robot_interfaces/lib/python3.12/site-packages/my_robot_interfaces-0.0.0-py3.12.egg-info/SOURCES.txt
[30.323s] -- Installing: /home/mgazzola/ros2_spirob_ws/install/my_robot_interfaces/lib/python3.12/site-packages/my_robot_interfaces-0.0.0-py3.12.egg-info/PKG-INFO
[30.325s] -- Installing: /home/mgazzola/ros2_spirob_ws/install/my_robot_interfaces/lib/python3.12/site-packages/my_robot_interfaces
[30.325s] -- Installing: /home/mgazzola/ros2_spirob_ws/install/my_robot_interfaces/lib/python3.12/site-packages/my_robot_interfaces/_my_robot_interfaces_s.ep.rosidl_typesupport_c.c
[30.327s] -- Installing: /home/mgazzola/ros2_spirob_ws/install/my_robot_interfaces/lib/python3.12/site-packages/my_robot_interfaces/_my_robot_interfaces_s.ep.rosidl_typesupport_fastrtps_c.c
[30.329s] -- Installing: /home/mgazzola/ros2_spirob_ws/install/my_robot_interfaces/lib/python3.12/site-packages/my_robot_interfaces/_my_robot_interfaces_s.ep.rosidl_typesupport_introspection_c.c
[30.331s] -- Installing: /home/mgazzola/ros2_spirob_ws/install/my_robot_interfaces/lib/python3.12/site-packages/my_robot_interfaces/my_robot_interfaces_s__rosidl_typesupport_c.so
[30.332s] -- Installing: /home/mgazzola/ros2_spirob_ws/install/my_robot_interfaces/lib/python3.12/site-packages/my_robot_interfaces/action
[30.333s] -- Installing: /home/mgazzola/ros2_spirob_ws/install/my_robot_interfaces/lib/python3.12/site-packages/my_robot_interfaces/action/_run_motor_profile.py
[30.335s] -- Installing: /home/mgazzola/ros2_spirob_ws/install/my_robot_interfaces/lib/python3.12/site-packages/my_robot_interfaces/action/_run_motor_profile_s.c
[30.337s] -- Installing: /home/mgazzola/ros2_spirob_ws/install/my_robot_interfaces/lib/python3.12/site-packages/my_robot_interfaces/action/__init__.py
[30.338s] -- Installing: /home/mgazzola/ros2_spirob_ws/install/my_robot_interfaces/lib/python3.12/site-packages/my_robot_interfaces/__init__.py
[30.339s] -- Installing: /home/mgazzola/ros2_spirob_ws/install/my_robot_interfaces/lib/python3.12/site-packages/my_robot_interfaces/my_robot_interfaces_s__rosidl_typesupport_introspection_c.so
[30.341s] -- Installing: /home/mgazzola/ros2_spirob_ws/install/my_robot_interfaces/lib/python3.12/site-packages/my_robot_interfaces/my_robot_interfaces_s__rosidl_typesupport_fastrtps_c.so
[30.582s] Listing '/home/mgazzola/ros2_spirob_ws/install/my_robot_interfaces/lib/python3.12/site-packages/my_robot_interfaces'...
[30.584s] Compiling '/home/mgazzola/ros2_spirob_ws/install/my_robot_interfaces/lib/python3.12/site-packages/my_robot_interfaces/__init__.py'...
[30.585s] Listing '/home/mgazzola/ros2_spirob_ws/install/my_robot_interfaces/lib/python3.12/site-packages/my_robot_interfaces/action'...
[30.586s] Compiling '/home/mgazzola/ros2_spirob_ws/install/my_robot_interfaces/lib/python3.12/site-packages/my_robot_interfaces/action/__init__.py'...
[30.588s] Compiling '/home/mgazzola/ros2_spirob_ws/install/my_robot_interfaces/lib/python3.12/site-packages/my_robot_interfaces/action/_run_motor_profile.py'...
[30.615s] -- Installing: /home/mgazzola/ros2_spirob_ws/install/my_robot_interfaces/lib/python3.12/site-packages/my_robot_interfaces/my_robot_interfaces_s__rosidl_typesupport_fastrtps_c.so
[30.618s] -- Set non-toolchain portion of runtime path of "/home/mgazzola/ros2_spirob_ws/install/my_robot_interfaces/lib/python3.12/site-packages/my_robot_interfaces/my_robot_interfaces_s__rosidl_typesupport_fastrtps_c.so" to ""
[30.620s] -- Installing: /home/mgazzola/ros2_spirob_ws/install/my_robot_interfaces/lib/python3.12/site-packages/my_robot_interfaces/my_robot_interfaces_s__rosidl_typesupport_introspection_c.so
[30.624s] -- Set non-toolchain portion of runtime path of "/home/mgazzola/ros2_spirob_ws/install/my_robot_interfaces/lib/python3.12/site-packages/my_robot_interfaces/my_robot_interfaces_s__rosidl_typesupport_introspection_c.so" to ""
[30.626s] -- Installing: /home/mgazzola/ros2_spirob_ws/install/my_robot_interfaces/lib/python3.12/site-packages/my_robot_interfaces/my_robot_interfaces_s__rosidl_typesupport_c.so
[30.630s] -- Set non-toolchain portion of runtime path of "/home/mgazzola/ros2_spirob_ws/install/my_robot_interfaces/lib/python3.12/site-packages/my_robot_interfaces/my_robot_interfaces_s__rosidl_typesupport_c.so" to ""
[30.631s] -- Installing: /home/mgazzola/ros2_spirob_ws/install/my_robot_interfaces/lib/libmy_robot_interfaces__rosidl_generator_py.so
[30.634s] -- Set non-toolchain portion of runtime path of "/home/mgazzola/ros2_spirob_ws/install/my_robot_interfaces/lib/libmy_robot_interfaces__rosidl_generator_py.so" to ""
[30.635s] -- Installing: /home/mgazzola/ros2_spirob_ws/install/my_robot_interfaces/share/my_robot_interfaces/action/RunMotorProfile.idl
[30.636s] -- Installing: /home/mgazzola/ros2_spirob_ws/install/my_robot_interfaces/share/my_robot_interfaces/action/RunMotorProfile.action
[30.638s] -- Installing: /home/mgazzola/ros2_spirob_ws/install/my_robot_interfaces/share/ament_index/resource_index/package_run_dependencies/my_robot_interfaces
[30.640s] -- Installing: /home/mgazzola/ros2_spirob_ws/install/my_robot_interfaces/share/ament_index/resource_index/parent_prefix_path/my_robot_interfaces
[30.641s] -- Installing: /home/mgazzola/ros2_spirob_ws/install/my_robot_interfaces/share/my_robot_interfaces/environment/ament_prefix_path.sh
[30.642s] -- Installing: /home/mgazzola/ros2_spirob_ws/install/my_robot_interfaces/share/my_robot_interfaces/environment/ament_prefix_path.dsv
[30.644s] -- Installing: /home/mgazzola/ros2_spirob_ws/install/my_robot_interfaces/share/my_robot_interfaces/environment/path.sh
[30.645s] -- Installing: /home/mgazzola/ros2_spirob_ws/install/my_robot_interfaces/share/my_robot_interfaces/environment/path.dsv
[30.646s] -- Installing: /home/mgazzola/ros2_spirob_ws/install/my_robot_interfaces/share/my_robot_interfaces/local_setup.bash
[30.648s] -- Installing: /home/mgazzola/ros2_spirob_ws/install/my_robot_interfaces/share/my_robot_interfaces/local_setup.sh
[30.649s] -- Installing: /home/mgazzola/ros2_spirob_ws/install/my_robot_interfaces/share/my_robot_interfaces/local_setup.zsh
[30.650s] -- Installing: /home/mgazzola/ros2_spirob_ws/install/my_robot_interfaces/share/my_robot_interfaces/local_setup.dsv
[30.652s] -- Installing: /home/mgazzola/ros2_spirob_ws/install/my_robot_interfaces/share/my_robot_interfaces/package.dsv
[30.653s] -- Installing: /home/mgazzola/ros2_spirob_ws/install/my_robot_interfaces/share/ament_index/resource_index/packages/my_robot_interfaces
[30.655s] -- Installing: /home/mgazzola/ros2_spirob_ws/install/my_robot_interfaces/share/my_robot_interfaces/cmake/export_my_robot_interfaces__rosidl_generator_cExport.cmake
[30.657s] -- Installing: /home/mgazzola/ros2_spirob_ws/install/my_robot_interfaces/share/my_robot_interfaces/cmake/export_my_robot_interfaces__rosidl_generator_cExport-noconfig.cmake
[30.658s] -- Installing: /home/mgazzola/ros2_spirob_ws/install/my_robot_interfaces/share/my_robot_interfaces/cmake/export_my_robot_interfaces__rosidl_typesupport_fastrtps_cExport.cmake
[30.660s] -- Installing: /home/mgazzola/ros2_spirob_ws/install/my_robot_interfaces/share/my_robot_interfaces/cmake/export_my_robot_interfaces__rosidl_typesupport_fastrtps_cExport-noconfig.cmake
[30.662s] -- Installing: /home/mgazzola/ros2_spirob_ws/install/my_robot_interfaces/share/my_robot_interfaces/cmake/my_robot_interfaces__rosidl_typesupport_introspection_cExport.cmake
[30.663s] -- Installing: /home/mgazzola/ros2_spirob_ws/install/my_robot_interfaces/share/my_robot_interfaces/cmake/my_robot_interfaces__rosidl_typesupport_introspection_cExport-noconfig.cmake
[30.665s] -- Installing: /home/mgazzola/ros2_spirob_ws/install/my_robot_interfaces/share/my_robot_interfaces/cmake/my_robot_interfaces__rosidl_typesupport_cExport.cmake
[30.666s] -- Installing: /home/mgazzola/ros2_spirob_ws/install/my_robot_interfaces/share/my_robot_interfaces/cmake/my_robot_interfaces__rosidl_typesupport_cExport-noconfig.cmake
[30.668s] -- Installing: /home/mgazzola/ros2_spirob_ws/install/my_robot_interfaces/share/my_robot_interfaces/cmake/export_my_robot_interfaces__rosidl_generator_cppExport.cmake
[30.670s] -- Installing: /home/mgazzola/ros2_spirob_ws/install/my_robot_interfaces/share/my_robot_interfaces/cmake/export_my_robot_interfaces__rosidl_typesupport_fastrtps_cppExport.cmake
[30.671s] -- Installing: /home/mgazzola/ros2_spirob_ws/install/my_robot_interfaces/share/my_robot_interfaces/cmake/export_my_robot_interfaces__rosidl_typesupport_fastrtps_cppExport-noconfig.cmake
[30.673s] -- Installing: /home/mgazzola/ros2_spirob_ws/install/my_robot_interfaces/share/my_robot_interfaces/cmake/my_robot_interfaces__rosidl_typesupport_introspection_cppExport.cmake
[30.675s] -- Installing: /home/mgazzola/ros2_spirob_ws/install/my_robot_interfaces/share/my_robot_interfaces/cmake/my_robot_interfaces__rosidl_typesupport_introspection_cppExport-noconfig.cmake
[30.677s] -- Installing: /home/mgazzola/ros2_spirob_ws/install/my_robot_interfaces/share/my_robot_interfaces/cmake/my_robot_interfaces__rosidl_typesupport_cppExport.cmake
[30.679s] -- Installing: /home/mgazzola/ros2_spirob_ws/install/my_robot_interfaces/share/my_robot_interfaces/cmake/my_robot_interfaces__rosidl_typesupport_cppExport-noconfig.cmake
[30.681s] -- Installing: /home/mgazzola/ros2_spirob_ws/install/my_robot_interfaces/share/my_robot_interfaces/cmake/export_my_robot_interfaces__rosidl_generator_pyExport.cmake
[30.682s] -- Installing: /home/mgazzola/ros2_spirob_ws/install/my_robot_interfaces/share/my_robot_interfaces/cmake/export_my_robot_interfaces__rosidl_generator_pyExport-noconfig.cmake
[30.684s] -- Installing: /home/mgazzola/ros2_spirob_ws/install/my_robot_interfaces/share/my_robot_interfaces/cmake/rosidl_cmake-extras.cmake
[30.686s] -- Installing: /home/mgazzola/ros2_spirob_ws/install/my_robot_interfaces/share/my_robot_interfaces/cmake/ament_cmake_export_dependencies-extras.cmake
[30.688s] -- Installing: /home/mgazzola/ros2_spirob_ws/install/my_robot_interfaces/share/my_robot_interfaces/cmake/ament_cmake_export_include_directories-extras.cmake
[30.689s] -- Installing: /home/mgazzola/ros2_spirob_ws/install/my_robot_interfaces/share/my_robot_interfaces/cmake/ament_cmake_export_libraries-extras.cmake
[30.690s] -- Installing: /home/mgazzola/ros2_spirob_ws/install/my_robot_interfaces/share/my_robot_interfaces/cmake/ament_cmake_export_targets-extras.cmake
[30.692s] -- Installing: /home/mgazzola/ros2_spirob_ws/install/my_robot_interfaces/share/my_robot_interfaces/cmake/rosidl_cmake_export_typesupport_targets-extras.cmake
[30.694s] -- Installing: /home/mgazzola/ros2_spirob_ws/install/my_robot_interfaces/share/my_robot_interfaces/cmake/rosidl_cmake_export_typesupport_libraries-extras.cmake
[30.695s] -- Installing: /home/mgazzola/ros2_spirob_ws/install/my_robot_interfaces/share/my_robot_interfaces/cmake/my_robot_interfacesConfig.cmake
[30.697s] -- Installing: /home/mgazzola/ros2_spirob_ws/install/my_robot_interfaces/share/my_robot_interfaces/cmake/my_robot_interfacesConfig-version.cmake
[30.698s] -- Installing: /home/mgazzola/ros2_spirob_ws/install/my_robot_interfaces/share/my_robot_interfaces/package.xml
[30.707s] Invoked command in '/home/mgazzola/ros2_spirob_ws/build/my_robot_interfaces' returned '0': CMAKE_PREFIX_PATH=${CMAKE_PREFIX_PATH}:/opt/ros/kilted DEBUGINFOD_URLS=https://debuginfod.ubuntu.com /usr/bin/cmake --install /home/mgazzola/ros2_spirob_ws/build/my_robot_interfaces
