[5.294s] Invoking command in '/home/mgazzola/ros2_spirob_ws/src/load_cell': DEBUGINFOD_URLS=https://debuginfod.ubuntu.com PS1=(.venv) \[\e]0;\u@\h: \w\a\]${debian_chroot:+($debian_chroot)}\[\033[01;32m\]\u@\h\[\033[00m\]:\[\033[01;34m\]\w\[\033[00m\]\$ PYTHONPATH=/home/mgazzola/ros2_spirob_ws/build/load_cell/prefix_override:/usr/lib/python3/dist-packages/colcon_core/task/python/colcon_distutils_commands:/home/mgazzola/ros2_spirob_ws/install/load_cell/lib/python3.12/site-packages:${PYTHONPATH} VIRTUAL_ENV_PROMPT=(.venv) /usr/bin/python3 -W ignore:setup.py install is deprecated -W ignore:easy_install command is deprecated setup.py egg_info --egg-base ../../build/load_cell build --build-base /home/mgazzola/ros2_spirob_ws/build/load_cell/build install --record /home/mgazzola/ros2_spirob_ws/build/load_cell/install.log --single-version-externally-managed install_data
[6.940s] running egg_info
[7.057s] writing ../../build/load_cell/load_cell.egg-info/PKG-INFO
[7.061s] writing dependency_links to ../../build/load_cell/load_cell.egg-info/dependency_links.txt
[7.063s] writing entry points to ../../build/load_cell/load_cell.egg-info/entry_points.txt
[7.066s] writing requirements to ../../build/load_cell/load_cell.egg-info/requires.txt
[7.066s] writing top-level names to ../../build/load_cell/load_cell.egg-info/top_level.txt
[7.362s] reading manifest file '../../build/load_cell/load_cell.egg-info/SOURCES.txt'
[7.371s] writing manifest file '../../build/load_cell/load_cell.egg-info/SOURCES.txt'
[7.372s] running build
[7.373s] running build_py
[7.374s] copying load_cell/load_publisher_node.py -> /home/mgazzola/ros2_spirob_ws/build/load_cell/build/lib/load_cell
[7.378s] running install
[7.407s] running install_lib
[7.537s] copying /home/mgazzola/ros2_spirob_ws/build/load_cell/build/lib/load_cell/load_publisher_node.py -> /home/mgazzola/ros2_spirob_ws/install/load_cell/lib/python3.12/site-packages/load_cell
[7.540s] byte-compiling /home/mgazzola/ros2_spirob_ws/install/load_cell/lib/python3.12/site-packages/load_cell/load_publisher_node.py to load_publisher_node.cpython-312.pyc
[7.546s] running install_data
[7.547s] running install_egg_info
[7.682s] removing '/home/mgazzola/ros2_spirob_ws/install/load_cell/lib/python3.12/site-packages/load_cell-0.0.0-py3.12.egg-info' (and everything under it)
[7.684s] Copying ../../build/load_cell/load_cell.egg-info to /home/mgazzola/ros2_spirob_ws/install/load_cell/lib/python3.12/site-packages/load_cell-0.0.0-py3.12.egg-info
[7.692s] running install_scripts
[8.601s] Installing load_publisher_node script to /home/mgazzola/ros2_spirob_ws/install/load_cell/lib/load_cell
[8.602s] writing list of installed files to '/home/mgazzola/ros2_spirob_ws/build/load_cell/install.log'
[8.832s] Invoked command in '/home/mgazzola/ros2_spirob_ws/src/load_cell' returned '0': DEBUGINFOD_URLS=https://debuginfod.ubuntu.com PS1=(.venv) \[\e]0;\u@\h: \w\a\]${debian_chroot:+($debian_chroot)}\[\033[01;32m\]\u@\h\[\033[00m\]:\[\033[01;34m\]\w\[\033[00m\]\$ PYTHONPATH=/home/mgazzola/ros2_spirob_ws/build/load_cell/prefix_override:/usr/lib/python3/dist-packages/colcon_core/task/python/colcon_distutils_commands:/home/mgazzola/ros2_spirob_ws/install/load_cell/lib/python3.12/site-packages:${PYTHONPATH} VIRTUAL_ENV_PROMPT=(.venv) /usr/bin/python3 -W ignore:setup.py install is deprecated -W ignore:easy_install command is deprecated setup.py egg_info --egg-base ../../build/load_cell build --build-base /home/mgazzola/ros2_spirob_ws/build/load_cell/build install --record /home/mgazzola/ros2_spirob_ws/build/load_cell/install.log --single-version-externally-managed install_data
