[3.968s] Invoking command in '/home/mgazzola/ros2_spirob_ws/src/action': DEBUGINFOD_URLS=https://debuginfod.ubuntu.com PYTHONPATH=/home/mgazzola/ros2_spirob_ws/build/action/prefix_override:/usr/lib/python3/dist-packages/colcon_core/task/python/colcon_distutils_commands:/home/mgazzola/ros2_spirob_ws/install/action/lib/python3.12/site-packages:${PYTHONPATH} /usr/bin/python3 -W ignore:setup.py install is deprecated -W ignore:easy_install command is deprecated setup.py egg_info --egg-base ../../build/action build --build-base /home/mgazzola/ros2_spirob_ws/build/action/build install --record /home/mgazzola/ros2_spirob_ws/build/action/install.log --single-version-externally-managed install_data
[5.246s] running egg_info
[5.337s] writing ../../build/action/action.egg-info/PKG-INFO
[5.338s] writing dependency_links to ../../build/action/action.egg-info/dependency_links.txt
[5.341s] writing entry points to ../../build/action/action.egg-info/entry_points.txt
[5.343s] writing requirements to ../../build/action/action.egg-info/requires.txt
[5.344s] writing top-level names to ../../build/action/action.egg-info/top_level.txt
[5.531s] reading manifest file '../../build/action/action.egg-info/SOURCES.txt'
[5.535s] writing manifest file '../../build/action/action.egg-info/SOURCES.txt'
[5.535s] running build
[5.536s] running build_py
[5.537s] copying action/motor_cmd_action.py -> /home/mgazzola/ros2_spirob_ws/build/action/build/lib/action
[5.538s] running install
[5.565s] running install_lib
[5.659s] copying /home/mgazzola/ros2_spirob_ws/build/action/build/lib/action/motor_cmd_action.py -> /home/mgazzola/ros2_spirob_ws/install/action/lib/python3.12/site-packages/action
[5.662s] byte-compiling /home/mgazzola/ros2_spirob_ws/install/action/lib/python3.12/site-packages/action/motor_cmd_action.py to motor_cmd_action.cpython-312.pyc
[5.664s] running install_data
[5.665s] running install_egg_info
[5.764s] removing '/home/mgazzola/ros2_spirob_ws/install/action/lib/python3.12/site-packages/action-0.0.0-py3.12.egg-info' (and everything under it)
[5.766s] Copying ../../build/action/action.egg-info to /home/mgazzola/ros2_spirob_ws/install/action/lib/python3.12/site-packages/action-0.0.0-py3.12.egg-info
[5.771s] running install_scripts
[6.466s] Installing motor_cmd_action script to /home/mgazzola/ros2_spirob_ws/install/action/lib/action
[6.467s] writing list of installed files to '/home/mgazzola/ros2_spirob_ws/build/action/install.log'
[6.615s] Invoked command in '/home/mgazzola/ros2_spirob_ws/src/action' returned '0': DEBUGINFOD_URLS=https://debuginfod.ubuntu.com PYTHONPATH=/home/mgazzola/ros2_spirob_ws/build/action/prefix_override:/usr/lib/python3/dist-packages/colcon_core/task/python/colcon_distutils_commands:/home/mgazzola/ros2_spirob_ws/install/action/lib/python3.12/site-packages:${PYTHONPATH} /usr/bin/python3 -W ignore:setup.py install is deprecated -W ignore:easy_install command is deprecated setup.py egg_info --egg-base ../../build/action build --build-base /home/mgazzola/ros2_spirob_ws/build/action/build install --record /home/mgazzola/ros2_spirob_ws/build/action/install.log --single-version-externally-managed install_data
