[0.480s] DEBUG:colcon:Command line arguments: ['/usr/bin/colcon', 'build', '--packages-select', 'motor_driver']
[0.480s] DEBUG:colcon:Parsed command line arguments: Namespace(log_base=None, log_level=None, verb_name='build', build_base='build', install_base='install', merge_install=False, symlink_install=False, test_result_base=None, continue_on_error=False, executor='parallel', parallel_workers=4, event_handlers=None, ignore_user_meta=False, metas=['./colcon.meta'], base_paths=['.'], packages_ignore=None, packages_ignore_regex=None, paths=None, packages_up_to=None, packages_up_to_regex=None, packages_above=None, packages_above_and_dependencies=None, packages_above_depth=None, packages_select_by_dep=None, packages_skip_by_dep=None, packages_skip_up_to=None, packages_select_build_failed=False, packages_skip_build_finished=False, packages_select_test_failures=False, packages_skip_test_passed=False, packages_select=['motor_driver'], packages_skip=None, packages_select_regex=None, packages_skip_regex=None, packages_start=None, packages_end=None, allow_overriding=[], cmake_args=None, cmake_target=None, cmake_target_skip_unavailable=False, cmake_clean_cache=False, cmake_clean_first=False, cmake_force_configure=False, ament_cmake_args=None, catkin_cmake_args=None, catkin_skip_building_tests=False, mixin_files=None, mixin=None, verb_parser=<colcon_mixin.mixin.mixin_argument.MixinArgumentDecorator object at 0xffff9d477bc0>, verb_extension=<colcon_core.verb.build.BuildVerb object at 0xffff9d664f80>, main=<bound method BuildVerb.main of <colcon_core.verb.build.BuildVerb object at 0xffff9d664f80>>, mixin_verb=('build',))
[0.656s] Level 1:colcon.colcon_core.package_discovery:discover_packages(colcon_meta) check parameters
[0.657s] Level 1:colcon.colcon_core.package_discovery:discover_packages(recursive) check parameters
[0.657s] Level 1:colcon.colcon_core.package_discovery:discover_packages(ignore) check parameters
[0.657s] Level 1:colcon.colcon_core.package_discovery:discover_packages(path) check parameters
[0.657s] Level 1:colcon.colcon_core.package_discovery:discover_packages(colcon_meta) discover
[0.657s] Level 1:colcon.colcon_core.package_discovery:discover_packages(recursive) discover
[0.658s] INFO:colcon.colcon_core.package_discovery:Crawling recursively for packages in '/home/mgazzola/ros2_spirob_ws'
[0.658s] Level 1:colcon.colcon_core.package_identification:_identify(.) by extensions ['ignore', 'ignore_ament_install']
[0.658s] Level 1:colcon.colcon_core.package_identification:_identify(.) by extension 'ignore'
[0.659s] Level 1:colcon.colcon_core.package_identification:_identify(.) by extension 'ignore_ament_install'
[0.659s] Level 1:colcon.colcon_core.package_identification:_identify(.) by extensions ['colcon_pkg']
[0.659s] Level 1:colcon.colcon_core.package_identification:_identify(.) by extension 'colcon_pkg'
[0.659s] Level 1:colcon.colcon_core.package_identification:_identify(.) by extensions ['colcon_meta']
[0.659s] Level 1:colcon.colcon_core.package_identification:_identify(.) by extension 'colcon_meta'
[0.660s] Level 1:colcon.colcon_core.package_identification:_identify(.) by extensions ['ros']
[0.660s] Level 1:colcon.colcon_core.package_identification:_identify(.) by extension 'ros'
[0.776s] Level 1:colcon.colcon_core.package_identification:_identify(.) by extensions ['cmake', 'python']
[0.776s] Level 1:colcon.colcon_core.package_identification:_identify(.) by extension 'cmake'
[0.776s] Level 1:colcon.colcon_core.package_identification:_identify(.) by extension 'python'
[0.776s] Level 1:colcon.colcon_core.package_identification:_identify(.) by extensions ['python_setup_py']
[0.777s] Level 1:colcon.colcon_core.package_identification:_identify(.) by extension 'python_setup_py'
[0.777s] Level 1:colcon.colcon_core.package_identification:_identify(build) by extensions ['ignore', 'ignore_ament_install']
[0.778s] Level 1:colcon.colcon_core.package_identification:_identify(build) by extension 'ignore'
[0.778s] Level 1:colcon.colcon_core.package_identification:_identify(build) ignored
[0.778s] Level 1:colcon.colcon_core.package_identification:_identify(exp_ws) by extensions ['ignore', 'ignore_ament_install']
[0.779s] Level 1:colcon.colcon_core.package_identification:_identify(exp_ws) by extension 'ignore'
[0.779s] Level 1:colcon.colcon_core.package_identification:_identify(exp_ws) by extension 'ignore_ament_install'
[0.779s] Level 1:colcon.colcon_core.package_identification:_identify(exp_ws) by extensions ['colcon_pkg']
[0.780s] Level 1:colcon.colcon_core.package_identification:_identify(exp_ws) by extension 'colcon_pkg'
[0.780s] Level 1:colcon.colcon_core.package_identification:_identify(exp_ws) by extensions ['colcon_meta']
[0.780s] Level 1:colcon.colcon_core.package_identification:_identify(exp_ws) by extension 'colcon_meta'
[0.780s] Level 1:colcon.colcon_core.package_identification:_identify(exp_ws) by extensions ['ros']
[0.780s] Level 1:colcon.colcon_core.package_identification:_identify(exp_ws) by extension 'ros'
[0.780s] Level 1:colcon.colcon_core.package_identification:_identify(exp_ws) by extensions ['cmake', 'python']
[0.781s] Level 1:colcon.colcon_core.package_identification:_identify(exp_ws) by extension 'cmake'
[0.781s] Level 1:colcon.colcon_core.package_identification:_identify(exp_ws) by extension 'python'
[0.781s] Level 1:colcon.colcon_core.package_identification:_identify(exp_ws) by extensions ['python_setup_py']
[0.781s] Level 1:colcon.colcon_core.package_identification:_identify(exp_ws) by extension 'python_setup_py'
[0.782s] Level 1:colcon.colcon_core.package_identification:_identify(exp_ws/bags) by extensions ['ignore', 'ignore_ament_install']
[0.782s] Level 1:colcon.colcon_core.package_identification:_identify(exp_ws/bags) by extension 'ignore'
[0.782s] Level 1:colcon.colcon_core.package_identification:_identify(exp_ws/bags) by extension 'ignore_ament_install'
[0.782s] Level 1:colcon.colcon_core.package_identification:_identify(exp_ws/bags) by extensions ['colcon_pkg']
[0.783s] Level 1:colcon.colcon_core.package_identification:_identify(exp_ws/bags) by extension 'colcon_pkg'
[0.783s] Level 1:colcon.colcon_core.package_identification:_identify(exp_ws/bags) by extensions ['colcon_meta']
[0.783s] Level 1:colcon.colcon_core.package_identification:_identify(exp_ws/bags) by extension 'colcon_meta'
[0.783s] Level 1:colcon.colcon_core.package_identification:_identify(exp_ws/bags) by extensions ['ros']
[0.783s] Level 1:colcon.colcon_core.package_identification:_identify(exp_ws/bags) by extension 'ros'
[0.784s] Level 1:colcon.colcon_core.package_identification:_identify(exp_ws/bags) by extensions ['cmake', 'python']
[0.784s] Level 1:colcon.colcon_core.package_identification:_identify(exp_ws/bags) by extension 'cmake'
[0.784s] Level 1:colcon.colcon_core.package_identification:_identify(exp_ws/bags) by extension 'python'
[0.784s] Level 1:colcon.colcon_core.package_identification:_identify(exp_ws/bags) by extensions ['python_setup_py']
[0.784s] Level 1:colcon.colcon_core.package_identification:_identify(exp_ws/bags) by extension 'python_setup_py'
[0.785s] Level 1:colcon.colcon_core.package_identification:_identify(exp_ws/bags/ROS_BAG_working_2026-01-04_13-14-24) by extensions ['ignore', 'ignore_ament_install']
[0.785s] Level 1:colcon.colcon_core.package_identification:_identify(exp_ws/bags/ROS_BAG_working_2026-01-04_13-14-24) by extension 'ignore'
[0.785s] Level 1:colcon.colcon_core.package_identification:_identify(exp_ws/bags/ROS_BAG_working_2026-01-04_13-14-24) by extension 'ignore_ament_install'
[0.786s] Level 1:colcon.colcon_core.package_identification:_identify(exp_ws/bags/ROS_BAG_working_2026-01-04_13-14-24) by extensions ['colcon_pkg']
[0.786s] Level 1:colcon.colcon_core.package_identification:_identify(exp_ws/bags/ROS_BAG_working_2026-01-04_13-14-24) by extension 'colcon_pkg'
[0.786s] Level 1:colcon.colcon_core.package_identification:_identify(exp_ws/bags/ROS_BAG_working_2026-01-04_13-14-24) by extensions ['colcon_meta']
[0.786s] Level 1:colcon.colcon_core.package_identification:_identify(exp_ws/bags/ROS_BAG_working_2026-01-04_13-14-24) by extension 'colcon_meta'
[0.787s] Level 1:colcon.colcon_core.package_identification:_identify(exp_ws/bags/ROS_BAG_working_2026-01-04_13-14-24) by extensions ['ros']
[0.787s] Level 1:colcon.colcon_core.package_identification:_identify(exp_ws/bags/ROS_BAG_working_2026-01-04_13-14-24) by extension 'ros'
[0.787s] Level 1:colcon.colcon_core.package_identification:_identify(exp_ws/bags/ROS_BAG_working_2026-01-04_13-14-24) by extensions ['cmake', 'python']
[0.788s] Level 1:colcon.colcon_core.package_identification:_identify(exp_ws/bags/ROS_BAG_working_2026-01-04_13-14-24) by extension 'cmake'
[0.788s] Level 1:colcon.colcon_core.package_identification:_identify(exp_ws/bags/ROS_BAG_working_2026-01-04_13-14-24) by extension 'python'
[0.788s] Level 1:colcon.colcon_core.package_identification:_identify(exp_ws/bags/ROS_BAG_working_2026-01-04_13-14-24) by extensions ['python_setup_py']
[0.788s] Level 1:colcon.colcon_core.package_identification:_identify(exp_ws/bags/ROS_BAG_working_2026-01-04_13-14-24) by extension 'python_setup_py'
[0.789s] Level 1:colcon.colcon_core.package_identification:_identify(exp_ws/bags/ROS_BAG_working_2026-01-04_13-23-13) by extensions ['ignore', 'ignore_ament_install']
[0.790s] Level 1:colcon.colcon_core.package_identification:_identify(exp_ws/bags/ROS_BAG_working_2026-01-04_13-23-13) by extension 'ignore'
[0.790s] Level 1:colcon.colcon_core.package_identification:_identify(exp_ws/bags/ROS_BAG_working_2026-01-04_13-23-13) by extension 'ignore_ament_install'
[0.790s] Level 1:colcon.colcon_core.package_identification:_identify(exp_ws/bags/ROS_BAG_working_2026-01-04_13-23-13) by extensions ['colcon_pkg']
[0.790s] Level 1:colcon.colcon_core.package_identification:_identify(exp_ws/bags/ROS_BAG_working_2026-01-04_13-23-13) by extension 'colcon_pkg'
[0.790s] Level 1:colcon.colcon_core.package_identification:_identify(exp_ws/bags/ROS_BAG_working_2026-01-04_13-23-13) by extensions ['colcon_meta']
[0.791s] Level 1:colcon.colcon_core.package_identification:_identify(exp_ws/bags/ROS_BAG_working_2026-01-04_13-23-13) by extension 'colcon_meta'
[0.791s] Level 1:colcon.colcon_core.package_identification:_identify(exp_ws/bags/ROS_BAG_working_2026-01-04_13-23-13) by extensions ['ros']
[0.791s] Level 1:colcon.colcon_core.package_identification:_identify(exp_ws/bags/ROS_BAG_working_2026-01-04_13-23-13) by extension 'ros'
[0.791s] Level 1:colcon.colcon_core.package_identification:_identify(exp_ws/bags/ROS_BAG_working_2026-01-04_13-23-13) by extensions ['cmake', 'python']
[0.791s] Level 1:colcon.colcon_core.package_identification:_identify(exp_ws/bags/ROS_BAG_working_2026-01-04_13-23-13) by extension 'cmake'
[0.792s] Level 1:colcon.colcon_core.package_identification:_identify(exp_ws/bags/ROS_BAG_working_2026-01-04_13-23-13) by extension 'python'
[0.792s] Level 1:colcon.colcon_core.package_identification:_identify(exp_ws/bags/ROS_BAG_working_2026-01-04_13-23-13) by extensions ['python_setup_py']
[0.792s] Level 1:colcon.colcon_core.package_identification:_identify(exp_ws/bags/ROS_BAG_working_2026-01-04_13-23-13) by extension 'python_setup_py'
[0.792s] Level 1:colcon.colcon_core.package_identification:_identify(exp_ws/bags/ROS_BAG_working_2026-01-04_13-31-57) by extensions ['ignore', 'ignore_ament_install']
[0.793s] Level 1:colcon.colcon_core.package_identification:_identify(exp_ws/bags/ROS_BAG_working_2026-01-04_13-31-57) by extension 'ignore'
[0.793s] Level 1:colcon.colcon_core.package_identification:_identify(exp_ws/bags/ROS_BAG_working_2026-01-04_13-31-57) by extension 'ignore_ament_install'
[0.793s] Level 1:colcon.colcon_core.package_identification:_identify(exp_ws/bags/ROS_BAG_working_2026-01-04_13-31-57) by extensions ['colcon_pkg']
[0.794s] Level 1:colcon.colcon_core.package_identification:_identify(exp_ws/bags/ROS_BAG_working_2026-01-04_13-31-57) by extension 'colcon_pkg'
[0.794s] Level 1:colcon.colcon_core.package_identification:_identify(exp_ws/bags/ROS_BAG_working_2026-01-04_13-31-57) by extensions ['colcon_meta']
[0.794s] Level 1:colcon.colcon_core.package_identification:_identify(exp_ws/bags/ROS_BAG_working_2026-01-04_13-31-57) by extension 'colcon_meta'
[0.794s] Level 1:colcon.colcon_core.package_identification:_identify(exp_ws/bags/ROS_BAG_working_2026-01-04_13-31-57) by extensions ['ros']
[0.794s] Level 1:colcon.colcon_core.package_identification:_identify(exp_ws/bags/ROS_BAG_working_2026-01-04_13-31-57) by extension 'ros'
[0.795s] Level 1:colcon.colcon_core.package_identification:_identify(exp_ws/bags/ROS_BAG_working_2026-01-04_13-31-57) by extensions ['cmake', 'python']
[0.795s] Level 1:colcon.colcon_core.package_identification:_identify(exp_ws/bags/ROS_BAG_working_2026-01-04_13-31-57) by extension 'cmake'
[0.795s] Level 1:colcon.colcon_core.package_identification:_identify(exp_ws/bags/ROS_BAG_working_2026-01-04_13-31-57) by extension 'python'
[0.795s] Level 1:colcon.colcon_core.package_identification:_identify(exp_ws/bags/ROS_BAG_working_2026-01-04_13-31-57) by extensions ['python_setup_py']
[0.795s] Level 1:colcon.colcon_core.package_identification:_identify(exp_ws/bags/ROS_BAG_working_2026-01-04_13-31-57) by extension 'python_setup_py'
[0.796s] Level 1:colcon.colcon_core.package_identification:_identify(exp_ws/bags/ROS_BAG_working_2026-01-04_13-38-45) by extensions ['ignore', 'ignore_ament_install']
[0.796s] Level 1:colcon.colcon_core.package_identification:_identify(exp_ws/bags/ROS_BAG_working_2026-01-04_13-38-45) by extension 'ignore'
[0.796s] Level 1:colcon.colcon_core.package_identification:_identify(exp_ws/bags/ROS_BAG_working_2026-01-04_13-38-45) by extension 'ignore_ament_install'
[0.797s] Level 1:colcon.colcon_core.package_identification:_identify(exp_ws/bags/ROS_BAG_working_2026-01-04_13-38-45) by extensions ['colcon_pkg']
[0.797s] Level 1:colcon.colcon_core.package_identification:_identify(exp_ws/bags/ROS_BAG_working_2026-01-04_13-38-45) by extension 'colcon_pkg'
[0.797s] Level 1:colcon.colcon_core.package_identification:_identify(exp_ws/bags/ROS_BAG_working_2026-01-04_13-38-45) by extensions ['colcon_meta']
[0.797s] Level 1:colcon.colcon_core.package_identification:_identify(exp_ws/bags/ROS_BAG_working_2026-01-04_13-38-45) by extension 'colcon_meta'
[0.797s] Level 1:colcon.colcon_core.package_identification:_identify(exp_ws/bags/ROS_BAG_working_2026-01-04_13-38-45) by extensions ['ros']
[0.797s] Level 1:colcon.colcon_core.package_identification:_identify(exp_ws/bags/ROS_BAG_working_2026-01-04_13-38-45) by extension 'ros'
[0.798s] Level 1:colcon.colcon_core.package_identification:_identify(exp_ws/bags/ROS_BAG_working_2026-01-04_13-38-45) by extensions ['cmake', 'python']
[0.798s] Level 1:colcon.colcon_core.package_identification:_identify(exp_ws/bags/ROS_BAG_working_2026-01-04_13-38-45) by extension 'cmake'
[0.798s] Level 1:colcon.colcon_core.package_identification:_identify(exp_ws/bags/ROS_BAG_working_2026-01-04_13-38-45) by extension 'python'
[0.798s] Level 1:colcon.colcon_core.package_identification:_identify(exp_ws/bags/ROS_BAG_working_2026-01-04_13-38-45) by extensions ['python_setup_py']
[0.798s] Level 1:colcon.colcon_core.package_identification:_identify(exp_ws/bags/ROS_BAG_working_2026-01-04_13-38-45) by extension 'python_setup_py'
[0.799s] Level 1:colcon.colcon_core.package_identification:_identify(exp_ws/bags/ROS_BAG_working_2026-01-04_13-46-17) by extensions ['ignore', 'ignore_ament_install']
[0.799s] Level 1:colcon.colcon_core.package_identification:_identify(exp_ws/bags/ROS_BAG_working_2026-01-04_13-46-17) by extension 'ignore'
[0.799s] Level 1:colcon.colcon_core.package_identification:_identify(exp_ws/bags/ROS_BAG_working_2026-01-04_13-46-17) by extension 'ignore_ament_install'
[0.800s] Level 1:colcon.colcon_core.package_identification:_identify(exp_ws/bags/ROS_BAG_working_2026-01-04_13-46-17) by extensions ['colcon_pkg']
[0.800s] Level 1:colcon.colcon_core.package_identification:_identify(exp_ws/bags/ROS_BAG_working_2026-01-04_13-46-17) by extension 'colcon_pkg'
[0.800s] Level 1:colcon.colcon_core.package_identification:_identify(exp_ws/bags/ROS_BAG_working_2026-01-04_13-46-17) by extensions ['colcon_meta']
[0.800s] Level 1:colcon.colcon_core.package_identification:_identify(exp_ws/bags/ROS_BAG_working_2026-01-04_13-46-17) by extension 'colcon_meta'
[0.800s] Level 1:colcon.colcon_core.package_identification:_identify(exp_ws/bags/ROS_BAG_working_2026-01-04_13-46-17) by extensions ['ros']
[0.801s] Level 1:colcon.colcon_core.package_identification:_identify(exp_ws/bags/ROS_BAG_working_2026-01-04_13-46-17) by extension 'ros'
[0.801s] Level 1:colcon.colcon_core.package_identification:_identify(exp_ws/bags/ROS_BAG_working_2026-01-04_13-46-17) by extensions ['cmake', 'python']
[0.801s] Level 1:colcon.colcon_core.package_identification:_identify(exp_ws/bags/ROS_BAG_working_2026-01-04_13-46-17) by extension 'cmake'
[0.801s] Level 1:colcon.colcon_core.package_identification:_identify(exp_ws/bags/ROS_BAG_working_2026-01-04_13-46-17) by extension 'python'
[0.802s] Level 1:colcon.colcon_core.package_identification:_identify(exp_ws/bags/ROS_BAG_working_2026-01-04_13-46-17) by extensions ['python_setup_py']
[0.802s] Level 1:colcon.colcon_core.package_identification:_identify(exp_ws/bags/ROS_BAG_working_2026-01-04_13-46-17) by extension 'python_setup_py'
[0.803s] Level 1:colcon.colcon_core.package_identification:_identify(exp_ws/bags/ROS_BAG_working_2026-01-04_13-51-46) by extensions ['ignore', 'ignore_ament_install']
[0.803s] Level 1:colcon.colcon_core.package_identification:_identify(exp_ws/bags/ROS_BAG_working_2026-01-04_13-51-46) by extension 'ignore'
[0.804s] Level 1:colcon.colcon_core.package_identification:_identify(exp_ws/bags/ROS_BAG_working_2026-01-04_13-51-46) by extension 'ignore_ament_install'
[0.804s] Level 1:colcon.colcon_core.package_identification:_identify(exp_ws/bags/ROS_BAG_working_2026-01-04_13-51-46) by extensions ['colcon_pkg']
[0.804s] Level 1:colcon.colcon_core.package_identification:_identify(exp_ws/bags/ROS_BAG_working_2026-01-04_13-51-46) by extension 'colcon_pkg'
[0.804s] Level 1:colcon.colcon_core.package_identification:_identify(exp_ws/bags/ROS_BAG_working_2026-01-04_13-51-46) by extensions ['colcon_meta']
[0.805s] Level 1:colcon.colcon_core.package_identification:_identify(exp_ws/bags/ROS_BAG_working_2026-01-04_13-51-46) by extension 'colcon_meta'
[0.805s] Level 1:colcon.colcon_core.package_identification:_identify(exp_ws/bags/ROS_BAG_working_2026-01-04_13-51-46) by extensions ['ros']
[0.805s] Level 1:colcon.colcon_core.package_identification:_identify(exp_ws/bags/ROS_BAG_working_2026-01-04_13-51-46) by extension 'ros'
[0.806s] Level 1:colcon.colcon_core.package_identification:_identify(exp_ws/bags/ROS_BAG_working_2026-01-04_13-51-46) by extensions ['cmake', 'python']
[0.806s] Level 1:colcon.colcon_core.package_identification:_identify(exp_ws/bags/ROS_BAG_working_2026-01-04_13-51-46) by extension 'cmake'
[0.806s] Level 1:colcon.colcon_core.package_identification:_identify(exp_ws/bags/ROS_BAG_working_2026-01-04_13-51-46) by extension 'python'
[0.806s] Level 1:colcon.colcon_core.package_identification:_identify(exp_ws/bags/ROS_BAG_working_2026-01-04_13-51-46) by extensions ['python_setup_py']
[0.806s] Level 1:colcon.colcon_core.package_identification:_identify(exp_ws/bags/ROS_BAG_working_2026-01-04_13-51-46) by extension 'python_setup_py'
[0.807s] Level 1:colcon.colcon_core.package_identification:_identify(exp_ws/csv) by extensions ['ignore', 'ignore_ament_install']
[0.807s] Level 1:colcon.colcon_core.package_identification:_identify(exp_ws/csv) by extension 'ignore'
[0.807s] Level 1:colcon.colcon_core.package_identification:_identify(exp_ws/csv) by extension 'ignore_ament_install'
[0.808s] Level 1:colcon.colcon_core.package_identification:_identify(exp_ws/csv) by extensions ['colcon_pkg']
[0.808s] Level 1:colcon.colcon_core.package_identification:_identify(exp_ws/csv) by extension 'colcon_pkg'
[0.808s] Level 1:colcon.colcon_core.package_identification:_identify(exp_ws/csv) by extensions ['colcon_meta']
[0.808s] Level 1:colcon.colcon_core.package_identification:_identify(exp_ws/csv) by extension 'colcon_meta'
[0.808s] Level 1:colcon.colcon_core.package_identification:_identify(exp_ws/csv) by extensions ['ros']
[0.808s] Level 1:colcon.colcon_core.package_identification:_identify(exp_ws/csv) by extension 'ros'
[0.809s] Level 1:colcon.colcon_core.package_identification:_identify(exp_ws/csv) by extensions ['cmake', 'python']
[0.809s] Level 1:colcon.colcon_core.package_identification:_identify(exp_ws/csv) by extension 'cmake'
[0.809s] Level 1:colcon.colcon_core.package_identification:_identify(exp_ws/csv) by extension 'python'
[0.809s] Level 1:colcon.colcon_core.package_identification:_identify(exp_ws/csv) by extensions ['python_setup_py']
[0.809s] Level 1:colcon.colcon_core.package_identification:_identify(exp_ws/csv) by extension 'python_setup_py'
[0.810s] Level 1:colcon.colcon_core.package_identification:_identify(exp_ws/src) by extensions ['ignore', 'ignore_ament_install']
[0.810s] Level 1:colcon.colcon_core.package_identification:_identify(exp_ws/src) by extension 'ignore'
[0.810s] Level 1:colcon.colcon_core.package_identification:_identify(exp_ws/src) by extension 'ignore_ament_install'
[0.811s] Level 1:colcon.colcon_core.package_identification:_identify(exp_ws/src) by extensions ['colcon_pkg']
[0.811s] Level 1:colcon.colcon_core.package_identification:_identify(exp_ws/src) by extension 'colcon_pkg'
[0.811s] Level 1:colcon.colcon_core.package_identification:_identify(exp_ws/src) by extensions ['colcon_meta']
[0.811s] Level 1:colcon.colcon_core.package_identification:_identify(exp_ws/src) by extension 'colcon_meta'
[0.811s] Level 1:colcon.colcon_core.package_identification:_identify(exp_ws/src) by extensions ['ros']
[0.811s] Level 1:colcon.colcon_core.package_identification:_identify(exp_ws/src) by extension 'ros'
[0.812s] Level 1:colcon.colcon_core.package_identification:_identify(exp_ws/src) by extensions ['cmake', 'python']
[0.812s] Level 1:colcon.colcon_core.package_identification:_identify(exp_ws/src) by extension 'cmake'
[0.812s] Level 1:colcon.colcon_core.package_identification:_identify(exp_ws/src) by extension 'python'
[0.812s] Level 1:colcon.colcon_core.package_identification:_identify(exp_ws/src) by extensions ['python_setup_py']
[0.812s] Level 1:colcon.colcon_core.package_identification:_identify(exp_ws/src) by extension 'python_setup_py'
[0.813s] Level 1:colcon.colcon_core.package_identification:_identify(exp_ws/src/__pycache__) by extensions ['ignore', 'ignore_ament_install']
[0.813s] Level 1:colcon.colcon_core.package_identification:_identify(exp_ws/src/__pycache__) by extension 'ignore'
[0.813s] Level 1:colcon.colcon_core.package_identification:_identify(exp_ws/src/__pycache__) by extension 'ignore_ament_install'
[0.814s] Level 1:colcon.colcon_core.package_identification:_identify(exp_ws/src/__pycache__) by extensions ['colcon_pkg']
[0.814s] Level 1:colcon.colcon_core.package_identification:_identify(exp_ws/src/__pycache__) by extension 'colcon_pkg'
[0.814s] Level 1:colcon.colcon_core.package_identification:_identify(exp_ws/src/__pycache__) by extensions ['colcon_meta']
[0.814s] Level 1:colcon.colcon_core.package_identification:_identify(exp_ws/src/__pycache__) by extension 'colcon_meta'
[0.814s] Level 1:colcon.colcon_core.package_identification:_identify(exp_ws/src/__pycache__) by extensions ['ros']
[0.814s] Level 1:colcon.colcon_core.package_identification:_identify(exp_ws/src/__pycache__) by extension 'ros'
[0.815s] Level 1:colcon.colcon_core.package_identification:_identify(exp_ws/src/__pycache__) by extensions ['cmake', 'python']
[0.815s] Level 1:colcon.colcon_core.package_identification:_identify(exp_ws/src/__pycache__) by extension 'cmake'
[0.815s] Level 1:colcon.colcon_core.package_identification:_identify(exp_ws/src/__pycache__) by extension 'python'
[0.815s] Level 1:colcon.colcon_core.package_identification:_identify(exp_ws/src/__pycache__) by extensions ['python_setup_py']
[0.815s] Level 1:colcon.colcon_core.package_identification:_identify(exp_ws/src/__pycache__) by extension 'python_setup_py'
[0.816s] Level 1:colcon.colcon_core.package_identification:_identify(install) by extensions ['ignore', 'ignore_ament_install']
[0.816s] Level 1:colcon.colcon_core.package_identification:_identify(install) by extension 'ignore'
[0.816s] Level 1:colcon.colcon_core.package_identification:_identify(install) ignored
[0.818s] Level 1:colcon.colcon_core.package_identification:_identify(log) by extensions ['ignore', 'ignore_ament_install']
[0.818s] Level 1:colcon.colcon_core.package_identification:_identify(log) by extension 'ignore'
[0.818s] Level 1:colcon.colcon_core.package_identification:_identify(log) ignored
[0.819s] Level 1:colcon.colcon_core.package_identification:_identify(recorded_frames) by extensions ['ignore', 'ignore_ament_install']
[0.819s] Level 1:colcon.colcon_core.package_identification:_identify(recorded_frames) by extension 'ignore'
[0.819s] Level 1:colcon.colcon_core.package_identification:_identify(recorded_frames) by extension 'ignore_ament_install'
[0.820s] Level 1:colcon.colcon_core.package_identification:_identify(recorded_frames) by extensions ['colcon_pkg']
[0.820s] Level 1:colcon.colcon_core.package_identification:_identify(recorded_frames) by extension 'colcon_pkg'
[0.820s] Level 1:colcon.colcon_core.package_identification:_identify(recorded_frames) by extensions ['colcon_meta']
[0.820s] Level 1:colcon.colcon_core.package_identification:_identify(recorded_frames) by extension 'colcon_meta'
[0.820s] Level 1:colcon.colcon_core.package_identification:_identify(recorded_frames) by extensions ['ros']
[0.820s] Level 1:colcon.colcon_core.package_identification:_identify(recorded_frames) by extension 'ros'
[0.821s] Level 1:colcon.colcon_core.package_identification:_identify(recorded_frames) by extensions ['cmake', 'python']
[0.821s] Level 1:colcon.colcon_core.package_identification:_identify(recorded_frames) by extension 'cmake'
[0.821s] Level 1:colcon.colcon_core.package_identification:_identify(recorded_frames) by extension 'python'
[0.821s] Level 1:colcon.colcon_core.package_identification:_identify(recorded_frames) by extensions ['python_setup_py']
[0.821s] Level 1:colcon.colcon_core.package_identification:_identify(recorded_frames) by extension 'python_setup_py'
[0.822s] Level 1:colcon.colcon_core.package_identification:_identify(src) by extensions ['ignore', 'ignore_ament_install']
[0.822s] Level 1:colcon.colcon_core.package_identification:_identify(src) by extension 'ignore'
[0.822s] Level 1:colcon.colcon_core.package_identification:_identify(src) by extension 'ignore_ament_install'
[0.823s] Level 1:colcon.colcon_core.package_identification:_identify(src) by extensions ['colcon_pkg']
[0.823s] Level 1:colcon.colcon_core.package_identification:_identify(src) by extension 'colcon_pkg'
[0.823s] Level 1:colcon.colcon_core.package_identification:_identify(src) by extensions ['colcon_meta']
[0.823s] Level 1:colcon.colcon_core.package_identification:_identify(src) by extension 'colcon_meta'
[0.823s] Level 1:colcon.colcon_core.package_identification:_identify(src) by extensions ['ros']
[0.823s] Level 1:colcon.colcon_core.package_identification:_identify(src) by extension 'ros'
[0.824s] Level 1:colcon.colcon_core.package_identification:_identify(src) by extensions ['cmake', 'python']
[0.824s] Level 1:colcon.colcon_core.package_identification:_identify(src) by extension 'cmake'
[0.824s] Level 1:colcon.colcon_core.package_identification:_identify(src) by extension 'python'
[0.824s] Level 1:colcon.colcon_core.package_identification:_identify(src) by extensions ['python_setup_py']
[0.824s] Level 1:colcon.colcon_core.package_identification:_identify(src) by extension 'python_setup_py'
[0.825s] Level 1:colcon.colcon_core.package_identification:_identify(src/controller) by extensions ['ignore', 'ignore_ament_install']
[0.825s] Level 1:colcon.colcon_core.package_identification:_identify(src/controller) by extension 'ignore'
[0.825s] Level 1:colcon.colcon_core.package_identification:_identify(src/controller) by extension 'ignore_ament_install'
[0.826s] Level 1:colcon.colcon_core.package_identification:_identify(src/controller) by extensions ['colcon_pkg']
[0.826s] Level 1:colcon.colcon_core.package_identification:_identify(src/controller) by extension 'colcon_pkg'
[0.826s] Level 1:colcon.colcon_core.package_identification:_identify(src/controller) by extensions ['colcon_meta']
[0.826s] Level 1:colcon.colcon_core.package_identification:_identify(src/controller) by extension 'colcon_meta'
[0.826s] Level 1:colcon.colcon_core.package_identification:_identify(src/controller) by extensions ['ros']
[0.826s] Level 1:colcon.colcon_core.package_identification:_identify(src/controller) by extension 'ros'
[0.839s] DEBUG:colcon.colcon_core.package_identification:Package 'src/controller' with type 'ros.ament_python' and name 'controller'
[0.840s] Level 1:colcon.colcon_core.package_identification:_identify(src/joysticker) by extensions ['ignore', 'ignore_ament_install']
[0.840s] Level 1:colcon.colcon_core.package_identification:_identify(src/joysticker) by extension 'ignore'
[0.841s] Level 1:colcon.colcon_core.package_identification:_identify(src/joysticker) by extension 'ignore_ament_install'
[0.841s] Level 1:colcon.colcon_core.package_identification:_identify(src/joysticker) by extensions ['colcon_pkg']
[0.841s] Level 1:colcon.colcon_core.package_identification:_identify(src/joysticker) by extension 'colcon_pkg'
[0.841s] Level 1:colcon.colcon_core.package_identification:_identify(src/joysticker) by extensions ['colcon_meta']
[0.841s] Level 1:colcon.colcon_core.package_identification:_identify(src/joysticker) by extension 'colcon_meta'
[0.841s] Level 1:colcon.colcon_core.package_identification:_identify(src/joysticker) by extensions ['ros']
[0.842s] Level 1:colcon.colcon_core.package_identification:_identify(src/joysticker) by extension 'ros'
[0.843s] DEBUG:colcon.colcon_core.package_identification:Package 'src/joysticker' with type 'ros.ament_python' and name 'joysticker'
[0.844s] Level 1:colcon.colcon_core.package_identification:_identify(src/load_cell) by extensions ['ignore', 'ignore_ament_install']
[0.844s] Level 1:colcon.colcon_core.package_identification:_identify(src/load_cell) by extension 'ignore'
[0.845s] Level 1:colcon.colcon_core.package_identification:_identify(src/load_cell) by extension 'ignore_ament_install'
[0.845s] Level 1:colcon.colcon_core.package_identification:_identify(src/load_cell) by extensions ['colcon_pkg']
[0.845s] Level 1:colcon.colcon_core.package_identification:_identify(src/load_cell) by extension 'colcon_pkg'
[0.845s] Level 1:colcon.colcon_core.package_identification:_identify(src/load_cell) by extensions ['colcon_meta']
[0.845s] Level 1:colcon.colcon_core.package_identification:_identify(src/load_cell) by extension 'colcon_meta'
[0.846s] Level 1:colcon.colcon_core.package_identification:_identify(src/load_cell) by extensions ['ros']
[0.846s] Level 1:colcon.colcon_core.package_identification:_identify(src/load_cell) by extension 'ros'
[0.847s] DEBUG:colcon.colcon_core.package_identification:Package 'src/load_cell' with type 'ros.ament_python' and name 'load_cell'
[0.848s] Level 1:colcon.colcon_core.package_identification:_identify(src/motor_driver) by extensions ['ignore', 'ignore_ament_install']
[0.848s] Level 1:colcon.colcon_core.package_identification:_identify(src/motor_driver) by extension 'ignore'
[0.849s] Level 1:colcon.colcon_core.package_identification:_identify(src/motor_driver) by extension 'ignore_ament_install'
[0.849s] Level 1:colcon.colcon_core.package_identification:_identify(src/motor_driver) by extensions ['colcon_pkg']
[0.849s] Level 1:colcon.colcon_core.package_identification:_identify(src/motor_driver) by extension 'colcon_pkg'
[0.849s] Level 1:colcon.colcon_core.package_identification:_identify(src/motor_driver) by extensions ['colcon_meta']
[0.849s] Level 1:colcon.colcon_core.package_identification:_identify(src/motor_driver) by extension 'colcon_meta'
[0.850s] Level 1:colcon.colcon_core.package_identification:_identify(src/motor_driver) by extensions ['ros']
[0.850s] Level 1:colcon.colcon_core.package_identification:_identify(src/motor_driver) by extension 'ros'
[0.852s] DEBUG:colcon.colcon_core.package_identification:Package 'src/motor_driver' with type 'ros.ament_python' and name 'motor_driver'
[0.852s] Level 1:colcon.colcon_core.package_identification:_identify(src/robot_gui) by extensions ['ignore', 'ignore_ament_install']
[0.853s] Level 1:colcon.colcon_core.package_identification:_identify(src/robot_gui) by extension 'ignore'
[0.853s] Level 1:colcon.colcon_core.package_identification:_identify(src/robot_gui) by extension 'ignore_ament_install'
[0.854s] Level 1:colcon.colcon_core.package_identification:_identify(src/robot_gui) by extensions ['colcon_pkg']
[0.854s] Level 1:colcon.colcon_core.package_identification:_identify(src/robot_gui) by extension 'colcon_pkg'
[0.854s] Level 1:colcon.colcon_core.package_identification:_identify(src/robot_gui) by extensions ['colcon_meta']
[0.854s] Level 1:colcon.colcon_core.package_identification:_identify(src/robot_gui) by extension 'colcon_meta'
[0.854s] Level 1:colcon.colcon_core.package_identification:_identify(src/robot_gui) by extensions ['ros']
[0.854s] Level 1:colcon.colcon_core.package_identification:_identify(src/robot_gui) by extension 'ros'
[0.856s] DEBUG:colcon.colcon_core.package_identification:Package 'src/robot_gui' with type 'ros.ament_python' and name 'robot_gui'
[0.857s] Level 1:colcon.colcon_core.package_identification:_identify(src/spirob_bringup) by extensions ['ignore', 'ignore_ament_install']
[0.857s] Level 1:colcon.colcon_core.package_identification:_identify(src/spirob_bringup) by extension 'ignore'
[0.858s] Level 1:colcon.colcon_core.package_identification:_identify(src/spirob_bringup) by extension 'ignore_ament_install'
[0.858s] Level 1:colcon.colcon_core.package_identification:_identify(src/spirob_bringup) by extensions ['colcon_pkg']
[0.858s] Level 1:colcon.colcon_core.package_identification:_identify(src/spirob_bringup) by extension 'colcon_pkg'
[0.858s] Level 1:colcon.colcon_core.package_identification:_identify(src/spirob_bringup) by extensions ['colcon_meta']
[0.858s] Level 1:colcon.colcon_core.package_identification:_identify(src/spirob_bringup) by extension 'colcon_meta'
[0.858s] Level 1:colcon.colcon_core.package_identification:_identify(src/spirob_bringup) by extensions ['ros']
[0.859s] Level 1:colcon.colcon_core.package_identification:_identify(src/spirob_bringup) by extension 'ros'
[0.860s] DEBUG:colcon.colcon_core.package_identification:Package 'src/spirob_bringup' with type 'ros.ament_python' and name 'spirob_bringup'
[0.861s] Level 1:colcon.colcon_core.package_identification:_identify(src/vision) by extensions ['ignore', 'ignore_ament_install']
[0.861s] Level 1:colcon.colcon_core.package_identification:_identify(src/vision) by extension 'ignore'
[0.861s] Level 1:colcon.colcon_core.package_identification:_identify(src/vision) by extension 'ignore_ament_install'
[0.862s] Level 1:colcon.colcon_core.package_identification:_identify(src/vision) by extensions ['colcon_pkg']
[0.862s] Level 1:colcon.colcon_core.package_identification:_identify(src/vision) by extension 'colcon_pkg'
[0.862s] Level 1:colcon.colcon_core.package_identification:_identify(src/vision) by extensions ['colcon_meta']
[0.862s] Level 1:colcon.colcon_core.package_identification:_identify(src/vision) by extension 'colcon_meta'
[0.862s] Level 1:colcon.colcon_core.package_identification:_identify(src/vision) by extensions ['ros']
[0.862s] Level 1:colcon.colcon_core.package_identification:_identify(src/vision) by extension 'ros'
[0.864s] DEBUG:colcon.colcon_core.package_identification:Package 'src/vision' with type 'ros.ament_python' and name 'vision'
[0.864s] Level 1:colcon.colcon_core.package_discovery:discover_packages(recursive) using defaults
[0.865s] Level 1:colcon.colcon_core.package_discovery:discover_packages(ignore) discover
[0.865s] Level 1:colcon.colcon_core.package_discovery:discover_packages(ignore) using defaults
[0.865s] Level 1:colcon.colcon_core.package_discovery:discover_packages(path) discover
[0.865s] Level 1:colcon.colcon_core.package_discovery:discover_packages(path) using defaults
[0.942s] INFO:colcon.colcon_core.package_selection:Skipping not selected package 'controller' in 'src/controller'
[0.942s] INFO:colcon.colcon_core.package_selection:Skipping not selected package 'joysticker' in 'src/joysticker'
[0.942s] INFO:colcon.colcon_core.package_selection:Skipping not selected package 'load_cell' in 'src/load_cell'
[0.942s] INFO:colcon.colcon_core.package_selection:Skipping not selected package 'robot_gui' in 'src/robot_gui'
[0.942s] INFO:colcon.colcon_core.package_selection:Skipping not selected package 'spirob_bringup' in 'src/spirob_bringup'
[0.942s] INFO:colcon.colcon_core.package_selection:Skipping not selected package 'vision' in 'src/vision'
[0.944s] Level 1:colcon.colcon_core.package_discovery:discover_packages(prefix_path) check parameters
[0.944s] Level 1:colcon.colcon_core.package_discovery:discover_packages(prefix_path) discover
[0.955s] DEBUG:colcon.colcon_installed_package_information.package_discovery:Found 9 installed packages in /home/mgazzola/ros2_spirob_ws/install
[0.963s] DEBUG:colcon.colcon_installed_package_information.package_discovery:Found 197 installed packages in /opt/ros/kilted
[0.966s] Level 1:colcon.colcon_core.package_discovery:discover_packages(prefix_path) using defaults
[1.110s] Level 5:colcon.colcon_core.verb:set package 'motor_driver' build argument 'cmake_args' from command line to 'None'
[1.111s] Level 5:colcon.colcon_core.verb:set package 'motor_driver' build argument 'cmake_target' from command line to 'None'
[1.111s] Level 5:colcon.colcon_core.verb:set package 'motor_driver' build argument 'cmake_target_skip_unavailable' from command line to 'False'
[1.111s] Level 5:colcon.colcon_core.verb:set package 'motor_driver' build argument 'cmake_clean_cache' from command line to 'False'
[1.111s] Level 5:colcon.colcon_core.verb:set package 'motor_driver' build argument 'cmake_clean_first' from command line to 'False'
[1.111s] Level 5:colcon.colcon_core.verb:set package 'motor_driver' build argument 'cmake_force_configure' from command line to 'False'
[1.111s] Level 5:colcon.colcon_core.verb:set package 'motor_driver' build argument 'ament_cmake_args' from command line to 'None'
[1.111s] Level 5:colcon.colcon_core.verb:set package 'motor_driver' build argument 'catkin_cmake_args' from command line to 'None'
[1.111s] Level 5:colcon.colcon_core.verb:set package 'motor_driver' build argument 'catkin_skip_building_tests' from command line to 'False'
[1.112s] DEBUG:colcon.colcon_core.verb:Building package 'motor_driver' with the following arguments: {'ament_cmake_args': None, 'build_base': '/home/mgazzola/ros2_spirob_ws/build/motor_driver', 'catkin_cmake_args': None, 'catkin_skip_building_tests': False, 'cmake_args': None, 'cmake_clean_cache': False, 'cmake_clean_first': False, 'cmake_force_configure': False, 'cmake_target': None, 'cmake_target_skip_unavailable': False, 'install_base': '/home/mgazzola/ros2_spirob_ws/install/motor_driver', 'merge_install': False, 'path': '/home/mgazzola/ros2_spirob_ws/src/motor_driver', 'symlink_install': False, 'test_result_base': None}
[1.112s] INFO:colcon.colcon_core.executor:Executing jobs using 'parallel' executor
[1.115s] DEBUG:colcon.colcon_parallel_executor.executor.parallel:run_until_complete
[1.116s] INFO:colcon.colcon_ros.task.ament_python.build:Building ROS package in '/home/mgazzola/ros2_spirob_ws/src/motor_driver' with build type 'ament_python'
[1.117s] Level 1:colcon.colcon_core.shell:create_environment_hook('motor_driver', 'ament_prefix_path')
[1.127s] INFO:colcon.colcon_core.plugin_system:Skipping extension 'colcon_core.shell.bat': Not used on non-Windows systems
[1.128s] INFO:colcon.colcon_core.shell:Creating environment hook '/home/mgazzola/ros2_spirob_ws/install/motor_driver/share/motor_driver/hook/ament_prefix_path.ps1'
[1.131s] INFO:colcon.colcon_core.shell:Creating environment descriptor '/home/mgazzola/ros2_spirob_ws/install/motor_driver/share/motor_driver/hook/ament_prefix_path.dsv'
[1.138s] INFO:colcon.colcon_core.shell:Creating environment hook '/home/mgazzola/ros2_spirob_ws/install/motor_driver/share/motor_driver/hook/ament_prefix_path.sh'
[1.142s] INFO:colcon.colcon_core.shell:Skip shell extension 'powershell' for command environment: Not usable outside of PowerShell
[1.142s] DEBUG:colcon.colcon_core.shell:Skip shell extension 'dsv' for command environment
[2.225s] INFO:colcon.colcon_core.task.python.build:Building Python package in '/home/mgazzola/ros2_spirob_ws/src/motor_driver'
[2.226s] INFO:colcon.colcon_core.shell:Skip shell extension 'powershell' for command environment: Not usable outside of PowerShell
[2.226s] DEBUG:colcon.colcon_core.shell:Skip shell extension 'dsv' for command environment
[4.859s] DEBUG:colcon.colcon_core.event_handler.log_command:Invoking command in '/home/mgazzola/ros2_spirob_ws/src/motor_driver': DEBUGINFOD_URLS=https://debuginfod.ubuntu.com PS1=(.venv) \[\e]0;\u@\h: \w\a\]${debian_chroot:+($debian_chroot)}\[\033[01;32m\]\u@\h\[\033[00m\]:\[\033[01;34m\]\w\[\033[00m\]\$ PYTHONPATH=/home/mgazzola/ros2_spirob_ws/build/motor_driver/prefix_override:/usr/lib/python3/dist-packages/colcon_core/task/python/colcon_distutils_commands:/home/mgazzola/ros2_spirob_ws/install/motor_driver/lib/python3.12/site-packages:${PYTHONPATH} VIRTUAL_ENV_PROMPT=(.venv) /usr/bin/python3 -W ignore:setup.py install is deprecated -W ignore:easy_install command is deprecated setup.py egg_info --egg-base ../../build/motor_driver build --build-base /home/mgazzola/ros2_spirob_ws/build/motor_driver/build install --record /home/mgazzola/ros2_spirob_ws/build/motor_driver/install.log --single-version-externally-managed install_data
[7.357s] DEBUG:colcon.colcon_core.event_handler.log_command:Invoked command in '/home/mgazzola/ros2_spirob_ws/src/motor_driver' returned '0': DEBUGINFOD_URLS=https://debuginfod.ubuntu.com PS1=(.venv) \[\e]0;\u@\h: \w\a\]${debian_chroot:+($debian_chroot)}\[\033[01;32m\]\u@\h\[\033[00m\]:\[\033[01;34m\]\w\[\033[00m\]\$ PYTHONPATH=/home/mgazzola/ros2_spirob_ws/build/motor_driver/prefix_override:/usr/lib/python3/dist-packages/colcon_core/task/python/colcon_distutils_commands:/home/mgazzola/ros2_spirob_ws/install/motor_driver/lib/python3.12/site-packages:${PYTHONPATH} VIRTUAL_ENV_PROMPT=(.venv) /usr/bin/python3 -W ignore:setup.py install is deprecated -W ignore:easy_install command is deprecated setup.py egg_info --egg-base ../../build/motor_driver build --build-base /home/mgazzola/ros2_spirob_ws/build/motor_driver/build install --record /home/mgazzola/ros2_spirob_ws/build/motor_driver/install.log --single-version-externally-managed install_data
[7.369s] Level 1:colcon.colcon_core.environment:checking '/home/mgazzola/ros2_spirob_ws/install/motor_driver' for CMake module files
[7.372s] Level 1:colcon.colcon_core.environment:checking '/home/mgazzola/ros2_spirob_ws/install/motor_driver' for CMake config files
[7.376s] Level 1:colcon.colcon_core.environment:checking '/home/mgazzola/ros2_spirob_ws/install/motor_driver/lib'
[7.377s] Level 1:colcon.colcon_core.environment:checking '/home/mgazzola/ros2_spirob_ws/install/motor_driver/bin'
[7.377s] Level 1:colcon.colcon_core.environment:checking '/home/mgazzola/ros2_spirob_ws/install/motor_driver/lib/pkgconfig/motor_driver.pc'
[7.378s] Level 1:colcon.colcon_core.environment:checking '/home/mgazzola/ros2_spirob_ws/install/motor_driver/lib/python3.12/site-packages'
[7.379s] Level 1:colcon.colcon_core.shell:create_environment_hook('motor_driver', 'pythonpath')
[7.379s] INFO:colcon.colcon_core.shell:Creating environment hook '/home/mgazzola/ros2_spirob_ws/install/motor_driver/share/motor_driver/hook/pythonpath.ps1'
[7.381s] INFO:colcon.colcon_core.shell:Creating environment descriptor '/home/mgazzola/ros2_spirob_ws/install/motor_driver/share/motor_driver/hook/pythonpath.dsv'
[7.386s] INFO:colcon.colcon_core.shell:Creating environment hook '/home/mgazzola/ros2_spirob_ws/install/motor_driver/share/motor_driver/hook/pythonpath.sh'
[7.390s] Level 1:colcon.colcon_core.environment:checking '/home/mgazzola/ros2_spirob_ws/install/motor_driver/bin'
[7.391s] Level 1:colcon.colcon_core.environment:create_environment_scripts_only(motor_driver)
[7.392s] INFO:colcon.colcon_core.shell:Creating package script '/home/mgazzola/ros2_spirob_ws/install/motor_driver/share/motor_driver/package.ps1'
[7.396s] INFO:colcon.colcon_core.shell:Creating package descriptor '/home/mgazzola/ros2_spirob_ws/install/motor_driver/share/motor_driver/package.dsv'
[7.399s] INFO:colcon.colcon_core.shell:Creating package script '/home/mgazzola/ros2_spirob_ws/install/motor_driver/share/motor_driver/package.sh'
[7.403s] INFO:colcon.colcon_core.shell:Creating package script '/home/mgazzola/ros2_spirob_ws/install/motor_driver/share/motor_driver/package.bash'
[7.406s] INFO:colcon.colcon_core.shell:Creating package script '/home/mgazzola/ros2_spirob_ws/install/motor_driver/share/motor_driver/package.zsh'
[7.409s] Level 1:colcon.colcon_core.environment:create_file_with_runtime_dependencies(/home/mgazzola/ros2_spirob_ws/install/motor_driver/share/colcon-core/packages/motor_driver)
[7.412s] DEBUG:colcon.colcon_parallel_executor.executor.parallel:closing loop
[7.414s] DEBUG:colcon.colcon_parallel_executor.executor.parallel:loop closed
[7.414s] DEBUG:colcon.colcon_parallel_executor.executor.parallel:run_until_complete finished with '0'
[7.414s] DEBUG:colcon.colcon_core.event_reactor:joining thread
[7.440s] INFO:colcon.colcon_core.plugin_system:Skipping extension 'colcon_notification.desktop_notification.terminal_notifier': Not used on non-Darwin systems
[7.440s] INFO:colcon.colcon_core.plugin_system:Skipping extension 'colcon_notification.desktop_notification.win32': Not used on non-Windows systems
[7.440s] INFO:colcon.colcon_notification.desktop_notification:Sending desktop notification using 'notify2'
[7.512s] DEBUG:colcon.colcon_core.event_reactor:joined thread
[7.513s] INFO:colcon.colcon_core.shell:Creating prefix script '/home/mgazzola/ros2_spirob_ws/install/local_setup.ps1'
[7.517s] INFO:colcon.colcon_core.shell:Creating prefix util module '/home/mgazzola/ros2_spirob_ws/install/_local_setup_util_ps1.py'
[7.523s] INFO:colcon.colcon_core.shell:Creating prefix chain script '/home/mgazzola/ros2_spirob_ws/install/setup.ps1'
[7.531s] INFO:colcon.colcon_core.shell:Creating prefix script '/home/mgazzola/ros2_spirob_ws/install/local_setup.sh'
[7.534s] INFO:colcon.colcon_core.shell:Creating prefix util module '/home/mgazzola/ros2_spirob_ws/install/_local_setup_util_sh.py'
[7.538s] INFO:colcon.colcon_core.shell:Creating prefix chain script '/home/mgazzola/ros2_spirob_ws/install/setup.sh'
[7.545s] INFO:colcon.colcon_core.shell:Creating prefix script '/home/mgazzola/ros2_spirob_ws/install/local_setup.bash'
[7.548s] INFO:colcon.colcon_core.shell:Creating prefix chain script '/home/mgazzola/ros2_spirob_ws/install/setup.bash'
[7.556s] INFO:colcon.colcon_core.shell:Creating prefix script '/home/mgazzola/ros2_spirob_ws/install/local_setup.zsh'
[7.559s] INFO:colcon.colcon_core.shell:Creating prefix chain script '/home/mgazzola/ros2_spirob_ws/install/setup.zsh'
