[14.595s] Invoking command in '/home/mgazzola/ros2_spirob_ws/src/load_cell': DEBUGINFOD_URLS=https://debuginfod.ubuntu.com PYTHONPATH=/home/mgazzola/ros2_spirob_ws/build/load_cell/prefix_override:/usr/lib/python3/dist-packages/colcon_core/task/python/colcon_distutils_commands:/home/mgazzola/ros2_spirob_ws/install/load_cell/lib/python3.12/site-packages:${PYTHONPATH} /usr/bin/python3 -W ignore:setup.py install is deprecated -W ignore:easy_install command is deprecated setup.py egg_info --egg-base ../../build/load_cell build --build-base /home/mgazzola/ros2_spirob_ws/build/load_cell/build install --record /home/mgazzola/ros2_spirob_ws/build/load_cell/install.log --single-version-externally-managed install_data
[19.031s] running egg_info
[19.235s] writing ../../build/load_cell/load_cell.egg-info/PKG-INFO
[19.250s] writing dependency_links to ../../build/load_cell/load_cell.egg-info/dependency_links.txt
[19.255s] writing entry points to ../../build/load_cell/load_cell.egg-info/entry_points.txt
[19.259s] writing requirements to ../../build/load_cell/load_cell.egg-info/requires.txt
[19.259s] writing top-level names to ../../build/load_cell/load_cell.egg-info/top_level.txt
[19.829s] reading manifest file '../../build/load_cell/load_cell.egg-info/SOURCES.txt'
[19.847s] writing manifest file '../../build/load_cell/load_cell.egg-info/SOURCES.txt'
[19.850s] running build
[19.853s] running build_py
[19.860s] running install
[19.959s] running install_lib
[20.313s] running install_data
[20.324s] running install_egg_info
[20.716s] removing '/home/mgazzola/ros2_spirob_ws/install/load_cell/lib/python3.12/site-packages/load_cell-0.0.0-py3.12.egg-info' (and everything under it)
[20.717s] Copying ../../build/load_cell/load_cell.egg-info to /home/mgazzola/ros2_spirob_ws/install/load_cell/lib/python3.12/site-packages/load_cell-0.0.0-py3.12.egg-info
[20.753s] running install_scripts
[22.637s] Installing load_publisher_node script to /home/mgazzola/ros2_spirob_ws/install/load_cell/lib/load_cell
[22.656s] writing list of installed files to '/home/mgazzola/ros2_spirob_ws/build/load_cell/install.log'
[24.897s] Invoked command in '/home/mgazzola/ros2_spirob_ws/src/load_cell' returned '0': DEBUGINFOD_URLS=https://debuginfod.ubuntu.com PYTHONPATH=/home/mgazzola/ros2_spirob_ws/build/load_cell/prefix_override:/usr/lib/python3/dist-packages/colcon_core/task/python/colcon_distutils_commands:/home/mgazzola/ros2_spirob_ws/install/load_cell/lib/python3.12/site-packages:${PYTHONPATH} /usr/bin/python3 -W ignore:setup.py install is deprecated -W ignore:easy_install command is deprecated setup.py egg_info --egg-base ../../build/load_cell build --build-base /home/mgazzola/ros2_spirob_ws/build/load_cell/build install --record /home/mgazzola/ros2_spirob_ws/build/load_cell/install.log --single-version-externally-managed install_data
