[10.295s] Invoking command in '/home/mgazzola/ros2_spirob_ws/src/controller': DEBUGINFOD_URLS=https://debuginfod.ubuntu.com PYTHONPATH=/home/mgazzola/ros2_spirob_ws/build/controller/prefix_override:/usr/lib/python3/dist-packages/colcon_core/task/python/colcon_distutils_commands:/home/mgazzola/ros2_spirob_ws/install/controller/lib/python3.12/site-packages:${PYTHONPATH} /usr/bin/python3 -W ignore:setup.py install is deprecated -W ignore:easy_install command is deprecated setup.py egg_info --egg-base ../../build/controller build --build-base /home/mgazzola/ros2_spirob_ws/build/controller/build install --record /home/mgazzola/ros2_spirob_ws/build/controller/install.log --single-version-externally-managed install_data
[13.303s] running egg_info
[13.474s] writing ../../build/controller/controller.egg-info/PKG-INFO
[13.475s] writing dependency_links to ../../build/controller/controller.egg-info/dependency_links.txt
[13.481s] writing entry points to ../../build/controller/controller.egg-info/entry_points.txt
[13.487s] writing requirements to ../../build/controller/controller.egg-info/requires.txt
[13.492s] writing top-level names to ../../build/controller/controller.egg-info/top_level.txt
[13.865s] reading manifest file '../../build/controller/controller.egg-info/SOURCES.txt'
[13.888s] writing manifest file '../../build/controller/controller.egg-info/SOURCES.txt'
[13.890s] running build
[13.891s] running build_py
[13.905s] running install
[14.001s] running install_lib
[14.392s] running install_data
[14.399s] running install_egg_info
[14.594s] removing '/home/mgazzola/ros2_spirob_ws/install/controller/lib/python3.12/site-packages/controller-0.0.0-py3.12.egg-info' (and everything under it)
[14.595s] Copying ../../build/controller/controller.egg-info to /home/mgazzola/ros2_spirob_ws/install/controller/lib/python3.12/site-packages/controller-0.0.0-py3.12.egg-info
[14.629s] running install_scripts
[16.888s] Installing pid_controller_node script to /home/mgazzola/ros2_spirob_ws/install/controller/lib/controller
[16.899s] Installing setup_node script to /home/mgazzola/ros2_spirob_ws/install/controller/lib/controller
[16.909s] writing list of installed files to '/home/mgazzola/ros2_spirob_ws/build/controller/install.log'
[18.341s] Invoked command in '/home/mgazzola/ros2_spirob_ws/src/controller' returned '0': DEBUGINFOD_URLS=https://debuginfod.ubuntu.com PYTHONPATH=/home/mgazzola/ros2_spirob_ws/build/controller/prefix_override:/usr/lib/python3/dist-packages/colcon_core/task/python/colcon_distutils_commands:/home/mgazzola/ros2_spirob_ws/install/controller/lib/python3.12/site-packages:${PYTHONPATH} /usr/bin/python3 -W ignore:setup.py install is deprecated -W ignore:easy_install command is deprecated setup.py egg_info --egg-base ../../build/controller build --build-base /home/mgazzola/ros2_spirob_ws/build/controller/build install --record /home/mgazzola/ros2_spirob_ws/build/controller/install.log --single-version-externally-managed install_data
